<?xml version="1.0" encoding="UTF-8"?>
<testsuite xmlns:xsi="http://www.w3.org/2001/XMLSchema-instance" xsi:noNamespaceSchemaLocation="https://maven.apache.org/surefire/maven-surefire-plugin/xsd/surefire-test-report-3.0.xsd" version="3.0" name="TestSuite" time="123.124" tests="3" errors="0" skipped="0" failures="1">
  <properties>
    <property name="java.specification.version" value="21"/>
    <property name="sun.cpu.isalist" value="amd64"/>
    <property name="sun.jnu.encoding" value="Cp1252"/>
    <property name="java.class.path" value="C:\Users\bungh\eclipse-workspace\TheScore\TheScoreTest\target\test-classes;C:\Users\bungh\eclipse-workspace\TheScore\TheScoreTest\target\classes;C:\Users\bungh\.m2\repository\org\testng\testng\7.8.0\testng-7.8.0.jar;C:\Users\bungh\.m2\repository\org\slf4j\slf4j-api\1.7.36\slf4j-api-1.7.36.jar;C:\Users\bungh\.m2\repository\com\beust\jcommander\1.82\jcommander-1.82.jar;C:\Users\bungh\.m2\repository\org\webjars\jquery\3.6.1\jquery-3.6.1.jar;C:\Users\bungh\.m2\repository\io\appium\java-client\9.1.0\java-client-9.1.0.jar;C:\Users\bungh\.m2\repository\org\seleniumhq\selenium\selenium-api\4.17.0\selenium-api-4.17.0.jar;C:\Users\bungh\.m2\repository\org\seleniumhq\selenium\selenium-remote-driver\4.17.0\selenium-remote-driver-4.17.0.jar;C:\Users\bungh\.m2\repository\com\google\auto\service\auto-service-annotations\1.1.1\auto-service-annotations-1.1.1.jar;C:\Users\bungh\.m2\repository\com\google\guava\guava\33.0.0-jre\guava-33.0.0-jre.jar;C:\Users\bungh\.m2\repository\com\google\guava\failureaccess\1.0.2\failureaccess-1.0.2.jar;C:\Users\bungh\.m2\repository\com\google\guava\listenablefuture\9999.0-empty-to-avoid-conflict-with-guava\listenablefuture-9999.0-empty-to-avoid-conflict-with-guava.jar;C:\Users\bungh\.m2\repository\com\google\code\findbugs\jsr305\3.0.2\jsr305-3.0.2.jar;C:\Users\bungh\.m2\repository\org\checkerframework\checker-qual\3.41.0\checker-qual-3.41.0.jar;C:\Users\bungh\.m2\repository\com\google\errorprone\error_prone_annotations\2.23.0\error_prone_annotations-2.23.0.jar;C:\Users\bungh\.m2\repository\com\google\j2objc\j2objc-annotations\2.8\j2objc-annotations-2.8.jar;C:\Users\bungh\.m2\repository\io\opentelemetry\semconv\opentelemetry-semconv\1.23.1-alpha\opentelemetry-semconv-1.23.1-alpha.jar;C:\Users\bungh\.m2\repository\io\opentelemetry\opentelemetry-api\1.34.1\opentelemetry-api-1.34.1.jar;C:\Users\bungh\.m2\repository\io\opentelemetry\opentelemetry-context\1.34.1\opentelemetry-context-1.34.1.jar;C:\Users\bungh\.m2\repository\io\opentelemetry\opentelemetry-exporter-logging\1.34.1\opentelemetry-exporter-logging-1.34.1.jar;C:\Users\bungh\.m2\repository\io\opentelemetry\opentelemetry-sdk-common\1.34.1\opentelemetry-sdk-common-1.34.1.jar;C:\Users\bungh\.m2\repository\io\opentelemetry\opentelemetry-sdk-extension-autoconfigure-spi\1.34.1\opentelemetry-sdk-extension-autoconfigure-spi-1.34.1.jar;C:\Users\bungh\.m2\repository\io\opentelemetry\opentelemetry-sdk-extension-autoconfigure\1.34.1\opentelemetry-sdk-extension-autoconfigure-1.34.1.jar;C:\Users\bungh\.m2\repository\io\opentelemetry\opentelemetry-api-events\1.34.1-alpha\opentelemetry-api-events-1.34.1-alpha.jar;C:\Users\bungh\.m2\repository\io\opentelemetry\opentelemetry-sdk-trace\1.34.1\opentelemetry-sdk-trace-1.34.1.jar;C:\Users\bungh\.m2\repository\io\opentelemetry\opentelemetry-sdk\1.34.1\opentelemetry-sdk-1.34.1.jar;C:\Users\bungh\.m2\repository\io\opentelemetry\opentelemetry-sdk-metrics\1.34.1\opentelemetry-sdk-metrics-1.34.1.jar;C:\Users\bungh\.m2\repository\io\opentelemetry\opentelemetry-extension-incubator\1.34.1-alpha\opentelemetry-extension-incubator-1.34.1-alpha.jar;C:\Users\bungh\.m2\repository\io\opentelemetry\opentelemetry-sdk-logs\1.34.1\opentelemetry-sdk-logs-1.34.1.jar;C:\Users\bungh\.m2\repository\net\bytebuddy\byte-buddy\1.14.11\byte-buddy-1.14.11.jar;C:\Users\bungh\.m2\repository\org\seleniumhq\selenium\selenium-http\4.17.0\selenium-http-4.17.0.jar;C:\Users\bungh\.m2\repository\dev\failsafe\failsafe\3.3.2\failsafe-3.3.2.jar;C:\Users\bungh\.m2\repository\org\seleniumhq\selenium\selenium-json\4.17.0\selenium-json-4.17.0.jar;C:\Users\bungh\.m2\repository\org\seleniumhq\selenium\selenium-manager\4.17.0\selenium-manager-4.17.0.jar;C:\Users\bungh\.m2\repository\org\seleniumhq\selenium\selenium-os\4.17.0\selenium-os-4.17.0.jar;C:\Users\bungh\.m2\repository\org\apache\commons\commons-exec\1.3\commons-exec-1.3.jar;C:\Users\bungh\.m2\repository\org\seleniumhq\selenium\selenium-support\4.17.0\selenium-support-4.17.0.jar;C:\Users\bungh\.m2\repository\com\google\code\gson\gson\2.10.1\gson-2.10.1.jar;C:\Users\bungh\.m2\repository\commons-io\commons-io\2.15.0\commons-io-2.15.0.jar;C:\Users\bungh\.m2\repository\com\fasterxml\jackson\core\jackson-databind\2.16.0-rc1\jackson-databind-2.16.0-rc1.jar;C:\Users\bungh\.m2\repository\com\fasterxml\jackson\core\jackson-annotations\2.16.0-rc1\jackson-annotations-2.16.0-rc1.jar;C:\Users\bungh\.m2\repository\com\fasterxml\jackson\core\jackson-core\2.16.0-rc1\jackson-core-2.16.0-rc1.jar;C:\Users\bungh\.m2\repository\com\aventstack\extentreports\5.1.1\extentreports-5.1.1.jar;C:\Users\bungh\.m2\repository\io\reactivex\rxjava3\rxjava\3.1.6\rxjava-3.1.6.jar;C:\Users\bungh\.m2\repository\org\reactivestreams\reactive-streams\1.0.4\reactive-streams-1.0.4.jar;C:\Users\bungh\.m2\repository\org\freemarker\freemarker\2.3.32\freemarker-2.3.32.jar;C:\Users\bungh\.m2\repository\org\projectlombok\lombok\1.18.26\lombok-1.18.26.jar;"/>
    <property name="java.vm.vendor" value="Oracle Corporation"/>
    <property name="sun.arch.data.model" value="64"/>
    <property name="user.variant" value=""/>
    <property name="java.vendor.url" value="https://java.oracle.com/"/>
    <property name="user.timezone" value="America/Toronto"/>
    <property name="os.name" value="Windows 11"/>
    <property name="java.vm.specification.version" value="21"/>
    <property name="sun.java.launcher" value="SUN_STANDARD"/>
    <property name="user.country" value="CA"/>
    <property name="sun.boot.library.path" value="C:\Program Files\Java\jdk-21\bin"/>
    <property name="sun.java.command" value="C:\Users\bungh\AppData\Local\Temp\surefire16851066834490044734\surefirebooter-20240215184449221_3.jar C:\Users\bungh\AppData\Local\Temp\surefire16851066834490044734 2024-02-15T18-44-49_109-jvmRun1 surefire-20240215184449221_1tmp surefire_0-20240215184449221_2tmp"/>
    <property name="jdk.debug" value="release"/>
    <property name="surefire.test.class.path" value="C:\Users\bungh\eclipse-workspace\TheScore\TheScoreTest\target\test-classes;C:\Users\bungh\eclipse-workspace\TheScore\TheScoreTest\target\classes;C:\Users\bungh\.m2\repository\org\testng\testng\7.8.0\testng-7.8.0.jar;C:\Users\bungh\.m2\repository\org\slf4j\slf4j-api\1.7.36\slf4j-api-1.7.36.jar;C:\Users\bungh\.m2\repository\com\beust\jcommander\1.82\jcommander-1.82.jar;C:\Users\bungh\.m2\repository\org\webjars\jquery\3.6.1\jquery-3.6.1.jar;C:\Users\bungh\.m2\repository\io\appium\java-client\9.1.0\java-client-9.1.0.jar;C:\Users\bungh\.m2\repository\org\seleniumhq\selenium\selenium-api\4.17.0\selenium-api-4.17.0.jar;C:\Users\bungh\.m2\repository\org\seleniumhq\selenium\selenium-remote-driver\4.17.0\selenium-remote-driver-4.17.0.jar;C:\Users\bungh\.m2\repository\com\google\auto\service\auto-service-annotations\1.1.1\auto-service-annotations-1.1.1.jar;C:\Users\bungh\.m2\repository\com\google\guava\guava\33.0.0-jre\guava-33.0.0-jre.jar;C:\Users\bungh\.m2\repository\com\google\guava\failureaccess\1.0.2\failureaccess-1.0.2.jar;C:\Users\bungh\.m2\repository\com\google\guava\listenablefuture\9999.0-empty-to-avoid-conflict-with-guava\listenablefuture-9999.0-empty-to-avoid-conflict-with-guava.jar;C:\Users\bungh\.m2\repository\com\google\code\findbugs\jsr305\3.0.2\jsr305-3.0.2.jar;C:\Users\bungh\.m2\repository\org\checkerframework\checker-qual\3.41.0\checker-qual-3.41.0.jar;C:\Users\bungh\.m2\repository\com\google\errorprone\error_prone_annotations\2.23.0\error_prone_annotations-2.23.0.jar;C:\Users\bungh\.m2\repository\com\google\j2objc\j2objc-annotations\2.8\j2objc-annotations-2.8.jar;C:\Users\bungh\.m2\repository\io\opentelemetry\semconv\opentelemetry-semconv\1.23.1-alpha\opentelemetry-semconv-1.23.1-alpha.jar;C:\Users\bungh\.m2\repository\io\opentelemetry\opentelemetry-api\1.34.1\opentelemetry-api-1.34.1.jar;C:\Users\bungh\.m2\repository\io\opentelemetry\opentelemetry-context\1.34.1\opentelemetry-context-1.34.1.jar;C:\Users\bungh\.m2\repository\io\opentelemetry\opentelemetry-exporter-logging\1.34.1\opentelemetry-exporter-logging-1.34.1.jar;C:\Users\bungh\.m2\repository\io\opentelemetry\opentelemetry-sdk-common\1.34.1\opentelemetry-sdk-common-1.34.1.jar;C:\Users\bungh\.m2\repository\io\opentelemetry\opentelemetry-sdk-extension-autoconfigure-spi\1.34.1\opentelemetry-sdk-extension-autoconfigure-spi-1.34.1.jar;C:\Users\bungh\.m2\repository\io\opentelemetry\opentelemetry-sdk-extension-autoconfigure\1.34.1\opentelemetry-sdk-extension-autoconfigure-1.34.1.jar;C:\Users\bungh\.m2\repository\io\opentelemetry\opentelemetry-api-events\1.34.1-alpha\opentelemetry-api-events-1.34.1-alpha.jar;C:\Users\bungh\.m2\repository\io\opentelemetry\opentelemetry-sdk-trace\1.34.1\opentelemetry-sdk-trace-1.34.1.jar;C:\Users\bungh\.m2\repository\io\opentelemetry\opentelemetry-sdk\1.34.1\opentelemetry-sdk-1.34.1.jar;C:\Users\bungh\.m2\repository\io\opentelemetry\opentelemetry-sdk-metrics\1.34.1\opentelemetry-sdk-metrics-1.34.1.jar;C:\Users\bungh\.m2\repository\io\opentelemetry\opentelemetry-extension-incubator\1.34.1-alpha\opentelemetry-extension-incubator-1.34.1-alpha.jar;C:\Users\bungh\.m2\repository\io\opentelemetry\opentelemetry-sdk-logs\1.34.1\opentelemetry-sdk-logs-1.34.1.jar;C:\Users\bungh\.m2\repository\net\bytebuddy\byte-buddy\1.14.11\byte-buddy-1.14.11.jar;C:\Users\bungh\.m2\repository\org\seleniumhq\selenium\selenium-http\4.17.0\selenium-http-4.17.0.jar;C:\Users\bungh\.m2\repository\dev\failsafe\failsafe\3.3.2\failsafe-3.3.2.jar;C:\Users\bungh\.m2\repository\org\seleniumhq\selenium\selenium-json\4.17.0\selenium-json-4.17.0.jar;C:\Users\bungh\.m2\repository\org\seleniumhq\selenium\selenium-manager\4.17.0\selenium-manager-4.17.0.jar;C:\Users\bungh\.m2\repository\org\seleniumhq\selenium\selenium-os\4.17.0\selenium-os-4.17.0.jar;C:\Users\bungh\.m2\repository\org\apache\commons\commons-exec\1.3\commons-exec-1.3.jar;C:\Users\bungh\.m2\repository\org\seleniumhq\selenium\selenium-support\4.17.0\selenium-support-4.17.0.jar;C:\Users\bungh\.m2\repository\com\google\code\gson\gson\2.10.1\gson-2.10.1.jar;C:\Users\bungh\.m2\repository\commons-io\commons-io\2.15.0\commons-io-2.15.0.jar;C:\Users\bungh\.m2\repository\com\fasterxml\jackson\core\jackson-databind\2.16.0-rc1\jackson-databind-2.16.0-rc1.jar;C:\Users\bungh\.m2\repository\com\fasterxml\jackson\core\jackson-annotations\2.16.0-rc1\jackson-annotations-2.16.0-rc1.jar;C:\Users\bungh\.m2\repository\com\fasterxml\jackson\core\jackson-core\2.16.0-rc1\jackson-core-2.16.0-rc1.jar;C:\Users\bungh\.m2\repository\com\aventstack\extentreports\5.1.1\extentreports-5.1.1.jar;C:\Users\bungh\.m2\repository\io\reactivex\rxjava3\rxjava\3.1.6\rxjava-3.1.6.jar;C:\Users\bungh\.m2\repository\org\reactivestreams\reactive-streams\1.0.4\reactive-streams-1.0.4.jar;C:\Users\bungh\.m2\repository\org\freemarker\freemarker\2.3.32\freemarker-2.3.32.jar;C:\Users\bungh\.m2\repository\org\projectlombok\lombok\1.18.26\lombok-1.18.26.jar;"/>
    <property name="sun.cpu.endian" value="little"/>
    <property name="user.home" value="C:\Users\bungh"/>
    <property name="user.language" value="en"/>
    <property name="java.specification.vendor" value="Oracle Corporation"/>
    <property name="java.version.date" value="2023-10-17"/>
    <property name="java.home" value="C:\Program Files\Java\jdk-21"/>
    <property name="file.separator" value="\"/>
    <property name="basedir" value="C:\Users\bungh\eclipse-workspace\TheScore\TheScoreTest"/>
    <property name="java.vm.compressedOopsMode" value="Zero based"/>
    <property name="line.separator" value="&#10;"/>
    <property name="java.vm.specification.vendor" value="Oracle Corporation"/>
    <property name="java.specification.name" value="Java Platform API Specification"/>
    <property name="surefire.real.class.path" value="C:\Users\bungh\AppData\Local\Temp\surefire16851066834490044734\surefirebooter-20240215184449221_3.jar"/>
    <property name="user.script" value=""/>
    <property name="sun.management.compiler" value="HotSpot 64-Bit Tiered Compilers"/>
    <property name="java.runtime.version" value="21.0.1+12-LTS-29"/>
    <property name="user.name" value="bungh"/>
    <property name="stdout.encoding" value="Cp1252"/>
    <property name="path.separator" value=";"/>
    <property name="os.version" value="10.0"/>
    <property name="java.runtime.name" value="Java(TM) SE Runtime Environment"/>
    <property name="file.encoding" value="UTF-8"/>
    <property name="java.vm.name" value="Java HotSpot(TM) 64-Bit Server VM"/>
    <property name="localRepository" value="C:\Users\bungh\.m2\repository"/>
    <property name="java.vendor.url.bug" value="https://bugreport.java.com/bugreport/"/>
    <property name="java.io.tmpdir" value="C:\Users\bungh\AppData\Local\Temp\"/>
    <property name="java.version" value="21.0.1"/>
    <property name="user.dir" value="C:\Users\bungh\eclipse-workspace\TheScore\TheScoreTest"/>
    <property name="os.arch" value="amd64"/>
    <property name="java.vm.specification.name" value="Java Virtual Machine Specification"/>
    <property name="sun.os.patch.level" value=""/>
    <property name="native.encoding" value="Cp1252"/>
    <property name="java.library.path" value="C:\Program Files\Java\jdk-21\bin;C:\WINDOWS\Sun\Java\bin;C:\WINDOWS\system32;C:\WINDOWS;C:\Python312\Scripts\;C:\Python312\;C:\Program Files\Common Files\Oracle\Java\javapath;C:\WINDOWS\system32;C:\WINDOWS;C:\WINDOWS\System32\Wbem;C:\WINDOWS\System32\WindowsPowerShell\v1.0\;C:\WINDOWS\System32\OpenSSH\;C:\Program Files\dotnet\;C:\Users\bungh\AppData\Local\Android\Sdk\tools;C:\Users\bungh\AppData\Local\Android\Sdk\tools\bin;C:\Users\bungh\AppData\Local\Android\Sdk\platform-tools;C:\Program Files\nodejs;C:\Users\UserName\AppData\Roaming\npm;C:\ProgramData\chocolatey\bin;c:\program files\nodejs\node_modules\npm\node_modules;C:\Program Files\Java\jdk-21\bin;C:\Program Files\Git\cmd;C:\Users\bungh\AppData\Local\Microsoft\WindowsApps;C:\Program Files\JetBrains\PyCharm Community Edition 2023.3\bin;;C:\Users\bungh\AppData\Local\Programs\Microsoft VS Code\bin;C:\Program Files\Maven\apache-maven-3.9.6\bin;;."/>
    <property name="java.vm.info" value="mixed mode, sharing"/>
    <property name="stderr.encoding" value="Cp1252"/>
    <property name="java.vendor" value="Oracle Corporation"/>
    <property name="java.vm.version" value="21.0.1+12-LTS-29"/>
    <property name="sun.io.unicode.encoding" value="UnicodeLittle"/>
    <property name="java.class.version" value="65.0"/>
  </properties>
  <testcase name="TC01_OnboardUserandFindTeam[{sport=Germany Soccer, league=GERMANY, team=Bayern Munich}](1)" classname="org.thescore.TheScoreTest.MainTest" time="45.178">
    <system-out><![CDATA[Appium JS File Path: C:\Users\bungh\AppData\Roaming\npm\node_modules\appium\build\lib\main.js
Initializing Appium Service
&amp#27;[35m[Appium]&amp#27;[39m Welcome to Appium v2.2.1
&amp#27;[35m[Appium]&amp#27;[39m Non-default server args:
&amp#27;[35m[Appium]&amp#27;[39m { address: &amp#27;[32m'127.0.0.1'&amp#27;[39m }
&amp#27;[35m[Appium]&amp#27;[39m Attempting to load driver uiautomator2...
&amp#27;[35m[Appium]&amp#27;[39m Requiring driver at C:\Users\bungh\node_modules\appium-uiautomator2-driver
&amp#27;[35m[Appium]&amp#27;[39m Appium REST http interface listener started on http://127.0.0.1:4723
&amp#27;[35m[Appium]&amp#27;[39m Available drivers:
&amp#27;[35m[Appium]&amp#27;[39m   - uiautomator2@2.32.3 (automationName 'UiAutomator2')
&amp#27;[35m[Appium]&amp#27;[39m No plugins have been installed. Use the "appium plugin" command to install the one(s) you want to use.
&amp#27;[38;5;0m[HTTP]&amp#27;[0m &amp#27;[37m-->&amp#27;[39m &amp#27;[37mGET&amp#27;[39m &amp#27;[37m/status&amp#27;[39m
&amp#27;[38;5;0m[HTTP]&amp#27;[0m &amp#27;[90m{}&amp#27;[39m
&amp#27;[38;5;16m[AppiumDriver@3539]&amp#27;[0m Calling AppiumDriver.getStatus() with args: []
&amp#27;[38;5;16m[AppiumDriver@3539]&amp#27;[0m Responding to client with driver.getStatus() result: {"ready":true,"message":"The server is ready to accept new connections","build":{"version":"2.2.1"}}
&amp#27;[38;5;0m[HTTP]&amp#27;[0m &amp#27;[37m<-- GET /status &amp#27;[39m&amp#27;[32m200&amp#27;[39m &amp#27;[90m5 ms - 110&amp#27;[39m
&amp#27;[38;5;0m[HTTP]&amp#27;[0m &amp#27;[90m&amp#27;[39m
&amp#27;[38;5;0m[HTTP]&amp#27;[0m Request idempotency key: a692ea27-4f69-448c-b936-05f41a1f527a
&amp#27;[38;5;0m[HTTP]&amp#27;[0m &amp#27;[37m-->&amp#27;[39m &amp#27;[37mPOST&amp#27;[39m &amp#27;[37m/session&amp#27;[39m
&amp#27;[38;5;0m[HTTP]&amp#27;[0m &amp#27;[90m{"capabilities":{"firstMatch":[{}],"alwaysMatch":{"appium:autoGrantPermissions":true,"appium:deviceName":"AshDevice","appium:automationName":"UIAutomator2","platformName":"ANDROID","appium:app":"C:\\Users\\bungh\\eclipse-workspace\\TheScore\\TheScoreTest\\src\\test\\resources\\theScore.apk"}}}&amp#27;[39m
&amp#27;[38;5;16m[AppiumDriver@3539]&amp#27;[0m Calling AppiumDriver.createSession() with args: [null,null,{"firstMatch":[{}],"alwaysMatch":{"appium:autoGrantPermissions":true,"appium:deviceName":"AshDevice","appium:automationName":"UIAutomator2","platformName":"ANDROID","appium:app":"C:\\Users\\bungh\\eclipse-workspace\\TheScore\\TheScoreTest\\src\\test\\resources\\theScore.apk"}}]
&amp#27;[38;5;16m[AppiumDriver@3539]&amp#27;[0m Event 'newSessionRequested' logged at 1708040700360 (18:45:00 GMT-0500 (Eastern Standard Time))
&amp#27;[35m[Appium]&amp#27;[39m Attempting to find matching driver for automationName 'UIAutomator2' and platformName 'ANDROID'
&amp#27;[35m[Appium]&amp#27;[39m The 'uiautomator2' driver was installed and matched caps.
&amp#27;[35m[Appium]&amp#27;[39m Will require it at C:\Users\bungh\node_modules\appium-uiautomator2-driver
&amp#27;[35m[Appium]&amp#27;[39m Requiring driver at C:\Users\bungh\node_modules\appium-uiautomator2-driver
&amp#27;[38;5;16m[AppiumDriver@3539]&amp#27;[0m Appium v2.2.1 creating new AndroidUiautomator2Driver (v2.32.3) session
&amp#27;[38;5;16m[AppiumDriver@3539]&amp#27;[0m Checking BaseDriver versions for Appium and AndroidUiautomator2Driver
&amp#27;[38;5;16m[AppiumDriver@3539]&amp#27;[0m Appium's BaseDriver version is 9.4.1
&amp#27;[38;5;16m[AppiumDriver@3539]&amp#27;[0m AndroidUiautomator2Driver's BaseDriver version is 9.4.1
&amp#27;[38;5;32m[AndroidUiautomator2Driver@d606]&amp#27;[0m Creating session with W3C capabilities: {
&amp#27;[38;5;32m[AndroidUiautomator2Driver@d606]&amp#27;[0m   "alwaysMatch": {
&amp#27;[38;5;32m[AndroidUiautomator2Driver@d606]&amp#27;[0m     "platformName": "ANDROID",
&amp#27;[38;5;32m[AndroidUiautomator2Driver@d606]&amp#27;[0m     "appium:autoGrantPermissions": true,
&amp#27;[38;5;32m[AndroidUiautomator2Driver@d606]&amp#27;[0m     "appium:deviceName": "AshDevice",
&amp#27;[38;5;32m[AndroidUiautomator2Driver@d606]&amp#27;[0m     "appium:automationName": "UIAutomator2",
&amp#27;[38;5;32m[AndroidUiautomator2Driver@d606]&amp#27;[0m     "appium:app": "C:\\Users\\bungh\\eclipse-workspace\\TheScore\\TheScoreTest\\src\\test\\resources\\theScore.apk"
&amp#27;[38;5;32m[AndroidUiautomator2Driver@d606]&amp#27;[0m   },
&amp#27;[38;5;32m[AndroidUiautomator2Driver@d606]&amp#27;[0m   "firstMatch": [
&amp#27;[38;5;32m[AndroidUiautomator2Driver@d606]&amp#27;[0m     {}
&amp#27;[38;5;32m[AndroidUiautomator2Driver@d606]&amp#27;[0m   ]
&amp#27;[38;5;32m[AndroidUiautomator2Driver@d606]&amp#27;[0m }
&amp#27;[38;5;32m[AndroidUiautomator2Driver@d606 (d81b27d0)]&amp#27;[0m Session created with session id: d81b27d0-df21-4c35-ba99-cbd5317203eb
&amp#27;[38;5;48m[BaseDriver]&amp#27;[0m Using local app 'C:\Users\bungh\eclipse-workspace\TheScore\TheScoreTest\src\test\resources\theScore.apk'
&amp#27;[38;5;32m[AndroidUiautomator2Driver@d606 (d81b27d0)]&amp#27;[0m Checking whether app is actually present
&amp#27;[38;5;64m[ADB]&amp#27;[0m Found 2 'build-tools' folders under 'C:\Users\bungh\AppData\Local\Android\Sdk' (newest first):
&amp#27;[38;5;64m[ADB]&amp#27;[0m     C:\Users\bungh\AppData\Local\Android\Sdk\build-tools\34.0.0
&amp#27;[38;5;64m[ADB]&amp#27;[0m     C:\Users\bungh\AppData\Local\Android\Sdk\build-tools\33.0.1
&amp#27;[38;5;64m[ADB]&amp#27;[0m Using 'adb.exe' from 'C:\Users\bungh\AppData\Local\Android\Sdk\platform-tools\adb.exe'
&amp#27;[38;5;64m[ADB]&amp#27;[0m Running 'C:\Users\bungh\AppData\Local\Android\Sdk\platform-tools\adb.exe -P 5037 start-server'
&amp#27;[38;5;80m[AndroidDriver]&amp#27;[0m Retrieving device list
&amp#27;[38;5;64m[ADB]&amp#27;[0m Trying to find connected Android devices
&amp#27;[38;5;64m[ADB]&amp#27;[0m Getting connected devices
&amp#27;[38;5;64m[ADB]&amp#27;[0m Connected devices: [{"udid":"emulator-5554","state":"device"}]
&amp#27;[38;5;80m[AndroidDriver]&amp#27;[0m Using device: emulator-5554
&amp#27;[38;5;64m[ADB]&amp#27;[0m Using 'adb.exe' from 'C:\Users\bungh\AppData\Local\Android\Sdk\platform-tools\adb.exe'
&amp#27;[38;5;64m[ADB]&amp#27;[0m Running 'C:\Users\bungh\AppData\Local\Android\Sdk\platform-tools\adb.exe -P 5037 start-server'
&amp#27;[38;5;64m[ADB]&amp#27;[0m Setting device id to emulator-5554
&amp#27;[38;5;64m[ADB]&amp#27;[0m Running 'C:\Users\bungh\AppData\Local\Android\Sdk\platform-tools\adb.exe -P 5037 -s emulator-5554 shell getprop ro.build.version.sdk'
&amp#27;[38;5;64m[ADB]&amp#27;[0m Current device property 'ro.build.version.sdk': 33
&amp#27;[38;5;64m[ADB]&amp#27;[0m Getting device platform version
&amp#27;[38;5;64m[ADB]&amp#27;[0m Running 'C:\Users\bungh\AppData\Local\Android\Sdk\platform-tools\adb.exe -P 5037 -s emulator-5554 shell getprop ro.build.version.release'
&amp#27;[38;5;64m[ADB]&amp#27;[0m Current device property 'ro.build.version.release': 13
&amp#27;[38;5;64m[ADB]&amp#27;[0m Device API level: 33
&amp#27;[38;5;32m[AndroidUiautomator2Driver@d606 (d81b27d0)]&amp#27;[0m Relaxing hidden api policy
&amp#27;[38;5;64m[ADB]&amp#27;[0m Running 'C:\Users\bungh\AppData\Local\Android\Sdk\platform-tools\adb.exe -P 5037 -s emulator-5554 shell 'settings put global hidden_api_policy_pre_p_apps 1;settings put global hidden_api_policy_p_apps 1;settings put global hidden_api_policy 1''
&amp#27;[38;5;80m[AndroidDriver]&amp#27;[0m Parsing package and activity from app manifest
&amp#27;[38;5;64m[ADB]&amp#27;[0m Package name: 'com.fivemobile.thescore'
&amp#27;[38;5;64m[ADB]&amp#27;[0m Main activity name: 'com.fivemobile.thescore.ui.MainActivity'
&amp#27;[38;5;80m[AndroidDriver]&amp#27;[0m Parsed package and activity are: com.fivemobile.thescore/com.fivemobile.thescore.ui.MainActivity
&amp#27;[38;5;64m[ADB]&amp#27;[0m Running 'C:\Users\bungh\AppData\Local\Android\Sdk\platform-tools\adb.exe -P 5037 -s emulator-5554 wait-for-device'
&amp#27;[38;5;64m[ADB]&amp#27;[0m Running 'C:\Users\bungh\AppData\Local\Android\Sdk\platform-tools\adb.exe -P 5037 -s emulator-5554 shell echo ping'
&amp#27;[38;5;80m[AndroidDriver]&amp#27;[0m Pushing settings apk to device...
&amp#27;[38;5;64m[ADB]&amp#27;[0m Getting package info for 'io.appium.settings'
&amp#27;[38;5;64m[ADB]&amp#27;[0m Running 'C:\Users\bungh\AppData\Local\Android\Sdk\platform-tools\adb.exe -P 5037 -s emulator-5554 shell dumpsys package io.appium.settings'
&amp#27;[38;5;64m[ADB]&amp#27;[0m The version name of the installed 'io.appium.settings' is greater or equal to the application version name ('5.1.2' >= '5.1.2')
&amp#27;[38;5;64m[ADB]&amp#27;[0m There is no need to install/upgrade 'C:\Users\bungh\node_modules\appium-uiautomator2-driver\node_modules\io.appium.settings\apks\settings_apk-debug.apk'
&amp#27;[38;5;64m[ADB]&amp#27;[0m Getting IDs of all 'io.appium.settings' processes
&amp#27;[38;5;64m[ADB]&amp#27;[0m Running 'C:\Users\bungh\AppData\Local\Android\Sdk\platform-tools\adb.exe -P 5037 -s emulator-5554 shell 'pgrep --help; echo $?''
&amp#27;[38;5;64m[ADB]&amp#27;[0m Running 'C:\Users\bungh\AppData\Local\Android\Sdk\platform-tools\adb.exe -P 5037 -s emulator-5554 shell pgrep -f \(\[\[:blank:\]\]\|\^\)io\.appium\.settings\(\[\[:blank:\]\]\|\$\)'
&amp#27;[38;5;80m[AndroidDriver]&amp#27;[0m io.appium.settings is already running. There is no need to reset its permissions.
&amp#27;[38;5;96m[Logcat]&amp#27;[0m Starting logs capture with command: C:\\Users\\bungh\\AppData\\Local\\Android\\Sdk\\platform-tools\\adb.exe -P 5037 -s emulator-5554 logcat -v threadtime
&amp#27;[38;5;32m[AndroidUiautomator2Driver@d606 (d81b27d0)]&amp#27;[0m Forwarding UiAutomator2 Server port 6790 to local port 8209
&amp#27;[38;5;64m[ADB]&amp#27;[0m Forwarding system: 8209 to device: 6790
&amp#27;[38;5;64m[ADB]&amp#27;[0m Running 'C:\Users\bungh\AppData\Local\Android\Sdk\platform-tools\adb.exe -P 5037 -s emulator-5554 forward tcp:8209 tcp:6790'
&amp#27;[38;5;64m[ADB]&amp#27;[0m Checking app cert for C:\Users\bungh\node_modules\appium-uiautomator2-driver\node_modules\appium-uiautomator2-server\apks\appium-uiautomator2-server-v5.12.7.apk
&amp#27;[38;5;64m[ADB]&amp#27;[0m Checking app cert for C:\Users\bungh\node_modules\appium-uiautomator2-driver\node_modules\appium-uiautomator2-server\apks\appium-uiautomator2-server-debug-androidTest.apk
&amp#27;[38;5;64m[ADB]&amp#27;[0m Using 'apksigner.jar' from 'C:\Users\bungh\AppData\Local\Android\Sdk\build-tools\34.0.0\lib\apksigner.jar'
&amp#27;[38;5;64m[ADB]&amp#27;[0m Starting apksigner: 'C:\\Program Files\\Java\\jdk-21\\bin\\java.exe' -Xmx1024M -Xss1m -jar C:\\Users\\bungh\\AppData\\Local\\Android\\Sdk\\build-tools\\34.0.0\\lib\\apksigner.jar verify --print-certs C:\\Users\\bungh\\node_modules\\appium-uiautomator2-driver\\node_modules\\appium-uiautomator2-server\\apks\\appium-uiautomator2-server-debug-androidTest.apk
&amp#27;[38;5;64m[ADB]&amp#27;[0m Starting apksigner: 'C:\\Program Files\\Java\\jdk-21\\bin\\java.exe' -Xmx1024M -Xss1m -jar C:\\Users\\bungh\\AppData\\Local\\Android\\Sdk\\build-tools\\34.0.0\\lib\\apksigner.jar verify --print-certs C:\\Users\\bungh\\node_modules\\appium-uiautomator2-driver\\node_modules\\appium-uiautomator2-server\\apks\\appium-uiautomator2-server-v5.12.7.apk
&amp#27;[38;5;64m[ADB]&amp#27;[0m apksigner stdout: Signer #1 certificate DN: EMAILADDRESS=android@android.com, CN=Android, OU=Android, O=Android, L=Mountain View, ST=California, C=US
&amp#27;[38;5;64m[ADB]&amp#27;[0m Signer #1 certificate SHA-256 digest: a40da80a59d170caa950cf15c18c454d47a39b26989d8b640ecd745ba71bf5dc
&amp#27;[38;5;64m[ADB]&amp#27;[0m Signer #1 certificate SHA-1 digest: 61ed377e85d386a8dfee6b864bd85b0bfaa5af81
&amp#27;[38;5;64m[ADB]&amp#27;[0m Signer #1 certificate MD5 digest: e89b158e4bcf988ebd09eb83f5378e87
&amp#27;[38;5;64m[ADB]&amp#27;[0m 
&amp#27;[38;5;64m[ADB]&amp#27;[0m sha256 hash did match for 'appium-uiautomator2-server-debug-androidTest.apk'
&amp#27;[38;5;64m[ADB]&amp#27;[0m 'C:\Users\bungh\node_modules\appium-uiautomator2-driver\node_modules\appium-uiautomator2-server\apks\appium-uiautomator2-server-debug-androidTest.apk' is signed with the default certificate
&amp#27;[38;5;64m[ADB]&amp#27;[0m Getting install status for io.appium.uiautomator2.server.test
&amp#27;[38;5;64m[ADB]&amp#27;[0m Running 'C:\Users\bungh\AppData\Local\Android\Sdk\platform-tools\adb.exe -P 5037 -s emulator-5554 shell pm path io.appium.uiautomator2.server.test'
&amp#27;[38;5;64m[ADB]&amp#27;[0m 'io.appium.uiautomator2.server.test' is installed
&amp#27;[38;5;64m[ADB]&amp#27;[0m apksigner stdout: Signer #1 certificate DN: EMAILADDRESS=android@android.com, CN=Android, OU=Android, O=Android, L=Mountain View, ST=California, C=US
&amp#27;[38;5;64m[ADB]&amp#27;[0m Signer #1 certificate SHA-256 digest: a40da80a59d170caa950cf15c18c454d47a39b26989d8b640ecd745ba71bf5dc
&amp#27;[38;5;64m[ADB]&amp#27;[0m Signer #1 certificate SHA-1 digest: 61ed377e85d386a8dfee6b864bd85b0bfaa5af81
&amp#27;[38;5;64m[ADB]&amp#27;[0m Signer #1 certificate MD5 digest: e89b158e4bcf988ebd09eb83f5378e87
&amp#27;[38;5;64m[ADB]&amp#27;[0m 
&amp#27;[38;5;64m[ADB]&amp#27;[0m sha256 hash did match for 'appium-uiautomator2-server-v5.12.7.apk'
&amp#27;[38;5;64m[ADB]&amp#27;[0m 'C:\Users\bungh\node_modules\appium-uiautomator2-driver\node_modules\appium-uiautomator2-server\apks\appium-uiautomator2-server-v5.12.7.apk' is signed with the default certificate
&amp#27;[38;5;64m[ADB]&amp#27;[0m Getting package info for 'io.appium.uiautomator2.server'
&amp#27;[38;5;64m[ADB]&amp#27;[0m Running 'C:\Users\bungh\AppData\Local\Android\Sdk\platform-tools\adb.exe -P 5037 -s emulator-5554 shell dumpsys package io.appium.uiautomator2.server'
&amp#27;[38;5;64m[ADB]&amp#27;[0m The version name of the installed 'io.appium.uiautomator2.server' is greater or equal to the application version name ('5.12.7' >= '5.12.7')
&amp#27;[38;5;32m[AndroidUiautomator2Driver@d606 (d81b27d0)]&amp#27;[0m Server packages status: [{"wasSigned":true,"installState":"sameVersionInstalled","appPath":"C:\\Users\\bungh\\node_modules\\appium-uiautomator2-driver\\node_modules\\appium-uiautomator2-server\\apks\\appium-uiautomator2-server-v5.12.7.apk","appId":"io.appium.uiautomator2.server"},{"wasSigned":true,"installState":"sameVersionInstalled","appPath":"C:\\Users\\bungh\\node_modules\\appium-uiautomator2-driver\\node_modules\\appium-uiautomator2-server\\apks\\appium-uiautomator2-server-debug-androidTest.apk","appId":"io.appium.uiautomator2.server.test"}]
&amp#27;[38;5;32m[AndroidUiautomator2Driver@d606 (d81b27d0)]&amp#27;[0m Server packages are not going to be (re)installed
&amp#27;[38;5;32m[AndroidUiautomator2Driver@d606 (d81b27d0)]&amp#27;[0m Waiting up to 30000ms for services to be available
&amp#27;[38;5;64m[ADB]&amp#27;[0m Running 'C:\Users\bungh\AppData\Local\Android\Sdk\platform-tools\adb.exe -P 5037 -s emulator-5554 shell pm list instrumentation'
&amp#27;[38;5;32m[AndroidUiautomator2Driver@d606 (d81b27d0)]&amp#27;[0m Instrumentation target 'io.appium.uiautomator2.server.test/androidx.test.runner.AndroidJUnitRunner' is available
&amp#27;[38;5;64m[ADB]&amp#27;[0m Adding packages ["io.appium.settings","io.appium.uiautomator2.server","io.appium.uiautomator2.server.test"] to Doze whitelist
&amp#27;[38;5;64m[ADB]&amp#27;[0m Got the following command chunks to execute: [["dumpsys","deviceidle","whitelist","+io.appium.settings",";","dumpsys","deviceidle","whitelist","+io.appium.uiautomator2.server",";","dumpsys","deviceidle","whitelist","+io.appium.uiautomator2.server.test",";"]]
&amp#27;[38;5;64m[ADB]&amp#27;[0m Running 'C:\Users\bungh\AppData\Local\Android\Sdk\platform-tools\adb.exe -P 5037 -s emulator-5554 shell dumpsys deviceidle whitelist +io.appium.settings ; dumpsys deviceidle whitelist +io.appium.uiautomator2.server ; dumpsys deviceidle whitelist +io.appium.uiautomator2.server.test ;'
&amp#27;[38;5;64m[ADB]&amp#27;[0m Checking app cert for C:\Users\bungh\eclipse-workspace\TheScore\TheScoreTest\src\test\resources\theScore.apk
&amp#27;[38;5;64m[ADB]&amp#27;[0m Starting apksigner: 'C:\\Program Files\\Java\\jdk-21\\bin\\java.exe' -Xmx1024M -Xss1m -jar C:\\Users\\bungh\\AppData\\Local\\Android\\Sdk\\build-tools\\34.0.0\\lib\\apksigner.jar verify --print-certs C:\\Users\\bungh\\eclipse-workspace\\TheScore\\TheScoreTest\\src\\test\\resources\\theScore.apk
&amp#27;[38;5;64m[ADB]&amp#27;[0m apksigner stdout: Signer #1 certificate DN: CN=ScoreMobile, OU=ScoreMobile, O=Score, L=Toronto, ST=Ontario, C=CA
&amp#27;[38;5;64m[ADB]&amp#27;[0m Signer #1 certificate SHA-256 digest: 63a9d0d23a8c11b3828bbb9b208ccc893473385be13c1cd8b6d135c8cc0cb88e
&amp#27;[38;5;64m[ADB]&amp#27;[0m Signer #1 certificate SHA-1 digest: d22331e99824521955c733da11b15daabbb7b2d5
&amp#27;[38;5;64m[ADB]&amp#27;[0m Signer #1 certificate MD5 digest: a5556680c4c0d968c21888f672406656
&amp#27;[38;5;64m[ADB]&amp#27;[0m Source Stamp Signer certificate DN: CN=Android, OU=Android, O=Google Inc., L=Mountain View, ST=California, C=US
&amp#27;[38;5;64m[ADB]&amp#27;[0m Source Stamp Signer certificate SHA-256 digest: 3257d599a49d2c961a471ca9843f59d341a405884583fc087df4237b733bbd6d
&amp#27;[38;5;64m[ADB]&amp#27;[0m Source Stamp Signer certificate SHA-1 digest: b1af3a0bf998aeede1a8716a539e5a59da1d86d6
&amp#27;[38;5;64m[ADB]&amp#27;[0m Source Stamp Signer certificate MD5 digest: 577b8a9fbc7e308321aec6411169d2fb
&amp#27;[38;5;64m[ADB]&amp#27;[0m 
&amp#27;[38;5;64m[ADB]&amp#27;[0m 'C:\Users\bungh\eclipse-workspace\TheScore\TheScoreTest\src\test\resources\theScore.apk' is signed with a non-default certificate
&amp#27;[38;5;64m[ADB]&amp#27;[0m Getting package info for 'com.fivemobile.thescore'
&amp#27;[38;5;64m[ADB]&amp#27;[0m Running 'C:\Users\bungh\AppData\Local\Android\Sdk\platform-tools\adb.exe -P 5037 -s emulator-5554 shell dumpsys package com.fivemobile.thescore'
&amp#27;[38;5;64m[ADB]&amp#27;[0m The version name of the installed 'com.fivemobile.thescore' is greater or equal to the application version name ('24.2.0' >= '24.2.0')
&amp#27;[38;5;64m[ADB]&amp#27;[0m There is no need to install/upgrade 'C:\Users\bungh\eclipse-workspace\TheScore\TheScoreTest\src\test\resources\theScore.apk'
&amp#27;[38;5;80m[AndroidDriver]&amp#27;[0m Performing fast reset on 'com.fivemobile.thescore'
&amp#27;[38;5;64m[ADB]&amp#27;[0m Getting install status for com.fivemobile.thescore
&amp#27;[38;5;64m[ADB]&amp#27;[0m Running 'C:\Users\bungh\AppData\Local\Android\Sdk\platform-tools\adb.exe -P 5037 -s emulator-5554 shell pm path com.fivemobile.thescore'
&amp#27;[38;5;64m[ADB]&amp#27;[0m 'com.fivemobile.thescore' is installed
&amp#27;[38;5;64m[ADB]&amp#27;[0m Running 'C:\Users\bungh\AppData\Local\Android\Sdk\platform-tools\adb.exe -P 5037 -s emulator-5554 shell am force-stop com.fivemobile.thescore'
&amp#27;[38;5;64m[ADB]&amp#27;[0m Running 'C:\Users\bungh\AppData\Local\Android\Sdk\platform-tools\adb.exe -P 5037 -s emulator-5554 shell pm clear com.fivemobile.thescore'
&amp#27;[38;5;64m[ADB]&amp#27;[0m Running 'C:\Users\bungh\AppData\Local\Android\Sdk\platform-tools\adb.exe -P 5037 -s emulator-5554 shell dumpsys package com.fivemobile.thescore'
&amp#27;[38;5;64m[ADB]&amp#27;[0m Retrieving requested permissions
&amp#27;[38;5;64m[ADB]&amp#27;[0m Retrieved 33 permissions from requested group
&amp#27;[38;5;64m[ADB]&amp#27;[0m Retrieving granted permissions
&amp#27;[38;5;64m[ADB]&amp#27;[0m Retrieved 11 permissions from install,runtime groups
&amp#27;[38;5;64m[ADB]&amp#27;[0m Granting permissions ["android.permission.POST_NOTIFICATIONS","android.permission.READ_CALENDAR","android.permission.WRITE_CALENDAR","android.permission.ACCESS_COARSE_LOCATION","android.permission.ACCESS_FINE_LOCATION","android.finsky.permission.BIND_GET_INSTALL_REFERRER_SERVICE","android.permission.READ_CALENDAR","android.permission.POST_NOTIFICATIONS","android.permission.ACCESS_FINE_LOCATION","android.permission.ACCESS_COARSE_LOCATION","android.permission.WRITE_CALENDAR"] to 'com.fivemobile.thescore'
&amp#27;[38;5;64m[ADB]&amp#27;[0m Got the following command chunks to execute: [["pm","grant","com.fivemobile.thescore","android.permission.POST_NOTIFICATIONS",";","pm","grant","com.fivemobile.thescore","android.permission.READ_CALENDAR",";","pm","grant","com.fivemobile.thescore","android.permission.WRITE_CALENDAR",";","pm","grant","com.fivemobile.thescore","android.permission.ACCESS_COARSE_LOCATION",";","pm","grant","com.fivemobile.thescore","android.permission.ACCESS_FINE_LOCATION",";","pm","grant","com.fivemobile.thescore","android.finsky.permission.BIND_GET_INSTALL_REFERRER_SERVICE",";","pm","grant","com.fivemobile.thescore","android.permission.READ_CALENDAR",";","pm","grant","com.fivemobile.thescore","android.permission.POST_NOTIFICATIONS",";","pm","grant","com.fivemobile.thescore","android.permission.ACCESS_FINE_LOCATION",";","pm","grant","com.fivemobile.thescore","android.permission.ACCESS_COARSE_LOCATION",";","pm","grant","com.fivemobile.thescore","android.permission.WRITE_CALENDAR",";"]]
&amp#27;[38;5;64m[ADB]&amp#27;[0m Running 'C:\Users\bungh\AppData\Local\Android\Sdk\platform-tools\adb.exe -P 5037 -s emulator-5554 shell pm grant com.fivemobile.thescore android.permission.POST_NOTIFICATIONS ; pm grant com.fivemobile.thescore android.permission.READ_CALENDAR ; pm grant com.fivemobile.thescore android.permission.WRITE_CALENDAR ; pm grant com.fivemobile.thescore android.permission.ACCESS_COARSE_LOCATION ; pm grant com.fivemobile.thescore android.permission.ACCESS_FINE_LOCATION ; pm grant com.fivemobile.thescore android.finsky.permission.BIND_GET_INSTALL_REFERRER_SERVICE ; pm grant com.fivemobile.thescore android.permission.READ_CALENDAR ; pm grant com.fivemobile.thescore android.permission.POST_NOTIFICATIONS ; pm grant com.fivemobile.thescore android.permission.ACCESS_FINE_LOCATION ; pm grant com.fivemobile.thescore android.permission.ACCESS_COARSE_LOCATION ; pm grant com.fivemobile.thescore android.permission.WRITE_CALENDAR ;'
&amp#27;[38;5;80m[AndroidDriver]&amp#27;[0m Performed fast reset on the installed 'com.fivemobile.thescore' application (stop and clear)
&amp#27;[38;5;32m[AndroidUiautomator2Driver@d606 (d81b27d0)]&amp#27;[0m Performing shallow cleanup of automation leftovers
&amp#27;[38;5;32m[AndroidUiautomator2Driver@d606 (d81b27d0)]&amp#27;[0m No obsolete sessions have been detected (socket hang up)
&amp#27;[38;5;64m[ADB]&amp#27;[0m Running 'C:\Users\bungh\AppData\Local\Android\Sdk\platform-tools\adb.exe -P 5037 -s emulator-5554 shell am force-stop io.appium.uiautomator2.server.test'
&amp#27;[38;5;32m[AndroidUiautomator2Driver@d606 (d81b27d0)]&amp#27;[0m Starting UIAutomator2 server 5.12.7
&amp#27;[38;5;32m[AndroidUiautomator2Driver@d606 (d81b27d0)]&amp#27;[0m Using UIAutomator2 server from 'C:\Users\bungh\node_modules\appium-uiautomator2-driver\node_modules\appium-uiautomator2-server\apks\appium-uiautomator2-server-v5.12.7.apk' and test from 'C:\Users\bungh\node_modules\appium-uiautomator2-driver\node_modules\appium-uiautomator2-server\apks\appium-uiautomator2-server-debug-androidTest.apk'
&amp#27;[38;5;32m[AndroidUiautomator2Driver@d606 (d81b27d0)]&amp#27;[0m Waiting up to 30000ms for UiAutomator2 to be online...
&amp#27;[38;5;64m[ADB]&amp#27;[0m Creating ADB subprocess with args: ["-P","5037","-s","emulator-5554","shell","am","instrument","-w","-e","disableAnalytics","true","io.appium.uiautomator2.server.test/androidx.test.runner.AndroidJUnitRunner"]
&amp#27;[38;5;32m[AndroidUiautomator2Driver@d606 (d81b27d0)]&amp#27;[0m Matched '/status' to command name 'getStatus'
&amp#27;[38;5;32m[AndroidUiautomator2Driver@d606 (d81b27d0)]&amp#27;[0m Proxying [GET /status] to [GET http://127.0.0.1:8209/status] with no body
&amp#27;[38;5;32m[AndroidUiautomator2Driver@d606 (d81b27d0)]&amp#27;[0m socket hang up
&amp#27;[38;5;112m[Instrumentation]&amp#27;[0m io.appium.uiautomator2.server.test.AppiumUiAutomator2Server:
&amp#27;[38;5;32m[AndroidUiautomator2Driver@d606 (d81b27d0)]&amp#27;[0m Matched '/status' to command name 'getStatus'
&amp#27;[38;5;32m[AndroidUiautomator2Driver@d606 (d81b27d0)]&amp#27;[0m Proxying [GET /status] to [GET http://127.0.0.1:8209/status] with no body
&amp#27;[38;5;32m[AndroidUiautomator2Driver@d606 (d81b27d0)]&amp#27;[0m socket hang up
&amp#27;[38;5;32m[AndroidUiautomator2Driver@d606 (d81b27d0)]&amp#27;[0m Matched '/status' to command name 'getStatus'
&amp#27;[38;5;32m[AndroidUiautomator2Driver@d606 (d81b27d0)]&amp#27;[0m Proxying [GET /status] to [GET http://127.0.0.1:8209/status] with no body
&amp#27;[38;5;32m[AndroidUiautomator2Driver@d606 (d81b27d0)]&amp#27;[0m socket hang up
&amp#27;[38;5;32m[AndroidUiautomator2Driver@d606 (d81b27d0)]&amp#27;[0m Matched '/status' to command name 'getStatus'
&amp#27;[38;5;32m[AndroidUiautomator2Driver@d606 (d81b27d0)]&amp#27;[0m Proxying [GET /status] to [GET http://127.0.0.1:8209/status] with no body
&amp#27;[38;5;32m[AndroidUiautomator2Driver@d606 (d81b27d0)]&amp#27;[0m Got response with status 200: {"sessionId":"None","value":{"message":"UiAutomator2 Server is ready to accept commands","ready":true}}
&amp#27;[38;5;32m[AndroidUiautomator2Driver@d606 (d81b27d0)]&amp#27;[0m The initialization of the instrumentation process took 3146ms
&amp#27;[38;5;32m[AndroidUiautomator2Driver@d606 (d81b27d0)]&amp#27;[0m Matched '/session' to command name 'createSession'
&amp#27;[38;5;32m[AndroidUiautomator2Driver@d606 (d81b27d0)]&amp#27;[0m Proxying [POST /session] to [POST http://127.0.0.1:8209/session] with body: {"capabilities":{"firstMatch":[{"platformName":"ANDROID","autoGrantPermissions":true,"deviceName":"emulator-5554","automationName":"UIAutomator2","app":"C:\\Users\\bungh\\eclipse-workspace\\TheScore\\TheScoreTest\\src\\test\\resources\\theScore.apk","platform":"LINUX","webStorageEnabled":false,"takesScreenshot":true,"javascriptEnabled":true,"databaseEnabled":false,"networkConnectionEnabled":true,"locationContextEnabled":false,"warnings":{},"desired":{"platformName":"ANDROID","autoGrantPermissions":true,"deviceName":"AshDevice","automationName":"UIAutomator2","app":"C:\\Users\\bungh\\eclipse-workspace\\TheScore\\TheScoreTest\\src\\test\\resources\\theScore.apk"},"deviceUDID":"emulator-5554","appPackage":"com.fivemobile.thescore"}],"alwaysMatch":{}}}
&amp#27;[38;5;32m[AndroidUiautomator2Driver@d606 (d81b27d0)]&amp#27;[0m Got response with status 200: {"sessionId":"c7104d6d-b578-4aea-a441-5b71d17293ac","value":{"capabilities":{"firstMatch":[{"platformName":"ANDROID","autoGrantPermissions":true,"deviceName":"emulator-5554","automationName":"UIAutomator2","app":"C:\\Users\\bungh\\eclipse-workspace\\TheScore\\TheScoreTest\\src\\test\\resources\\theScore.apk","platform":"LINUX","webStorageEnabled":false,"takesScreenshot":true,"javascriptEnabled":true,"databaseEnabled":false,"networkConnectionEnabled":true,"locationContextEnabled":false,"warnings":{},"desired":{"platformName":"ANDROID","autoGrantPermissions":true,"deviceName":"AshDevice","automationName":"UIAutomator2","app":"C:\\Users\\bungh\\eclipse-workspace\\TheScore\\TheScoreTest\\src\\test\\resources\\theScore.apk"},"deviceUDID":"emulator-5554","appPackage":"com.fivemobile.thescore"}],"alwaysMatch":{}},"sessionId":"c7104d6d-b578-4aea-a441-5b71d17293ac"}}
&amp#27;[38;5;32m[AndroidUiautomator2Driver@d606 (d81b27d0)]&amp#27;[0m Determined the downstream protocol as 'W3C'
&amp#27;[38;5;32m[AndroidUiautomator2Driver@d606 (d81b27d0)]&amp#27;[0m Proxying [GET /appium/device/pixel_ratio] to [GET http://127.0.0.1:8209/session/c7104d6d-b578-4aea-a441-5b71d17293ac/appium/device/pixel_ratio] with no body
&amp#27;[38;5;32m[AndroidUiautomator2Driver@d606 (d81b27d0)]&amp#27;[0m Matched '/appium/device/system_bars' to command name 'getSystemBars'
&amp#27;[38;5;32m[AndroidUiautomator2Driver@d606 (d81b27d0)]&amp#27;[0m Proxying [GET /appium/device/system_bars] to [GET http://127.0.0.1:8209/session/c7104d6d-b578-4aea-a441-5b71d17293ac/appium/device/system_bars] with no body
&amp#27;[38;5;32m[AndroidUiautomator2Driver@d606 (d81b27d0)]&amp#27;[0m Matched '/window/current/size' to command name 'getWindowSize'
&amp#27;[38;5;32m[AndroidUiautomator2Driver@d606 (d81b27d0)]&amp#27;[0m Proxying [GET /window/current/size] to [GET http://127.0.0.1:8209/session/c7104d6d-b578-4aea-a441-5b71d17293ac/window/current/size] with no body
&amp#27;[38;5;32m[AndroidUiautomator2Driver@d606 (d81b27d0)]&amp#27;[0m Proxying [GET /appium/device/info] to [GET http://127.0.0.1:8209/session/c7104d6d-b578-4aea-a441-5b71d17293ac/appium/device/info] with no body
&amp#27;[38;5;64m[ADB]&amp#27;[0m Running 'C:\Users\bungh\AppData\Local\Android\Sdk\platform-tools\adb.exe -P 5037 -s emulator-5554 shell dumpsys window'
&amp#27;[38;5;32m[AndroidUiautomator2Driver@d606 (d81b27d0)]&amp#27;[0m Got response with status 200: {"sessionId":"c7104d6d-b578-4aea-a441-5b71d17293ac","value":2.625}
&amp#27;[38;5;32m[AndroidUiautomator2Driver@d606 (d81b27d0)]&amp#27;[0m Got response with status 200: {"sessionId":"c7104d6d-b578-4aea-a441-5b71d17293ac","value":{"statusBar":128}}
&amp#27;[38;5;32m[AndroidUiautomator2Driver@d606 (d81b27d0)]&amp#27;[0m Got response with status 200: {"sessionId":"c7104d6d-b578-4aea-a441-5b71d17293ac","value":{"height":2209,"width":1080}}
&amp#27;[38;5;32m[AndroidUiautomator2Driver@d606 (d81b27d0)]&amp#27;[0m Got response with status 200: {"sessionId":"c7104d6d-b578-4aea-a441-5b71d17293ac","value":{"androidId":"05c0ed683eef405b","apiVersion":"33","bluetooth":{"state":"ON"},"brand":"google","carrierName":"T-Mobile","displayDensity":420,"locale":"en_US","manufacturer":"Google","model":"sdk_gphone_x86_64","networks":[{"capabilities":{"SSID":null,"linkDownBandwidthKbps":30000,"linkUpstreamBandwidthKbps":12000,"networkCapabilities":"NET_CAPABILITY_NOT_METERED,NET_CAPABILITY_INTERNET,NET_CAPABILITY_NOT_RESTRICTED,NET_CAPABILITY_TRUSTED,NET_CAPABILITY_NOT_VPN,NET_CAPABILITY_VALIDATED,NET_CAPABILITY_NOT_ROAMING,NET_CAPABILITY_FOREGROUND,NET_CAPABILITY_NOT_CONGESTED,NET_CAPABILITY_NOT_SUSPENDED","signalStrength":-50,"transportTypes":"TRANSPORT_WIFI"},"detailedState":"CONNECTED","extraInfo":"","isAvailable":true,"isConnected":true,"isFailover":false,"isRoaming":false,"state":"CONNECTED","subtype":-1,"subtypeName":"","type":1,"typeName":"WIFI"},{"capabilities":{"SSID":null,"linkDownBandwidthKbps":30000,"linkUpstreamBandwidthKbps":15000,"networkCapabil...
&amp#27;[38;5;80m[AndroidDriver]&amp#27;[0m Screen already unlocked, doing nothing
&amp#27;[38;5;32m[AndroidUiautomator2Driver@d606 (d81b27d0)]&amp#27;[0m Starting 'com.fivemobile.thescore/com.fivemobile.thescore.ui.MainActivity and waiting for 'com.fivemobile.thescore/com.fivemobile.thescore.ui.MainActivity'
&amp#27;[38;5;64m[ADB]&amp#27;[0m Running 'C:\Users\bungh\AppData\Local\Android\Sdk\platform-tools\adb.exe -P 5037 -s emulator-5554 shell am start -W -n com.fivemobile.thescore/com.fivemobile.thescore.ui.MainActivity -S -a android.intent.action.MAIN -c android.intent.category.LAUNCHER -f 0x10200000'
&amp#27;[38;5;64m[ADB]&amp#27;[0m Waiting up to 20000ms for activity matching pkg: 'com.fivemobile.thescore' and activity: 'com.fivemobile.thescore.ui.MainActivity' to be focused
&amp#27;[38;5;64m[ADB]&amp#27;[0m Possible activities, to be checked: 'com.fivemobile.thescore.ui.MainActivity', 'com.fivemobile.thescore.com.fivemobile.thescore.ui.MainActivity'
&amp#27;[38;5;64m[ADB]&amp#27;[0m Getting focused package and activity
&amp#27;[38;5;64m[ADB]&amp#27;[0m Running 'C:\Users\bungh\AppData\Local\Android\Sdk\platform-tools\adb.exe -P 5037 -s emulator-5554 shell dumpsys window displays'
&amp#27;[38;5;64m[ADB]&amp#27;[0m Found package: 'com.fivemobile.thescore' and fully qualified activity name : 'com.fivemobile.thescore.ui.MainActivity'
&amp#27;[38;5;16m[AppiumDriver@3539]&amp#27;[0m New AndroidUiautomator2Driver session created successfully, session d81b27d0-df21-4c35-ba99-cbd5317203eb added to master session list
&amp#27;[38;5;16m[AppiumDriver@3539]&amp#27;[0m Event 'newSessionStarted' logged at 1708040712158 (18:45:12 GMT-0500 (Eastern Standard Time))
&amp#27;[38;5;32m[AndroidUiautomator2Driver@d606 (d81b27d0)]&amp#27;[0m Cached the protocol value 'W3C' for the new session d81b27d0-df21-4c35-ba99-cbd5317203eb
&amp#27;[38;5;32m[AndroidUiautomator2Driver@d606 (d81b27d0)]&amp#27;[0m Responding to client with driver.createSession() result: {"capabilities":{"platformName":"ANDROID","autoGrantPermissions":true,"deviceName":"emulator-5554","automationName":"UIAutomator2","app":"C:\\Users\\bungh\\eclipse-workspace\\TheScore\\TheScoreTest\\src\\test\\resources\\theScore.apk","platform":"LINUX","webStorageEnabled":false,"takesScreenshot":true,"javascriptEnabled":true,"databaseEnabled":false,"networkConnectionEnabled":true,"locationContextEnabled":false,"warnings":{},"desired":{"platformName":"ANDROID","autoGrantPermissions":true,"deviceName":"AshDevice","automationName":"UIAutomator2","app":"C:\\Users\\bungh\\eclipse-workspace\\TheScore\\TheScoreTest\\src\\test\\resources\\theScore.apk"},"deviceUDID":"emulator-5554","appPackage":"com.fivemobile.thescore","pixelRatio":"2.625","statBarHeight":128,"viewportRect":{"left":0,"top":128,"width":1080,"height":2081},"deviceApiLevel":33,"platformVersion":"13","deviceManufacturer":"Google","deviceModel":"sdk_gphone_x86_64","deviceScreenSize":"1080x2400","deviceScreenDensity":420}}
&amp#27;[38;5;0m[HTTP]&amp#27;[0m &amp#27;[37m<-- POST /session &amp#27;[39m&amp#27;[32m200&amp#27;[39m &amp#27;[90m11800 ms - 1053&amp#27;[39m
&amp#27;[38;5;0m[HTTP]&amp#27;[0m &amp#27;[90m&amp#27;[39m
&amp#27;[38;5;0m[HTTP]&amp#27;[0m &amp#27;[37m-->&amp#27;[39m &amp#27;[37mPOST&amp#27;[39m &amp#27;[37m/session/d81b27d0-df21-4c35-ba99-cbd5317203eb/timeouts&amp#27;[39m
&amp#27;[38;5;0m[HTTP]&amp#27;[0m &amp#27;[90m{"implicit":5000}&amp#27;[39m
&amp#27;[38;5;32m[AndroidUiautomator2Driver@d606 (d81b27d0)]&amp#27;[0m Calling AppiumDriver.timeouts() with args: [null,null,null,null,5000,"d81b27d0-df21-4c35-ba99-cbd5317203eb"]
&amp#27;[38;5;32m[AndroidUiautomator2Driver@d606 (d81b27d0)]&amp#27;[0m W3C timeout argument: {"implicit":5000}}
&amp#27;[38;5;32m[AndroidUiautomator2Driver@d606 (d81b27d0)]&amp#27;[0m Set implicit wait to 5000ms
&amp#27;[38;5;32m[AndroidUiautomator2Driver@d606 (d81b27d0)]&amp#27;[0m Responding to client with driver.timeouts() result: null
&amp#27;[38;5;0m[HTTP]&amp#27;[0m &amp#27;[37m<-- POST /session/d81b27d0-df21-4c35-ba99-cbd5317203eb/timeouts &amp#27;[39m&amp#27;[32m200&amp#27;[39m &amp#27;[90m5 ms - 14&amp#27;[39m
&amp#27;[38;5;0m[HTTP]&amp#27;[0m &amp#27;[90m&amp#27;[39m
&amp#27;[38;5;0m[HTTP]&amp#27;[0m &amp#27;[37m-->&amp#27;[39m &amp#27;[37mPOST&amp#27;[39m &amp#27;[37m/session/d81b27d0-df21-4c35-ba99-cbd5317203eb/execute/sync&amp#27;[39m
&amp#27;[38;5;0m[HTTP]&amp#27;[0m &amp#27;[90m{"script":"mobile: activateApp","args":[{"bundleId":"com.fivemobile.thescore","appId":"com.fivemobile.thescore"}]}&amp#27;[39m
&amp#27;[38;5;32m[AndroidUiautomator2Driver@d606 (d81b27d0)]&amp#27;[0m Calling AppiumDriver.execute() with args: ["mobile: activateApp",[{"bundleId":"com.fivemobile.thescore","appId":"com.fivemobile.thescore"}],"d81b27d0-df21-4c35-ba99-cbd5317203eb"]
&amp#27;[38;5;32m[AndroidUiautomator2Driver@d606 (d81b27d0)]&amp#27;[0m Executing method 'mobile: activateApp'
&amp#27;[38;5;32m[AndroidUiautomator2Driver@d606 (d81b27d0)]&amp#27;[0m Activating 'com.fivemobile.thescore'
&amp#27;[38;5;64m[ADB]&amp#27;[0m Running 'C:\Users\bungh\AppData\Local\Android\Sdk\platform-tools\adb.exe -P 5037 -s emulator-5554 shell cmd package resolve-activity --brief com.fivemobile.thescore'
&amp#27;[38;5;64m[ADB]&amp#27;[0m Running 'C:\Users\bungh\AppData\Local\Android\Sdk\platform-tools\adb.exe -P 5037 -s emulator-5554 shell am start-activity -a android.intent.action.MAIN -c android.intent.category.LAUNCHER -f 0x10200000 -n com.fivemobile.thescore/.ui.MainActivity'
&amp#27;[38;5;32m[AndroidUiautomator2Driver@d606 (d81b27d0)]&amp#27;[0m Starting: Intent { act=android.intent.action.MAIN cat=[android.intent.category.LAUNCHER] flg=0x10200000 cmp=com.fivemobile.thescore/.ui.MainActivity }
&amp#27;[38;5;32m[AndroidUiautomator2Driver@d606 (d81b27d0)]&amp#27;[0m Responding to client with driver.execute() result: null
&amp#27;[38;5;0m[HTTP]&amp#27;[0m &amp#27;[37m<-- POST /session/d81b27d0-df21-4c35-ba99-cbd5317203eb/execute/sync &amp#27;[39m&amp#27;[32m200&amp#27;[39m &amp#27;[90m711 ms - 14&amp#27;[39m
&amp#27;[38;5;0m[HTTP]&amp#27;[0m &amp#27;[90m&amp#27;[39m
Starting App
&amp#27;[38;5;0m[HTTP]&amp#27;[0m &amp#27;[37m-->&amp#27;[39m &amp#27;[37mGET&amp#27;[39m &amp#27;[37m/session/d81b27d0-df21-4c35-ba99-cbd5317203eb/context&amp#27;[39m
&amp#27;[38;5;0m[HTTP]&amp#27;[0m &amp#27;[90m{}&amp#27;[39m
&amp#27;[38;5;32m[AndroidUiautomator2Driver@d606 (d81b27d0)]&amp#27;[0m Calling AppiumDriver.getCurrentContext() with args: ["d81b27d0-df21-4c35-ba99-cbd5317203eb"]
&amp#27;[38;5;32m[AndroidUiautomator2Driver@d606 (d81b27d0)]&amp#27;[0m Responding to client with driver.getCurrentContext() result: "NATIVE_APP"
&amp#27;[38;5;0m[HTTP]&amp#27;[0m &amp#27;[37m<-- GET /session/d81b27d0-df21-4c35-ba99-cbd5317203eb/context &amp#27;[39m&amp#27;[32m200&amp#27;[39m &amp#27;[90m8 ms - 22&amp#27;[39m
&amp#27;[38;5;0m[HTTP]&amp#27;[0m &amp#27;[90m&amp#27;[39m
&amp#27;[38;5;0m[HTTP]&amp#27;[0m &amp#27;[37m-->&amp#27;[39m &amp#27;[37mPOST&amp#27;[39m &amp#27;[37m/session/d81b27d0-df21-4c35-ba99-cbd5317203eb/element&amp#27;[39m
&amp#27;[38;5;0m[HTTP]&amp#27;[0m &amp#27;[90m{"using":"id","value":"com.fivemobile.thescore:id/txt_welcome"}&amp#27;[39m
&amp#27;[38;5;32m[AndroidUiautomator2Driver@d606 (d81b27d0)]&amp#27;[0m Calling AppiumDriver.findElement() with args: ["id","com.fivemobile.thescore:id/txt_welcome","d81b27d0-df21-4c35-ba99-cbd5317203eb"]
&amp#27;[38;5;32m[AndroidUiautomator2Driver@d606 (d81b27d0)]&amp#27;[0m Valid locator strategies for this request: xpath, id, class name, accessibility id, css selector, -android uiautomator
&amp#27;[38;5;32m[AndroidUiautomator2Driver@d606 (d81b27d0)]&amp#27;[0m Waiting up to 5000 ms for condition
&amp#27;[38;5;32m[AndroidUiautomator2Driver@d606 (d81b27d0)]&amp#27;[0m Matched '/element' to command name 'findElement'
&amp#27;[38;5;32m[AndroidUiautomator2Driver@d606 (d81b27d0)]&amp#27;[0m Proxying [POST /element] to [POST http://127.0.0.1:8209/session/c7104d6d-b578-4aea-a441-5b71d17293ac/element] with body: {"strategy":"id","selector":"com.fivemobile.thescore:id/txt_welcome","context":"","multiple":false}
&amp#27;[38;5;32m[AndroidUiautomator2Driver@d606 (d81b27d0)]&amp#27;[0m Got response with status 200: {"sessionId":"c7104d6d-b578-4aea-a441-5b71d17293ac","value":{"ELEMENT":"00000000-0000-05e6-ffff-ffff000000a7","element-6066-11e4-a52e-4f735466cecf":"00000000-0000-05e6-ffff-ffff000000a7"}}
&amp#27;[38;5;32m[AndroidUiautomator2Driver@d606 (d81b27d0)]&amp#27;[0m Responding to client with driver.findElement() result: {"element-6066-11e4-a52e-4f735466cecf":"00000000-0000-05e6-ffff-ffff000000a7","ELEMENT":"00000000-0000-05e6-ffff-ffff000000a7"}
&amp#27;[38;5;0m[HTTP]&amp#27;[0m &amp#27;[37m<-- POST /session/d81b27d0-df21-4c35-ba99-cbd5317203eb/element &amp#27;[39m&amp#27;[32m200&amp#27;[39m &amp#27;[90m129 ms - 137&amp#27;[39m
&amp#27;[38;5;0m[HTTP]&amp#27;[0m &amp#27;[90m&amp#27;[39m
&amp#27;[38;5;0m[HTTP]&amp#27;[0m &amp#27;[37m-->&amp#27;[39m &amp#27;[37mGET&amp#27;[39m &amp#27;[37m/session/d81b27d0-df21-4c35-ba99-cbd5317203eb/element/00000000-0000-05e6-ffff-ffff000000a7/attribute/text&amp#27;[39m
&amp#27;[38;5;0m[HTTP]&amp#27;[0m &amp#27;[90m{}&amp#27;[39m
&amp#27;[38;5;32m[AndroidUiautomator2Driver@d606 (d81b27d0)]&amp#27;[0m Calling AppiumDriver.getAttribute() with args: ["text","00000000-0000-05e6-ffff-ffff000000a7","d81b27d0-df21-4c35-ba99-cbd5317203eb"]
&amp#27;[38;5;32m[AndroidUiautomator2Driver@d606 (d81b27d0)]&amp#27;[0m Matched '/element/00000000-0000-05e6-ffff-ffff000000a7/attribute/text' to command name 'getAttribute'
&amp#27;[38;5;32m[AndroidUiautomator2Driver@d606 (d81b27d0)]&amp#27;[0m Proxying [GET /element/00000000-0000-05e6-ffff-ffff000000a7/attribute/text] to [GET http://127.0.0.1:8209/session/c7104d6d-b578-4aea-a441-5b71d17293ac/element/00000000-0000-05e6-ffff-ffff000000a7/attribute/text] with no body
&amp#27;[38;5;32m[AndroidUiautomator2Driver@d606 (d81b27d0)]&amp#27;[0m Got response with status 200: {"sessionId":"c7104d6d-b578-4aea-a441-5b71d17293ac","value":"WELCOME"}
&amp#27;[38;5;32m[AndroidUiautomator2Driver@d606 (d81b27d0)]&amp#27;[0m Responding to client with driver.getAttribute() result: "WELCOME"
&amp#27;[38;5;0m[HTTP]&amp#27;[0m &amp#27;[37m<-- GET /session/d81b27d0-df21-4c35-ba99-cbd5317203eb/element/00000000-0000-05e6-ffff-ffff000000a7/attribute/text &amp#27;[39m&amp#27;[32m200&amp#27;[39m &amp#27;[90m17 ms - 19&amp#27;[39m
&amp#27;[38;5;0m[HTTP]&amp#27;[0m &amp#27;[90m&amp#27;[39m
&amp#27;[38;5;0m[HTTP]&amp#27;[0m &amp#27;[37m-->&amp#27;[39m &amp#27;[37mGET&amp#27;[39m &amp#27;[37m/session/d81b27d0-df21-4c35-ba99-cbd5317203eb/context&amp#27;[39m
&amp#27;[38;5;0m[HTTP]&amp#27;[0m &amp#27;[90m{}&amp#27;[39m
&amp#27;[38;5;32m[AndroidUiautomator2Driver@d606 (d81b27d0)]&amp#27;[0m Calling AppiumDriver.getCurrentContext() with args: ["d81b27d0-df21-4c35-ba99-cbd5317203eb"]
&amp#27;[38;5;32m[AndroidUiautomator2Driver@d606 (d81b27d0)]&amp#27;[0m Responding to client with driver.getCurrentContext() result: "NATIVE_APP"
&amp#27;[38;5;0m[HTTP]&amp#27;[0m &amp#27;[37m<-- GET /session/d81b27d0-df21-4c35-ba99-cbd5317203eb/context &amp#27;[39m&amp#27;[32m200&amp#27;[39m &amp#27;[90m2 ms - 22&amp#27;[39m
&amp#27;[38;5;0m[HTTP]&amp#27;[0m &amp#27;[90m&amp#27;[39m
&amp#27;[38;5;0m[HTTP]&amp#27;[0m &amp#27;[37m-->&amp#27;[39m &amp#27;[37mPOST&amp#27;[39m &amp#27;[37m/session/d81b27d0-df21-4c35-ba99-cbd5317203eb/element&amp#27;[39m
&amp#27;[38;5;0m[HTTP]&amp#27;[0m &amp#27;[90m{"using":"id","value":"com.fivemobile.thescore:id/action_button_text"}&amp#27;[39m
&amp#27;[38;5;32m[AndroidUiautomator2Driver@d606 (d81b27d0)]&amp#27;[0m Calling AppiumDriver.findElement() with args: ["id","com.fivemobile.thescore:id/action_button_text","d81b27d0-df21-4c35-ba99-cbd5317203eb"]
&amp#27;[38;5;32m[AndroidUiautomator2Driver@d606 (d81b27d0)]&amp#27;[0m Valid locator strategies for this request: xpath, id, class name, accessibility id, css selector, -android uiautomator
&amp#27;[38;5;32m[AndroidUiautomator2Driver@d606 (d81b27d0)]&amp#27;[0m Waiting up to 5000 ms for condition
&amp#27;[38;5;32m[AndroidUiautomator2Driver@d606 (d81b27d0)]&amp#27;[0m Matched '/element' to command name 'findElement'
&amp#27;[38;5;32m[AndroidUiautomator2Driver@d606 (d81b27d0)]&amp#27;[0m Proxying [POST /element] to [POST http://127.0.0.1:8209/session/c7104d6d-b578-4aea-a441-5b71d17293ac/element] with body: {"strategy":"id","selector":"com.fivemobile.thescore:id/action_button_text","context":"","multiple":false}
&amp#27;[38;5;32m[AndroidUiautomator2Driver@d606 (d81b27d0)]&amp#27;[0m Got response with status 200: {"sessionId":"c7104d6d-b578-4aea-a441-5b71d17293ac","value":{"ELEMENT":"00000000-0000-05e6-ffff-ffff00000088","element-6066-11e4-a52e-4f735466cecf":"00000000-0000-05e6-ffff-ffff00000088"}}
&amp#27;[38;5;32m[AndroidUiautomator2Driver@d606 (d81b27d0)]&amp#27;[0m Responding to client with driver.findElement() result: {"element-6066-11e4-a52e-4f735466cecf":"00000000-0000-05e6-ffff-ffff00000088","ELEMENT":"00000000-0000-05e6-ffff-ffff00000088"}
&amp#27;[38;5;0m[HTTP]&amp#27;[0m &amp#27;[37m<-- POST /session/d81b27d0-df21-4c35-ba99-cbd5317203eb/element &amp#27;[39m&amp#27;[32m200&amp#27;[39m &amp#27;[90m42 ms - 137&amp#27;[39m
&amp#27;[38;5;0m[HTTP]&amp#27;[0m &amp#27;[90m&amp#27;[39m
&amp#27;[38;5;0m[HTTP]&amp#27;[0m &amp#27;[37m-->&amp#27;[39m &amp#27;[37mPOST&amp#27;[39m &amp#27;[37m/session/d81b27d0-df21-4c35-ba99-cbd5317203eb/element/00000000-0000-05e6-ffff-ffff00000088/click&amp#27;[39m
&amp#27;[38;5;0m[HTTP]&amp#27;[0m &amp#27;[90m{"id":"00000000-0000-05e6-ffff-ffff00000088"}&amp#27;[39m
&amp#27;[38;5;32m[AndroidUiautomator2Driver@d606 (d81b27d0)]&amp#27;[0m Calling AppiumDriver.click() with args: ["00000000-0000-05e6-ffff-ffff00000088","d81b27d0-df21-4c35-ba99-cbd5317203eb"]
&amp#27;[38;5;32m[AndroidUiautomator2Driver@d606 (d81b27d0)]&amp#27;[0m Matched '/element/00000000-0000-05e6-ffff-ffff00000088/click' to command name 'click'
&amp#27;[38;5;32m[AndroidUiautomator2Driver@d606 (d81b27d0)]&amp#27;[0m Proxying [POST /element/00000000-0000-05e6-ffff-ffff00000088/click] to [POST http://127.0.0.1:8209/session/c7104d6d-b578-4aea-a441-5b71d17293ac/element/00000000-0000-05e6-ffff-ffff00000088/click] with body: {"element":"00000000-0000-05e6-ffff-ffff00000088"}
&amp#27;[38;5;32m[AndroidUiautomator2Driver@d606 (d81b27d0)]&amp#27;[0m Got response with status 200: {"sessionId":"c7104d6d-b578-4aea-a441-5b71d17293ac","value":null}
&amp#27;[38;5;32m[AndroidUiautomator2Driver@d606 (d81b27d0)]&amp#27;[0m Responding to client with driver.click() result: null
&amp#27;[38;5;0m[HTTP]&amp#27;[0m &amp#27;[37m<-- POST /session/d81b27d0-df21-4c35-ba99-cbd5317203eb/element/00000000-0000-05e6-ffff-ffff00000088/click &amp#27;[39m&amp#27;[32m200&amp#27;[39m &amp#27;[90m51 ms - 14&amp#27;[39m
&amp#27;[38;5;0m[HTTP]&amp#27;[0m &amp#27;[90m&amp#27;[39m
Clicked on the 'Get Started' button.
&amp#27;[38;5;0m[HTTP]&amp#27;[0m &amp#27;[37m-->&amp#27;[39m &amp#27;[37mPOST&amp#27;[39m &amp#27;[37m/session/d81b27d0-df21-4c35-ba99-cbd5317203eb/element&amp#27;[39m
&amp#27;[38;5;0m[HTTP]&amp#27;[0m &amp#27;[90m{"using":"id","value":"com.fivemobile.thescore:id/viewPager"}&amp#27;[39m
&amp#27;[38;5;32m[AndroidUiautomator2Driver@d606 (d81b27d0)]&amp#27;[0m Calling AppiumDriver.findElement() with args: ["id","com.fivemobile.thescore:id/viewPager","d81b27d0-df21-4c35-ba99-cbd5317203eb"]
&amp#27;[38;5;32m[AndroidUiautomator2Driver@d606 (d81b27d0)]&amp#27;[0m Valid locator strategies for this request: xpath, id, class name, accessibility id, css selector, -android uiautomator
&amp#27;[38;5;32m[AndroidUiautomator2Driver@d606 (d81b27d0)]&amp#27;[0m Waiting up to 5000 ms for condition
&amp#27;[38;5;32m[AndroidUiautomator2Driver@d606 (d81b27d0)]&amp#27;[0m Matched '/element' to command name 'findElement'
&amp#27;[38;5;32m[AndroidUiautomator2Driver@d606 (d81b27d0)]&amp#27;[0m Proxying [POST /element] to [POST http://127.0.0.1:8209/session/c7104d6d-b578-4aea-a441-5b71d17293ac/element] with body: {"strategy":"id","selector":"com.fivemobile.thescore:id/viewPager","context":"","multiple":false}
&amp#27;[38;5;32m[AndroidUiautomator2Driver@d606 (d81b27d0)]&amp#27;[0m Got response with status 200: {"sessionId":"c7104d6d-b578-4aea-a441-5b71d17293ac","value":{"ELEMENT":"00000000-0000-05e6-ffff-ffff0000006c","element-6066-11e4-a52e-4f735466cecf":"00000000-0000-05e6-ffff-ffff0000006c"}}
&amp#27;[38;5;32m[AndroidUiautomator2Driver@d606 (d81b27d0)]&amp#27;[0m Responding to client with driver.findElement() result: {"element-6066-11e4-a52e-4f735466cecf":"00000000-0000-05e6-ffff-ffff0000006c","ELEMENT":"00000000-0000-05e6-ffff-ffff0000006c"}
&amp#27;[38;5;0m[HTTP]&amp#27;[0m &amp#27;[37m<-- POST /session/d81b27d0-df21-4c35-ba99-cbd5317203eb/element &amp#27;[39m&amp#27;[32m200&amp#27;[39m &amp#27;[90m1818 ms - 137&amp#27;[39m
&amp#27;[38;5;0m[HTTP]&amp#27;[0m &amp#27;[90m&amp#27;[39m
&amp#27;[38;5;0m[HTTP]&amp#27;[0m &amp#27;[37m-->&amp#27;[39m &amp#27;[37mGET&amp#27;[39m &amp#27;[37m/session/d81b27d0-df21-4c35-ba99-cbd5317203eb/element/00000000-0000-05e6-ffff-ffff0000006c/attribute/resource-id&amp#27;[39m
&amp#27;[38;5;0m[HTTP]&amp#27;[0m &amp#27;[90m{}&amp#27;[39m
&amp#27;[38;5;32m[AndroidUiautomator2Driver@d606 (d81b27d0)]&amp#27;[0m Calling AppiumDriver.getAttribute() with args: ["resource-id","00000000-0000-05e6-ffff-ffff0000006c","d81b27d0-df21-4c35-ba99-cbd5317203eb"]
&amp#27;[38;5;32m[AndroidUiautomator2Driver@d606 (d81b27d0)]&amp#27;[0m Matched '/element/00000000-0000-05e6-ffff-ffff0000006c/attribute/resource-id' to command name 'getAttribute'
&amp#27;[38;5;32m[AndroidUiautomator2Driver@d606 (d81b27d0)]&amp#27;[0m Proxying [GET /element/00000000-0000-05e6-ffff-ffff0000006c/attribute/resource-id] to [GET http://127.0.0.1:8209/session/c7104d6d-b578-4aea-a441-5b71d17293ac/element/00000000-0000-05e6-ffff-ffff0000006c/attribute/resource-id] with no body
&amp#27;[38;5;32m[AndroidUiautomator2Driver@d606 (d81b27d0)]&amp#27;[0m Got response with status 200: {"sessionId":"c7104d6d-b578-4aea-a441-5b71d17293ac","value":"com.fivemobile.thescore:id/viewPager"}
&amp#27;[38;5;32m[AndroidUiautomator2Driver@d606 (d81b27d0)]&amp#27;[0m Responding to client with driver.getAttribute() result: "com.fivemobile.thescore:id/viewPager"
&amp#27;[38;5;0m[HTTP]&amp#27;[0m &amp#27;[37m<-- GET /session/d81b27d0-df21-4c35-ba99-cbd5317203eb/element/00000000-0000-05e6-ffff-ffff0000006c/attribute/resource-id &amp#27;[39m&amp#27;[32m200&amp#27;[39m &amp#27;[90m10 ms - 48&amp#27;[39m
&amp#27;[38;5;0m[HTTP]&amp#27;[0m &amp#27;[90m&amp#27;[39m
&amp#27;[38;5;0m[HTTP]&amp#27;[0m &amp#27;[37m-->&amp#27;[39m &amp#27;[37mPOST&amp#27;[39m &amp#27;[37m/session/d81b27d0-df21-4c35-ba99-cbd5317203eb/element&amp#27;[39m
&amp#27;[38;5;0m[HTTP]&amp#27;[0m &amp#27;[90m{"using":"-android uiautomator","value":"new UiScrollable(new UiSelector().resourceId(\"com.fivemobile.thescore:id/viewPager\")).scrollIntoView(text(\"Germany Soccer\"));"}&amp#27;[39m
&amp#27;[38;5;32m[AndroidUiautomator2Driver@d606 (d81b27d0)]&amp#27;[0m Calling AppiumDriver.findElement() with args: ["-android uiautomator","new UiScrollable(new UiSelector().resourceId(\"com.fivemobile.thescore:id/viewPager\")).scrollIntoView(text(\"Germany Soccer\"));","d81b27d0-df21-4c35-ba99-cbd5317203eb"]
&amp#27;[38;5;32m[AndroidUiautomator2Driver@d606 (d81b27d0)]&amp#27;[0m Valid locator strategies for this request: xpath, id, class name, accessibility id, css selector, -android uiautomator
&amp#27;[38;5;32m[AndroidUiautomator2Driver@d606 (d81b27d0)]&amp#27;[0m Waiting up to 5000 ms for condition
&amp#27;[38;5;32m[AndroidUiautomator2Driver@d606 (d81b27d0)]&amp#27;[0m Matched '/element' to command name 'findElement'
&amp#27;[38;5;32m[AndroidUiautomator2Driver@d606 (d81b27d0)]&amp#27;[0m Proxying [POST /element] to [POST http://127.0.0.1:8209/session/c7104d6d-b578-4aea-a441-5b71d17293ac/element] with body: {"strategy":"-android uiautomator","selector":"new UiScrollable(new UiSelector().resourceId(\"com.fivemobile.thescore:id/viewPager\")).scrollIntoView(text(\"Germany Soccer\"));","context":"","multiple":false}
&amp#27;[38;5;32m[AndroidUiautomator2Driver@d606 (d81b27d0)]&amp#27;[0m Got response with status 200: {"sessionId":"c7104d6d-b578-4aea-a441-5b71d17293ac","value":{"ELEMENT":"00000000-0000-05e6-ffff-ffff000000fe","element-6066-11e4-a52e-4f735466cecf":"00000000-0000-05e6-ffff-ffff000000fe"}}
&amp#27;[38;5;32m[AndroidUiautomator2Driver@d606 (d81b27d0)]&amp#27;[0m Responding to client with driver.findElement() result: {"element-6066-11e4-a52e-4f735466cecf":"00000000-0000-05e6-ffff-ffff000000fe","ELEMENT":"00000000-0000-05e6-ffff-ffff000000fe"}
&amp#27;[38;5;0m[HTTP]&amp#27;[0m &amp#27;[37m<-- POST /session/d81b27d0-df21-4c35-ba99-cbd5317203eb/element &amp#27;[39m&amp#27;[32m200&amp#27;[39m &amp#27;[90m6520 ms - 137&amp#27;[39m
&amp#27;[38;5;0m[HTTP]&amp#27;[0m &amp#27;[90m&amp#27;[39m
&amp#27;[38;5;0m[HTTP]&amp#27;[0m &amp#27;[37m-->&amp#27;[39m &amp#27;[37mPOST&amp#27;[39m &amp#27;[37m/session/d81b27d0-df21-4c35-ba99-cbd5317203eb/element&amp#27;[39m
&amp#27;[38;5;0m[HTTP]&amp#27;[0m &amp#27;[90m{"using":"xpath","value":"//android.widget.TextView[@resource-id=\"com.fivemobile.thescore:id/txt_name\" and @text=\"Germany Soccer\"]"}&amp#27;[39m
&amp#27;[38;5;32m[AndroidUiautomator2Driver@d606 (d81b27d0)]&amp#27;[0m Calling AppiumDriver.findElement() with args: ["xpath","//android.widget.TextView[@resource-id=\"com.fivemobile.thescore:id/txt_name\" and @text=\"Germany Soccer\"]","d81b27d0-df21-4c35-ba99-cbd5317203eb"]
&amp#27;[38;5;32m[AndroidUiautomator2Driver@d606 (d81b27d0)]&amp#27;[0m Valid locator strategies for this request: xpath, id, class name, accessibility id, css selector, -android uiautomator
&amp#27;[38;5;32m[AndroidUiautomator2Driver@d606 (d81b27d0)]&amp#27;[0m Waiting up to 5000 ms for condition
&amp#27;[38;5;32m[AndroidUiautomator2Driver@d606 (d81b27d0)]&amp#27;[0m Matched '/element' to command name 'findElement'
&amp#27;[38;5;32m[AndroidUiautomator2Driver@d606 (d81b27d0)]&amp#27;[0m Proxying [POST /element] to [POST http://127.0.0.1:8209/session/c7104d6d-b578-4aea-a441-5b71d17293ac/element] with body: {"strategy":"xpath","selector":"//android.widget.TextView[@resource-id=\"com.fivemobile.thescore:id/txt_name\" and @text=\"Germany Soccer\"]","context":"","multiple":false}
&amp#27;[38;5;32m[AndroidUiautomator2Driver@d606 (d81b27d0)]&amp#27;[0m Got response with status 200: {"sessionId":"c7104d6d-b578-4aea-a441-5b71d17293ac","value":{"ELEMENT":"00000000-0000-05e6-ffff-ffff000000fe","element-6066-11e4-a52e-4f735466cecf":"00000000-0000-05e6-ffff-ffff000000fe"}}
&amp#27;[38;5;32m[AndroidUiautomator2Driver@d606 (d81b27d0)]&amp#27;[0m Responding to client with driver.findElement() result: {"element-6066-11e4-a52e-4f735466cecf":"00000000-0000-05e6-ffff-ffff000000fe","ELEMENT":"00000000-0000-05e6-ffff-ffff000000fe"}
&amp#27;[38;5;0m[HTTP]&amp#27;[0m &amp#27;[37m<-- POST /session/d81b27d0-df21-4c35-ba99-cbd5317203eb/element &amp#27;[39m&amp#27;[32m200&amp#27;[39m &amp#27;[90m244 ms - 137&amp#27;[39m
&amp#27;[38;5;0m[HTTP]&amp#27;[0m &amp#27;[90m&amp#27;[39m
&amp#27;[38;5;0m[HTTP]&amp#27;[0m &amp#27;[37m-->&amp#27;[39m &amp#27;[37mPOST&amp#27;[39m &amp#27;[37m/session/d81b27d0-df21-4c35-ba99-cbd5317203eb/element/00000000-0000-05e6-ffff-ffff000000fe/click&amp#27;[39m
&amp#27;[38;5;0m[HTTP]&amp#27;[0m &amp#27;[90m{"id":"00000000-0000-05e6-ffff-ffff000000fe"}&amp#27;[39m
&amp#27;[38;5;32m[AndroidUiautomator2Driver@d606 (d81b27d0)]&amp#27;[0m Calling AppiumDriver.click() with args: ["00000000-0000-05e6-ffff-ffff000000fe","d81b27d0-df21-4c35-ba99-cbd5317203eb"]
&amp#27;[38;5;32m[AndroidUiautomator2Driver@d606 (d81b27d0)]&amp#27;[0m Matched '/element/00000000-0000-05e6-ffff-ffff000000fe/click' to command name 'click'
&amp#27;[38;5;32m[AndroidUiautomator2Driver@d606 (d81b27d0)]&amp#27;[0m Proxying [POST /element/00000000-0000-05e6-ffff-ffff000000fe/click] to [POST http://127.0.0.1:8209/session/c7104d6d-b578-4aea-a441-5b71d17293ac/element/00000000-0000-05e6-ffff-ffff000000fe/click] with body: {"element":"00000000-0000-05e6-ffff-ffff000000fe"}
&amp#27;[38;5;32m[AndroidUiautomator2Driver@d606 (d81b27d0)]&amp#27;[0m Got response with status 200: {"sessionId":"c7104d6d-b578-4aea-a441-5b71d17293ac","value":null}
&amp#27;[38;5;32m[AndroidUiautomator2Driver@d606 (d81b27d0)]&amp#27;[0m Responding to client with driver.click() result: null
&amp#27;[38;5;0m[HTTP]&amp#27;[0m &amp#27;[37m<-- POST /session/d81b27d0-df21-4c35-ba99-cbd5317203eb/element/00000000-0000-05e6-ffff-ffff000000fe/click &amp#27;[39m&amp#27;[32m200&amp#27;[39m &amp#27;[90m36 ms - 14&amp#27;[39m
&amp#27;[38;5;0m[HTTP]&amp#27;[0m &amp#27;[90m&amp#27;[39m
&amp#27;[38;5;0m[HTTP]&amp#27;[0m &amp#27;[37m-->&amp#27;[39m &amp#27;[37mGET&amp#27;[39m &amp#27;[37m/session/d81b27d0-df21-4c35-ba99-cbd5317203eb/context&amp#27;[39m
&amp#27;[38;5;0m[HTTP]&amp#27;[0m &amp#27;[90m{}&amp#27;[39m
&amp#27;[38;5;32m[AndroidUiautomator2Driver@d606 (d81b27d0)]&amp#27;[0m Calling AppiumDriver.getCurrentContext() with args: ["d81b27d0-df21-4c35-ba99-cbd5317203eb"]
&amp#27;[38;5;32m[AndroidUiautomator2Driver@d606 (d81b27d0)]&amp#27;[0m Responding to client with driver.getCurrentContext() result: "NATIVE_APP"
&amp#27;[38;5;0m[HTTP]&amp#27;[0m &amp#27;[37m<-- GET /session/d81b27d0-df21-4c35-ba99-cbd5317203eb/context &amp#27;[39m&amp#27;[32m200&amp#27;[39m &amp#27;[90m1 ms - 22&amp#27;[39m
&amp#27;[38;5;0m[HTTP]&amp#27;[0m &amp#27;[90m&amp#27;[39m
&amp#27;[38;5;0m[HTTP]&amp#27;[0m &amp#27;[37m-->&amp#27;[39m &amp#27;[37mPOST&amp#27;[39m &amp#27;[37m/session/d81b27d0-df21-4c35-ba99-cbd5317203eb/element&amp#27;[39m
&amp#27;[38;5;0m[HTTP]&amp#27;[0m &amp#27;[90m{"using":"id","value":"com.fivemobile.thescore:id/action_button_text"}&amp#27;[39m
&amp#27;[38;5;32m[AndroidUiautomator2Driver@d606 (d81b27d0)]&amp#27;[0m Calling AppiumDriver.findElement() with args: ["id","com.fivemobile.thescore:id/action_button_text","d81b27d0-df21-4c35-ba99-cbd5317203eb"]
&amp#27;[38;5;32m[AndroidUiautomator2Driver@d606 (d81b27d0)]&amp#27;[0m Valid locator strategies for this request: xpath, id, class name, accessibility id, css selector, -android uiautomator
&amp#27;[38;5;32m[AndroidUiautomator2Driver@d606 (d81b27d0)]&amp#27;[0m Waiting up to 5000 ms for condition
&amp#27;[38;5;32m[AndroidUiautomator2Driver@d606 (d81b27d0)]&amp#27;[0m Matched '/element' to command name 'findElement'
&amp#27;[38;5;32m[AndroidUiautomator2Driver@d606 (d81b27d0)]&amp#27;[0m Proxying [POST /element] to [POST http://127.0.0.1:8209/session/c7104d6d-b578-4aea-a441-5b71d17293ac/element] with body: {"strategy":"id","selector":"com.fivemobile.thescore:id/action_button_text","context":"","multiple":false}
&amp#27;[38;5;32m[AndroidUiautomator2Driver@d606 (d81b27d0)]&amp#27;[0m Got response with status 200: {"sessionId":"c7104d6d-b578-4aea-a441-5b71d17293ac","value":{"ELEMENT":"00000000-0000-05e6-ffff-ffff00000088","element-6066-11e4-a52e-4f735466cecf":"00000000-0000-05e6-ffff-ffff00000088"}}
&amp#27;[38;5;32m[AndroidUiautomator2Driver@d606 (d81b27d0)]&amp#27;[0m Responding to client with driver.findElement() result: {"element-6066-11e4-a52e-4f735466cecf":"00000000-0000-05e6-ffff-ffff00000088","ELEMENT":"00000000-0000-05e6-ffff-ffff00000088"}
&amp#27;[38;5;0m[HTTP]&amp#27;[0m &amp#27;[37m<-- POST /session/d81b27d0-df21-4c35-ba99-cbd5317203eb/element &amp#27;[39m&amp#27;[32m200&amp#27;[39m &amp#27;[90m142 ms - 137&amp#27;[39m
&amp#27;[38;5;0m[HTTP]&amp#27;[0m &amp#27;[90m&amp#27;[39m
&amp#27;[38;5;0m[HTTP]&amp#27;[0m &amp#27;[37m-->&amp#27;[39m &amp#27;[37mPOST&amp#27;[39m &amp#27;[37m/session/d81b27d0-df21-4c35-ba99-cbd5317203eb/element/00000000-0000-05e6-ffff-ffff00000088/click&amp#27;[39m
&amp#27;[38;5;0m[HTTP]&amp#27;[0m &amp#27;[90m{"id":"00000000-0000-05e6-ffff-ffff00000088"}&amp#27;[39m
&amp#27;[38;5;32m[AndroidUiautomator2Driver@d606 (d81b27d0)]&amp#27;[0m Calling AppiumDriver.click() with args: ["00000000-0000-05e6-ffff-ffff00000088","d81b27d0-df21-4c35-ba99-cbd5317203eb"]
&amp#27;[38;5;32m[AndroidUiautomator2Driver@d606 (d81b27d0)]&amp#27;[0m Matched '/element/00000000-0000-05e6-ffff-ffff00000088/click' to command name 'click'
&amp#27;[38;5;32m[AndroidUiautomator2Driver@d606 (d81b27d0)]&amp#27;[0m Proxying [POST /element/00000000-0000-05e6-ffff-ffff00000088/click] to [POST http://127.0.0.1:8209/session/c7104d6d-b578-4aea-a441-5b71d17293ac/element/00000000-0000-05e6-ffff-ffff00000088/click] with body: {"element":"00000000-0000-05e6-ffff-ffff00000088"}
&amp#27;[38;5;32m[AndroidUiautomator2Driver@d606 (d81b27d0)]&amp#27;[0m Got response with status 200: {"sessionId":"c7104d6d-b578-4aea-a441-5b71d17293ac","value":null}
&amp#27;[38;5;32m[AndroidUiautomator2Driver@d606 (d81b27d0)]&amp#27;[0m Responding to client with driver.click() result: null
&amp#27;[38;5;0m[HTTP]&amp#27;[0m &amp#27;[37m<-- POST /session/d81b27d0-df21-4c35-ba99-cbd5317203eb/element/00000000-0000-05e6-ffff-ffff00000088/click &amp#27;[39m&amp#27;[32m200&amp#27;[39m &amp#27;[90m810 ms - 14&amp#27;[39m
&amp#27;[38;5;0m[HTTP]&amp#27;[0m &amp#27;[90m&amp#27;[39m
&amp#27;[38;5;0m[HTTP]&amp#27;[0m &amp#27;[37m-->&amp#27;[39m &amp#27;[37mPOST&amp#27;[39m &amp#27;[37m/session/d81b27d0-df21-4c35-ba99-cbd5317203eb/element&amp#27;[39m
&amp#27;[38;5;0m[HTTP]&amp#27;[0m &amp#27;[90m{"using":"id","value":"com.fivemobile.thescore:id/btn_allow"}&amp#27;[39m
&amp#27;[38;5;32m[AndroidUiautomator2Driver@d606 (d81b27d0)]&amp#27;[0m Calling AppiumDriver.findElement() with args: ["id","com.fivemobile.thescore:id/btn_allow","d81b27d0-df21-4c35-ba99-cbd5317203eb"]
&amp#27;[38;5;32m[AndroidUiautomator2Driver@d606 (d81b27d0)]&amp#27;[0m Valid locator strategies for this request: xpath, id, class name, accessibility id, css selector, -android uiautomator
&amp#27;[38;5;32m[AndroidUiautomator2Driver@d606 (d81b27d0)]&amp#27;[0m Waiting up to 5000 ms for condition
&amp#27;[38;5;32m[AndroidUiautomator2Driver@d606 (d81b27d0)]&amp#27;[0m Matched '/element' to command name 'findElement'
&amp#27;[38;5;32m[AndroidUiautomator2Driver@d606 (d81b27d0)]&amp#27;[0m Proxying [POST /element] to [POST http://127.0.0.1:8209/session/c7104d6d-b578-4aea-a441-5b71d17293ac/element] with body: {"strategy":"id","selector":"com.fivemobile.thescore:id/btn_allow","context":"","multiple":false}
&amp#27;[38;5;32m[AndroidUiautomator2Driver@d606 (d81b27d0)]&amp#27;[0m Got response with status 404: {"sessionId":"c7104d6d-b578-4aea-a441-5b71d17293ac","value":{"error":"no such element","message":"An element could not be located on the page using the given search parameters","stacktrace":"io.appium.uiautomator2.common.exceptions.ElementNotFoundException: An element could not be located on the page using the given search parameters\n\tat io.appium.uiautomator2.handler.FindElement.safeHandle(FindElement.java:63)\n\tat io.appium.uiautomator2.handler.request.SafeRequestHandler.handle(SafeRequestHandler.java:59)\n\tat io.appium.uiautomator2.server.AppiumServlet.handleRequest(AppiumServlet.java:277)\n\tat io.appium.uiautomator2.server.AppiumServlet.handleHttpRequest(AppiumServlet.java:271)\n\tat io.appium.uiautomator2.http.ServerHandler.channelRead(ServerHandler.java:77)\n\tat io.netty.channel.AbstractChannelHandlerContext.invokeChannelRead(AbstractChannelHandlerContext.java:366)\n\tat io.netty.channel.AbstractChannelHandlerContext.invokeChannelRead(AbstractChannelHandlerContext.java:352)\n\tat io.netty.chann...
&amp#27;[38;5;128m[W3C]&amp#27;[0m Matched W3C error code 'no such element' to NoSuchElementError
&amp#27;[38;5;32m[AndroidUiautomator2Driver@d606 (d81b27d0)]&amp#27;[0m Waited for 309 ms so far
&amp#27;[38;5;32m[AndroidUiautomator2Driver@d606 (d81b27d0)]&amp#27;[0m Matched '/element' to command name 'findElement'
&amp#27;[38;5;32m[AndroidUiautomator2Driver@d606 (d81b27d0)]&amp#27;[0m Proxying [POST /element] to [POST http://127.0.0.1:8209/session/c7104d6d-b578-4aea-a441-5b71d17293ac/element] with body: {"strategy":"id","selector":"com.fivemobile.thescore:id/btn_allow","context":"","multiple":false}
&amp#27;[38;5;32m[AndroidUiautomator2Driver@d606 (d81b27d0)]&amp#27;[0m Got response with status 404: {"sessionId":"c7104d6d-b578-4aea-a441-5b71d17293ac","value":{"error":"no such element","message":"An element could not be located on the page using the given search parameters","stacktrace":"io.appium.uiautomator2.common.exceptions.ElementNotFoundException: An element could not be located on the page using the given search parameters\n\tat io.appium.uiautomator2.handler.FindElement.safeHandle(FindElement.java:63)\n\tat io.appium.uiautomator2.handler.request.SafeRequestHandler.handle(SafeRequestHandler.java:59)\n\tat io.appium.uiautomator2.server.AppiumServlet.handleRequest(AppiumServlet.java:277)\n\tat io.appium.uiautomator2.server.AppiumServlet.handleHttpRequest(AppiumServlet.java:271)\n\tat io.appium.uiautomator2.http.ServerHandler.channelRead(ServerHandler.java:77)\n\tat io.netty.channel.AbstractChannelHandlerContext.invokeChannelRead(AbstractChannelHandlerContext.java:366)\n\tat io.netty.channel.AbstractChannelHandlerContext.invokeChannelRead(AbstractChannelHandlerContext.java:352)\n\tat io.netty.chann...
&amp#27;[38;5;128m[W3C]&amp#27;[0m Matched W3C error code 'no such element' to NoSuchElementError
&amp#27;[38;5;32m[AndroidUiautomator2Driver@d606 (d81b27d0)]&amp#27;[0m Waited for 906 ms so far
&amp#27;[38;5;32m[AndroidUiautomator2Driver@d606 (d81b27d0)]&amp#27;[0m Matched '/element' to command name 'findElement'
&amp#27;[38;5;32m[AndroidUiautomator2Driver@d606 (d81b27d0)]&amp#27;[0m Proxying [POST /element] to [POST http://127.0.0.1:8209/session/c7104d6d-b578-4aea-a441-5b71d17293ac/element] with body: {"strategy":"id","selector":"com.fivemobile.thescore:id/btn_allow","context":"","multiple":false}
&amp#27;[38;5;32m[AndroidUiautomator2Driver@d606 (d81b27d0)]&amp#27;[0m Got response with status 404: {"sessionId":"c7104d6d-b578-4aea-a441-5b71d17293ac","value":{"error":"no such element","message":"An element could not be located on the page using the given search parameters","stacktrace":"io.appium.uiautomator2.common.exceptions.ElementNotFoundException: An element could not be located on the page using the given search parameters\n\tat io.appium.uiautomator2.handler.FindElement.safeHandle(FindElement.java:63)\n\tat io.appium.uiautomator2.handler.request.SafeRequestHandler.handle(SafeRequestHandler.java:59)\n\tat io.appium.uiautomator2.server.AppiumServlet.handleRequest(AppiumServlet.java:277)\n\tat io.appium.uiautomator2.server.AppiumServlet.handleHttpRequest(AppiumServlet.java:271)\n\tat io.appium.uiautomator2.http.ServerHandler.channelRead(ServerHandler.java:77)\n\tat io.netty.channel.AbstractChannelHandlerContext.invokeChannelRead(AbstractChannelHandlerContext.java:366)\n\tat io.netty.channel.AbstractChannelHandlerContext.invokeChannelRead(AbstractChannelHandlerContext.java:352)\n\tat io.netty.chann...
&amp#27;[38;5;128m[W3C]&amp#27;[0m Matched W3C error code 'no such element' to NoSuchElementError
&amp#27;[38;5;32m[AndroidUiautomator2Driver@d606 (d81b27d0)]&amp#27;[0m Waited for 1455 ms so far
&amp#27;[38;5;32m[AndroidUiautomator2Driver@d606 (d81b27d0)]&amp#27;[0m Matched '/element' to command name 'findElement'
&amp#27;[38;5;32m[AndroidUiautomator2Driver@d606 (d81b27d0)]&amp#27;[0m Proxying [POST /element] to [POST http://127.0.0.1:8209/session/c7104d6d-b578-4aea-a441-5b71d17293ac/element] with body: {"strategy":"id","selector":"com.fivemobile.thescore:id/btn_allow","context":"","multiple":false}
&amp#27;[38;5;32m[AndroidUiautomator2Driver@d606 (d81b27d0)]&amp#27;[0m Got response with status 404: {"sessionId":"c7104d6d-b578-4aea-a441-5b71d17293ac","value":{"error":"no such element","message":"An element could not be located on the page using the given search parameters","stacktrace":"io.appium.uiautomator2.common.exceptions.ElementNotFoundException: An element could not be located on the page using the given search parameters\n\tat io.appium.uiautomator2.handler.FindElement.safeHandle(FindElement.java:63)\n\tat io.appium.uiautomator2.handler.request.SafeRequestHandler.handle(SafeRequestHandler.java:59)\n\tat io.appium.uiautomator2.server.AppiumServlet.handleRequest(AppiumServlet.java:277)\n\tat io.appium.uiautomator2.server.AppiumServlet.handleHttpRequest(AppiumServlet.java:271)\n\tat io.appium.uiautomator2.http.ServerHandler.channelRead(ServerHandler.java:77)\n\tat io.netty.channel.AbstractChannelHandlerContext.invokeChannelRead(AbstractChannelHandlerContext.java:366)\n\tat io.netty.channel.AbstractChannelHandlerContext.invokeChannelRead(AbstractChannelHandlerContext.java:352)\n\tat io.netty.chann...
&amp#27;[38;5;128m[W3C]&amp#27;[0m Matched W3C error code 'no such element' to NoSuchElementError
&amp#27;[38;5;32m[AndroidUiautomator2Driver@d606 (d81b27d0)]&amp#27;[0m Waited for 1990 ms so far
&amp#27;[38;5;32m[AndroidUiautomator2Driver@d606 (d81b27d0)]&amp#27;[0m Matched '/element' to command name 'findElement'
&amp#27;[38;5;32m[AndroidUiautomator2Driver@d606 (d81b27d0)]&amp#27;[0m Proxying [POST /element] to [POST http://127.0.0.1:8209/session/c7104d6d-b578-4aea-a441-5b71d17293ac/element] with body: {"strategy":"id","selector":"com.fivemobile.thescore:id/btn_allow","context":"","multiple":false}
&amp#27;[38;5;32m[AndroidUiautomator2Driver@d606 (d81b27d0)]&amp#27;[0m Got response with status 404: {"sessionId":"c7104d6d-b578-4aea-a441-5b71d17293ac","value":{"error":"no such element","message":"An element could not be located on the page using the given search parameters","stacktrace":"io.appium.uiautomator2.common.exceptions.ElementNotFoundException: An element could not be located on the page using the given search parameters\n\tat io.appium.uiautomator2.handler.FindElement.safeHandle(FindElement.java:63)\n\tat io.appium.uiautomator2.handler.request.SafeRequestHandler.handle(SafeRequestHandler.java:59)\n\tat io.appium.uiautomator2.server.AppiumServlet.handleRequest(AppiumServlet.java:277)\n\tat io.appium.uiautomator2.server.AppiumServlet.handleHttpRequest(AppiumServlet.java:271)\n\tat io.appium.uiautomator2.http.ServerHandler.channelRead(ServerHandler.java:77)\n\tat io.netty.channel.AbstractChannelHandlerContext.invokeChannelRead(AbstractChannelHandlerContext.java:366)\n\tat io.netty.channel.AbstractChannelHandlerContext.invokeChannelRead(AbstractChannelHandlerContext.java:352)\n\tat io.netty.chann...
&amp#27;[38;5;128m[W3C]&amp#27;[0m Matched W3C error code 'no such element' to NoSuchElementError
&amp#27;[38;5;32m[AndroidUiautomator2Driver@d606 (d81b27d0)]&amp#27;[0m Waited for 2521 ms so far
&amp#27;[38;5;32m[AndroidUiautomator2Driver@d606 (d81b27d0)]&amp#27;[0m Matched '/element' to command name 'findElement'
&amp#27;[38;5;32m[AndroidUiautomator2Driver@d606 (d81b27d0)]&amp#27;[0m Proxying [POST /element] to [POST http://127.0.0.1:8209/session/c7104d6d-b578-4aea-a441-5b71d17293ac/element] with body: {"strategy":"id","selector":"com.fivemobile.thescore:id/btn_allow","context":"","multiple":false}
&amp#27;[38;5;32m[AndroidUiautomator2Driver@d606 (d81b27d0)]&amp#27;[0m Got response with status 404: {"sessionId":"c7104d6d-b578-4aea-a441-5b71d17293ac","value":{"error":"no such element","message":"An element could not be located on the page using the given search parameters","stacktrace":"io.appium.uiautomator2.common.exceptions.ElementNotFoundException: An element could not be located on the page using the given search parameters\n\tat io.appium.uiautomator2.handler.FindElement.safeHandle(FindElement.java:63)\n\tat io.appium.uiautomator2.handler.request.SafeRequestHandler.handle(SafeRequestHandler.java:59)\n\tat io.appium.uiautomator2.server.AppiumServlet.handleRequest(AppiumServlet.java:277)\n\tat io.appium.uiautomator2.server.AppiumServlet.handleHttpRequest(AppiumServlet.java:271)\n\tat io.appium.uiautomator2.http.ServerHandler.channelRead(ServerHandler.java:77)\n\tat io.netty.channel.AbstractChannelHandlerContext.invokeChannelRead(AbstractChannelHandlerContext.java:366)\n\tat io.netty.channel.AbstractChannelHandlerContext.invokeChannelRead(AbstractChannelHandlerContext.java:352)\n\tat io.netty.chann...
&amp#27;[38;5;128m[W3C]&amp#27;[0m Matched W3C error code 'no such element' to NoSuchElementError
&amp#27;[38;5;32m[AndroidUiautomator2Driver@d606 (d81b27d0)]&amp#27;[0m Waited for 3050 ms so far
&amp#27;[38;5;32m[AndroidUiautomator2Driver@d606 (d81b27d0)]&amp#27;[0m Matched '/element' to command name 'findElement'
&amp#27;[38;5;32m[AndroidUiautomator2Driver@d606 (d81b27d0)]&amp#27;[0m Proxying [POST /element] to [POST http://127.0.0.1:8209/session/c7104d6d-b578-4aea-a441-5b71d17293ac/element] with body: {"strategy":"id","selector":"com.fivemobile.thescore:id/btn_allow","context":"","multiple":false}
&amp#27;[38;5;32m[AndroidUiautomator2Driver@d606 (d81b27d0)]&amp#27;[0m Got response with status 404: {"sessionId":"c7104d6d-b578-4aea-a441-5b71d17293ac","value":{"error":"no such element","message":"An element could not be located on the page using the given search parameters","stacktrace":"io.appium.uiautomator2.common.exceptions.ElementNotFoundException: An element could not be located on the page using the given search parameters\n\tat io.appium.uiautomator2.handler.FindElement.safeHandle(FindElement.java:63)\n\tat io.appium.uiautomator2.handler.request.SafeRequestHandler.handle(SafeRequestHandler.java:59)\n\tat io.appium.uiautomator2.server.AppiumServlet.handleRequest(AppiumServlet.java:277)\n\tat io.appium.uiautomator2.server.AppiumServlet.handleHttpRequest(AppiumServlet.java:271)\n\tat io.appium.uiautomator2.http.ServerHandler.channelRead(ServerHandler.java:77)\n\tat io.netty.channel.AbstractChannelHandlerContext.invokeChannelRead(AbstractChannelHandlerContext.java:366)\n\tat io.netty.channel.AbstractChannelHandlerContext.invokeChannelRead(AbstractChannelHandlerContext.java:352)\n\tat io.netty.chann...
&amp#27;[38;5;128m[W3C]&amp#27;[0m Matched W3C error code 'no such element' to NoSuchElementError
&amp#27;[38;5;32m[AndroidUiautomator2Driver@d606 (d81b27d0)]&amp#27;[0m Waited for 3577 ms so far
&amp#27;[38;5;32m[AndroidUiautomator2Driver@d606 (d81b27d0)]&amp#27;[0m Matched '/element' to command name 'findElement'
&amp#27;[38;5;32m[AndroidUiautomator2Driver@d606 (d81b27d0)]&amp#27;[0m Proxying [POST /element] to [POST http://127.0.0.1:8209/session/c7104d6d-b578-4aea-a441-5b71d17293ac/element] with body: {"strategy":"id","selector":"com.fivemobile.thescore:id/btn_allow","context":"","multiple":false}
&amp#27;[38;5;32m[AndroidUiautomator2Driver@d606 (d81b27d0)]&amp#27;[0m Got response with status 404: {"sessionId":"c7104d6d-b578-4aea-a441-5b71d17293ac","value":{"error":"no such element","message":"An element could not be located on the page using the given search parameters","stacktrace":"io.appium.uiautomator2.common.exceptions.ElementNotFoundException: An element could not be located on the page using the given search parameters\n\tat io.appium.uiautomator2.handler.FindElement.safeHandle(FindElement.java:63)\n\tat io.appium.uiautomator2.handler.request.SafeRequestHandler.handle(SafeRequestHandler.java:59)\n\tat io.appium.uiautomator2.server.AppiumServlet.handleRequest(AppiumServlet.java:277)\n\tat io.appium.uiautomator2.server.AppiumServlet.handleHttpRequest(AppiumServlet.java:271)\n\tat io.appium.uiautomator2.http.ServerHandler.channelRead(ServerHandler.java:77)\n\tat io.netty.channel.AbstractChannelHandlerContext.invokeChannelRead(AbstractChannelHandlerContext.java:366)\n\tat io.netty.channel.AbstractChannelHandlerContext.invokeChannelRead(AbstractChannelHandlerContext.java:352)\n\tat io.netty.chann...
&amp#27;[38;5;128m[W3C]&amp#27;[0m Matched W3C error code 'no such element' to NoSuchElementError
&amp#27;[38;5;32m[AndroidUiautomator2Driver@d606 (d81b27d0)]&amp#27;[0m Waited for 4274 ms so far
&amp#27;[38;5;32m[AndroidUiautomator2Driver@d606 (d81b27d0)]&amp#27;[0m Matched '/element' to command name 'findElement'
&amp#27;[38;5;32m[AndroidUiautomator2Driver@d606 (d81b27d0)]&amp#27;[0m Proxying [POST /element] to [POST http://127.0.0.1:8209/session/c7104d6d-b578-4aea-a441-5b71d17293ac/element] with body: {"strategy":"id","selector":"com.fivemobile.thescore:id/btn_allow","context":"","multiple":false}
&amp#27;[38;5;32m[AndroidUiautomator2Driver@d606 (d81b27d0)]&amp#27;[0m Got response with status 404: {"sessionId":"c7104d6d-b578-4aea-a441-5b71d17293ac","value":{"error":"no such element","message":"An element could not be located on the page using the given search parameters","stacktrace":"io.appium.uiautomator2.common.exceptions.ElementNotFoundException: An element could not be located on the page using the given search parameters\n\tat io.appium.uiautomator2.handler.FindElement.safeHandle(FindElement.java:63)\n\tat io.appium.uiautomator2.handler.request.SafeRequestHandler.handle(SafeRequestHandler.java:59)\n\tat io.appium.uiautomator2.server.AppiumServlet.handleRequest(AppiumServlet.java:277)\n\tat io.appium.uiautomator2.server.AppiumServlet.handleHttpRequest(AppiumServlet.java:271)\n\tat io.appium.uiautomator2.http.ServerHandler.channelRead(ServerHandler.java:77)\n\tat io.netty.channel.AbstractChannelHandlerContext.invokeChannelRead(AbstractChannelHandlerContext.java:366)\n\tat io.netty.channel.AbstractChannelHandlerContext.invokeChannelRead(AbstractChannelHandlerContext.java:352)\n\tat io.netty.chann...
&amp#27;[38;5;128m[W3C]&amp#27;[0m Matched W3C error code 'no such element' to NoSuchElementError
&amp#27;[38;5;32m[AndroidUiautomator2Driver@d606 (d81b27d0)]&amp#27;[0m Waited for 4812 ms so far
&amp#27;[38;5;32m[AndroidUiautomator2Driver@d606 (d81b27d0)]&amp#27;[0m Matched '/element' to command name 'findElement'
&amp#27;[38;5;32m[AndroidUiautomator2Driver@d606 (d81b27d0)]&amp#27;[0m Proxying [POST /element] to [POST http://127.0.0.1:8209/session/c7104d6d-b578-4aea-a441-5b71d17293ac/element] with body: {"strategy":"id","selector":"com.fivemobile.thescore:id/btn_allow","context":"","multiple":false}
&amp#27;[38;5;32m[AndroidUiautomator2Driver@d606 (d81b27d0)]&amp#27;[0m Got response with status 404: {"sessionId":"c7104d6d-b578-4aea-a441-5b71d17293ac","value":{"error":"no such element","message":"An element could not be located on the page using the given search parameters","stacktrace":"io.appium.uiautomator2.common.exceptions.ElementNotFoundException: An element could not be located on the page using the given search parameters\n\tat io.appium.uiautomator2.handler.FindElement.safeHandle(FindElement.java:63)\n\tat io.appium.uiautomator2.handler.request.SafeRequestHandler.handle(SafeRequestHandler.java:59)\n\tat io.appium.uiautomator2.server.AppiumServlet.handleRequest(AppiumServlet.java:277)\n\tat io.appium.uiautomator2.server.AppiumServlet.handleHttpRequest(AppiumServlet.java:271)\n\tat io.appium.uiautomator2.http.ServerHandler.channelRead(ServerHandler.java:77)\n\tat io.netty.channel.AbstractChannelHandlerContext.invokeChannelRead(AbstractChannelHandlerContext.java:366)\n\tat io.netty.channel.AbstractChannelHandlerContext.invokeChannelRead(AbstractChannelHandlerContext.java:352)\n\tat io.netty.chann...
&amp#27;[38;5;128m[W3C]&amp#27;[0m Matched W3C error code 'no such element' to NoSuchElementError
&amp#27;[38;5;32m[AndroidUiautomator2Driver@d606 (d81b27d0)]&amp#27;[0m Encountered internal error running command: NoSuchElementError: An element could not be located on the page using the given search parameters.
&amp#27;[38;5;32m[AndroidUiautomator2Driver@d606 (d81b27d0)]&amp#27;[0m     at AndroidUiautomator2Driver.findElOrEls (C:\Users\bungh\node_modules\appium-uiautomator2-driver\node_modules\appium-android-driver\lib\commands\find.ts:87:11)
&amp#27;[38;5;32m[AndroidUiautomator2Driver@d606 (d81b27d0)]&amp#27;[0m     at processTicksAndRejections (node:internal/process/task_queues:95:5)
&amp#27;[38;5;32m[AndroidUiautomator2Driver@d606 (d81b27d0)]&amp#27;[0m     at AndroidUiautomator2Driver.findElOrElsWithProcessing (C:\Users\bungh\node_modules\@appium\base-driver\lib\basedriver\commands\find.ts:60:12)
&amp#27;[38;5;32m[AndroidUiautomator2Driver@d606 (d81b27d0)]&amp#27;[0m     at AndroidUiautomator2Driver.findElement (C:\Users\bungh\node_modules\@appium\base-driver\lib\basedriver\commands\find.ts:75:12)
&amp#27;[38;5;0m[HTTP]&amp#27;[0m &amp#27;[37m<-- POST /session/d81b27d0-df21-4c35-ba99-cbd5317203eb/element &amp#27;[39m&amp#27;[33m404&amp#27;[39m &amp#27;[90m5043 ms - 791&amp#27;[39m
&amp#27;[38;5;0m[HTTP]&amp#27;[0m &amp#27;[90m&amp#27;[39m
&amp#27;[38;5;0m[HTTP]&amp#27;[0m &amp#27;[37m-->&amp#27;[39m &amp#27;[37mPOST&amp#27;[39m &amp#27;[37m/session/d81b27d0-df21-4c35-ba99-cbd5317203eb/element&amp#27;[39m
&amp#27;[38;5;0m[HTTP]&amp#27;[0m &amp#27;[90m{"using":"id","value":"com.android.permissioncontroller:id/permission_allow_foreground_only_button"}&amp#27;[39m
&amp#27;[38;5;32m[AndroidUiautomator2Driver@d606 (d81b27d0)]&amp#27;[0m Calling AppiumDriver.findElement() with args: ["id","com.android.permissioncontroller:id/permission_allow_foreground_only_button","d81b27d0-df21-4c35-ba99-cbd5317203eb"]
&amp#27;[38;5;32m[AndroidUiautomator2Driver@d606 (d81b27d0)]&amp#27;[0m Valid locator strategies for this request: xpath, id, class name, accessibility id, css selector, -android uiautomator
&amp#27;[38;5;32m[AndroidUiautomator2Driver@d606 (d81b27d0)]&amp#27;[0m Waiting up to 5000 ms for condition
&amp#27;[38;5;32m[AndroidUiautomator2Driver@d606 (d81b27d0)]&amp#27;[0m Matched '/element' to command name 'findElement'
&amp#27;[38;5;32m[AndroidUiautomator2Driver@d606 (d81b27d0)]&amp#27;[0m Proxying [POST /element] to [POST http://127.0.0.1:8209/session/c7104d6d-b578-4aea-a441-5b71d17293ac/element] with body: {"strategy":"id","selector":"com.android.permissioncontroller:id/permission_allow_foreground_only_button","context":"","multiple":false}
&amp#27;[38;5;32m[AndroidUiautomator2Driver@d606 (d81b27d0)]&amp#27;[0m Got response with status 404: {"sessionId":"c7104d6d-b578-4aea-a441-5b71d17293ac","value":{"error":"no such element","message":"An element could not be located on the page using the given search parameters","stacktrace":"io.appium.uiautomator2.common.exceptions.ElementNotFoundException: An element could not be located on the page using the given search parameters\n\tat io.appium.uiautomator2.handler.FindElement.safeHandle(FindElement.java:63)\n\tat io.appium.uiautomator2.handler.request.SafeRequestHandler.handle(SafeRequestHandler.java:59)\n\tat io.appium.uiautomator2.server.AppiumServlet.handleRequest(AppiumServlet.java:277)\n\tat io.appium.uiautomator2.server.AppiumServlet.handleHttpRequest(AppiumServlet.java:271)\n\tat io.appium.uiautomator2.http.ServerHandler.channelRead(ServerHandler.java:77)\n\tat io.netty.channel.AbstractChannelHandlerContext.invokeChannelRead(AbstractChannelHandlerContext.java:366)\n\tat io.netty.channel.AbstractChannelHandlerContext.invokeChannelRead(AbstractChannelHandlerContext.java:352)\n\tat io.netty.chann...
&amp#27;[38;5;128m[W3C]&amp#27;[0m Matched W3C error code 'no such element' to NoSuchElementError
&amp#27;[38;5;32m[AndroidUiautomator2Driver@d606 (d81b27d0)]&amp#27;[0m Waited for 28 ms so far
&amp#27;[38;5;32m[AndroidUiautomator2Driver@d606 (d81b27d0)]&amp#27;[0m Matched '/element' to command name 'findElement'
&amp#27;[38;5;32m[AndroidUiautomator2Driver@d606 (d81b27d0)]&amp#27;[0m Proxying [POST /element] to [POST http://127.0.0.1:8209/session/c7104d6d-b578-4aea-a441-5b71d17293ac/element] with body: {"strategy":"id","selector":"com.android.permissioncontroller:id/permission_allow_foreground_only_button","context":"","multiple":false}
&amp#27;[38;5;32m[AndroidUiautomator2Driver@d606 (d81b27d0)]&amp#27;[0m Got response with status 404: {"sessionId":"c7104d6d-b578-4aea-a441-5b71d17293ac","value":{"error":"no such element","message":"An element could not be located on the page using the given search parameters","stacktrace":"io.appium.uiautomator2.common.exceptions.ElementNotFoundException: An element could not be located on the page using the given search parameters\n\tat io.appium.uiautomator2.handler.FindElement.safeHandle(FindElement.java:63)\n\tat io.appium.uiautomator2.handler.request.SafeRequestHandler.handle(SafeRequestHandler.java:59)\n\tat io.appium.uiautomator2.server.AppiumServlet.handleRequest(AppiumServlet.java:277)\n\tat io.appium.uiautomator2.server.AppiumServlet.handleHttpRequest(AppiumServlet.java:271)\n\tat io.appium.uiautomator2.http.ServerHandler.channelRead(ServerHandler.java:77)\n\tat io.netty.channel.AbstractChannelHandlerContext.invokeChannelRead(AbstractChannelHandlerContext.java:366)\n\tat io.netty.channel.AbstractChannelHandlerContext.invokeChannelRead(AbstractChannelHandlerContext.java:352)\n\tat io.netty.chann...
&amp#27;[38;5;128m[W3C]&amp#27;[0m Matched W3C error code 'no such element' to NoSuchElementError
&amp#27;[38;5;32m[AndroidUiautomator2Driver@d606 (d81b27d0)]&amp#27;[0m Waited for 561 ms so far
&amp#27;[38;5;32m[AndroidUiautomator2Driver@d606 (d81b27d0)]&amp#27;[0m Matched '/element' to command name 'findElement'
&amp#27;[38;5;32m[AndroidUiautomator2Driver@d606 (d81b27d0)]&amp#27;[0m Proxying [POST /element] to [POST http://127.0.0.1:8209/session/c7104d6d-b578-4aea-a441-5b71d17293ac/element] with body: {"strategy":"id","selector":"com.android.permissioncontroller:id/permission_allow_foreground_only_button","context":"","multiple":false}
&amp#27;[38;5;32m[AndroidUiautomator2Driver@d606 (d81b27d0)]&amp#27;[0m Got response with status 404: {"sessionId":"c7104d6d-b578-4aea-a441-5b71d17293ac","value":{"error":"no such element","message":"An element could not be located on the page using the given search parameters","stacktrace":"io.appium.uiautomator2.common.exceptions.ElementNotFoundException: An element could not be located on the page using the given search parameters\n\tat io.appium.uiautomator2.handler.FindElement.safeHandle(FindElement.java:63)\n\tat io.appium.uiautomator2.handler.request.SafeRequestHandler.handle(SafeRequestHandler.java:59)\n\tat io.appium.uiautomator2.server.AppiumServlet.handleRequest(AppiumServlet.java:277)\n\tat io.appium.uiautomator2.server.AppiumServlet.handleHttpRequest(AppiumServlet.java:271)\n\tat io.appium.uiautomator2.http.ServerHandler.channelRead(ServerHandler.java:77)\n\tat io.netty.channel.AbstractChannelHandlerContext.invokeChannelRead(AbstractChannelHandlerContext.java:366)\n\tat io.netty.channel.AbstractChannelHandlerContext.invokeChannelRead(AbstractChannelHandlerContext.java:352)\n\tat io.netty.chann...
&amp#27;[38;5;128m[W3C]&amp#27;[0m Matched W3C error code 'no such element' to NoSuchElementError
&amp#27;[38;5;32m[AndroidUiautomator2Driver@d606 (d81b27d0)]&amp#27;[0m Waited for 1097 ms so far
&amp#27;[38;5;32m[AndroidUiautomator2Driver@d606 (d81b27d0)]&amp#27;[0m Matched '/element' to command name 'findElement'
&amp#27;[38;5;32m[AndroidUiautomator2Driver@d606 (d81b27d0)]&amp#27;[0m Proxying [POST /element] to [POST http://127.0.0.1:8209/session/c7104d6d-b578-4aea-a441-5b71d17293ac/element] with body: {"strategy":"id","selector":"com.android.permissioncontroller:id/permission_allow_foreground_only_button","context":"","multiple":false}
&amp#27;[38;5;32m[AndroidUiautomator2Driver@d606 (d81b27d0)]&amp#27;[0m Got response with status 404: {"sessionId":"c7104d6d-b578-4aea-a441-5b71d17293ac","value":{"error":"no such element","message":"An element could not be located on the page using the given search parameters","stacktrace":"io.appium.uiautomator2.common.exceptions.ElementNotFoundException: An element could not be located on the page using the given search parameters\n\tat io.appium.uiautomator2.handler.FindElement.safeHandle(FindElement.java:63)\n\tat io.appium.uiautomator2.handler.request.SafeRequestHandler.handle(SafeRequestHandler.java:59)\n\tat io.appium.uiautomator2.server.AppiumServlet.handleRequest(AppiumServlet.java:277)\n\tat io.appium.uiautomator2.server.AppiumServlet.handleHttpRequest(AppiumServlet.java:271)\n\tat io.appium.uiautomator2.http.ServerHandler.channelRead(ServerHandler.java:77)\n\tat io.netty.channel.AbstractChannelHandlerContext.invokeChannelRead(AbstractChannelHandlerContext.java:366)\n\tat io.netty.channel.AbstractChannelHandlerContext.invokeChannelRead(AbstractChannelHandlerContext.java:352)\n\tat io.netty.chann...
&amp#27;[38;5;128m[W3C]&amp#27;[0m Matched W3C error code 'no such element' to NoSuchElementError
&amp#27;[38;5;32m[AndroidUiautomator2Driver@d606 (d81b27d0)]&amp#27;[0m Waited for 1629 ms so far
&amp#27;[38;5;32m[AndroidUiautomator2Driver@d606 (d81b27d0)]&amp#27;[0m Matched '/element' to command name 'findElement'
&amp#27;[38;5;32m[AndroidUiautomator2Driver@d606 (d81b27d0)]&amp#27;[0m Proxying [POST /element] to [POST http://127.0.0.1:8209/session/c7104d6d-b578-4aea-a441-5b71d17293ac/element] with body: {"strategy":"id","selector":"com.android.permissioncontroller:id/permission_allow_foreground_only_button","context":"","multiple":false}
&amp#27;[38;5;32m[AndroidUiautomator2Driver@d606 (d81b27d0)]&amp#27;[0m Got response with status 404: {"sessionId":"c7104d6d-b578-4aea-a441-5b71d17293ac","value":{"error":"no such element","message":"An element could not be located on the page using the given search parameters","stacktrace":"io.appium.uiautomator2.common.exceptions.ElementNotFoundException: An element could not be located on the page using the given search parameters\n\tat io.appium.uiautomator2.handler.FindElement.safeHandle(FindElement.java:63)\n\tat io.appium.uiautomator2.handler.request.SafeRequestHandler.handle(SafeRequestHandler.java:59)\n\tat io.appium.uiautomator2.server.AppiumServlet.handleRequest(AppiumServlet.java:277)\n\tat io.appium.uiautomator2.server.AppiumServlet.handleHttpRequest(AppiumServlet.java:271)\n\tat io.appium.uiautomator2.http.ServerHandler.channelRead(ServerHandler.java:77)\n\tat io.netty.channel.AbstractChannelHandlerContext.invokeChannelRead(AbstractChannelHandlerContext.java:366)\n\tat io.netty.channel.AbstractChannelHandlerContext.invokeChannelRead(AbstractChannelHandlerContext.java:352)\n\tat io.netty.chann...
&amp#27;[38;5;128m[W3C]&amp#27;[0m Matched W3C error code 'no such element' to NoSuchElementError
&amp#27;[38;5;32m[AndroidUiautomator2Driver@d606 (d81b27d0)]&amp#27;[0m Waited for 2163 ms so far
&amp#27;[38;5;32m[AndroidUiautomator2Driver@d606 (d81b27d0)]&amp#27;[0m Matched '/element' to command name 'findElement'
&amp#27;[38;5;32m[AndroidUiautomator2Driver@d606 (d81b27d0)]&amp#27;[0m Proxying [POST /element] to [POST http://127.0.0.1:8209/session/c7104d6d-b578-4aea-a441-5b71d17293ac/element] with body: {"strategy":"id","selector":"com.android.permissioncontroller:id/permission_allow_foreground_only_button","context":"","multiple":false}
&amp#27;[38;5;32m[AndroidUiautomator2Driver@d606 (d81b27d0)]&amp#27;[0m Got response with status 404: {"sessionId":"c7104d6d-b578-4aea-a441-5b71d17293ac","value":{"error":"no such element","message":"An element could not be located on the page using the given search parameters","stacktrace":"io.appium.uiautomator2.common.exceptions.ElementNotFoundException: An element could not be located on the page using the given search parameters\n\tat io.appium.uiautomator2.handler.FindElement.safeHandle(FindElement.java:63)\n\tat io.appium.uiautomator2.handler.request.SafeRequestHandler.handle(SafeRequestHandler.java:59)\n\tat io.appium.uiautomator2.server.AppiumServlet.handleRequest(AppiumServlet.java:277)\n\tat io.appium.uiautomator2.server.AppiumServlet.handleHttpRequest(AppiumServlet.java:271)\n\tat io.appium.uiautomator2.http.ServerHandler.channelRead(ServerHandler.java:77)\n\tat io.netty.channel.AbstractChannelHandlerContext.invokeChannelRead(AbstractChannelHandlerContext.java:366)\n\tat io.netty.channel.AbstractChannelHandlerContext.invokeChannelRead(AbstractChannelHandlerContext.java:352)\n\tat io.netty.chann...
&amp#27;[38;5;128m[W3C]&amp#27;[0m Matched W3C error code 'no such element' to NoSuchElementError
&amp#27;[38;5;32m[AndroidUiautomator2Driver@d606 (d81b27d0)]&amp#27;[0m Waited for 2689 ms so far
&amp#27;[38;5;32m[AndroidUiautomator2Driver@d606 (d81b27d0)]&amp#27;[0m Matched '/element' to command name 'findElement'
&amp#27;[38;5;32m[AndroidUiautomator2Driver@d606 (d81b27d0)]&amp#27;[0m Proxying [POST /element] to [POST http://127.0.0.1:8209/session/c7104d6d-b578-4aea-a441-5b71d17293ac/element] with body: {"strategy":"id","selector":"com.android.permissioncontroller:id/permission_allow_foreground_only_button","context":"","multiple":false}
&amp#27;[38;5;32m[AndroidUiautomator2Driver@d606 (d81b27d0)]&amp#27;[0m Got response with status 404: {"sessionId":"c7104d6d-b578-4aea-a441-5b71d17293ac","value":{"error":"no such element","message":"An element could not be located on the page using the given search parameters","stacktrace":"io.appium.uiautomator2.common.exceptions.ElementNotFoundException: An element could not be located on the page using the given search parameters\n\tat io.appium.uiautomator2.handler.FindElement.safeHandle(FindElement.java:63)\n\tat io.appium.uiautomator2.handler.request.SafeRequestHandler.handle(SafeRequestHandler.java:59)\n\tat io.appium.uiautomator2.server.AppiumServlet.handleRequest(AppiumServlet.java:277)\n\tat io.appium.uiautomator2.server.AppiumServlet.handleHttpRequest(AppiumServlet.java:271)\n\tat io.appium.uiautomator2.http.ServerHandler.channelRead(ServerHandler.java:77)\n\tat io.netty.channel.AbstractChannelHandlerContext.invokeChannelRead(AbstractChannelHandlerContext.java:366)\n\tat io.netty.channel.AbstractChannelHandlerContext.invokeChannelRead(AbstractChannelHandlerContext.java:352)\n\tat io.netty.chann...
&amp#27;[38;5;128m[W3C]&amp#27;[0m Matched W3C error code 'no such element' to NoSuchElementError
&amp#27;[38;5;32m[AndroidUiautomator2Driver@d606 (d81b27d0)]&amp#27;[0m Waited for 3236 ms so far
&amp#27;[38;5;32m[AndroidUiautomator2Driver@d606 (d81b27d0)]&amp#27;[0m Matched '/element' to command name 'findElement'
&amp#27;[38;5;32m[AndroidUiautomator2Driver@d606 (d81b27d0)]&amp#27;[0m Proxying [POST /element] to [POST http://127.0.0.1:8209/session/c7104d6d-b578-4aea-a441-5b71d17293ac/element] with body: {"strategy":"id","selector":"com.android.permissioncontroller:id/permission_allow_foreground_only_button","context":"","multiple":false}
&amp#27;[38;5;32m[AndroidUiautomator2Driver@d606 (d81b27d0)]&amp#27;[0m Got response with status 404: {"sessionId":"c7104d6d-b578-4aea-a441-5b71d17293ac","value":{"error":"no such element","message":"An element could not be located on the page using the given search parameters","stacktrace":"io.appium.uiautomator2.common.exceptions.ElementNotFoundException: An element could not be located on the page using the given search parameters\n\tat io.appium.uiautomator2.handler.FindElement.safeHandle(FindElement.java:63)\n\tat io.appium.uiautomator2.handler.request.SafeRequestHandler.handle(SafeRequestHandler.java:59)\n\tat io.appium.uiautomator2.server.AppiumServlet.handleRequest(AppiumServlet.java:277)\n\tat io.appium.uiautomator2.server.AppiumServlet.handleHttpRequest(AppiumServlet.java:271)\n\tat io.appium.uiautomator2.http.ServerHandler.channelRead(ServerHandler.java:77)\n\tat io.netty.channel.AbstractChannelHandlerContext.invokeChannelRead(AbstractChannelHandlerContext.java:366)\n\tat io.netty.channel.AbstractChannelHandlerContext.invokeChannelRead(AbstractChannelHandlerContext.java:352)\n\tat io.netty.chann...
&amp#27;[38;5;128m[W3C]&amp#27;[0m Matched W3C error code 'no such element' to NoSuchElementError
&amp#27;[38;5;32m[AndroidUiautomator2Driver@d606 (d81b27d0)]&amp#27;[0m Waited for 3775 ms so far
&amp#27;[38;5;32m[AndroidUiautomator2Driver@d606 (d81b27d0)]&amp#27;[0m Matched '/element' to command name 'findElement'
&amp#27;[38;5;32m[AndroidUiautomator2Driver@d606 (d81b27d0)]&amp#27;[0m Proxying [POST /element] to [POST http://127.0.0.1:8209/session/c7104d6d-b578-4aea-a441-5b71d17293ac/element] with body: {"strategy":"id","selector":"com.android.permissioncontroller:id/permission_allow_foreground_only_button","context":"","multiple":false}
&amp#27;[38;5;32m[AndroidUiautomator2Driver@d606 (d81b27d0)]&amp#27;[0m Got response with status 404: {"sessionId":"c7104d6d-b578-4aea-a441-5b71d17293ac","value":{"error":"no such element","message":"An element could not be located on the page using the given search parameters","stacktrace":"io.appium.uiautomator2.common.exceptions.ElementNotFoundException: An element could not be located on the page using the given search parameters\n\tat io.appium.uiautomator2.handler.FindElement.safeHandle(FindElement.java:63)\n\tat io.appium.uiautomator2.handler.request.SafeRequestHandler.handle(SafeRequestHandler.java:59)\n\tat io.appium.uiautomator2.server.AppiumServlet.handleRequest(AppiumServlet.java:277)\n\tat io.appium.uiautomator2.server.AppiumServlet.handleHttpRequest(AppiumServlet.java:271)\n\tat io.appium.uiautomator2.http.ServerHandler.channelRead(ServerHandler.java:77)\n\tat io.netty.channel.AbstractChannelHandlerContext.invokeChannelRead(AbstractChannelHandlerContext.java:366)\n\tat io.netty.channel.AbstractChannelHandlerContext.invokeChannelRead(AbstractChannelHandlerContext.java:352)\n\tat io.netty.chann...
&amp#27;[38;5;128m[W3C]&amp#27;[0m Matched W3C error code 'no such element' to NoSuchElementError
&amp#27;[38;5;32m[AndroidUiautomator2Driver@d606 (d81b27d0)]&amp#27;[0m Waited for 4297 ms so far
&amp#27;[38;5;32m[AndroidUiautomator2Driver@d606 (d81b27d0)]&amp#27;[0m Matched '/element' to command name 'findElement'
&amp#27;[38;5;32m[AndroidUiautomator2Driver@d606 (d81b27d0)]&amp#27;[0m Proxying [POST /element] to [POST http://127.0.0.1:8209/session/c7104d6d-b578-4aea-a441-5b71d17293ac/element] with body: {"strategy":"id","selector":"com.android.permissioncontroller:id/permission_allow_foreground_only_button","context":"","multiple":false}
&amp#27;[38;5;32m[AndroidUiautomator2Driver@d606 (d81b27d0)]&amp#27;[0m Got response with status 404: {"sessionId":"c7104d6d-b578-4aea-a441-5b71d17293ac","value":{"error":"no such element","message":"An element could not be located on the page using the given search parameters","stacktrace":"io.appium.uiautomator2.common.exceptions.ElementNotFoundException: An element could not be located on the page using the given search parameters\n\tat io.appium.uiautomator2.handler.FindElement.safeHandle(FindElement.java:63)\n\tat io.appium.uiautomator2.handler.request.SafeRequestHandler.handle(SafeRequestHandler.java:59)\n\tat io.appium.uiautomator2.server.AppiumServlet.handleRequest(AppiumServlet.java:277)\n\tat io.appium.uiautomator2.server.AppiumServlet.handleHttpRequest(AppiumServlet.java:271)\n\tat io.appium.uiautomator2.http.ServerHandler.channelRead(ServerHandler.java:77)\n\tat io.netty.channel.AbstractChannelHandlerContext.invokeChannelRead(AbstractChannelHandlerContext.java:366)\n\tat io.netty.channel.AbstractChannelHandlerContext.invokeChannelRead(AbstractChannelHandlerContext.java:352)\n\tat io.netty.chann...
&amp#27;[38;5;128m[W3C]&amp#27;[0m Matched W3C error code 'no such element' to NoSuchElementError
&amp#27;[38;5;32m[AndroidUiautomator2Driver@d606 (d81b27d0)]&amp#27;[0m Waited for 4828 ms so far
&amp#27;[38;5;32m[AndroidUiautomator2Driver@d606 (d81b27d0)]&amp#27;[0m Matched '/element' to command name 'findElement'
&amp#27;[38;5;32m[AndroidUiautomator2Driver@d606 (d81b27d0)]&amp#27;[0m Proxying [POST /element] to [POST http://127.0.0.1:8209/session/c7104d6d-b578-4aea-a441-5b71d17293ac/element] with body: {"strategy":"id","selector":"com.android.permissioncontroller:id/permission_allow_foreground_only_button","context":"","multiple":false}
&amp#27;[38;5;32m[AndroidUiautomator2Driver@d606 (d81b27d0)]&amp#27;[0m Got response with status 404: {"sessionId":"c7104d6d-b578-4aea-a441-5b71d17293ac","value":{"error":"no such element","message":"An element could not be located on the page using the given search parameters","stacktrace":"io.appium.uiautomator2.common.exceptions.ElementNotFoundException: An element could not be located on the page using the given search parameters\n\tat io.appium.uiautomator2.handler.FindElement.safeHandle(FindElement.java:63)\n\tat io.appium.uiautomator2.handler.request.SafeRequestHandler.handle(SafeRequestHandler.java:59)\n\tat io.appium.uiautomator2.server.AppiumServlet.handleRequest(AppiumServlet.java:277)\n\tat io.appium.uiautomator2.server.AppiumServlet.handleHttpRequest(AppiumServlet.java:271)\n\tat io.appium.uiautomator2.http.ServerHandler.channelRead(ServerHandler.java:77)\n\tat io.netty.channel.AbstractChannelHandlerContext.invokeChannelRead(AbstractChannelHandlerContext.java:366)\n\tat io.netty.channel.AbstractChannelHandlerContext.invokeChannelRead(AbstractChannelHandlerContext.java:352)\n\tat io.netty.chann...
&amp#27;[38;5;128m[W3C]&amp#27;[0m Matched W3C error code 'no such element' to NoSuchElementError
&amp#27;[38;5;32m[AndroidUiautomator2Driver@d606 (d81b27d0)]&amp#27;[0m Encountered internal error running command: NoSuchElementError: An element could not be located on the page using the given search parameters.
&amp#27;[38;5;32m[AndroidUiautomator2Driver@d606 (d81b27d0)]&amp#27;[0m     at AndroidUiautomator2Driver.findElOrEls (C:\Users\bungh\node_modules\appium-uiautomator2-driver\node_modules\appium-android-driver\lib\commands\find.ts:87:11)
&amp#27;[38;5;32m[AndroidUiautomator2Driver@d606 (d81b27d0)]&amp#27;[0m     at processTicksAndRejections (node:internal/process/task_queues:95:5)
&amp#27;[38;5;32m[AndroidUiautomator2Driver@d606 (d81b27d0)]&amp#27;[0m     at AndroidUiautomator2Driver.findElOrElsWithProcessing (C:\Users\bungh\node_modules\@appium\base-driver\lib\basedriver\commands\find.ts:60:12)
&amp#27;[38;5;32m[AndroidUiautomator2Driver@d606 (d81b27d0)]&amp#27;[0m     at AndroidUiautomator2Driver.findElement (C:\Users\bungh\node_modules\@appium\base-driver\lib\basedriver\commands\find.ts:75:12)
&amp#27;[38;5;0m[HTTP]&amp#27;[0m &amp#27;[37m<-- POST /session/d81b27d0-df21-4c35-ba99-cbd5317203eb/element &amp#27;[39m&amp#27;[33m404&amp#27;[39m &amp#27;[90m5035 ms - 791&amp#27;[39m
&amp#27;[38;5;0m[HTTP]&amp#27;[0m &amp#27;[90m&amp#27;[39m
&amp#27;[38;5;0m[HTTP]&amp#27;[0m &amp#27;[37m-->&amp#27;[39m &amp#27;[37mPOST&amp#27;[39m &amp#27;[37m/session/d81b27d0-df21-4c35-ba99-cbd5317203eb/element&amp#27;[39m
&amp#27;[38;5;0m[HTTP]&amp#27;[0m &amp#27;[90m{"using":"id","value":"com.fivemobile.thescore:id/tabLayout"}&amp#27;[39m
&amp#27;[38;5;32m[AndroidUiautomator2Driver@d606 (d81b27d0)]&amp#27;[0m Calling AppiumDriver.findElement() with args: ["id","com.fivemobile.thescore:id/tabLayout","d81b27d0-df21-4c35-ba99-cbd5317203eb"]
&amp#27;[38;5;32m[AndroidUiautomator2Driver@d606 (d81b27d0)]&amp#27;[0m Valid locator strategies for this request: xpath, id, class name, accessibility id, css selector, -android uiautomator
&amp#27;[38;5;32m[AndroidUiautomator2Driver@d606 (d81b27d0)]&amp#27;[0m Waiting up to 5000 ms for condition
&amp#27;[38;5;32m[AndroidUiautomator2Driver@d606 (d81b27d0)]&amp#27;[0m Matched '/element' to command name 'findElement'
&amp#27;[38;5;32m[AndroidUiautomator2Driver@d606 (d81b27d0)]&amp#27;[0m Proxying [POST /element] to [POST http://127.0.0.1:8209/session/c7104d6d-b578-4aea-a441-5b71d17293ac/element] with body: {"strategy":"id","selector":"com.fivemobile.thescore:id/tabLayout","context":"","multiple":false}
&amp#27;[38;5;32m[AndroidUiautomator2Driver@d606 (d81b27d0)]&amp#27;[0m Got response with status 200: {"sessionId":"c7104d6d-b578-4aea-a441-5b71d17293ac","value":{"ELEMENT":"00000000-0000-05e6-ffff-ffff00000133","element-6066-11e4-a52e-4f735466cecf":"00000000-0000-05e6-ffff-ffff00000133"}}
&amp#27;[38;5;32m[AndroidUiautomator2Driver@d606 (d81b27d0)]&amp#27;[0m Responding to client with driver.findElement() result: {"element-6066-11e4-a52e-4f735466cecf":"00000000-0000-05e6-ffff-ffff00000133","ELEMENT":"00000000-0000-05e6-ffff-ffff00000133"}
&amp#27;[38;5;0m[HTTP]&amp#27;[0m &amp#27;[37m<-- POST /session/d81b27d0-df21-4c35-ba99-cbd5317203eb/element &amp#27;[39m&amp#27;[32m200&amp#27;[39m &amp#27;[90m15 ms - 137&amp#27;[39m
&amp#27;[38;5;0m[HTTP]&amp#27;[0m &amp#27;[90m&amp#27;[39m
&amp#27;[38;5;0m[HTTP]&amp#27;[0m &amp#27;[37m-->&amp#27;[39m &amp#27;[37mGET&amp#27;[39m &amp#27;[37m/session/d81b27d0-df21-4c35-ba99-cbd5317203eb/element/00000000-0000-05e6-ffff-ffff00000133/attribute/resource-id&amp#27;[39m
&amp#27;[38;5;0m[HTTP]&amp#27;[0m &amp#27;[90m{}&amp#27;[39m
&amp#27;[38;5;32m[AndroidUiautomator2Driver@d606 (d81b27d0)]&amp#27;[0m Calling AppiumDriver.getAttribute() with args: ["resource-id","00000000-0000-05e6-ffff-ffff00000133","d81b27d0-df21-4c35-ba99-cbd5317203eb"]
&amp#27;[38;5;32m[AndroidUiautomator2Driver@d606 (d81b27d0)]&amp#27;[0m Matched '/element/00000000-0000-05e6-ffff-ffff00000133/attribute/resource-id' to command name 'getAttribute'
&amp#27;[38;5;32m[AndroidUiautomator2Driver@d606 (d81b27d0)]&amp#27;[0m Proxying [GET /element/00000000-0000-05e6-ffff-ffff00000133/attribute/resource-id] to [GET http://127.0.0.1:8209/session/c7104d6d-b578-4aea-a441-5b71d17293ac/element/00000000-0000-05e6-ffff-ffff00000133/attribute/resource-id] with no body
&amp#27;[38;5;32m[AndroidUiautomator2Driver@d606 (d81b27d0)]&amp#27;[0m Got response with status 200: {"sessionId":"c7104d6d-b578-4aea-a441-5b71d17293ac","value":"com.fivemobile.thescore:id/tabLayout"}
&amp#27;[38;5;32m[AndroidUiautomator2Driver@d606 (d81b27d0)]&amp#27;[0m Responding to client with driver.getAttribute() result: "com.fivemobile.thescore:id/tabLayout"
&amp#27;[38;5;0m[HTTP]&amp#27;[0m &amp#27;[37m<-- GET /session/d81b27d0-df21-4c35-ba99-cbd5317203eb/element/00000000-0000-05e6-ffff-ffff00000133/attribute/resource-id &amp#27;[39m&amp#27;[32m200&amp#27;[39m &amp#27;[90m7 ms - 48&amp#27;[39m
&amp#27;[38;5;0m[HTTP]&amp#27;[0m &amp#27;[90m&amp#27;[39m
&amp#27;[38;5;0m[HTTP]&amp#27;[0m &amp#27;[37m-->&amp#27;[39m &amp#27;[37mPOST&amp#27;[39m &amp#27;[37m/session/d81b27d0-df21-4c35-ba99-cbd5317203eb/element&amp#27;[39m
&amp#27;[38;5;0m[HTTP]&amp#27;[0m &amp#27;[90m{"using":"-android uiautomator","value":"new UiScrollable(new UiSelector().resourceId(\"com.fivemobile.thescore:id/tabLayout\")).setAsHorizontalList().scrollIntoView(text(\"GERMANY\"));"}&amp#27;[39m
&amp#27;[38;5;32m[AndroidUiautomator2Driver@d606 (d81b27d0)]&amp#27;[0m Calling AppiumDriver.findElement() with args: ["-android uiautomator","new UiScrollable(new UiSelector().resourceId(\"com.fivemobile.thescore:id/tabLayout\")).setAsHorizontalList().scrollIntoView(text(\"GERMANY\"));","d81b27d0-df21-4c35-ba99-cbd5317203eb"]
&amp#27;[38;5;32m[AndroidUiautomator2Driver@d606 (d81b27d0)]&amp#27;[0m Valid locator strategies for this request: xpath, id, class name, accessibility id, css selector, -android uiautomator
&amp#27;[38;5;32m[AndroidUiautomator2Driver@d606 (d81b27d0)]&amp#27;[0m Waiting up to 5000 ms for condition
&amp#27;[38;5;32m[AndroidUiautomator2Driver@d606 (d81b27d0)]&amp#27;[0m Matched '/element' to command name 'findElement'
&amp#27;[38;5;32m[AndroidUiautomator2Driver@d606 (d81b27d0)]&amp#27;[0m Proxying [POST /element] to [POST http://127.0.0.1:8209/session/c7104d6d-b578-4aea-a441-5b71d17293ac/element] with body: {"strategy":"-android uiautomator","selector":"new UiScrollable(new UiSelector().resourceId(\"com.fivemobile.thescore:id/tabLayout\")).setAsHorizontalList().scrollIntoView(text(\"GERMANY\"));","context":"","multiple":false}
&amp#27;[38;5;32m[AndroidUiautomator2Driver@d606 (d81b27d0)]&amp#27;[0m Got response with status 200: {"sessionId":"c7104d6d-b578-4aea-a441-5b71d17293ac","value":{"ELEMENT":"00000000-0000-05e6-ffff-ffff00000133","element-6066-11e4-a52e-4f735466cecf":"00000000-0000-05e6-ffff-ffff00000133"}}
&amp#27;[38;5;32m[AndroidUiautomator2Driver@d606 (d81b27d0)]&amp#27;[0m Responding to client with driver.findElement() result: {"element-6066-11e4-a52e-4f735466cecf":"00000000-0000-05e6-ffff-ffff00000133","ELEMENT":"00000000-0000-05e6-ffff-ffff00000133"}
&amp#27;[38;5;0m[HTTP]&amp#27;[0m &amp#27;[37m<-- POST /session/d81b27d0-df21-4c35-ba99-cbd5317203eb/element &amp#27;[39m&amp#27;[32m200&amp#27;[39m &amp#27;[90m6260 ms - 137&amp#27;[39m
&amp#27;[38;5;0m[HTTP]&amp#27;[0m &amp#27;[90m&amp#27;[39m
&amp#27;[38;5;0m[HTTP]&amp#27;[0m &amp#27;[37m-->&amp#27;[39m &amp#27;[37mPOST&amp#27;[39m &amp#27;[37m/session/d81b27d0-df21-4c35-ba99-cbd5317203eb/element&amp#27;[39m
&amp#27;[38;5;0m[HTTP]&amp#27;[0m &amp#27;[90m{"using":"xpath","value":"//android.widget.TextView[@text=\"GERMANY\"]"}&amp#27;[39m
&amp#27;[38;5;32m[AndroidUiautomator2Driver@d606 (d81b27d0)]&amp#27;[0m Calling AppiumDriver.findElement() with args: ["xpath","//android.widget.TextView[@text=\"GERMANY\"]","d81b27d0-df21-4c35-ba99-cbd5317203eb"]
&amp#27;[38;5;32m[AndroidUiautomator2Driver@d606 (d81b27d0)]&amp#27;[0m Valid locator strategies for this request: xpath, id, class name, accessibility id, css selector, -android uiautomator
&amp#27;[38;5;32m[AndroidUiautomator2Driver@d606 (d81b27d0)]&amp#27;[0m Waiting up to 5000 ms for condition
&amp#27;[38;5;32m[AndroidUiautomator2Driver@d606 (d81b27d0)]&amp#27;[0m Matched '/element' to command name 'findElement'
&amp#27;[38;5;32m[AndroidUiautomator2Driver@d606 (d81b27d0)]&amp#27;[0m Proxying [POST /element] to [POST http://127.0.0.1:8209/session/c7104d6d-b578-4aea-a441-5b71d17293ac/element] with body: {"strategy":"xpath","selector":"//android.widget.TextView[@text=\"GERMANY\"]","context":"","multiple":false}
&amp#27;[38;5;32m[AndroidUiautomator2Driver@d606 (d81b27d0)]&amp#27;[0m Got response with status 200: {"sessionId":"c7104d6d-b578-4aea-a441-5b71d17293ac","value":{"ELEMENT":"00000000-0000-05e6-ffff-ffff00000182","element-6066-11e4-a52e-4f735466cecf":"00000000-0000-05e6-ffff-ffff00000182"}}
&amp#27;[38;5;32m[AndroidUiautomator2Driver@d606 (d81b27d0)]&amp#27;[0m Responding to client with driver.findElement() result: {"element-6066-11e4-a52e-4f735466cecf":"00000000-0000-05e6-ffff-ffff00000182","ELEMENT":"00000000-0000-05e6-ffff-ffff00000182"}
&amp#27;[38;5;0m[HTTP]&amp#27;[0m &amp#27;[37m<-- POST /session/d81b27d0-df21-4c35-ba99-cbd5317203eb/element &amp#27;[39m&amp#27;[32m200&amp#27;[39m &amp#27;[90m71 ms - 137&amp#27;[39m
&amp#27;[38;5;0m[HTTP]&amp#27;[0m &amp#27;[90m&amp#27;[39m
&amp#27;[38;5;0m[HTTP]&amp#27;[0m &amp#27;[37m-->&amp#27;[39m &amp#27;[37mPOST&amp#27;[39m &amp#27;[37m/session/d81b27d0-df21-4c35-ba99-cbd5317203eb/element/00000000-0000-05e6-ffff-ffff00000182/click&amp#27;[39m
&amp#27;[38;5;0m[HTTP]&amp#27;[0m &amp#27;[90m{"id":"00000000-0000-05e6-ffff-ffff00000182"}&amp#27;[39m
&amp#27;[38;5;32m[AndroidUiautomator2Driver@d606 (d81b27d0)]&amp#27;[0m Calling AppiumDriver.click() with args: ["00000000-0000-05e6-ffff-ffff00000182","d81b27d0-df21-4c35-ba99-cbd5317203eb"]
&amp#27;[38;5;32m[AndroidUiautomator2Driver@d606 (d81b27d0)]&amp#27;[0m Matched '/element/00000000-0000-05e6-ffff-ffff00000182/click' to command name 'click'
&amp#27;[38;5;32m[AndroidUiautomator2Driver@d606 (d81b27d0)]&amp#27;[0m Proxying [POST /element/00000000-0000-05e6-ffff-ffff00000182/click] to [POST http://127.0.0.1:8209/session/c7104d6d-b578-4aea-a441-5b71d17293ac/element/00000000-0000-05e6-ffff-ffff00000182/click] with body: {"element":"00000000-0000-05e6-ffff-ffff00000182"}
&amp#27;[38;5;32m[AndroidUiautomator2Driver@d606 (d81b27d0)]&amp#27;[0m Got response with status 200: {"sessionId":"c7104d6d-b578-4aea-a441-5b71d17293ac","value":null}
&amp#27;[38;5;32m[AndroidUiautomator2Driver@d606 (d81b27d0)]&amp#27;[0m Responding to client with driver.click() result: null
&amp#27;[38;5;0m[HTTP]&amp#27;[0m &amp#27;[37m<-- POST /session/d81b27d0-df21-4c35-ba99-cbd5317203eb/element/00000000-0000-05e6-ffff-ffff00000182/click &amp#27;[39m&amp#27;[32m200&amp#27;[39m &amp#27;[90m47 ms - 14&amp#27;[39m
&amp#27;[38;5;0m[HTTP]&amp#27;[0m &amp#27;[90m&amp#27;[39m
&amp#27;[38;5;0m[HTTP]&amp#27;[0m &amp#27;[37m-->&amp#27;[39m &amp#27;[37mPOST&amp#27;[39m &amp#27;[37m/session/d81b27d0-df21-4c35-ba99-cbd5317203eb/element&amp#27;[39m
&amp#27;[38;5;0m[HTTP]&amp#27;[0m &amp#27;[90m{"using":"id","value":"com.fivemobile.thescore:id/viewPager"}&amp#27;[39m
&amp#27;[38;5;32m[AndroidUiautomator2Driver@d606 (d81b27d0)]&amp#27;[0m Calling AppiumDriver.findElement() with args: ["id","com.fivemobile.thescore:id/viewPager","d81b27d0-df21-4c35-ba99-cbd5317203eb"]
&amp#27;[38;5;32m[AndroidUiautomator2Driver@d606 (d81b27d0)]&amp#27;[0m Valid locator strategies for this request: xpath, id, class name, accessibility id, css selector, -android uiautomator
&amp#27;[38;5;32m[AndroidUiautomator2Driver@d606 (d81b27d0)]&amp#27;[0m Waiting up to 5000 ms for condition
&amp#27;[38;5;32m[AndroidUiautomator2Driver@d606 (d81b27d0)]&amp#27;[0m Matched '/element' to command name 'findElement'
&amp#27;[38;5;32m[AndroidUiautomator2Driver@d606 (d81b27d0)]&amp#27;[0m Proxying [POST /element] to [POST http://127.0.0.1:8209/session/c7104d6d-b578-4aea-a441-5b71d17293ac/element] with body: {"strategy":"id","selector":"com.fivemobile.thescore:id/viewPager","context":"","multiple":false}
&amp#27;[38;5;32m[AndroidUiautomator2Driver@d606 (d81b27d0)]&amp#27;[0m Got response with status 200: {"sessionId":"c7104d6d-b578-4aea-a441-5b71d17293ac","value":{"ELEMENT":"00000000-0000-05e6-ffff-ffff00000113","element-6066-11e4-a52e-4f735466cecf":"00000000-0000-05e6-ffff-ffff00000113"}}
&amp#27;[38;5;32m[AndroidUiautomator2Driver@d606 (d81b27d0)]&amp#27;[0m Responding to client with driver.findElement() result: {"element-6066-11e4-a52e-4f735466cecf":"00000000-0000-05e6-ffff-ffff00000113","ELEMENT":"00000000-0000-05e6-ffff-ffff00000113"}
&amp#27;[38;5;0m[HTTP]&amp#27;[0m &amp#27;[37m<-- POST /session/d81b27d0-df21-4c35-ba99-cbd5317203eb/element &amp#27;[39m&amp#27;[32m200&amp#27;[39m &amp#27;[90m98 ms - 137&amp#27;[39m
&amp#27;[38;5;0m[HTTP]&amp#27;[0m &amp#27;[90m&amp#27;[39m
&amp#27;[38;5;0m[HTTP]&amp#27;[0m &amp#27;[37m-->&amp#27;[39m &amp#27;[37mGET&amp#27;[39m &amp#27;[37m/session/d81b27d0-df21-4c35-ba99-cbd5317203eb/element/00000000-0000-05e6-ffff-ffff00000113/attribute/resource-id&amp#27;[39m
&amp#27;[38;5;0m[HTTP]&amp#27;[0m &amp#27;[90m{}&amp#27;[39m
&amp#27;[38;5;32m[AndroidUiautomator2Driver@d606 (d81b27d0)]&amp#27;[0m Calling AppiumDriver.getAttribute() with args: ["resource-id","00000000-0000-05e6-ffff-ffff00000113","d81b27d0-df21-4c35-ba99-cbd5317203eb"]
&amp#27;[38;5;32m[AndroidUiautomator2Driver@d606 (d81b27d0)]&amp#27;[0m Matched '/element/00000000-0000-05e6-ffff-ffff00000113/attribute/resource-id' to command name 'getAttribute'
&amp#27;[38;5;32m[AndroidUiautomator2Driver@d606 (d81b27d0)]&amp#27;[0m Proxying [GET /element/00000000-0000-05e6-ffff-ffff00000113/attribute/resource-id] to [GET http://127.0.0.1:8209/session/c7104d6d-b578-4aea-a441-5b71d17293ac/element/00000000-0000-05e6-ffff-ffff00000113/attribute/resource-id] with no body
&amp#27;[38;5;32m[AndroidUiautomator2Driver@d606 (d81b27d0)]&amp#27;[0m Got response with status 200: {"sessionId":"c7104d6d-b578-4aea-a441-5b71d17293ac","value":"com.fivemobile.thescore:id/viewPager"}
&amp#27;[38;5;32m[AndroidUiautomator2Driver@d606 (d81b27d0)]&amp#27;[0m Responding to client with driver.getAttribute() result: "com.fivemobile.thescore:id/viewPager"
&amp#27;[38;5;0m[HTTP]&amp#27;[0m &amp#27;[37m<-- GET /session/d81b27d0-df21-4c35-ba99-cbd5317203eb/element/00000000-0000-05e6-ffff-ffff00000113/attribute/resource-id &amp#27;[39m&amp#27;[32m200&amp#27;[39m &amp#27;[90m1331 ms - 48&amp#27;[39m
&amp#27;[38;5;0m[HTTP]&amp#27;[0m &amp#27;[90m&amp#27;[39m
&amp#27;[38;5;0m[HTTP]&amp#27;[0m &amp#27;[37m-->&amp#27;[39m &amp#27;[37mPOST&amp#27;[39m &amp#27;[37m/session/d81b27d0-df21-4c35-ba99-cbd5317203eb/element&amp#27;[39m
&amp#27;[38;5;0m[HTTP]&amp#27;[0m &amp#27;[90m{"using":"-android uiautomator","value":"new UiScrollable(new UiSelector().resourceId(\"com.fivemobile.thescore:id/viewPager\")).scrollIntoView(text(\"Bayern Munich\"));"}&amp#27;[39m
&amp#27;[38;5;32m[AndroidUiautomator2Driver@d606 (d81b27d0)]&amp#27;[0m Calling AppiumDriver.findElement() with args: ["-android uiautomator","new UiScrollable(new UiSelector().resourceId(\"com.fivemobile.thescore:id/viewPager\")).scrollIntoView(text(\"Bayern Munich\"));","d81b27d0-df21-4c35-ba99-cbd5317203eb"]
&amp#27;[38;5;32m[AndroidUiautomator2Driver@d606 (d81b27d0)]&amp#27;[0m Valid locator strategies for this request: xpath, id, class name, accessibility id, css selector, -android uiautomator
&amp#27;[38;5;32m[AndroidUiautomator2Driver@d606 (d81b27d0)]&amp#27;[0m Waiting up to 5000 ms for condition
&amp#27;[38;5;32m[AndroidUiautomator2Driver@d606 (d81b27d0)]&amp#27;[0m Matched '/element' to command name 'findElement'
&amp#27;[38;5;32m[AndroidUiautomator2Driver@d606 (d81b27d0)]&amp#27;[0m Proxying [POST /element] to [POST http://127.0.0.1:8209/session/c7104d6d-b578-4aea-a441-5b71d17293ac/element] with body: {"strategy":"-android uiautomator","selector":"new UiScrollable(new UiSelector().resourceId(\"com.fivemobile.thescore:id/viewPager\")).scrollIntoView(text(\"Bayern Munich\"));","context":"","multiple":false}
&amp#27;[38;5;32m[AndroidUiautomator2Driver@d606 (d81b27d0)]&amp#27;[0m Got response with status 200: {"sessionId":"c7104d6d-b578-4aea-a441-5b71d17293ac","value":{"ELEMENT":"00000000-0000-05e6-ffff-ffff000002b5","element-6066-11e4-a52e-4f735466cecf":"00000000-0000-05e6-ffff-ffff000002b5"}}
&amp#27;[38;5;32m[AndroidUiautomator2Driver@d606 (d81b27d0)]&amp#27;[0m Responding to client with driver.findElement() result: {"element-6066-11e4-a52e-4f735466cecf":"00000000-0000-05e6-ffff-ffff000002b5","ELEMENT":"00000000-0000-05e6-ffff-ffff000002b5"}
&amp#27;[38;5;0m[HTTP]&amp#27;[0m &amp#27;[37m<-- POST /session/d81b27d0-df21-4c35-ba99-cbd5317203eb/element &amp#27;[39m&amp#27;[32m200&amp#27;[39m &amp#27;[90m34 ms - 137&amp#27;[39m
&amp#27;[38;5;0m[HTTP]&amp#27;[0m &amp#27;[90m&amp#27;[39m
&amp#27;[38;5;0m[HTTP]&amp#27;[0m &amp#27;[37m-->&amp#27;[39m &amp#27;[37mPOST&amp#27;[39m &amp#27;[37m/session/d81b27d0-df21-4c35-ba99-cbd5317203eb/element&amp#27;[39m
&amp#27;[38;5;0m[HTTP]&amp#27;[0m &amp#27;[90m{"using":"xpath","value":"//android.widget.TextView[@resource-id=\"com.fivemobile.thescore:id/txt_name\" and @text=\"Bayern Munich\"]"}&amp#27;[39m
&amp#27;[38;5;32m[AndroidUiautomator2Driver@d606 (d81b27d0)]&amp#27;[0m Calling AppiumDriver.findElement() with args: ["xpath","//android.widget.TextView[@resource-id=\"com.fivemobile.thescore:id/txt_name\" and @text=\"Bayern Munich\"]","d81b27d0-df21-4c35-ba99-cbd5317203eb"]
&amp#27;[38;5;32m[AndroidUiautomator2Driver@d606 (d81b27d0)]&amp#27;[0m Valid locator strategies for this request: xpath, id, class name, accessibility id, css selector, -android uiautomator
&amp#27;[38;5;32m[AndroidUiautomator2Driver@d606 (d81b27d0)]&amp#27;[0m Waiting up to 5000 ms for condition
&amp#27;[38;5;32m[AndroidUiautomator2Driver@d606 (d81b27d0)]&amp#27;[0m Matched '/element' to command name 'findElement'
&amp#27;[38;5;32m[AndroidUiautomator2Driver@d606 (d81b27d0)]&amp#27;[0m Proxying [POST /element] to [POST http://127.0.0.1:8209/session/c7104d6d-b578-4aea-a441-5b71d17293ac/element] with body: {"strategy":"xpath","selector":"//android.widget.TextView[@resource-id=\"com.fivemobile.thescore:id/txt_name\" and @text=\"Bayern Munich\"]","context":"","multiple":false}
&amp#27;[38;5;32m[AndroidUiautomator2Driver@d606 (d81b27d0)]&amp#27;[0m Got response with status 200: {"sessionId":"c7104d6d-b578-4aea-a441-5b71d17293ac","value":{"ELEMENT":"00000000-0000-05e6-ffff-ffff000002b5","element-6066-11e4-a52e-4f735466cecf":"00000000-0000-05e6-ffff-ffff000002b5"}}
&amp#27;[38;5;32m[AndroidUiautomator2Driver@d606 (d81b27d0)]&amp#27;[0m Responding to client with driver.findElement() result: {"element-6066-11e4-a52e-4f735466cecf":"00000000-0000-05e6-ffff-ffff000002b5","ELEMENT":"00000000-0000-05e6-ffff-ffff000002b5"}
&amp#27;[38;5;0m[HTTP]&amp#27;[0m &amp#27;[37m<-- POST /session/d81b27d0-df21-4c35-ba99-cbd5317203eb/element &amp#27;[39m&amp#27;[32m200&amp#27;[39m &amp#27;[90m59 ms - 137&amp#27;[39m
&amp#27;[38;5;0m[HTTP]&amp#27;[0m &amp#27;[90m&amp#27;[39m
&amp#27;[38;5;0m[HTTP]&amp#27;[0m &amp#27;[37m-->&amp#27;[39m &amp#27;[37mPOST&amp#27;[39m &amp#27;[37m/session/d81b27d0-df21-4c35-ba99-cbd5317203eb/element/00000000-0000-05e6-ffff-ffff000002b5/click&amp#27;[39m
&amp#27;[38;5;0m[HTTP]&amp#27;[0m &amp#27;[90m{"id":"00000000-0000-05e6-ffff-ffff000002b5"}&amp#27;[39m
&amp#27;[38;5;32m[AndroidUiautomator2Driver@d606 (d81b27d0)]&amp#27;[0m Calling AppiumDriver.click() with args: ["00000000-0000-05e6-ffff-ffff000002b5","d81b27d0-df21-4c35-ba99-cbd5317203eb"]
&amp#27;[38;5;32m[AndroidUiautomator2Driver@d606 (d81b27d0)]&amp#27;[0m Matched '/element/00000000-0000-05e6-ffff-ffff000002b5/click' to command name 'click'
&amp#27;[38;5;32m[AndroidUiautomator2Driver@d606 (d81b27d0)]&amp#27;[0m Proxying [POST /element/00000000-0000-05e6-ffff-ffff000002b5/click] to [POST http://127.0.0.1:8209/session/c7104d6d-b578-4aea-a441-5b71d17293ac/element/00000000-0000-05e6-ffff-ffff000002b5/click] with body: {"element":"00000000-0000-05e6-ffff-ffff000002b5"}
&amp#27;[38;5;32m[AndroidUiautomator2Driver@d606 (d81b27d0)]&amp#27;[0m Got response with status 200: {"sessionId":"c7104d6d-b578-4aea-a441-5b71d17293ac","value":null}
&amp#27;[38;5;32m[AndroidUiautomator2Driver@d606 (d81b27d0)]&amp#27;[0m Responding to client with driver.click() result: null
&amp#27;[38;5;0m[HTTP]&amp#27;[0m &amp#27;[37m<-- POST /session/d81b27d0-df21-4c35-ba99-cbd5317203eb/element/00000000-0000-05e6-ffff-ffff000002b5/click &amp#27;[39m&amp#27;[32m200&amp#27;[39m &amp#27;[90m47 ms - 14&amp#27;[39m
&amp#27;[38;5;0m[HTTP]&amp#27;[0m &amp#27;[90m&amp#27;[39m
&amp#27;[38;5;0m[HTTP]&amp#27;[0m &amp#27;[37m-->&amp#27;[39m &amp#27;[37mGET&amp#27;[39m &amp#27;[37m/session/d81b27d0-df21-4c35-ba99-cbd5317203eb/context&amp#27;[39m
&amp#27;[38;5;0m[HTTP]&amp#27;[0m &amp#27;[90m{}&amp#27;[39m
&amp#27;[38;5;32m[AndroidUiautomator2Driver@d606 (d81b27d0)]&amp#27;[0m Calling AppiumDriver.getCurrentContext() with args: ["d81b27d0-df21-4c35-ba99-cbd5317203eb"]
&amp#27;[38;5;32m[AndroidUiautomator2Driver@d606 (d81b27d0)]&amp#27;[0m Responding to client with driver.getCurrentContext() result: "NATIVE_APP"
&amp#27;[38;5;0m[HTTP]&amp#27;[0m &amp#27;[37m<-- GET /session/d81b27d0-df21-4c35-ba99-cbd5317203eb/context &amp#27;[39m&amp#27;[32m200&amp#27;[39m &amp#27;[90m1 ms - 22&amp#27;[39m
&amp#27;[38;5;0m[HTTP]&amp#27;[0m &amp#27;[90m&amp#27;[39m
&amp#27;[38;5;0m[HTTP]&amp#27;[0m &amp#27;[37m-->&amp#27;[39m &amp#27;[37mPOST&amp#27;[39m &amp#27;[37m/session/d81b27d0-df21-4c35-ba99-cbd5317203eb/element&amp#27;[39m
&amp#27;[38;5;0m[HTTP]&amp#27;[0m &amp#27;[90m{"using":"id","value":"com.fivemobile.thescore:id/action_button_text"}&amp#27;[39m
&amp#27;[38;5;32m[AndroidUiautomator2Driver@d606 (d81b27d0)]&amp#27;[0m Calling AppiumDriver.findElement() with args: ["id","com.fivemobile.thescore:id/action_button_text","d81b27d0-df21-4c35-ba99-cbd5317203eb"]
&amp#27;[38;5;32m[AndroidUiautomator2Driver@d606 (d81b27d0)]&amp#27;[0m Valid locator strategies for this request: xpath, id, class name, accessibility id, css selector, -android uiautomator
&amp#27;[38;5;32m[AndroidUiautomator2Driver@d606 (d81b27d0)]&amp#27;[0m Waiting up to 5000 ms for condition
&amp#27;[38;5;32m[AndroidUiautomator2Driver@d606 (d81b27d0)]&amp#27;[0m Matched '/element' to command name 'findElement'
&amp#27;[38;5;32m[AndroidUiautomator2Driver@d606 (d81b27d0)]&amp#27;[0m Proxying [POST /element] to [POST http://127.0.0.1:8209/session/c7104d6d-b578-4aea-a441-5b71d17293ac/element] with body: {"strategy":"id","selector":"com.fivemobile.thescore:id/action_button_text","context":"","multiple":false}
&amp#27;[38;5;32m[AndroidUiautomator2Driver@d606 (d81b27d0)]&amp#27;[0m Got response with status 200: {"sessionId":"c7104d6d-b578-4aea-a441-5b71d17293ac","value":{"ELEMENT":"00000000-0000-05e6-ffff-ffff00000088","element-6066-11e4-a52e-4f735466cecf":"00000000-0000-05e6-ffff-ffff00000088"}}
&amp#27;[38;5;32m[AndroidUiautomator2Driver@d606 (d81b27d0)]&amp#27;[0m Responding to client with driver.findElement() result: {"element-6066-11e4-a52e-4f735466cecf":"00000000-0000-05e6-ffff-ffff00000088","ELEMENT":"00000000-0000-05e6-ffff-ffff00000088"}
&amp#27;[38;5;0m[HTTP]&amp#27;[0m &amp#27;[37m<-- POST /session/d81b27d0-df21-4c35-ba99-cbd5317203eb/element &amp#27;[39m&amp#27;[32m200&amp#27;[39m &amp#27;[90m311 ms - 137&amp#27;[39m
&amp#27;[38;5;0m[HTTP]&amp#27;[0m &amp#27;[90m&amp#27;[39m
&amp#27;[38;5;0m[HTTP]&amp#27;[0m &amp#27;[37m-->&amp#27;[39m &amp#27;[37mPOST&amp#27;[39m &amp#27;[37m/session/d81b27d0-df21-4c35-ba99-cbd5317203eb/element/00000000-0000-05e6-ffff-ffff00000088/click&amp#27;[39m
&amp#27;[38;5;0m[HTTP]&amp#27;[0m &amp#27;[90m{"id":"00000000-0000-05e6-ffff-ffff00000088"}&amp#27;[39m
&amp#27;[38;5;32m[AndroidUiautomator2Driver@d606 (d81b27d0)]&amp#27;[0m Calling AppiumDriver.click() with args: ["00000000-0000-05e6-ffff-ffff00000088","d81b27d0-df21-4c35-ba99-cbd5317203eb"]
&amp#27;[38;5;32m[AndroidUiautomator2Driver@d606 (d81b27d0)]&amp#27;[0m Matched '/element/00000000-0000-05e6-ffff-ffff00000088/click' to command name 'click'
&amp#27;[38;5;32m[AndroidUiautomator2Driver@d606 (d81b27d0)]&amp#27;[0m Proxying [POST /element/00000000-0000-05e6-ffff-ffff00000088/click] to [POST http://127.0.0.1:8209/session/c7104d6d-b578-4aea-a441-5b71d17293ac/element/00000000-0000-05e6-ffff-ffff00000088/click] with body: {"element":"00000000-0000-05e6-ffff-ffff00000088"}
&amp#27;[38;5;32m[AndroidUiautomator2Driver@d606 (d81b27d0)]&amp#27;[0m Got response with status 200: {"sessionId":"c7104d6d-b578-4aea-a441-5b71d17293ac","value":null}
&amp#27;[38;5;32m[AndroidUiautomator2Driver@d606 (d81b27d0)]&amp#27;[0m Responding to client with driver.click() result: null
&amp#27;[38;5;0m[HTTP]&amp#27;[0m &amp#27;[37m<-- POST /session/d81b27d0-df21-4c35-ba99-cbd5317203eb/element/00000000-0000-05e6-ffff-ffff00000088/click &amp#27;[39m&amp#27;[32m200&amp#27;[39m &amp#27;[90m672 ms - 14&amp#27;[39m
&amp#27;[38;5;0m[HTTP]&amp#27;[0m &amp#27;[90m&amp#27;[39m
&amp#27;[38;5;0m[HTTP]&amp#27;[0m &amp#27;[37m-->&amp#27;[39m &amp#27;[37mGET&amp#27;[39m &amp#27;[37m/session/d81b27d0-df21-4c35-ba99-cbd5317203eb/context&amp#27;[39m
&amp#27;[38;5;0m[HTTP]&amp#27;[0m &amp#27;[90m{}&amp#27;[39m
&amp#27;[38;5;32m[AndroidUiautomator2Driver@d606 (d81b27d0)]&amp#27;[0m Calling AppiumDriver.getCurrentContext() with args: ["d81b27d0-df21-4c35-ba99-cbd5317203eb"]
&amp#27;[38;5;32m[AndroidUiautomator2Driver@d606 (d81b27d0)]&amp#27;[0m Responding to client with driver.getCurrentContext() result: "NATIVE_APP"
&amp#27;[38;5;0m[HTTP]&amp#27;[0m &amp#27;[37m<-- GET /session/d81b27d0-df21-4c35-ba99-cbd5317203eb/context &amp#27;[39m&amp#27;[32m200&amp#27;[39m &amp#27;[90m1 ms - 22&amp#27;[39m
&amp#27;[38;5;0m[HTTP]&amp#27;[0m &amp#27;[90m&amp#27;[39m
&amp#27;[38;5;0m[HTTP]&amp#27;[0m &amp#27;[37m-->&amp#27;[39m &amp#27;[37mPOST&amp#27;[39m &amp#27;[37m/session/d81b27d0-df21-4c35-ba99-cbd5317203eb/element&amp#27;[39m
&amp#27;[38;5;0m[HTTP]&amp#27;[0m &amp#27;[90m{"using":"id","value":"com.fivemobile.thescore:id/action_button_text"}&amp#27;[39m
&amp#27;[38;5;32m[AndroidUiautomator2Driver@d606 (d81b27d0)]&amp#27;[0m Calling AppiumDriver.findElement() with args: ["id","com.fivemobile.thescore:id/action_button_text","d81b27d0-df21-4c35-ba99-cbd5317203eb"]
&amp#27;[38;5;32m[AndroidUiautomator2Driver@d606 (d81b27d0)]&amp#27;[0m Valid locator strategies for this request: xpath, id, class name, accessibility id, css selector, -android uiautomator
&amp#27;[38;5;32m[AndroidUiautomator2Driver@d606 (d81b27d0)]&amp#27;[0m Waiting up to 5000 ms for condition
&amp#27;[38;5;32m[AndroidUiautomator2Driver@d606 (d81b27d0)]&amp#27;[0m Matched '/element' to command name 'findElement'
&amp#27;[38;5;32m[AndroidUiautomator2Driver@d606 (d81b27d0)]&amp#27;[0m Proxying [POST /element] to [POST http://127.0.0.1:8209/session/c7104d6d-b578-4aea-a441-5b71d17293ac/element] with body: {"strategy":"id","selector":"com.fivemobile.thescore:id/action_button_text","context":"","multiple":false}
&amp#27;[38;5;32m[AndroidUiautomator2Driver@d606 (d81b27d0)]&amp#27;[0m Got response with status 200: {"sessionId":"c7104d6d-b578-4aea-a441-5b71d17293ac","value":{"ELEMENT":"00000000-0000-05e6-ffff-ffff00000088","element-6066-11e4-a52e-4f735466cecf":"00000000-0000-05e6-ffff-ffff00000088"}}
&amp#27;[38;5;32m[AndroidUiautomator2Driver@d606 (d81b27d0)]&amp#27;[0m Responding to client with driver.findElement() result: {"element-6066-11e4-a52e-4f735466cecf":"00000000-0000-05e6-ffff-ffff00000088","ELEMENT":"00000000-0000-05e6-ffff-ffff00000088"}
&amp#27;[38;5;0m[HTTP]&amp#27;[0m &amp#27;[37m<-- POST /session/d81b27d0-df21-4c35-ba99-cbd5317203eb/element &amp#27;[39m&amp#27;[32m200&amp#27;[39m &amp#27;[90m293 ms - 137&amp#27;[39m
&amp#27;[38;5;0m[HTTP]&amp#27;[0m &amp#27;[90m&amp#27;[39m
&amp#27;[38;5;0m[HTTP]&amp#27;[0m &amp#27;[37m-->&amp#27;[39m &amp#27;[37mPOST&amp#27;[39m &amp#27;[37m/session/d81b27d0-df21-4c35-ba99-cbd5317203eb/element/00000000-0000-05e6-ffff-ffff00000088/click&amp#27;[39m
&amp#27;[38;5;0m[HTTP]&amp#27;[0m &amp#27;[90m{"id":"00000000-0000-05e6-ffff-ffff00000088"}&amp#27;[39m
&amp#27;[38;5;32m[AndroidUiautomator2Driver@d606 (d81b27d0)]&amp#27;[0m Calling AppiumDriver.click() with args: ["00000000-0000-05e6-ffff-ffff00000088","d81b27d0-df21-4c35-ba99-cbd5317203eb"]
&amp#27;[38;5;32m[AndroidUiautomator2Driver@d606 (d81b27d0)]&amp#27;[0m Matched '/element/00000000-0000-05e6-ffff-ffff00000088/click' to command name 'click'
&amp#27;[38;5;32m[AndroidUiautomator2Driver@d606 (d81b27d0)]&amp#27;[0m Proxying [POST /element/00000000-0000-05e6-ffff-ffff00000088/click] to [POST http://127.0.0.1:8209/session/c7104d6d-b578-4aea-a441-5b71d17293ac/element/00000000-0000-05e6-ffff-ffff00000088/click] with body: {"element":"00000000-0000-05e6-ffff-ffff00000088"}
&amp#27;[38;5;32m[AndroidUiautomator2Driver@d606 (d81b27d0)]&amp#27;[0m Got response with status 200: {"sessionId":"c7104d6d-b578-4aea-a441-5b71d17293ac","value":null}
&amp#27;[38;5;32m[AndroidUiautomator2Driver@d606 (d81b27d0)]&amp#27;[0m Responding to client with driver.click() result: null
&amp#27;[38;5;0m[HTTP]&amp#27;[0m &amp#27;[37m<-- POST /session/d81b27d0-df21-4c35-ba99-cbd5317203eb/element/00000000-0000-05e6-ffff-ffff00000088/click &amp#27;[39m&amp#27;[32m200&amp#27;[39m &amp#27;[90m546 ms - 14&amp#27;[39m
&amp#27;[38;5;0m[HTTP]&amp#27;[0m &amp#27;[90m&amp#27;[39m
&amp#27;[38;5;0m[HTTP]&amp#27;[0m &amp#27;[37m-->&amp#27;[39m &amp#27;[37mPOST&amp#27;[39m &amp#27;[37m/session/d81b27d0-df21-4c35-ba99-cbd5317203eb/element&amp#27;[39m
&amp#27;[38;5;0m[HTTP]&amp#27;[0m &amp#27;[90m{"using":"id","value":"com.android.permissioncontroller:id/permission_allow_button"}&amp#27;[39m
&amp#27;[38;5;32m[AndroidUiautomator2Driver@d606 (d81b27d0)]&amp#27;[0m Calling AppiumDriver.findElement() with args: ["id","com.android.permissioncontroller:id/permission_allow_button","d81b27d0-df21-4c35-ba99-cbd5317203eb"]
&amp#27;[38;5;32m[AndroidUiautomator2Driver@d606 (d81b27d0)]&amp#27;[0m Valid locator strategies for this request: xpath, id, class name, accessibility id, css selector, -android uiautomator
&amp#27;[38;5;32m[AndroidUiautomator2Driver@d606 (d81b27d0)]&amp#27;[0m Waiting up to 5000 ms for condition
&amp#27;[38;5;32m[AndroidUiautomator2Driver@d606 (d81b27d0)]&amp#27;[0m Matched '/element' to command name 'findElement'
&amp#27;[38;5;32m[AndroidUiautomator2Driver@d606 (d81b27d0)]&amp#27;[0m Proxying [POST /element] to [POST http://127.0.0.1:8209/session/c7104d6d-b578-4aea-a441-5b71d17293ac/element] with body: {"strategy":"id","selector":"com.android.permissioncontroller:id/permission_allow_button","context":"","multiple":false}
&amp#27;[38;5;32m[AndroidUiautomator2Driver@d606 (d81b27d0)]&amp#27;[0m Got response with status 404: {"sessionId":"c7104d6d-b578-4aea-a441-5b71d17293ac","value":{"error":"no such element","message":"An element could not be located on the page using the given search parameters","stacktrace":"io.appium.uiautomator2.common.exceptions.ElementNotFoundException: An element could not be located on the page using the given search parameters\n\tat io.appium.uiautomator2.handler.FindElement.safeHandle(FindElement.java:63)\n\tat io.appium.uiautomator2.handler.request.SafeRequestHandler.handle(SafeRequestHandler.java:59)\n\tat io.appium.uiautomator2.server.AppiumServlet.handleRequest(AppiumServlet.java:277)\n\tat io.appium.uiautomator2.server.AppiumServlet.handleHttpRequest(AppiumServlet.java:271)\n\tat io.appium.uiautomator2.http.ServerHandler.channelRead(ServerHandler.java:77)\n\tat io.netty.channel.AbstractChannelHandlerContext.invokeChannelRead(AbstractChannelHandlerContext.java:366)\n\tat io.netty.channel.AbstractChannelHandlerContext.invokeChannelRead(AbstractChannelHandlerContext.java:352)\n\tat io.netty.chann...
&amp#27;[38;5;128m[W3C]&amp#27;[0m Matched W3C error code 'no such element' to NoSuchElementError
&amp#27;[38;5;32m[AndroidUiautomator2Driver@d606 (d81b27d0)]&amp#27;[0m Waited for 32 ms so far
&amp#27;[38;5;32m[AndroidUiautomator2Driver@d606 (d81b27d0)]&amp#27;[0m Matched '/element' to command name 'findElement'
&amp#27;[38;5;32m[AndroidUiautomator2Driver@d606 (d81b27d0)]&amp#27;[0m Proxying [POST /element] to [POST http://127.0.0.1:8209/session/c7104d6d-b578-4aea-a441-5b71d17293ac/element] with body: {"strategy":"id","selector":"com.android.permissioncontroller:id/permission_allow_button","context":"","multiple":false}
&amp#27;[38;5;32m[AndroidUiautomator2Driver@d606 (d81b27d0)]&amp#27;[0m Got response with status 404: {"sessionId":"c7104d6d-b578-4aea-a441-5b71d17293ac","value":{"error":"no such element","message":"An element could not be located on the page using the given search parameters","stacktrace":"io.appium.uiautomator2.common.exceptions.ElementNotFoundException: An element could not be located on the page using the given search parameters\n\tat io.appium.uiautomator2.handler.FindElement.safeHandle(FindElement.java:63)\n\tat io.appium.uiautomator2.handler.request.SafeRequestHandler.handle(SafeRequestHandler.java:59)\n\tat io.appium.uiautomator2.server.AppiumServlet.handleRequest(AppiumServlet.java:277)\n\tat io.appium.uiautomator2.server.AppiumServlet.handleHttpRequest(AppiumServlet.java:271)\n\tat io.appium.uiautomator2.http.ServerHandler.channelRead(ServerHandler.java:77)\n\tat io.netty.channel.AbstractChannelHandlerContext.invokeChannelRead(AbstractChannelHandlerContext.java:366)\n\tat io.netty.channel.AbstractChannelHandlerContext.invokeChannelRead(AbstractChannelHandlerContext.java:352)\n\tat io.netty.chann...
&amp#27;[38;5;128m[W3C]&amp#27;[0m Matched W3C error code 'no such element' to NoSuchElementError
&amp#27;[38;5;32m[AndroidUiautomator2Driver@d606 (d81b27d0)]&amp#27;[0m Waited for 1575 ms so far
&amp#27;[38;5;32m[AndroidUiautomator2Driver@d606 (d81b27d0)]&amp#27;[0m Matched '/element' to command name 'findElement'
&amp#27;[38;5;32m[AndroidUiautomator2Driver@d606 (d81b27d0)]&amp#27;[0m Proxying [POST /element] to [POST http://127.0.0.1:8209/session/c7104d6d-b578-4aea-a441-5b71d17293ac/element] with body: {"strategy":"id","selector":"com.android.permissioncontroller:id/permission_allow_button","context":"","multiple":false}
&amp#27;[38;5;32m[AndroidUiautomator2Driver@d606 (d81b27d0)]&amp#27;[0m Got response with status 404: {"sessionId":"c7104d6d-b578-4aea-a441-5b71d17293ac","value":{"error":"no such element","message":"An element could not be located on the page using the given search parameters","stacktrace":"io.appium.uiautomator2.common.exceptions.ElementNotFoundException: An element could not be located on the page using the given search parameters\n\tat io.appium.uiautomator2.handler.FindElement.safeHandle(FindElement.java:63)\n\tat io.appium.uiautomator2.handler.request.SafeRequestHandler.handle(SafeRequestHandler.java:59)\n\tat io.appium.uiautomator2.server.AppiumServlet.handleRequest(AppiumServlet.java:277)\n\tat io.appium.uiautomator2.server.AppiumServlet.handleHttpRequest(AppiumServlet.java:271)\n\tat io.appium.uiautomator2.http.ServerHandler.channelRead(ServerHandler.java:77)\n\tat io.netty.channel.AbstractChannelHandlerContext.invokeChannelRead(AbstractChannelHandlerContext.java:366)\n\tat io.netty.channel.AbstractChannelHandlerContext.invokeChannelRead(AbstractChannelHandlerContext.java:352)\n\tat io.netty.chann...
&amp#27;[38;5;128m[W3C]&amp#27;[0m Matched W3C error code 'no such element' to NoSuchElementError
&amp#27;[38;5;32m[AndroidUiautomator2Driver@d606 (d81b27d0)]&amp#27;[0m Waited for 2098 ms so far
&amp#27;[38;5;32m[AndroidUiautomator2Driver@d606 (d81b27d0)]&amp#27;[0m Matched '/element' to command name 'findElement'
&amp#27;[38;5;32m[AndroidUiautomator2Driver@d606 (d81b27d0)]&amp#27;[0m Proxying [POST /element] to [POST http://127.0.0.1:8209/session/c7104d6d-b578-4aea-a441-5b71d17293ac/element] with body: {"strategy":"id","selector":"com.android.permissioncontroller:id/permission_allow_button","context":"","multiple":false}
&amp#27;[38;5;32m[AndroidUiautomator2Driver@d606 (d81b27d0)]&amp#27;[0m Got response with status 404: {"sessionId":"c7104d6d-b578-4aea-a441-5b71d17293ac","value":{"error":"no such element","message":"An element could not be located on the page using the given search parameters","stacktrace":"io.appium.uiautomator2.common.exceptions.ElementNotFoundException: An element could not be located on the page using the given search parameters\n\tat io.appium.uiautomator2.handler.FindElement.safeHandle(FindElement.java:63)\n\tat io.appium.uiautomator2.handler.request.SafeRequestHandler.handle(SafeRequestHandler.java:59)\n\tat io.appium.uiautomator2.server.AppiumServlet.handleRequest(AppiumServlet.java:277)\n\tat io.appium.uiautomator2.server.AppiumServlet.handleHttpRequest(AppiumServlet.java:271)\n\tat io.appium.uiautomator2.http.ServerHandler.channelRead(ServerHandler.java:77)\n\tat io.netty.channel.AbstractChannelHandlerContext.invokeChannelRead(AbstractChannelHandlerContext.java:366)\n\tat io.netty.channel.AbstractChannelHandlerContext.invokeChannelRead(AbstractChannelHandlerContext.java:352)\n\tat io.netty.chann...
&amp#27;[38;5;128m[W3C]&amp#27;[0m Matched W3C error code 'no such element' to NoSuchElementError
&amp#27;[38;5;32m[AndroidUiautomator2Driver@d606 (d81b27d0)]&amp#27;[0m Waited for 2611 ms so far
&amp#27;[38;5;32m[AndroidUiautomator2Driver@d606 (d81b27d0)]&amp#27;[0m Matched '/element' to command name 'findElement'
&amp#27;[38;5;32m[AndroidUiautomator2Driver@d606 (d81b27d0)]&amp#27;[0m Proxying [POST /element] to [POST http://127.0.0.1:8209/session/c7104d6d-b578-4aea-a441-5b71d17293ac/element] with body: {"strategy":"id","selector":"com.android.permissioncontroller:id/permission_allow_button","context":"","multiple":false}
&amp#27;[38;5;32m[AndroidUiautomator2Driver@d606 (d81b27d0)]&amp#27;[0m Got response with status 404: {"sessionId":"c7104d6d-b578-4aea-a441-5b71d17293ac","value":{"error":"no such element","message":"An element could not be located on the page using the given search parameters","stacktrace":"io.appium.uiautomator2.common.exceptions.ElementNotFoundException: An element could not be located on the page using the given search parameters\n\tat io.appium.uiautomator2.handler.FindElement.safeHandle(FindElement.java:63)\n\tat io.appium.uiautomator2.handler.request.SafeRequestHandler.handle(SafeRequestHandler.java:59)\n\tat io.appium.uiautomator2.server.AppiumServlet.handleRequest(AppiumServlet.java:277)\n\tat io.appium.uiautomator2.server.AppiumServlet.handleHttpRequest(AppiumServlet.java:271)\n\tat io.appium.uiautomator2.http.ServerHandler.channelRead(ServerHandler.java:77)\n\tat io.netty.channel.AbstractChannelHandlerContext.invokeChannelRead(AbstractChannelHandlerContext.java:366)\n\tat io.netty.channel.AbstractChannelHandlerContext.invokeChannelRead(AbstractChannelHandlerContext.java:352)\n\tat io.netty.chann...
&amp#27;[38;5;128m[W3C]&amp#27;[0m Matched W3C error code 'no such element' to NoSuchElementError
&amp#27;[38;5;32m[AndroidUiautomator2Driver@d606 (d81b27d0)]&amp#27;[0m Waited for 3125 ms so far
&amp#27;[38;5;32m[AndroidUiautomator2Driver@d606 (d81b27d0)]&amp#27;[0m Matched '/element' to command name 'findElement'
&amp#27;[38;5;32m[AndroidUiautomator2Driver@d606 (d81b27d0)]&amp#27;[0m Proxying [POST /element] to [POST http://127.0.0.1:8209/session/c7104d6d-b578-4aea-a441-5b71d17293ac/element] with body: {"strategy":"id","selector":"com.android.permissioncontroller:id/permission_allow_button","context":"","multiple":false}
&amp#27;[38;5;32m[AndroidUiautomator2Driver@d606 (d81b27d0)]&amp#27;[0m Got response with status 404: {"sessionId":"c7104d6d-b578-4aea-a441-5b71d17293ac","value":{"error":"no such element","message":"An element could not be located on the page using the given search parameters","stacktrace":"io.appium.uiautomator2.common.exceptions.ElementNotFoundException: An element could not be located on the page using the given search parameters\n\tat io.appium.uiautomator2.handler.FindElement.safeHandle(FindElement.java:63)\n\tat io.appium.uiautomator2.handler.request.SafeRequestHandler.handle(SafeRequestHandler.java:59)\n\tat io.appium.uiautomator2.server.AppiumServlet.handleRequest(AppiumServlet.java:277)\n\tat io.appium.uiautomator2.server.AppiumServlet.handleHttpRequest(AppiumServlet.java:271)\n\tat io.appium.uiautomator2.http.ServerHandler.channelRead(ServerHandler.java:77)\n\tat io.netty.channel.AbstractChannelHandlerContext.invokeChannelRead(AbstractChannelHandlerContext.java:366)\n\tat io.netty.channel.AbstractChannelHandlerContext.invokeChannelRead(AbstractChannelHandlerContext.java:352)\n\tat io.netty.chann...
&amp#27;[38;5;128m[W3C]&amp#27;[0m Matched W3C error code 'no such element' to NoSuchElementError
&amp#27;[38;5;32m[AndroidUiautomator2Driver@d606 (d81b27d0)]&amp#27;[0m Waited for 3639 ms so far
&amp#27;[38;5;32m[AndroidUiautomator2Driver@d606 (d81b27d0)]&amp#27;[0m Matched '/element' to command name 'findElement'
&amp#27;[38;5;32m[AndroidUiautomator2Driver@d606 (d81b27d0)]&amp#27;[0m Proxying [POST /element] to [POST http://127.0.0.1:8209/session/c7104d6d-b578-4aea-a441-5b71d17293ac/element] with body: {"strategy":"id","selector":"com.android.permissioncontroller:id/permission_allow_button","context":"","multiple":false}
&amp#27;[38;5;32m[AndroidUiautomator2Driver@d606 (d81b27d0)]&amp#27;[0m Got response with status 404: {"sessionId":"c7104d6d-b578-4aea-a441-5b71d17293ac","value":{"error":"no such element","message":"An element could not be located on the page using the given search parameters","stacktrace":"io.appium.uiautomator2.common.exceptions.ElementNotFoundException: An element could not be located on the page using the given search parameters\n\tat io.appium.uiautomator2.handler.FindElement.safeHandle(FindElement.java:63)\n\tat io.appium.uiautomator2.handler.request.SafeRequestHandler.handle(SafeRequestHandler.java:59)\n\tat io.appium.uiautomator2.server.AppiumServlet.handleRequest(AppiumServlet.java:277)\n\tat io.appium.uiautomator2.server.AppiumServlet.handleHttpRequest(AppiumServlet.java:271)\n\tat io.appium.uiautomator2.http.ServerHandler.channelRead(ServerHandler.java:77)\n\tat io.netty.channel.AbstractChannelHandlerContext.invokeChannelRead(AbstractChannelHandlerContext.java:366)\n\tat io.netty.channel.AbstractChannelHandlerContext.invokeChannelRead(AbstractChannelHandlerContext.java:352)\n\tat io.netty.chann...
&amp#27;[38;5;128m[W3C]&amp#27;[0m Matched W3C error code 'no such element' to NoSuchElementError
&amp#27;[38;5;32m[AndroidUiautomator2Driver@d606 (d81b27d0)]&amp#27;[0m Waited for 4322 ms so far
&amp#27;[38;5;32m[AndroidUiautomator2Driver@d606 (d81b27d0)]&amp#27;[0m Matched '/element' to command name 'findElement'
&amp#27;[38;5;32m[AndroidUiautomator2Driver@d606 (d81b27d0)]&amp#27;[0m Proxying [POST /element] to [POST http://127.0.0.1:8209/session/c7104d6d-b578-4aea-a441-5b71d17293ac/element] with body: {"strategy":"id","selector":"com.android.permissioncontroller:id/permission_allow_button","context":"","multiple":false}
&amp#27;[38;5;32m[AndroidUiautomator2Driver@d606 (d81b27d0)]&amp#27;[0m Got response with status 404: {"sessionId":"c7104d6d-b578-4aea-a441-5b71d17293ac","value":{"error":"no such element","message":"An element could not be located on the page using the given search parameters","stacktrace":"io.appium.uiautomator2.common.exceptions.ElementNotFoundException: An element could not be located on the page using the given search parameters\n\tat io.appium.uiautomator2.handler.FindElement.safeHandle(FindElement.java:63)\n\tat io.appium.uiautomator2.handler.request.SafeRequestHandler.handle(SafeRequestHandler.java:59)\n\tat io.appium.uiautomator2.server.AppiumServlet.handleRequest(AppiumServlet.java:277)\n\tat io.appium.uiautomator2.server.AppiumServlet.handleHttpRequest(AppiumServlet.java:271)\n\tat io.appium.uiautomator2.http.ServerHandler.channelRead(ServerHandler.java:77)\n\tat io.netty.channel.AbstractChannelHandlerContext.invokeChannelRead(AbstractChannelHandlerContext.java:366)\n\tat io.netty.channel.AbstractChannelHandlerContext.invokeChannelRead(AbstractChannelHandlerContext.java:352)\n\tat io.netty.chann...
&amp#27;[38;5;128m[W3C]&amp#27;[0m Matched W3C error code 'no such element' to NoSuchElementError
&amp#27;[38;5;32m[AndroidUiautomator2Driver@d606 (d81b27d0)]&amp#27;[0m Waited for 4847 ms so far
&amp#27;[38;5;32m[AndroidUiautomator2Driver@d606 (d81b27d0)]&amp#27;[0m Matched '/element' to command name 'findElement'
&amp#27;[38;5;32m[AndroidUiautomator2Driver@d606 (d81b27d0)]&amp#27;[0m Proxying [POST /element] to [POST http://127.0.0.1:8209/session/c7104d6d-b578-4aea-a441-5b71d17293ac/element] with body: {"strategy":"id","selector":"com.android.permissioncontroller:id/permission_allow_button","context":"","multiple":false}
&amp#27;[38;5;32m[AndroidUiautomator2Driver@d606 (d81b27d0)]&amp#27;[0m Got response with status 404: {"sessionId":"c7104d6d-b578-4aea-a441-5b71d17293ac","value":{"error":"no such element","message":"An element could not be located on the page using the given search parameters","stacktrace":"io.appium.uiautomator2.common.exceptions.ElementNotFoundException: An element could not be located on the page using the given search parameters\n\tat io.appium.uiautomator2.handler.FindElement.safeHandle(FindElement.java:63)\n\tat io.appium.uiautomator2.handler.request.SafeRequestHandler.handle(SafeRequestHandler.java:59)\n\tat io.appium.uiautomator2.server.AppiumServlet.handleRequest(AppiumServlet.java:277)\n\tat io.appium.uiautomator2.server.AppiumServlet.handleHttpRequest(AppiumServlet.java:271)\n\tat io.appium.uiautomator2.http.ServerHandler.channelRead(ServerHandler.java:77)\n\tat io.netty.channel.AbstractChannelHandlerContext.invokeChannelRead(AbstractChannelHandlerContext.java:366)\n\tat io.netty.channel.AbstractChannelHandlerContext.invokeChannelRead(AbstractChannelHandlerContext.java:352)\n\tat io.netty.chann...
&amp#27;[38;5;128m[W3C]&amp#27;[0m Matched W3C error code 'no such element' to NoSuchElementError
&amp#27;[38;5;32m[AndroidUiautomator2Driver@d606 (d81b27d0)]&amp#27;[0m Encountered internal error running command: NoSuchElementError: An element could not be located on the page using the given search parameters.
&amp#27;[38;5;32m[AndroidUiautomator2Driver@d606 (d81b27d0)]&amp#27;[0m     at AndroidUiautomator2Driver.findElOrEls (C:\Users\bungh\node_modules\appium-uiautomator2-driver\node_modules\appium-android-driver\lib\commands\find.ts:87:11)
&amp#27;[38;5;32m[AndroidUiautomator2Driver@d606 (d81b27d0)]&amp#27;[0m     at processTicksAndRejections (node:internal/process/task_queues:95:5)
&amp#27;[38;5;32m[AndroidUiautomator2Driver@d606 (d81b27d0)]&amp#27;[0m     at AndroidUiautomator2Driver.findElOrElsWithProcessing (C:\Users\bungh\node_modules\@appium\base-driver\lib\basedriver\commands\find.ts:60:12)
&amp#27;[38;5;32m[AndroidUiautomator2Driver@d606 (d81b27d0)]&amp#27;[0m     at AndroidUiautomator2Driver.findElement (C:\Users\bungh\node_modules\@appium\base-driver\lib\basedriver\commands\find.ts:75:12)
&amp#27;[38;5;0m[HTTP]&amp#27;[0m &amp#27;[37m<-- POST /session/d81b27d0-df21-4c35-ba99-cbd5317203eb/element &amp#27;[39m&amp#27;[33m404&amp#27;[39m &amp#27;[90m5021 ms - 791&amp#27;[39m
&amp#27;[38;5;0m[HTTP]&amp#27;[0m &amp#27;[90m&amp#27;[39m
&amp#27;[38;5;0m[HTTP]&amp#27;[0m &amp#27;[37m-->&amp#27;[39m &amp#27;[37mGET&amp#27;[39m &amp#27;[37m/session/d81b27d0-df21-4c35-ba99-cbd5317203eb/context&amp#27;[39m
&amp#27;[38;5;0m[HTTP]&amp#27;[0m &amp#27;[90m{}&amp#27;[39m
&amp#27;[38;5;32m[AndroidUiautomator2Driver@d606 (d81b27d0)]&amp#27;[0m Calling AppiumDriver.getCurrentContext() with args: ["d81b27d0-df21-4c35-ba99-cbd5317203eb"]
&amp#27;[38;5;32m[AndroidUiautomator2Driver@d606 (d81b27d0)]&amp#27;[0m Responding to client with driver.getCurrentContext() result: "NATIVE_APP"
&amp#27;[38;5;0m[HTTP]&amp#27;[0m &amp#27;[37m<-- GET /session/d81b27d0-df21-4c35-ba99-cbd5317203eb/context &amp#27;[39m&amp#27;[32m200&amp#27;[39m &amp#27;[90m1 ms - 22&amp#27;[39m
&amp#27;[38;5;0m[HTTP]&amp#27;[0m &amp#27;[90m&amp#27;[39m
&amp#27;[38;5;0m[HTTP]&amp#27;[0m &amp#27;[37m-->&amp#27;[39m &amp#27;[37mPOST&amp#27;[39m &amp#27;[37m/session/d81b27d0-df21-4c35-ba99-cbd5317203eb/element&amp#27;[39m
&amp#27;[38;5;0m[HTTP]&amp#27;[0m &amp#27;[90m{"using":"id","value":"com.fivemobile.thescore:id/dialog_container"}&amp#27;[39m
&amp#27;[38;5;32m[AndroidUiautomator2Driver@d606 (d81b27d0)]&amp#27;[0m Calling AppiumDriver.findElement() with args: ["id","com.fivemobile.thescore:id/dialog_container","d81b27d0-df21-4c35-ba99-cbd5317203eb"]
&amp#27;[38;5;32m[AndroidUiautomator2Driver@d606 (d81b27d0)]&amp#27;[0m Valid locator strategies for this request: xpath, id, class name, accessibility id, css selector, -android uiautomator
&amp#27;[38;5;32m[AndroidUiautomator2Driver@d606 (d81b27d0)]&amp#27;[0m Waiting up to 5000 ms for condition
&amp#27;[38;5;32m[AndroidUiautomator2Driver@d606 (d81b27d0)]&amp#27;[0m Matched '/element' to command name 'findElement'
&amp#27;[38;5;32m[AndroidUiautomator2Driver@d606 (d81b27d0)]&amp#27;[0m Proxying [POST /element] to [POST http://127.0.0.1:8209/session/c7104d6d-b578-4aea-a441-5b71d17293ac/element] with body: {"strategy":"id","selector":"com.fivemobile.thescore:id/dialog_container","context":"","multiple":false}
&amp#27;[38;5;32m[AndroidUiautomator2Driver@d606 (d81b27d0)]&amp#27;[0m Got response with status 200: {"sessionId":"c7104d6d-b578-4aea-a441-5b71d17293ac","value":{"ELEMENT":"00000000-0000-05e7-ffff-ffff0000035f","element-6066-11e4-a52e-4f735466cecf":"00000000-0000-05e7-ffff-ffff0000035f"}}
&amp#27;[38;5;32m[AndroidUiautomator2Driver@d606 (d81b27d0)]&amp#27;[0m Responding to client with driver.findElement() result: {"element-6066-11e4-a52e-4f735466cecf":"00000000-0000-05e7-ffff-ffff0000035f","ELEMENT":"00000000-0000-05e7-ffff-ffff0000035f"}
&amp#27;[38;5;0m[HTTP]&amp#27;[0m &amp#27;[37m<-- POST /session/d81b27d0-df21-4c35-ba99-cbd5317203eb/element &amp#27;[39m&amp#27;[32m200&amp#27;[39m &amp#27;[90m8 ms - 137&amp#27;[39m
&amp#27;[38;5;0m[HTTP]&amp#27;[0m &amp#27;[90m&amp#27;[39m
&amp#27;[38;5;0m[HTTP]&amp#27;[0m &amp#27;[37m-->&amp#27;[39m &amp#27;[37mGET&amp#27;[39m &amp#27;[37m/session/d81b27d0-df21-4c35-ba99-cbd5317203eb/element/00000000-0000-05e7-ffff-ffff0000035f/displayed&amp#27;[39m
&amp#27;[38;5;0m[HTTP]&amp#27;[0m &amp#27;[90m{}&amp#27;[39m
&amp#27;[38;5;32m[AndroidUiautomator2Driver@d606 (d81b27d0)]&amp#27;[0m Calling AppiumDriver.elementDisplayed() with args: ["00000000-0000-05e7-ffff-ffff0000035f","d81b27d0-df21-4c35-ba99-cbd5317203eb"]
&amp#27;[38;5;32m[AndroidUiautomator2Driver@d606 (d81b27d0)]&amp#27;[0m Matched '/element/00000000-0000-05e7-ffff-ffff0000035f/attribute/displayed' to command name 'getAttribute'
&amp#27;[38;5;32m[AndroidUiautomator2Driver@d606 (d81b27d0)]&amp#27;[0m Proxying [GET /element/00000000-0000-05e7-ffff-ffff0000035f/attribute/displayed] to [GET http://127.0.0.1:8209/session/c7104d6d-b578-4aea-a441-5b71d17293ac/element/00000000-0000-05e7-ffff-ffff0000035f/attribute/displayed] with no body
&amp#27;[38;5;32m[AndroidUiautomator2Driver@d606 (d81b27d0)]&amp#27;[0m Got response with status 200: {"sessionId":"c7104d6d-b578-4aea-a441-5b71d17293ac","value":"true"}
&amp#27;[38;5;32m[AndroidUiautomator2Driver@d606 (d81b27d0)]&amp#27;[0m Responding to client with driver.elementDisplayed() result: true
&amp#27;[38;5;0m[HTTP]&amp#27;[0m &amp#27;[37m<-- GET /session/d81b27d0-df21-4c35-ba99-cbd5317203eb/element/00000000-0000-05e7-ffff-ffff0000035f/displayed &amp#27;[39m&amp#27;[32m200&amp#27;[39m &amp#27;[90m7 ms - 14&amp#27;[39m
&amp#27;[38;5;0m[HTTP]&amp#27;[0m &amp#27;[90m&amp#27;[39m
&amp#27;[38;5;0m[HTTP]&amp#27;[0m &amp#27;[37m-->&amp#27;[39m &amp#27;[37mGET&amp#27;[39m &amp#27;[37m/session/d81b27d0-df21-4c35-ba99-cbd5317203eb/context&amp#27;[39m
&amp#27;[38;5;0m[HTTP]&amp#27;[0m &amp#27;[90m{}&amp#27;[39m
&amp#27;[38;5;32m[AndroidUiautomator2Driver@d606 (d81b27d0)]&amp#27;[0m Calling AppiumDriver.getCurrentContext() with args: ["d81b27d0-df21-4c35-ba99-cbd5317203eb"]
&amp#27;[38;5;32m[AndroidUiautomator2Driver@d606 (d81b27d0)]&amp#27;[0m Responding to client with driver.getCurrentContext() result: "NATIVE_APP"
&amp#27;[38;5;0m[HTTP]&amp#27;[0m &amp#27;[37m<-- GET /session/d81b27d0-df21-4c35-ba99-cbd5317203eb/context &amp#27;[39m&amp#27;[32m200&amp#27;[39m &amp#27;[90m1 ms - 22&amp#27;[39m
&amp#27;[38;5;0m[HTTP]&amp#27;[0m &amp#27;[90m&amp#27;[39m
&amp#27;[38;5;0m[HTTP]&amp#27;[0m &amp#27;[37m-->&amp#27;[39m &amp#27;[37mPOST&amp#27;[39m &amp#27;[37m/session/d81b27d0-df21-4c35-ba99-cbd5317203eb/element&amp#27;[39m
&amp#27;[38;5;0m[HTTP]&amp#27;[0m &amp#27;[90m{"using":"id","value":"com.fivemobile.thescore:id/dismiss_modal"}&amp#27;[39m
&amp#27;[38;5;32m[AndroidUiautomator2Driver@d606 (d81b27d0)]&amp#27;[0m Calling AppiumDriver.findElement() with args: ["id","com.fivemobile.thescore:id/dismiss_modal","d81b27d0-df21-4c35-ba99-cbd5317203eb"]
&amp#27;[38;5;32m[AndroidUiautomator2Driver@d606 (d81b27d0)]&amp#27;[0m Valid locator strategies for this request: xpath, id, class name, accessibility id, css selector, -android uiautomator
&amp#27;[38;5;32m[AndroidUiautomator2Driver@d606 (d81b27d0)]&amp#27;[0m Waiting up to 5000 ms for condition
&amp#27;[38;5;32m[AndroidUiautomator2Driver@d606 (d81b27d0)]&amp#27;[0m Matched '/element' to command name 'findElement'
&amp#27;[38;5;32m[AndroidUiautomator2Driver@d606 (d81b27d0)]&amp#27;[0m Proxying [POST /element] to [POST http://127.0.0.1:8209/session/c7104d6d-b578-4aea-a441-5b71d17293ac/element] with body: {"strategy":"id","selector":"com.fivemobile.thescore:id/dismiss_modal","context":"","multiple":false}
&amp#27;[38;5;32m[AndroidUiautomator2Driver@d606 (d81b27d0)]&amp#27;[0m Got response with status 200: {"sessionId":"c7104d6d-b578-4aea-a441-5b71d17293ac","value":{"ELEMENT":"00000000-0000-05e7-ffff-ffff00000361","element-6066-11e4-a52e-4f735466cecf":"00000000-0000-05e7-ffff-ffff00000361"}}
&amp#27;[38;5;32m[AndroidUiautomator2Driver@d606 (d81b27d0)]&amp#27;[0m Responding to client with driver.findElement() result: {"element-6066-11e4-a52e-4f735466cecf":"00000000-0000-05e7-ffff-ffff00000361","ELEMENT":"00000000-0000-05e7-ffff-ffff00000361"}
&amp#27;[38;5;0m[HTTP]&amp#27;[0m &amp#27;[37m<-- POST /session/d81b27d0-df21-4c35-ba99-cbd5317203eb/element &amp#27;[39m&amp#27;[32m200&amp#27;[39m &amp#27;[90m8 ms - 137&amp#27;[39m
&amp#27;[38;5;0m[HTTP]&amp#27;[0m &amp#27;[90m&amp#27;[39m
&amp#27;[38;5;0m[HTTP]&amp#27;[0m &amp#27;[37m-->&amp#27;[39m &amp#27;[37mPOST&amp#27;[39m &amp#27;[37m/session/d81b27d0-df21-4c35-ba99-cbd5317203eb/element/00000000-0000-05e7-ffff-ffff00000361/click&amp#27;[39m
&amp#27;[38;5;0m[HTTP]&amp#27;[0m &amp#27;[90m{"id":"00000000-0000-05e7-ffff-ffff00000361"}&amp#27;[39m
&amp#27;[38;5;32m[AndroidUiautomator2Driver@d606 (d81b27d0)]&amp#27;[0m Calling AppiumDriver.click() with args: ["00000000-0000-05e7-ffff-ffff00000361","d81b27d0-df21-4c35-ba99-cbd5317203eb"]
&amp#27;[38;5;32m[AndroidUiautomator2Driver@d606 (d81b27d0)]&amp#27;[0m Matched '/element/00000000-0000-05e7-ffff-ffff00000361/click' to command name 'click'
&amp#27;[38;5;32m[AndroidUiautomator2Driver@d606 (d81b27d0)]&amp#27;[0m Proxying [POST /element/00000000-0000-05e7-ffff-ffff00000361/click] to [POST http://127.0.0.1:8209/session/c7104d6d-b578-4aea-a441-5b71d17293ac/element/00000000-0000-05e7-ffff-ffff00000361/click] with body: {"element":"00000000-0000-05e7-ffff-ffff00000361"}
&amp#27;[38;5;32m[AndroidUiautomator2Driver@d606 (d81b27d0)]&amp#27;[0m Got response with status 200: {"sessionId":"c7104d6d-b578-4aea-a441-5b71d17293ac","value":null}
&amp#27;[38;5;32m[AndroidUiautomator2Driver@d606 (d81b27d0)]&amp#27;[0m Responding to client with driver.click() result: null
&amp#27;[38;5;0m[HTTP]&amp#27;[0m &amp#27;[37m<-- POST /session/d81b27d0-df21-4c35-ba99-cbd5317203eb/element/00000000-0000-05e7-ffff-ffff00000361/click &amp#27;[39m&amp#27;[32m200&amp#27;[39m &amp#27;[90m35 ms - 14&amp#27;[39m
&amp#27;[38;5;0m[HTTP]&amp#27;[0m &amp#27;[90m&amp#27;[39m
&amp#27;[38;5;0m[HTTP]&amp#27;[0m &amp#27;[37m-->&amp#27;[39m &amp#27;[37mGET&amp#27;[39m &amp#27;[37m/session/d81b27d0-df21-4c35-ba99-cbd5317203eb/context&amp#27;[39m
&amp#27;[38;5;0m[HTTP]&amp#27;[0m &amp#27;[90m{}&amp#27;[39m
&amp#27;[38;5;32m[AndroidUiautomator2Driver@d606 (d81b27d0)]&amp#27;[0m Calling AppiumDriver.getCurrentContext() with args: ["d81b27d0-df21-4c35-ba99-cbd5317203eb"]
&amp#27;[38;5;32m[AndroidUiautomator2Driver@d606 (d81b27d0)]&amp#27;[0m Responding to client with driver.getCurrentContext() result: "NATIVE_APP"
&amp#27;[38;5;0m[HTTP]&amp#27;[0m &amp#27;[37m<-- GET /session/d81b27d0-df21-4c35-ba99-cbd5317203eb/context &amp#27;[39m&amp#27;[32m200&amp#27;[39m &amp#27;[90m1 ms - 22&amp#27;[39m
&amp#27;[38;5;0m[HTTP]&amp#27;[0m &amp#27;[90m&amp#27;[39m
&amp#27;[38;5;0m[HTTP]&amp#27;[0m &amp#27;[37m-->&amp#27;[39m &amp#27;[37mPOST&amp#27;[39m &amp#27;[37m/session/d81b27d0-df21-4c35-ba99-cbd5317203eb/element&amp#27;[39m
&amp#27;[38;5;0m[HTTP]&amp#27;[0m &amp#27;[90m{"using":"id","value":"com.fivemobile.thescore:id/search_bar_text_view"}&amp#27;[39m
&amp#27;[38;5;32m[AndroidUiautomator2Driver@d606 (d81b27d0)]&amp#27;[0m Calling AppiumDriver.findElement() with args: ["id","com.fivemobile.thescore:id/search_bar_text_view","d81b27d0-df21-4c35-ba99-cbd5317203eb"]
&amp#27;[38;5;32m[AndroidUiautomator2Driver@d606 (d81b27d0)]&amp#27;[0m Valid locator strategies for this request: xpath, id, class name, accessibility id, css selector, -android uiautomator
&amp#27;[38;5;32m[AndroidUiautomator2Driver@d606 (d81b27d0)]&amp#27;[0m Waiting up to 5000 ms for condition
&amp#27;[38;5;32m[AndroidUiautomator2Driver@d606 (d81b27d0)]&amp#27;[0m Matched '/element' to command name 'findElement'
&amp#27;[38;5;32m[AndroidUiautomator2Driver@d606 (d81b27d0)]&amp#27;[0m Proxying [POST /element] to [POST http://127.0.0.1:8209/session/c7104d6d-b578-4aea-a441-5b71d17293ac/element] with body: {"strategy":"id","selector":"com.fivemobile.thescore:id/search_bar_text_view","context":"","multiple":false}
&amp#27;[38;5;32m[AndroidUiautomator2Driver@d606 (d81b27d0)]&amp#27;[0m Got response with status 200: {"sessionId":"c7104d6d-b578-4aea-a441-5b71d17293ac","value":{"ELEMENT":"00000000-0000-05e6-ffff-ffff0000034f","element-6066-11e4-a52e-4f735466cecf":"00000000-0000-05e6-ffff-ffff0000034f"}}
&amp#27;[38;5;32m[AndroidUiautomator2Driver@d606 (d81b27d0)]&amp#27;[0m Responding to client with driver.findElement() result: {"element-6066-11e4-a52e-4f735466cecf":"00000000-0000-05e6-ffff-ffff0000034f","ELEMENT":"00000000-0000-05e6-ffff-ffff0000034f"}
&amp#27;[38;5;0m[HTTP]&amp#27;[0m &amp#27;[37m<-- POST /session/d81b27d0-df21-4c35-ba99-cbd5317203eb/element &amp#27;[39m&amp#27;[32m200&amp#27;[39m &amp#27;[90m558 ms - 137&amp#27;[39m
&amp#27;[38;5;0m[HTTP]&amp#27;[0m &amp#27;[90m&amp#27;[39m
&amp#27;[38;5;0m[HTTP]&amp#27;[0m &amp#27;[37m-->&amp#27;[39m &amp#27;[37mPOST&amp#27;[39m &amp#27;[37m/session/d81b27d0-df21-4c35-ba99-cbd5317203eb/element/00000000-0000-05e6-ffff-ffff0000034f/click&amp#27;[39m
&amp#27;[38;5;0m[HTTP]&amp#27;[0m &amp#27;[90m{"id":"00000000-0000-05e6-ffff-ffff0000034f"}&amp#27;[39m
&amp#27;[38;5;32m[AndroidUiautomator2Driver@d606 (d81b27d0)]&amp#27;[0m Calling AppiumDriver.click() with args: ["00000000-0000-05e6-ffff-ffff0000034f","d81b27d0-df21-4c35-ba99-cbd5317203eb"]
&amp#27;[38;5;32m[AndroidUiautomator2Driver@d606 (d81b27d0)]&amp#27;[0m Matched '/element/00000000-0000-05e6-ffff-ffff0000034f/click' to command name 'click'
&amp#27;[38;5;32m[AndroidUiautomator2Driver@d606 (d81b27d0)]&amp#27;[0m Proxying [POST /element/00000000-0000-05e6-ffff-ffff0000034f/click] to [POST http://127.0.0.1:8209/session/c7104d6d-b578-4aea-a441-5b71d17293ac/element/00000000-0000-05e6-ffff-ffff0000034f/click] with body: {"element":"00000000-0000-05e6-ffff-ffff0000034f"}
&amp#27;[38;5;32m[AndroidUiautomator2Driver@d606 (d81b27d0)]&amp#27;[0m Got response with status 200: {"sessionId":"c7104d6d-b578-4aea-a441-5b71d17293ac","value":null}
&amp#27;[38;5;32m[AndroidUiautomator2Driver@d606 (d81b27d0)]&amp#27;[0m Responding to client with driver.click() result: null
&amp#27;[38;5;0m[HTTP]&amp#27;[0m &amp#27;[37m<-- POST /session/d81b27d0-df21-4c35-ba99-cbd5317203eb/element/00000000-0000-05e6-ffff-ffff0000034f/click &amp#27;[39m&amp#27;[32m200&amp#27;[39m &amp#27;[90m29 ms - 14&amp#27;[39m
&amp#27;[38;5;0m[HTTP]&amp#27;[0m &amp#27;[90m&amp#27;[39m
&amp#27;[38;5;0m[HTTP]&amp#27;[0m &amp#27;[37m-->&amp#27;[39m &amp#27;[37mGET&amp#27;[39m &amp#27;[37m/session/d81b27d0-df21-4c35-ba99-cbd5317203eb/context&amp#27;[39m
&amp#27;[38;5;0m[HTTP]&amp#27;[0m &amp#27;[90m{}&amp#27;[39m
&amp#27;[38;5;32m[AndroidUiautomator2Driver@d606 (d81b27d0)]&amp#27;[0m Calling AppiumDriver.getCurrentContext() with args: ["d81b27d0-df21-4c35-ba99-cbd5317203eb"]
&amp#27;[38;5;32m[AndroidUiautomator2Driver@d606 (d81b27d0)]&amp#27;[0m Responding to client with driver.getCurrentContext() result: "NATIVE_APP"
&amp#27;[38;5;0m[HTTP]&amp#27;[0m &amp#27;[37m<-- GET /session/d81b27d0-df21-4c35-ba99-cbd5317203eb/context &amp#27;[39m&amp#27;[32m200&amp#27;[39m &amp#27;[90m1 ms - 22&amp#27;[39m
&amp#27;[38;5;0m[HTTP]&amp#27;[0m &amp#27;[90m&amp#27;[39m
&amp#27;[38;5;0m[HTTP]&amp#27;[0m &amp#27;[37m-->&amp#27;[39m &amp#27;[37mPOST&amp#27;[39m &amp#27;[37m/session/d81b27d0-df21-4c35-ba99-cbd5317203eb/element&amp#27;[39m
&amp#27;[38;5;0m[HTTP]&amp#27;[0m &amp#27;[90m{"using":"id","value":"com.fivemobile.thescore:id/search_src_text"}&amp#27;[39m
&amp#27;[38;5;32m[AndroidUiautomator2Driver@d606 (d81b27d0)]&amp#27;[0m Calling AppiumDriver.findElement() with args: ["id","com.fivemobile.thescore:id/search_src_text","d81b27d0-df21-4c35-ba99-cbd5317203eb"]
&amp#27;[38;5;32m[AndroidUiautomator2Driver@d606 (d81b27d0)]&amp#27;[0m Valid locator strategies for this request: xpath, id, class name, accessibility id, css selector, -android uiautomator
&amp#27;[38;5;32m[AndroidUiautomator2Driver@d606 (d81b27d0)]&amp#27;[0m Waiting up to 5000 ms for condition
&amp#27;[38;5;32m[AndroidUiautomator2Driver@d606 (d81b27d0)]&amp#27;[0m Matched '/element' to command name 'findElement'
&amp#27;[38;5;32m[AndroidUiautomator2Driver@d606 (d81b27d0)]&amp#27;[0m Proxying [POST /element] to [POST http://127.0.0.1:8209/session/c7104d6d-b578-4aea-a441-5b71d17293ac/element] with body: {"strategy":"id","selector":"com.fivemobile.thescore:id/search_src_text","context":"","multiple":false}
&amp#27;[38;5;32m[AndroidUiautomator2Driver@d606 (d81b27d0)]&amp#27;[0m Got response with status 404: {"sessionId":"c7104d6d-b578-4aea-a441-5b71d17293ac","value":{"error":"no such element","message":"An element could not be located on the page using the given search parameters","stacktrace":"io.appium.uiautomator2.common.exceptions.ElementNotFoundException: An element could not be located on the page using the given search parameters\n\tat io.appium.uiautomator2.handler.FindElement.safeHandle(FindElement.java:63)\n\tat io.appium.uiautomator2.handler.request.SafeRequestHandler.handle(SafeRequestHandler.java:59)\n\tat io.appium.uiautomator2.server.AppiumServlet.handleRequest(AppiumServlet.java:277)\n\tat io.appium.uiautomator2.server.AppiumServlet.handleHttpRequest(AppiumServlet.java:271)\n\tat io.appium.uiautomator2.http.ServerHandler.channelRead(ServerHandler.java:77)\n\tat io.netty.channel.AbstractChannelHandlerContext.invokeChannelRead(AbstractChannelHandlerContext.java:366)\n\tat io.netty.channel.AbstractChannelHandlerContext.invokeChannelRead(AbstractChannelHandlerContext.java:352)\n\tat io.netty.chann...
&amp#27;[38;5;128m[W3C]&amp#27;[0m Matched W3C error code 'no such element' to NoSuchElementError
&amp#27;[38;5;32m[AndroidUiautomator2Driver@d606 (d81b27d0)]&amp#27;[0m Waited for 92 ms so far
&amp#27;[38;5;32m[AndroidUiautomator2Driver@d606 (d81b27d0)]&amp#27;[0m Matched '/element' to command name 'findElement'
&amp#27;[38;5;32m[AndroidUiautomator2Driver@d606 (d81b27d0)]&amp#27;[0m Proxying [POST /element] to [POST http://127.0.0.1:8209/session/c7104d6d-b578-4aea-a441-5b71d17293ac/element] with body: {"strategy":"id","selector":"com.fivemobile.thescore:id/search_src_text","context":"","multiple":false}
&amp#27;[38;5;32m[AndroidUiautomator2Driver@d606 (d81b27d0)]&amp#27;[0m Got response with status 200: {"sessionId":"c7104d6d-b578-4aea-a441-5b71d17293ac","value":{"ELEMENT":"00000000-0000-05e6-ffff-ffff000003f3","element-6066-11e4-a52e-4f735466cecf":"00000000-0000-05e6-ffff-ffff000003f3"}}
&amp#27;[38;5;32m[AndroidUiautomator2Driver@d606 (d81b27d0)]&amp#27;[0m Responding to client with driver.findElement() result: {"element-6066-11e4-a52e-4f735466cecf":"00000000-0000-05e6-ffff-ffff000003f3","ELEMENT":"00000000-0000-05e6-ffff-ffff000003f3"}
&amp#27;[38;5;0m[HTTP]&amp#27;[0m &amp#27;[37m<-- POST /session/d81b27d0-df21-4c35-ba99-cbd5317203eb/element &amp#27;[39m&amp#27;[32m200&amp#27;[39m &amp#27;[90m1197 ms - 137&amp#27;[39m
&amp#27;[38;5;0m[HTTP]&amp#27;[0m &amp#27;[90m&amp#27;[39m
&amp#27;[38;5;0m[HTTP]&amp#27;[0m &amp#27;[37m-->&amp#27;[39m &amp#27;[37mPOST&amp#27;[39m &amp#27;[37m/session/d81b27d0-df21-4c35-ba99-cbd5317203eb/element/00000000-0000-05e6-ffff-ffff000003f3/value&amp#27;[39m
&amp#27;[38;5;0m[HTTP]&amp#27;[0m &amp#27;[90m{"value":["B","a","y","e","r","n"," ","M","u","n","i","c","h"],"text":"Bayern Munich","id":"00000000-0000-05e6-ffff-ffff000003f3"}&amp#27;[39m
&amp#27;[38;5;32m[AndroidUiautomator2Driver@d606 (d81b27d0)]&amp#27;[0m Calling AppiumDriver.setValue() with args: [["B","a","y","e","r","n"," ","M","u","n","i","c","h"],"00000000-0000-05e6-ffff-ffff000003f3","d81b27d0-df21-4c35-ba99-cbd5317203eb"]
&amp#27;[38;5;32m[AndroidUiautomator2Driver@d606 (d81b27d0)]&amp#27;[0m Matched '/element/00000000-0000-05e6-ffff-ffff000003f3/value' to command name 'setValue'
&amp#27;[38;5;32m[AndroidUiautomator2Driver@d606 (d81b27d0)]&amp#27;[0m Added 'value' property ["B","a","y","e","r","n"," ","M","u","n","i","c","h"] to 'setValue' request body
&amp#27;[38;5;32m[AndroidUiautomator2Driver@d606 (d81b27d0)]&amp#27;[0m Proxying [POST /element/00000000-0000-05e6-ffff-ffff000003f3/value] to [POST http://127.0.0.1:8209/session/c7104d6d-b578-4aea-a441-5b71d17293ac/element/00000000-0000-05e6-ffff-ffff000003f3/value] with body: {"elementId":"00000000-0000-05e6-ffff-ffff000003f3","text":"Bayern Munich","replace":false,"value":["B","a","y","e","r","n"," ","M","u","n","i","c","h"]}
&amp#27;[38;5;32m[AndroidUiautomator2Driver@d606 (d81b27d0)]&amp#27;[0m Got response with status 200: {"sessionId":"c7104d6d-b578-4aea-a441-5b71d17293ac","value":null}
&amp#27;[38;5;32m[AndroidUiautomator2Driver@d606 (d81b27d0)]&amp#27;[0m Responding to client with driver.setValue() result: null
&amp#27;[38;5;0m[HTTP]&amp#27;[0m &amp#27;[37m<-- POST /session/d81b27d0-df21-4c35-ba99-cbd5317203eb/element/00000000-0000-05e6-ffff-ffff000003f3/value &amp#27;[39m&amp#27;[32m200&amp#27;[39m &amp#27;[90m32 ms - 14&amp#27;[39m
&amp#27;[38;5;0m[HTTP]&amp#27;[0m &amp#27;[90m&amp#27;[39m
&amp#27;[38;5;0m[HTTP]&amp#27;[0m &amp#27;[37m-->&amp#27;[39m &amp#27;[37mPOST&amp#27;[39m &amp#27;[37m/session/d81b27d0-df21-4c35-ba99-cbd5317203eb/execute/sync&amp#27;[39m
&amp#27;[38;5;0m[HTTP]&amp#27;[0m &amp#27;[90m{"script":"mobile: hideKeyboard","args":[]}&amp#27;[39m
&amp#27;[38;5;32m[AndroidUiautomator2Driver@d606 (d81b27d0)]&amp#27;[0m Calling AppiumDriver.execute() with args: ["mobile: hideKeyboard",[],"d81b27d0-df21-4c35-ba99-cbd5317203eb"]
&amp#27;[38;5;32m[AndroidUiautomator2Driver@d606 (d81b27d0)]&amp#27;[0m Executing method 'mobile: hideKeyboard'
&amp#27;[38;5;64m[ADB]&amp#27;[0m Running 'C:\Users\bungh\AppData\Local\Android\Sdk\platform-tools\adb.exe -P 5037 -s emulator-5554 shell dumpsys input_method'
&amp#27;[38;5;64m[ADB]&amp#27;[0m Running 'C:\Users\bungh\AppData\Local\Android\Sdk\platform-tools\adb.exe -P 5037 -s emulator-5554 shell input keyevent 111'
&amp#27;[38;5;64m[ADB]&amp#27;[0m Running 'C:\Users\bungh\AppData\Local\Android\Sdk\platform-tools\adb.exe -P 5037 -s emulator-5554 shell dumpsys input_method'
&amp#27;[38;5;32m[AndroidUiautomator2Driver@d606 (d81b27d0)]&amp#27;[0m Responding to client with driver.execute() result: true
&amp#27;[38;5;0m[HTTP]&amp#27;[0m &amp#27;[37m<-- POST /session/d81b27d0-df21-4c35-ba99-cbd5317203eb/execute/sync &amp#27;[39m&amp#27;[32m200&amp#27;[39m &amp#27;[90m1226 ms - 14&amp#27;[39m
&amp#27;[38;5;0m[HTTP]&amp#27;[0m &amp#27;[90m&amp#27;[39m
&amp#27;[38;5;0m[HTTP]&amp#27;[0m &amp#27;[37m-->&amp#27;[39m &amp#27;[37mPOST&amp#27;[39m &amp#27;[37m/session/d81b27d0-df21-4c35-ba99-cbd5317203eb/element&amp#27;[39m
&amp#27;[38;5;0m[HTTP]&amp#27;[0m &amp#27;[90m{"using":"xpath","value":"//android.widget.TextView[@resource-id=\"com.fivemobile.thescore:id/txt_name\" and @text=\"Bayern Munich\"]"}&amp#27;[39m
&amp#27;[38;5;32m[AndroidUiautomator2Driver@d606 (d81b27d0)]&amp#27;[0m Calling AppiumDriver.findElement() with args: ["xpath","//android.widget.TextView[@resource-id=\"com.fivemobile.thescore:id/txt_name\" and @text=\"Bayern Munich\"]","d81b27d0-df21-4c35-ba99-cbd5317203eb"]
&amp#27;[38;5;32m[AndroidUiautomator2Driver@d606 (d81b27d0)]&amp#27;[0m Valid locator strategies for this request: xpath, id, class name, accessibility id, css selector, -android uiautomator
&amp#27;[38;5;32m[AndroidUiautomator2Driver@d606 (d81b27d0)]&amp#27;[0m Waiting up to 5000 ms for condition
&amp#27;[38;5;32m[AndroidUiautomator2Driver@d606 (d81b27d0)]&amp#27;[0m Matched '/element' to command name 'findElement'
&amp#27;[38;5;32m[AndroidUiautomator2Driver@d606 (d81b27d0)]&amp#27;[0m Proxying [POST /element] to [POST http://127.0.0.1:8209/session/c7104d6d-b578-4aea-a441-5b71d17293ac/element] with body: {"strategy":"xpath","selector":"//android.widget.TextView[@resource-id=\"com.fivemobile.thescore:id/txt_name\" and @text=\"Bayern Munich\"]","context":"","multiple":false}
&amp#27;[38;5;32m[AndroidUiautomator2Driver@d606 (d81b27d0)]&amp#27;[0m Got response with status 200: {"sessionId":"c7104d6d-b578-4aea-a441-5b71d17293ac","value":{"ELEMENT":"00000000-0000-05e6-ffff-ffff00000440","element-6066-11e4-a52e-4f735466cecf":"00000000-0000-05e6-ffff-ffff00000440"}}
&amp#27;[38;5;32m[AndroidUiautomator2Driver@d606 (d81b27d0)]&amp#27;[0m Responding to client with driver.findElement() result: {"element-6066-11e4-a52e-4f735466cecf":"00000000-0000-05e6-ffff-ffff00000440","ELEMENT":"00000000-0000-05e6-ffff-ffff00000440"}
&amp#27;[38;5;0m[HTTP]&amp#27;[0m &amp#27;[37m<-- POST /session/d81b27d0-df21-4c35-ba99-cbd5317203eb/element &amp#27;[39m&amp#27;[32m200&amp#27;[39m &amp#27;[90m433 ms - 137&amp#27;[39m
&amp#27;[38;5;0m[HTTP]&amp#27;[0m &amp#27;[90m&amp#27;[39m
&amp#27;[38;5;0m[HTTP]&amp#27;[0m &amp#27;[37m-->&amp#27;[39m &amp#27;[37mPOST&amp#27;[39m &amp#27;[37m/session/d81b27d0-df21-4c35-ba99-cbd5317203eb/element/00000000-0000-05e6-ffff-ffff00000440/click&amp#27;[39m
&amp#27;[38;5;0m[HTTP]&amp#27;[0m &amp#27;[90m{"id":"00000000-0000-05e6-ffff-ffff00000440"}&amp#27;[39m
&amp#27;[38;5;32m[AndroidUiautomator2Driver@d606 (d81b27d0)]&amp#27;[0m Calling AppiumDriver.click() with args: ["00000000-0000-05e6-ffff-ffff00000440","d81b27d0-df21-4c35-ba99-cbd5317203eb"]
&amp#27;[38;5;32m[AndroidUiautomator2Driver@d606 (d81b27d0)]&amp#27;[0m Matched '/element/00000000-0000-05e6-ffff-ffff00000440/click' to command name 'click'
&amp#27;[38;5;32m[AndroidUiautomator2Driver@d606 (d81b27d0)]&amp#27;[0m Proxying [POST /element/00000000-0000-05e6-ffff-ffff00000440/click] to [POST http://127.0.0.1:8209/session/c7104d6d-b578-4aea-a441-5b71d17293ac/element/00000000-0000-05e6-ffff-ffff00000440/click] with body: {"element":"00000000-0000-05e6-ffff-ffff00000440"}
&amp#27;[38;5;32m[AndroidUiautomator2Driver@d606 (d81b27d0)]&amp#27;[0m Got response with status 200: {"sessionId":"c7104d6d-b578-4aea-a441-5b71d17293ac","value":null}
&amp#27;[38;5;32m[AndroidUiautomator2Driver@d606 (d81b27d0)]&amp#27;[0m Responding to client with driver.click() result: null
&amp#27;[38;5;0m[HTTP]&amp#27;[0m &amp#27;[37m<-- POST /session/d81b27d0-df21-4c35-ba99-cbd5317203eb/element/00000000-0000-05e6-ffff-ffff00000440/click &amp#27;[39m&amp#27;[32m200&amp#27;[39m &amp#27;[90m40 ms - 14&amp#27;[39m
&amp#27;[38;5;0m[HTTP]&amp#27;[0m &amp#27;[90m&amp#27;[39m
&amp#27;[38;5;0m[HTTP]&amp#27;[0m &amp#27;[37m-->&amp#27;[39m &amp#27;[37mGET&amp#27;[39m &amp#27;[37m/session/d81b27d0-df21-4c35-ba99-cbd5317203eb/context&amp#27;[39m
&amp#27;[38;5;0m[HTTP]&amp#27;[0m &amp#27;[90m{}&amp#27;[39m
&amp#27;[38;5;32m[AndroidUiautomator2Driver@d606 (d81b27d0)]&amp#27;[0m Calling AppiumDriver.getCurrentContext() with args: ["d81b27d0-df21-4c35-ba99-cbd5317203eb"]
&amp#27;[38;5;32m[AndroidUiautomator2Driver@d606 (d81b27d0)]&amp#27;[0m Responding to client with driver.getCurrentContext() result: "NATIVE_APP"
&amp#27;[38;5;0m[HTTP]&amp#27;[0m &amp#27;[37m<-- GET /session/d81b27d0-df21-4c35-ba99-cbd5317203eb/context &amp#27;[39m&amp#27;[32m200&amp#27;[39m &amp#27;[90m2 ms - 22&amp#27;[39m
&amp#27;[38;5;0m[HTTP]&amp#27;[0m &amp#27;[90m&amp#27;[39m
&amp#27;[38;5;0m[HTTP]&amp#27;[0m &amp#27;[37m-->&amp#27;[39m &amp#27;[37mPOST&amp#27;[39m &amp#27;[37m/session/d81b27d0-df21-4c35-ba99-cbd5317203eb/element&amp#27;[39m
&amp#27;[38;5;0m[HTTP]&amp#27;[0m &amp#27;[90m{"using":"id","value":"com.fivemobile.thescore:id/team_name"}&amp#27;[39m
&amp#27;[38;5;32m[AndroidUiautomator2Driver@d606 (d81b27d0)]&amp#27;[0m Calling AppiumDriver.findElement() with args: ["id","com.fivemobile.thescore:id/team_name","d81b27d0-df21-4c35-ba99-cbd5317203eb"]
&amp#27;[38;5;32m[AndroidUiautomator2Driver@d606 (d81b27d0)]&amp#27;[0m Valid locator strategies for this request: xpath, id, class name, accessibility id, css selector, -android uiautomator
&amp#27;[38;5;32m[AndroidUiautomator2Driver@d606 (d81b27d0)]&amp#27;[0m Waiting up to 5000 ms for condition
&amp#27;[38;5;32m[AndroidUiautomator2Driver@d606 (d81b27d0)]&amp#27;[0m Matched '/element' to command name 'findElement'
&amp#27;[38;5;32m[AndroidUiautomator2Driver@d606 (d81b27d0)]&amp#27;[0m Proxying [POST /element] to [POST http://127.0.0.1:8209/session/c7104d6d-b578-4aea-a441-5b71d17293ac/element] with body: {"strategy":"id","selector":"com.fivemobile.thescore:id/team_name","context":"","multiple":false}
&amp#27;[38;5;32m[AndroidUiautomator2Driver@d606 (d81b27d0)]&amp#27;[0m Got response with status 200: {"sessionId":"c7104d6d-b578-4aea-a441-5b71d17293ac","value":{"ELEMENT":"00000000-0000-05e6-ffff-ffff000004e2","element-6066-11e4-a52e-4f735466cecf":"00000000-0000-05e6-ffff-ffff000004e2"}}
&amp#27;[38;5;32m[AndroidUiautomator2Driver@d606 (d81b27d0)]&amp#27;[0m Responding to client with driver.findElement() result: {"element-6066-11e4-a52e-4f735466cecf":"00000000-0000-05e6-ffff-ffff000004e2","ELEMENT":"00000000-0000-05e6-ffff-ffff000004e2"}
&amp#27;[38;5;0m[HTTP]&amp#27;[0m &amp#27;[37m<-- POST /session/d81b27d0-df21-4c35-ba99-cbd5317203eb/element &amp#27;[39m&amp#27;[32m200&amp#27;[39m &amp#27;[90m1509 ms - 137&amp#27;[39m
&amp#27;[38;5;0m[HTTP]&amp#27;[0m &amp#27;[90m&amp#27;[39m
&amp#27;[38;5;0m[HTTP]&amp#27;[0m &amp#27;[37m-->&amp#27;[39m &amp#27;[37mGET&amp#27;[39m &amp#27;[37m/session/d81b27d0-df21-4c35-ba99-cbd5317203eb/element/00000000-0000-05e6-ffff-ffff000004e2/attribute/text&amp#27;[39m
&amp#27;[38;5;0m[HTTP]&amp#27;[0m &amp#27;[90m{}&amp#27;[39m
&amp#27;[38;5;32m[AndroidUiautomator2Driver@d606 (d81b27d0)]&amp#27;[0m Calling AppiumDriver.getAttribute() with args: ["text","00000000-0000-05e6-ffff-ffff000004e2","d81b27d0-df21-4c35-ba99-cbd5317203eb"]
&amp#27;[38;5;32m[AndroidUiautomator2Driver@d606 (d81b27d0)]&amp#27;[0m Matched '/element/00000000-0000-05e6-ffff-ffff000004e2/attribute/text' to command name 'getAttribute'
&amp#27;[38;5;32m[AndroidUiautomator2Driver@d606 (d81b27d0)]&amp#27;[0m Proxying [GET /element/00000000-0000-05e6-ffff-ffff000004e2/attribute/text] to [GET http://127.0.0.1:8209/session/c7104d6d-b578-4aea-a441-5b71d17293ac/element/00000000-0000-05e6-ffff-ffff000004e2/attribute/text] with no body
&amp#27;[38;5;32m[AndroidUiautomator2Driver@d606 (d81b27d0)]&amp#27;[0m Got response with status 200: {"sessionId":"c7104d6d-b578-4aea-a441-5b71d17293ac","value":"Bayern Munich"}
&amp#27;[38;5;32m[AndroidUiautomator2Driver@d606 (d81b27d0)]&amp#27;[0m Responding to client with driver.getAttribute() result: "Bayern Munich"
&amp#27;[38;5;0m[HTTP]&amp#27;[0m &amp#27;[37m<-- GET /session/d81b27d0-df21-4c35-ba99-cbd5317203eb/element/00000000-0000-05e6-ffff-ffff000004e2/attribute/text &amp#27;[39m&amp#27;[32m200&amp#27;[39m &amp#27;[90m8 ms - 25&amp#27;[39m
&amp#27;[38;5;0m[HTTP]&amp#27;[0m &amp#27;[90m&amp#27;[39m
&amp#27;[38;5;0m[HTTP]&amp#27;[0m &amp#27;[37m-->&amp#27;[39m &amp#27;[37mGET&amp#27;[39m &amp#27;[37m/session/d81b27d0-df21-4c35-ba99-cbd5317203eb/context&amp#27;[39m
&amp#27;[38;5;0m[HTTP]&amp#27;[0m &amp#27;[90m{}&amp#27;[39m
&amp#27;[38;5;32m[AndroidUiautomator2Driver@d606 (d81b27d0)]&amp#27;[0m Calling AppiumDriver.getCurrentContext() with args: ["d81b27d0-df21-4c35-ba99-cbd5317203eb"]
&amp#27;[38;5;32m[AndroidUiautomator2Driver@d606 (d81b27d0)]&amp#27;[0m Responding to client with driver.getCurrentContext() result: "NATIVE_APP"
&amp#27;[38;5;0m[HTTP]&amp#27;[0m &amp#27;[37m<-- GET /session/d81b27d0-df21-4c35-ba99-cbd5317203eb/context &amp#27;[39m&amp#27;[32m200&amp#27;[39m &amp#27;[90m1 ms - 22&amp#27;[39m
&amp#27;[38;5;0m[HTTP]&amp#27;[0m &amp#27;[90m&amp#27;[39m
&amp#27;[38;5;0m[HTTP]&amp#27;[0m &amp#27;[37m-->&amp#27;[39m &amp#27;[37mPOST&amp#27;[39m &amp#27;[37m/session/d81b27d0-df21-4c35-ba99-cbd5317203eb/element&amp#27;[39m
&amp#27;[38;5;0m[HTTP]&amp#27;[0m &amp#27;[90m{"using":"xpath","value":"//android.widget.TextView[@text=\"PLAYER STATS\"]"}&amp#27;[39m
&amp#27;[38;5;32m[AndroidUiautomator2Driver@d606 (d81b27d0)]&amp#27;[0m Calling AppiumDriver.findElement() with args: ["xpath","//android.widget.TextView[@text=\"PLAYER STATS\"]","d81b27d0-df21-4c35-ba99-cbd5317203eb"]
&amp#27;[38;5;32m[AndroidUiautomator2Driver@d606 (d81b27d0)]&amp#27;[0m Valid locator strategies for this request: xpath, id, class name, accessibility id, css selector, -android uiautomator
&amp#27;[38;5;32m[AndroidUiautomator2Driver@d606 (d81b27d0)]&amp#27;[0m Waiting up to 5000 ms for condition
&amp#27;[38;5;32m[AndroidUiautomator2Driver@d606 (d81b27d0)]&amp#27;[0m Matched '/element' to command name 'findElement'
&amp#27;[38;5;32m[AndroidUiautomator2Driver@d606 (d81b27d0)]&amp#27;[0m Proxying [POST /element] to [POST http://127.0.0.1:8209/session/c7104d6d-b578-4aea-a441-5b71d17293ac/element] with body: {"strategy":"xpath","selector":"//android.widget.TextView[@text=\"PLAYER STATS\"]","context":"","multiple":false}
&amp#27;[38;5;32m[AndroidUiautomator2Driver@d606 (d81b27d0)]&amp#27;[0m Got response with status 200: {"sessionId":"c7104d6d-b578-4aea-a441-5b71d17293ac","value":{"ELEMENT":"00000000-0000-05e6-ffff-ffff00000542","element-6066-11e4-a52e-4f735466cecf":"00000000-0000-05e6-ffff-ffff00000542"}}
&amp#27;[38;5;32m[AndroidUiautomator2Driver@d606 (d81b27d0)]&amp#27;[0m Responding to client with driver.findElement() result: {"element-6066-11e4-a52e-4f735466cecf":"00000000-0000-05e6-ffff-ffff00000542","ELEMENT":"00000000-0000-05e6-ffff-ffff00000542"}
&amp#27;[38;5;0m[HTTP]&amp#27;[0m &amp#27;[37m<-- POST /session/d81b27d0-df21-4c35-ba99-cbd5317203eb/element &amp#27;[39m&amp#27;[32m200&amp#27;[39m &amp#27;[90m84 ms - 137&amp#27;[39m
&amp#27;[38;5;0m[HTTP]&amp#27;[0m &amp#27;[90m&amp#27;[39m
&amp#27;[38;5;0m[HTTP]&amp#27;[0m &amp#27;[37m-->&amp#27;[39m &amp#27;[37mPOST&amp#27;[39m &amp#27;[37m/session/d81b27d0-df21-4c35-ba99-cbd5317203eb/element/00000000-0000-05e6-ffff-ffff00000542/click&amp#27;[39m
&amp#27;[38;5;0m[HTTP]&amp#27;[0m &amp#27;[90m{"id":"00000000-0000-05e6-ffff-ffff00000542"}&amp#27;[39m
&amp#27;[38;5;32m[AndroidUiautomator2Driver@d606 (d81b27d0)]&amp#27;[0m Calling AppiumDriver.click() with args: ["00000000-0000-05e6-ffff-ffff00000542","d81b27d0-df21-4c35-ba99-cbd5317203eb"]
&amp#27;[38;5;32m[AndroidUiautomator2Driver@d606 (d81b27d0)]&amp#27;[0m Matched '/element/00000000-0000-05e6-ffff-ffff00000542/click' to command name 'click'
&amp#27;[38;5;32m[AndroidUiautomator2Driver@d606 (d81b27d0)]&amp#27;[0m Proxying [POST /element/00000000-0000-05e6-ffff-ffff00000542/click] to [POST http://127.0.0.1:8209/session/c7104d6d-b578-4aea-a441-5b71d17293ac/element/00000000-0000-05e6-ffff-ffff00000542/click] with body: {"element":"00000000-0000-05e6-ffff-ffff00000542"}
&amp#27;[38;5;32m[AndroidUiautomator2Driver@d606 (d81b27d0)]&amp#27;[0m Got response with status 200: {"sessionId":"c7104d6d-b578-4aea-a441-5b71d17293ac","value":null}
&amp#27;[38;5;32m[AndroidUiautomator2Driver@d606 (d81b27d0)]&amp#27;[0m Responding to client with driver.click() result: null
&amp#27;[38;5;0m[HTTP]&amp#27;[0m &amp#27;[37m<-- POST /session/d81b27d0-df21-4c35-ba99-cbd5317203eb/element/00000000-0000-05e6-ffff-ffff00000542/click &amp#27;[39m&amp#27;[32m200&amp#27;[39m &amp#27;[90m39 ms - 14&amp#27;[39m
&amp#27;[38;5;0m[HTTP]&amp#27;[0m &amp#27;[90m&amp#27;[39m
&amp#27;[38;5;0m[HTTP]&amp#27;[0m &amp#27;[37m-->&amp#27;[39m &amp#27;[37mGET&amp#27;[39m &amp#27;[37m/session/d81b27d0-df21-4c35-ba99-cbd5317203eb/context&amp#27;[39m
&amp#27;[38;5;0m[HTTP]&amp#27;[0m &amp#27;[90m{}&amp#27;[39m
&amp#27;[38;5;32m[AndroidUiautomator2Driver@d606 (d81b27d0)]&amp#27;[0m Calling AppiumDriver.getCurrentContext() with args: ["d81b27d0-df21-4c35-ba99-cbd5317203eb"]
&amp#27;[38;5;32m[AndroidUiautomator2Driver@d606 (d81b27d0)]&amp#27;[0m Responding to client with driver.getCurrentContext() result: "NATIVE_APP"
&amp#27;[38;5;0m[HTTP]&amp#27;[0m &amp#27;[37m<-- GET /session/d81b27d0-df21-4c35-ba99-cbd5317203eb/context &amp#27;[39m&amp#27;[32m200&amp#27;[39m &amp#27;[90m2 ms - 22&amp#27;[39m
&amp#27;[38;5;0m[HTTP]&amp#27;[0m &amp#27;[90m&amp#27;[39m
&amp#27;[38;5;0m[HTTP]&amp#27;[0m &amp#27;[37m-->&amp#27;[39m &amp#27;[37mPOST&amp#27;[39m &amp#27;[37m/session/d81b27d0-df21-4c35-ba99-cbd5317203eb/element&amp#27;[39m
&amp#27;[38;5;0m[HTTP]&amp#27;[0m &amp#27;[90m{"using":"xpath","value":"//android.widget.TextView[@text=\"PLAYER STATS\"]"}&amp#27;[39m
&amp#27;[38;5;32m[AndroidUiautomator2Driver@d606 (d81b27d0)]&amp#27;[0m Calling AppiumDriver.findElement() with args: ["xpath","//android.widget.TextView[@text=\"PLAYER STATS\"]","d81b27d0-df21-4c35-ba99-cbd5317203eb"]
&amp#27;[38;5;32m[AndroidUiautomator2Driver@d606 (d81b27d0)]&amp#27;[0m Valid locator strategies for this request: xpath, id, class name, accessibility id, css selector, -android uiautomator
&amp#27;[38;5;32m[AndroidUiautomator2Driver@d606 (d81b27d0)]&amp#27;[0m Waiting up to 5000 ms for condition
&amp#27;[38;5;32m[AndroidUiautomator2Driver@d606 (d81b27d0)]&amp#27;[0m Matched '/element' to command name 'findElement'
&amp#27;[38;5;32m[AndroidUiautomator2Driver@d606 (d81b27d0)]&amp#27;[0m Proxying [POST /element] to [POST http://127.0.0.1:8209/session/c7104d6d-b578-4aea-a441-5b71d17293ac/element] with body: {"strategy":"xpath","selector":"//android.widget.TextView[@text=\"PLAYER STATS\"]","context":"","multiple":false}
&amp#27;[38;5;32m[AndroidUiautomator2Driver@d606 (d81b27d0)]&amp#27;[0m Got response with status 200: {"sessionId":"c7104d6d-b578-4aea-a441-5b71d17293ac","value":{"ELEMENT":"00000000-0000-05e6-ffff-ffff00000542","element-6066-11e4-a52e-4f735466cecf":"00000000-0000-05e6-ffff-ffff00000542"}}
&amp#27;[38;5;32m[AndroidUiautomator2Driver@d606 (d81b27d0)]&amp#27;[0m Responding to client with driver.findElement() result: {"element-6066-11e4-a52e-4f735466cecf":"00000000-0000-05e6-ffff-ffff00000542","ELEMENT":"00000000-0000-05e6-ffff-ffff00000542"}
&amp#27;[38;5;0m[HTTP]&amp#27;[0m &amp#27;[37m<-- POST /session/d81b27d0-df21-4c35-ba99-cbd5317203eb/element &amp#27;[39m&amp#27;[32m200&amp#27;[39m &amp#27;[90m318 ms - 137&amp#27;[39m
&amp#27;[38;5;0m[HTTP]&amp#27;[0m &amp#27;[90m&amp#27;[39m
&amp#27;[38;5;0m[HTTP]&amp#27;[0m &amp#27;[37m-->&amp#27;[39m &amp#27;[37mGET&amp#27;[39m &amp#27;[37m/session/d81b27d0-df21-4c35-ba99-cbd5317203eb/element/00000000-0000-05e6-ffff-ffff00000542/selected&amp#27;[39m
&amp#27;[38;5;0m[HTTP]&amp#27;[0m &amp#27;[90m{}&amp#27;[39m
&amp#27;[38;5;32m[AndroidUiautomator2Driver@d606 (d81b27d0)]&amp#27;[0m Calling AppiumDriver.elementSelected() with args: ["00000000-0000-05e6-ffff-ffff00000542","d81b27d0-df21-4c35-ba99-cbd5317203eb"]
&amp#27;[38;5;32m[AndroidUiautomator2Driver@d606 (d81b27d0)]&amp#27;[0m Matched '/element/00000000-0000-05e6-ffff-ffff00000542/attribute/selected' to command name 'getAttribute'
&amp#27;[38;5;32m[AndroidUiautomator2Driver@d606 (d81b27d0)]&amp#27;[0m Proxying [GET /element/00000000-0000-05e6-ffff-ffff00000542/attribute/selected] to [GET http://127.0.0.1:8209/session/c7104d6d-b578-4aea-a441-5b71d17293ac/element/00000000-0000-05e6-ffff-ffff00000542/attribute/selected] with no body
&amp#27;[38;5;32m[AndroidUiautomator2Driver@d606 (d81b27d0)]&amp#27;[0m Got response with status 200: {"sessionId":"c7104d6d-b578-4aea-a441-5b71d17293ac","value":"true"}
&amp#27;[38;5;32m[AndroidUiautomator2Driver@d606 (d81b27d0)]&amp#27;[0m Responding to client with driver.elementSelected() result: true
&amp#27;[38;5;0m[HTTP]&amp#27;[0m &amp#27;[37m<-- GET /session/d81b27d0-df21-4c35-ba99-cbd5317203eb/element/00000000-0000-05e6-ffff-ffff00000542/selected &amp#27;[39m&amp#27;[32m200&amp#27;[39m &amp#27;[90m2127 ms - 14&amp#27;[39m
&amp#27;[38;5;0m[HTTP]&amp#27;[0m &amp#27;[90m&amp#27;[39m
&amp#27;[38;5;0m[HTTP]&amp#27;[0m &amp#27;[37m-->&amp#27;[39m &amp#27;[37mGET&amp#27;[39m &amp#27;[37m/session/d81b27d0-df21-4c35-ba99-cbd5317203eb/context&amp#27;[39m
&amp#27;[38;5;0m[HTTP]&amp#27;[0m &amp#27;[90m{}&amp#27;[39m
&amp#27;[38;5;32m[AndroidUiautomator2Driver@d606 (d81b27d0)]&amp#27;[0m Calling AppiumDriver.getCurrentContext() with args: ["d81b27d0-df21-4c35-ba99-cbd5317203eb"]
&amp#27;[38;5;32m[AndroidUiautomator2Driver@d606 (d81b27d0)]&amp#27;[0m Responding to client with driver.getCurrentContext() result: "NATIVE_APP"
&amp#27;[38;5;0m[HTTP]&amp#27;[0m &amp#27;[37m<-- GET /session/d81b27d0-df21-4c35-ba99-cbd5317203eb/context &amp#27;[39m&amp#27;[32m200&amp#27;[39m &amp#27;[90m1 ms - 22&amp#27;[39m
&amp#27;[38;5;0m[HTTP]&amp#27;[0m &amp#27;[90m&amp#27;[39m
&amp#27;[38;5;0m[HTTP]&amp#27;[0m &amp#27;[37m-->&amp#27;[39m &amp#27;[37mPOST&amp#27;[39m &amp#27;[37m/session/d81b27d0-df21-4c35-ba99-cbd5317203eb/element&amp#27;[39m
&amp#27;[38;5;0m[HTTP]&amp#27;[0m &amp#27;[90m{"using":"xpath","value":"//androidx.recyclerview.widget.RecyclerView[@resource-id=\"com.fivemobile.thescore:id/recyclerView\"]/android.view.ViewGroup[1]"}&amp#27;[39m
&amp#27;[38;5;32m[AndroidUiautomator2Driver@d606 (d81b27d0)]&amp#27;[0m Calling AppiumDriver.findElement() with args: ["xpath","//androidx.recyclerview.widget.RecyclerView[@resource-id=\"com.fivemobile.thescore:id/recyclerView\"]/android.view.ViewGroup[1]","d81b27d0-df21-4c35-ba99-cbd5317203eb"]
&amp#27;[38;5;32m[AndroidUiautomator2Driver@d606 (d81b27d0)]&amp#27;[0m Valid locator strategies for this request: xpath, id, class name, accessibility id, css selector, -android uiautomator
&amp#27;[38;5;32m[AndroidUiautomator2Driver@d606 (d81b27d0)]&amp#27;[0m Waiting up to 5000 ms for condition
&amp#27;[38;5;32m[AndroidUiautomator2Driver@d606 (d81b27d0)]&amp#27;[0m Matched '/element' to command name 'findElement'
&amp#27;[38;5;32m[AndroidUiautomator2Driver@d606 (d81b27d0)]&amp#27;[0m Proxying [POST /element] to [POST http://127.0.0.1:8209/session/c7104d6d-b578-4aea-a441-5b71d17293ac/element] with body: {"strategy":"xpath","selector":"//androidx.recyclerview.widget.RecyclerView[@resource-id=\"com.fivemobile.thescore:id/recyclerView\"]/android.view.ViewGroup[1]","context":"","multiple":false}
&amp#27;[38;5;32m[AndroidUiautomator2Driver@d606 (d81b27d0)]&amp#27;[0m Got response with status 200: {"sessionId":"c7104d6d-b578-4aea-a441-5b71d17293ac","value":{"ELEMENT":"00000000-0000-05e6-ffff-ffff000006fb","element-6066-11e4-a52e-4f735466cecf":"00000000-0000-05e6-ffff-ffff000006fb"}}
&amp#27;[38;5;32m[AndroidUiautomator2Driver@d606 (d81b27d0)]&amp#27;[0m Responding to client with driver.findElement() result: {"element-6066-11e4-a52e-4f735466cecf":"00000000-0000-05e6-ffff-ffff000006fb","ELEMENT":"00000000-0000-05e6-ffff-ffff000006fb"}
&amp#27;[38;5;0m[HTTP]&amp#27;[0m &amp#27;[37m<-- POST /session/d81b27d0-df21-4c35-ba99-cbd5317203eb/element &amp#27;[39m&amp#27;[32m200&amp#27;[39m &amp#27;[90m126 ms - 137&amp#27;[39m
&amp#27;[38;5;0m[HTTP]&amp#27;[0m &amp#27;[90m&amp#27;[39m
&amp#27;[38;5;0m[HTTP]&amp#27;[0m &amp#27;[37m-->&amp#27;[39m &amp#27;[37mPOST&amp#27;[39m &amp#27;[37m/session/d81b27d0-df21-4c35-ba99-cbd5317203eb/element/00000000-0000-05e6-ffff-ffff000006fb/element&amp#27;[39m
&amp#27;[38;5;0m[HTTP]&amp#27;[0m &amp#27;[90m{"value":"//android.widget.TextView[@resource-id='com.fivemobile.thescore:id/txt_name' and @text='PLAYERS']","using":"xpath","id":"00000000-0000-05e6-ffff-ffff000006fb"}&amp#27;[39m
&amp#27;[38;5;32m[AndroidUiautomator2Driver@d606 (d81b27d0)]&amp#27;[0m Calling AppiumDriver.findElementFromElement() with args: ["xpath","//android.widget.TextView[@resource-id='com.fivemobile.thescore:id/txt_name' and @text='PLAYERS']","00000000-0000-05e6-ffff-ffff000006fb","d81b27d0-df21-4c35-ba99-cbd5317203eb"]
&amp#27;[38;5;32m[AndroidUiautomator2Driver@d606 (d81b27d0)]&amp#27;[0m Valid locator strategies for this request: xpath, id, class name, accessibility id, css selector, -android uiautomator
&amp#27;[38;5;32m[AndroidUiautomator2Driver@d606 (d81b27d0)]&amp#27;[0m Waiting up to 5000 ms for condition
&amp#27;[38;5;32m[AndroidUiautomator2Driver@d606 (d81b27d0)]&amp#27;[0m Matched '/element' to command name 'findElement'
&amp#27;[38;5;32m[AndroidUiautomator2Driver@d606 (d81b27d0)]&amp#27;[0m Proxying [POST /element] to [POST http://127.0.0.1:8209/session/c7104d6d-b578-4aea-a441-5b71d17293ac/element] with body: {"strategy":"xpath","selector":"//android.widget.TextView[@resource-id='com.fivemobile.thescore:id/txt_name' and @text='PLAYERS']","context":"00000000-0000-05e6-ffff-ffff000006fb","multiple":false}
&amp#27;[38;5;32m[AndroidUiautomator2Driver@d606 (d81b27d0)]&amp#27;[0m Got response with status 200: {"sessionId":"c7104d6d-b578-4aea-a441-5b71d17293ac","value":{"ELEMENT":"00000000-0000-05e6-ffff-ffff00000701","element-6066-11e4-a52e-4f735466cecf":"00000000-0000-05e6-ffff-ffff00000701"}}
&amp#27;[38;5;32m[AndroidUiautomator2Driver@d606 (d81b27d0)]&amp#27;[0m Responding to client with driver.findElementFromElement() result: {"element-6066-11e4-a52e-4f735466cecf":"00000000-0000-05e6-ffff-ffff00000701","ELEMENT":"00000000-0000-05e6-ffff-ffff00000701"}
&amp#27;[38;5;0m[HTTP]&amp#27;[0m &amp#27;[37m<-- POST /session/d81b27d0-df21-4c35-ba99-cbd5317203eb/element/00000000-0000-05e6-ffff-ffff000006fb/element &amp#27;[39m&amp#27;[32m200&amp#27;[39m &amp#27;[90m22 ms - 137&amp#27;[39m
&amp#27;[38;5;0m[HTTP]&amp#27;[0m &amp#27;[90m&amp#27;[39m
&amp#27;[38;5;0m[HTTP]&amp#27;[0m &amp#27;[37m-->&amp#27;[39m &amp#27;[37mGET&amp#27;[39m &amp#27;[37m/session/d81b27d0-df21-4c35-ba99-cbd5317203eb/element/00000000-0000-05e6-ffff-ffff00000701/displayed&amp#27;[39m
&amp#27;[38;5;0m[HTTP]&amp#27;[0m &amp#27;[90m{}&amp#27;[39m
&amp#27;[38;5;32m[AndroidUiautomator2Driver@d606 (d81b27d0)]&amp#27;[0m Calling AppiumDriver.elementDisplayed() with args: ["00000000-0000-05e6-ffff-ffff00000701","d81b27d0-df21-4c35-ba99-cbd5317203eb"]
&amp#27;[38;5;32m[AndroidUiautomator2Driver@d606 (d81b27d0)]&amp#27;[0m Matched '/element/00000000-0000-05e6-ffff-ffff00000701/attribute/displayed' to command name 'getAttribute'
&amp#27;[38;5;32m[AndroidUiautomator2Driver@d606 (d81b27d0)]&amp#27;[0m Proxying [GET /element/00000000-0000-05e6-ffff-ffff00000701/attribute/displayed] to [GET http://127.0.0.1:8209/session/c7104d6d-b578-4aea-a441-5b71d17293ac/element/00000000-0000-05e6-ffff-ffff00000701/attribute/displayed] with no body
&amp#27;[38;5;32m[AndroidUiautomator2Driver@d606 (d81b27d0)]&amp#27;[0m Got response with status 200: {"sessionId":"c7104d6d-b578-4aea-a441-5b71d17293ac","value":"true"}
&amp#27;[38;5;32m[AndroidUiautomator2Driver@d606 (d81b27d0)]&amp#27;[0m Responding to client with driver.elementDisplayed() result: true
&amp#27;[38;5;0m[HTTP]&amp#27;[0m &amp#27;[37m<-- GET /session/d81b27d0-df21-4c35-ba99-cbd5317203eb/element/00000000-0000-05e6-ffff-ffff00000701/displayed &amp#27;[39m&amp#27;[32m200&amp#27;[39m &amp#27;[90m722 ms - 14&amp#27;[39m
&amp#27;[38;5;0m[HTTP]&amp#27;[0m &amp#27;[90m&amp#27;[39m
&amp#27;[38;5;0m[HTTP]&amp#27;[0m &amp#27;[37m-->&amp#27;[39m &amp#27;[37mGET&amp#27;[39m &amp#27;[37m/session/d81b27d0-df21-4c35-ba99-cbd5317203eb/context&amp#27;[39m
&amp#27;[38;5;0m[HTTP]&amp#27;[0m &amp#27;[90m{}&amp#27;[39m
&amp#27;[38;5;32m[AndroidUiautomator2Driver@d606 (d81b27d0)]&amp#27;[0m Calling AppiumDriver.getCurrentContext() with args: ["d81b27d0-df21-4c35-ba99-cbd5317203eb"]
&amp#27;[38;5;32m[AndroidUiautomator2Driver@d606 (d81b27d0)]&amp#27;[0m Responding to client with driver.getCurrentContext() result: "NATIVE_APP"
&amp#27;[38;5;0m[HTTP]&amp#27;[0m &amp#27;[37m<-- GET /session/d81b27d0-df21-4c35-ba99-cbd5317203eb/context &amp#27;[39m&amp#27;[32m200&amp#27;[39m &amp#27;[90m1 ms - 22&amp#27;[39m
&amp#27;[38;5;0m[HTTP]&amp#27;[0m &amp#27;[90m&amp#27;[39m
&amp#27;[38;5;0m[HTTP]&amp#27;[0m &amp#27;[37m-->&amp#27;[39m &amp#27;[37mPOST&amp#27;[39m &amp#27;[37m/session/d81b27d0-df21-4c35-ba99-cbd5317203eb/element&amp#27;[39m
&amp#27;[38;5;0m[HTTP]&amp#27;[0m &amp#27;[90m{"using":"id","value":"com.fivemobile.thescore:id/team_name"}&amp#27;[39m
&amp#27;[38;5;32m[AndroidUiautomator2Driver@d606 (d81b27d0)]&amp#27;[0m Calling AppiumDriver.findElement() with args: ["id","com.fivemobile.thescore:id/team_name","d81b27d0-df21-4c35-ba99-cbd5317203eb"]
&amp#27;[38;5;32m[AndroidUiautomator2Driver@d606 (d81b27d0)]&amp#27;[0m Valid locator strategies for this request: xpath, id, class name, accessibility id, css selector, -android uiautomator
&amp#27;[38;5;32m[AndroidUiautomator2Driver@d606 (d81b27d0)]&amp#27;[0m Waiting up to 5000 ms for condition
&amp#27;[38;5;32m[AndroidUiautomator2Driver@d606 (d81b27d0)]&amp#27;[0m Matched '/element' to command name 'findElement'
&amp#27;[38;5;32m[AndroidUiautomator2Driver@d606 (d81b27d0)]&amp#27;[0m Proxying [POST /element] to [POST http://127.0.0.1:8209/session/c7104d6d-b578-4aea-a441-5b71d17293ac/element] with body: {"strategy":"id","selector":"com.fivemobile.thescore:id/team_name","context":"","multiple":false}
&amp#27;[38;5;32m[AndroidUiautomator2Driver@d606 (d81b27d0)]&amp#27;[0m Got response with status 200: {"sessionId":"c7104d6d-b578-4aea-a441-5b71d17293ac","value":{"ELEMENT":"00000000-0000-05e6-ffff-ffff000004e2","element-6066-11e4-a52e-4f735466cecf":"00000000-0000-05e6-ffff-ffff000004e2"}}
&amp#27;[38;5;32m[AndroidUiautomator2Driver@d606 (d81b27d0)]&amp#27;[0m Responding to client with driver.findElement() result: {"element-6066-11e4-a52e-4f735466cecf":"00000000-0000-05e6-ffff-ffff000004e2","ELEMENT":"00000000-0000-05e6-ffff-ffff000004e2"}
&amp#27;[38;5;0m[HTTP]&amp#27;[0m &amp#27;[37m<-- POST /session/d81b27d0-df21-4c35-ba99-cbd5317203eb/element &amp#27;[39m&amp#27;[32m200&amp#27;[39m &amp#27;[90m13 ms - 137&amp#27;[39m
&amp#27;[38;5;0m[HTTP]&amp#27;[0m &amp#27;[90m&amp#27;[39m
&amp#27;[38;5;0m[HTTP]&amp#27;[0m &amp#27;[37m-->&amp#27;[39m &amp#27;[37mGET&amp#27;[39m &amp#27;[37m/session/d81b27d0-df21-4c35-ba99-cbd5317203eb/element/00000000-0000-05e6-ffff-ffff000004e2/attribute/text&amp#27;[39m
&amp#27;[38;5;0m[HTTP]&amp#27;[0m &amp#27;[90m{}&amp#27;[39m
&amp#27;[38;5;32m[AndroidUiautomator2Driver@d606 (d81b27d0)]&amp#27;[0m Calling AppiumDriver.getAttribute() with args: ["text","00000000-0000-05e6-ffff-ffff000004e2","d81b27d0-df21-4c35-ba99-cbd5317203eb"]
&amp#27;[38;5;32m[AndroidUiautomator2Driver@d606 (d81b27d0)]&amp#27;[0m Matched '/element/00000000-0000-05e6-ffff-ffff000004e2/attribute/text' to command name 'getAttribute'
&amp#27;[38;5;32m[AndroidUiautomator2Driver@d606 (d81b27d0)]&amp#27;[0m Proxying [GET /element/00000000-0000-05e6-ffff-ffff000004e2/attribute/text] to [GET http://127.0.0.1:8209/session/c7104d6d-b578-4aea-a441-5b71d17293ac/element/00000000-0000-05e6-ffff-ffff000004e2/attribute/text] with no body
&amp#27;[38;5;32m[AndroidUiautomator2Driver@d606 (d81b27d0)]&amp#27;[0m Got response with status 200: {"sessionId":"c7104d6d-b578-4aea-a441-5b71d17293ac","value":"Bayern Munich"}
&amp#27;[38;5;32m[AndroidUiautomator2Driver@d606 (d81b27d0)]&amp#27;[0m Responding to client with driver.getAttribute() result: "Bayern Munich"
&amp#27;[38;5;0m[HTTP]&amp#27;[0m &amp#27;[37m<-- GET /session/d81b27d0-df21-4c35-ba99-cbd5317203eb/element/00000000-0000-05e6-ffff-ffff000004e2/attribute/text &amp#27;[39m&amp#27;[32m200&amp#27;[39m &amp#27;[90m9 ms - 25&amp#27;[39m
&amp#27;[38;5;0m[HTTP]&amp#27;[0m &amp#27;[90m&amp#27;[39m
&amp#27;[38;5;0m[HTTP]&amp#27;[0m &amp#27;[37m-->&amp#27;[39m &amp#27;[37mPOST&amp#27;[39m &amp#27;[37m/session/d81b27d0-df21-4c35-ba99-cbd5317203eb/back&amp#27;[39m
&amp#27;[38;5;0m[HTTP]&amp#27;[0m &amp#27;[90m{}&amp#27;[39m
&amp#27;[38;5;32m[AndroidUiautomator2Driver@d606 (d81b27d0)]&amp#27;[0m Driver proxy active, passing request on via HTTP proxy
&amp#27;[38;5;32m[AndroidUiautomator2Driver@d606 (d81b27d0)]&amp#27;[0m Matched '/session/d81b27d0-df21-4c35-ba99-cbd5317203eb/back' to command name 'back'
&amp#27;[38;5;32m[AndroidUiautomator2Driver@d606 (d81b27d0)]&amp#27;[0m Proxying [POST /session/d81b27d0-df21-4c35-ba99-cbd5317203eb/back] to [POST http://127.0.0.1:8209/session/c7104d6d-b578-4aea-a441-5b71d17293ac/back] with body: {}
&amp#27;[38;5;32m[AndroidUiautomator2Driver@d606 (d81b27d0)]&amp#27;[0m Got response with status 200: {"sessionId":"c7104d6d-b578-4aea-a441-5b71d17293ac","value":null}
&amp#27;[38;5;32m[AndroidUiautomator2Driver@d606 (d81b27d0)]&amp#27;[0m Replacing sessionId c7104d6d-b578-4aea-a441-5b71d17293ac with d81b27d0-df21-4c35-ba99-cbd5317203eb
&amp#27;[38;5;0m[HTTP]&amp#27;[0m &amp#27;[37m<-- POST /session/d81b27d0-df21-4c35-ba99-cbd5317203eb/back &amp#27;[39m&amp#27;[32m200&amp#27;[39m &amp#27;[90m90 ms - 65&amp#27;[39m
&amp#27;[38;5;0m[HTTP]&amp#27;[0m &amp#27;[90m&amp#27;[39m
&amp#27;[38;5;0m[HTTP]&amp#27;[0m &amp#27;[37m-->&amp#27;[39m &amp#27;[37mGET&amp#27;[39m &amp#27;[37m/session/d81b27d0-df21-4c35-ba99-cbd5317203eb/context&amp#27;[39m
&amp#27;[38;5;0m[HTTP]&amp#27;[0m &amp#27;[90m{}&amp#27;[39m
&amp#27;[38;5;32m[AndroidUiautomator2Driver@d606 (d81b27d0)]&amp#27;[0m Calling AppiumDriver.getCurrentContext() with args: ["d81b27d0-df21-4c35-ba99-cbd5317203eb"]
&amp#27;[38;5;32m[AndroidUiautomator2Driver@d606 (d81b27d0)]&amp#27;[0m Responding to client with driver.getCurrentContext() result: "NATIVE_APP"
&amp#27;[38;5;0m[HTTP]&amp#27;[0m &amp#27;[37m<-- GET /session/d81b27d0-df21-4c35-ba99-cbd5317203eb/context &amp#27;[39m&amp#27;[32m200&amp#27;[39m &amp#27;[90m1 ms - 22&amp#27;[39m
&amp#27;[38;5;0m[HTTP]&amp#27;[0m &amp#27;[90m&amp#27;[39m
&amp#27;[38;5;0m[HTTP]&amp#27;[0m &amp#27;[37m-->&amp#27;[39m &amp#27;[37mPOST&amp#27;[39m &amp#27;[37m/session/d81b27d0-df21-4c35-ba99-cbd5317203eb/element&amp#27;[39m
&amp#27;[38;5;0m[HTTP]&amp#27;[0m &amp#27;[90m{"using":"id","value":"com.fivemobile.thescore:id/search_src_text"}&amp#27;[39m
&amp#27;[38;5;32m[AndroidUiautomator2Driver@d606 (d81b27d0)]&amp#27;[0m Calling AppiumDriver.findElement() with args: ["id","com.fivemobile.thescore:id/search_src_text","d81b27d0-df21-4c35-ba99-cbd5317203eb"]
&amp#27;[38;5;32m[AndroidUiautomator2Driver@d606 (d81b27d0)]&amp#27;[0m Valid locator strategies for this request: xpath, id, class name, accessibility id, css selector, -android uiautomator
&amp#27;[38;5;32m[AndroidUiautomator2Driver@d606 (d81b27d0)]&amp#27;[0m Waiting up to 5000 ms for condition
&amp#27;[38;5;32m[AndroidUiautomator2Driver@d606 (d81b27d0)]&amp#27;[0m Matched '/element' to command name 'findElement'
&amp#27;[38;5;32m[AndroidUiautomator2Driver@d606 (d81b27d0)]&amp#27;[0m Proxying [POST /element] to [POST http://127.0.0.1:8209/session/c7104d6d-b578-4aea-a441-5b71d17293ac/element] with body: {"strategy":"id","selector":"com.fivemobile.thescore:id/search_src_text","context":"","multiple":false}
&amp#27;[38;5;32m[AndroidUiautomator2Driver@d606 (d81b27d0)]&amp#27;[0m Got response with status 200: {"sessionId":"c7104d6d-b578-4aea-a441-5b71d17293ac","value":{"ELEMENT":"00000000-0000-05e6-ffff-ffff00000928","element-6066-11e4-a52e-4f735466cecf":"00000000-0000-05e6-ffff-ffff00000928"}}
&amp#27;[38;5;32m[AndroidUiautomator2Driver@d606 (d81b27d0)]&amp#27;[0m Responding to client with driver.findElement() result: {"element-6066-11e4-a52e-4f735466cecf":"00000000-0000-05e6-ffff-ffff00000928","ELEMENT":"00000000-0000-05e6-ffff-ffff00000928"}
&amp#27;[38;5;0m[HTTP]&amp#27;[0m &amp#27;[37m<-- POST /session/d81b27d0-df21-4c35-ba99-cbd5317203eb/element &amp#27;[39m&amp#27;[32m200&amp#27;[39m &amp#27;[90m668 ms - 137&amp#27;[39m
&amp#27;[38;5;0m[HTTP]&amp#27;[0m &amp#27;[90m&amp#27;[39m
&amp#27;[38;5;0m[HTTP]&amp#27;[0m &amp#27;[37m-->&amp#27;[39m &amp#27;[37mGET&amp#27;[39m &amp#27;[37m/session/d81b27d0-df21-4c35-ba99-cbd5317203eb/element/00000000-0000-05e6-ffff-ffff00000928/displayed&amp#27;[39m
&amp#27;[38;5;0m[HTTP]&amp#27;[0m &amp#27;[90m{}&amp#27;[39m
&amp#27;[38;5;32m[AndroidUiautomator2Driver@d606 (d81b27d0)]&amp#27;[0m Calling AppiumDriver.elementDisplayed() with args: ["00000000-0000-05e6-ffff-ffff00000928","d81b27d0-df21-4c35-ba99-cbd5317203eb"]
&amp#27;[38;5;32m[AndroidUiautomator2Driver@d606 (d81b27d0)]&amp#27;[0m Matched '/element/00000000-0000-05e6-ffff-ffff00000928/attribute/displayed' to command name 'getAttribute'
&amp#27;[38;5;32m[AndroidUiautomator2Driver@d606 (d81b27d0)]&amp#27;[0m Proxying [GET /element/00000000-0000-05e6-ffff-ffff00000928/attribute/displayed] to [GET http://127.0.0.1:8209/session/c7104d6d-b578-4aea-a441-5b71d17293ac/element/00000000-0000-05e6-ffff-ffff00000928/attribute/displayed] with no body
&amp#27;[38;5;32m[AndroidUiautomator2Driver@d606 (d81b27d0)]&amp#27;[0m Got response with status 200: {"sessionId":"c7104d6d-b578-4aea-a441-5b71d17293ac","value":"true"}
&amp#27;[38;5;32m[AndroidUiautomator2Driver@d606 (d81b27d0)]&amp#27;[0m Responding to client with driver.elementDisplayed() result: true
&amp#27;[38;5;0m[HTTP]&amp#27;[0m &amp#27;[37m<-- GET /session/d81b27d0-df21-4c35-ba99-cbd5317203eb/element/00000000-0000-05e6-ffff-ffff00000928/displayed &amp#27;[39m&amp#27;[32m200&amp#27;[39m &amp#27;[90m6 ms - 14&amp#27;[39m
&amp#27;[38;5;0m[HTTP]&amp#27;[0m &amp#27;[90m&amp#27;[39m
Test Completed
]]></system-out>
    <system-err><![CDATA[SLF4J: Failed to load class "org.slf4j.impl.StaticLoggerBinder".
SLF4J: Defaulting to no-operation (NOP) logger implementation
SLF4J: See http://www.slf4j.org/codes.html#StaticLoggerBinder for further details.
]]></system-err>
  </testcase>
  <testcase name="TC01_OnboardUserandFindTeam[{sport=NBA Basketball, league=NBA, team=Toronto Raptors}](2)" classname="org.thescore.TheScoreTest.MainTest" time="34.331">
    <system-out><![CDATA[&amp#27;[38;5;0m[HTTP]&amp#27;[0m &amp#27;[37m-->&amp#27;[39m &amp#27;[37mPOST&amp#27;[39m &amp#27;[37m/session/d81b27d0-df21-4c35-ba99-cbd5317203eb/execute/sync&amp#27;[39m
&amp#27;[38;5;0m[HTTP]&amp#27;[0m &amp#27;[90m{"script":"mobile: clearApp","args":[{"appId":"com.fivemobile.thescore"}]}&amp#27;[39m
&amp#27;[38;5;32m[AndroidUiautomator2Driver@d606 (d81b27d0)]&amp#27;[0m Calling AppiumDriver.execute() with args: ["mobile: clearApp",[{"appId":"com.fivemobile.thescore"}],"d81b27d0-df21-4c35-ba99-cbd5317203eb"]
&amp#27;[38;5;32m[AndroidUiautomator2Driver@d606 (d81b27d0)]&amp#27;[0m Executing method 'mobile: clearApp'
&amp#27;[38;5;64m[ADB]&amp#27;[0m Running 'C:\Users\bungh\AppData\Local\Android\Sdk\platform-tools\adb.exe -P 5037 -s emulator-5554 shell pm clear com.fivemobile.thescore'
&amp#27;[38;5;32m[AndroidUiautomator2Driver@d606 (d81b27d0)]&amp#27;[0m Responding to client with driver.execute() result: null
&amp#27;[38;5;0m[HTTP]&amp#27;[0m &amp#27;[37m<-- POST /session/d81b27d0-df21-4c35-ba99-cbd5317203eb/execute/sync &amp#27;[39m&amp#27;[32m200&amp#27;[39m &amp#27;[90m581 ms - 14&amp#27;[39m
&amp#27;[38;5;0m[HTTP]&amp#27;[0m &amp#27;[90m&amp#27;[39m
App data and cache cleared successfully.
&amp#27;[38;5;0m[HTTP]&amp#27;[0m &amp#27;[37m-->&amp#27;[39m &amp#27;[37mPOST&amp#27;[39m &amp#27;[37m/session/d81b27d0-df21-4c35-ba99-cbd5317203eb/execute/sync&amp#27;[39m
&amp#27;[38;5;0m[HTTP]&amp#27;[0m &amp#27;[90m{"script":"mobile: activateApp","args":[{"bundleId":"com.fivemobile.thescore","appId":"com.fivemobile.thescore"}]}&amp#27;[39m
&amp#27;[38;5;32m[AndroidUiautomator2Driver@d606 (d81b27d0)]&amp#27;[0m Calling AppiumDriver.execute() with args: ["mobile: activateApp",[{"bundleId":"com.fivemobile.thescore","appId":"com.fivemobile.thescore"}],"d81b27d0-df21-4c35-ba99-cbd5317203eb"]
&amp#27;[38;5;32m[AndroidUiautomator2Driver@d606 (d81b27d0)]&amp#27;[0m Executing method 'mobile: activateApp'
&amp#27;[38;5;32m[AndroidUiautomator2Driver@d606 (d81b27d0)]&amp#27;[0m Activating 'com.fivemobile.thescore'
&amp#27;[38;5;64m[ADB]&amp#27;[0m Running 'C:\Users\bungh\AppData\Local\Android\Sdk\platform-tools\adb.exe -P 5037 -s emulator-5554 shell cmd package resolve-activity --brief com.fivemobile.thescore'
&amp#27;[38;5;64m[ADB]&amp#27;[0m Running 'C:\Users\bungh\AppData\Local\Android\Sdk\platform-tools\adb.exe -P 5037 -s emulator-5554 shell am start-activity -a android.intent.action.MAIN -c android.intent.category.LAUNCHER -f 0x10200000 -n com.fivemobile.thescore/.ui.MainActivity'
&amp#27;[38;5;32m[AndroidUiautomator2Driver@d606 (d81b27d0)]&amp#27;[0m Starting: Intent { act=android.intent.action.MAIN cat=[android.intent.category.LAUNCHER] flg=0x10200000 cmp=com.fivemobile.thescore/.ui.MainActivity }
&amp#27;[38;5;32m[AndroidUiautomator2Driver@d606 (d81b27d0)]&amp#27;[0m Responding to client with driver.execute() result: null
&amp#27;[38;5;0m[HTTP]&amp#27;[0m &amp#27;[37m<-- POST /session/d81b27d0-df21-4c35-ba99-cbd5317203eb/execute/sync &amp#27;[39m&amp#27;[32m200&amp#27;[39m &amp#27;[90m563 ms - 14&amp#27;[39m
&amp#27;[38;5;0m[HTTP]&amp#27;[0m &amp#27;[90m&amp#27;[39m
Starting App
&amp#27;[38;5;0m[HTTP]&amp#27;[0m &amp#27;[37m-->&amp#27;[39m &amp#27;[37mGET&amp#27;[39m &amp#27;[37m/session/d81b27d0-df21-4c35-ba99-cbd5317203eb/context&amp#27;[39m
&amp#27;[38;5;0m[HTTP]&amp#27;[0m &amp#27;[90m{}&amp#27;[39m
&amp#27;[38;5;32m[AndroidUiautomator2Driver@d606 (d81b27d0)]&amp#27;[0m Calling AppiumDriver.getCurrentContext() with args: ["d81b27d0-df21-4c35-ba99-cbd5317203eb"]
&amp#27;[38;5;32m[AndroidUiautomator2Driver@d606 (d81b27d0)]&amp#27;[0m Responding to client with driver.getCurrentContext() result: "NATIVE_APP"
&amp#27;[38;5;0m[HTTP]&amp#27;[0m &amp#27;[37m<-- GET /session/d81b27d0-df21-4c35-ba99-cbd5317203eb/context &amp#27;[39m&amp#27;[32m200&amp#27;[39m &amp#27;[90m2 ms - 22&amp#27;[39m
&amp#27;[38;5;0m[HTTP]&amp#27;[0m &amp#27;[90m&amp#27;[39m
&amp#27;[38;5;0m[HTTP]&amp#27;[0m &amp#27;[37m-->&amp#27;[39m &amp#27;[37mPOST&amp#27;[39m &amp#27;[37m/session/d81b27d0-df21-4c35-ba99-cbd5317203eb/element&amp#27;[39m
&amp#27;[38;5;0m[HTTP]&amp#27;[0m &amp#27;[90m{"using":"id","value":"com.fivemobile.thescore:id/txt_welcome"}&amp#27;[39m
&amp#27;[38;5;32m[AndroidUiautomator2Driver@d606 (d81b27d0)]&amp#27;[0m Calling AppiumDriver.findElement() with args: ["id","com.fivemobile.thescore:id/txt_welcome","d81b27d0-df21-4c35-ba99-cbd5317203eb"]
&amp#27;[38;5;32m[AndroidUiautomator2Driver@d606 (d81b27d0)]&amp#27;[0m Valid locator strategies for this request: xpath, id, class name, accessibility id, css selector, -android uiautomator
&amp#27;[38;5;32m[AndroidUiautomator2Driver@d606 (d81b27d0)]&amp#27;[0m Waiting up to 5000 ms for condition
&amp#27;[38;5;32m[AndroidUiautomator2Driver@d606 (d81b27d0)]&amp#27;[0m Matched '/element' to command name 'findElement'
&amp#27;[38;5;32m[AndroidUiautomator2Driver@d606 (d81b27d0)]&amp#27;[0m Proxying [POST /element] to [POST http://127.0.0.1:8209/session/c7104d6d-b578-4aea-a441-5b71d17293ac/element] with body: {"strategy":"id","selector":"com.fivemobile.thescore:id/txt_welcome","context":"","multiple":false}
&amp#27;[38;5;32m[AndroidUiautomator2Driver@d606 (d81b27d0)]&amp#27;[0m Got response with status 404: {"sessionId":"c7104d6d-b578-4aea-a441-5b71d17293ac","value":{"error":"no such element","message":"An element could not be located on the page using the given search parameters","stacktrace":"io.appium.uiautomator2.common.exceptions.ElementNotFoundException: An element could not be located on the page using the given search parameters\n\tat io.appium.uiautomator2.handler.FindElement.safeHandle(FindElement.java:63)\n\tat io.appium.uiautomator2.handler.request.SafeRequestHandler.handle(SafeRequestHandler.java:59)\n\tat io.appium.uiautomator2.server.AppiumServlet.handleRequest(AppiumServlet.java:277)\n\tat io.appium.uiautomator2.server.AppiumServlet.handleHttpRequest(AppiumServlet.java:271)\n\tat io.appium.uiautomator2.http.ServerHandler.channelRead(ServerHandler.java:77)\n\tat io.netty.channel.AbstractChannelHandlerContext.invokeChannelRead(AbstractChannelHandlerContext.java:366)\n\tat io.netty.channel.AbstractChannelHandlerContext.invokeChannelRead(AbstractChannelHandlerContext.java:352)\n\tat io.netty.chann...
&amp#27;[38;5;128m[W3C]&amp#27;[0m Matched W3C error code 'no such element' to NoSuchElementError
&amp#27;[38;5;32m[AndroidUiautomator2Driver@d606 (d81b27d0)]&amp#27;[0m Waited for 814 ms so far
&amp#27;[38;5;32m[AndroidUiautomator2Driver@d606 (d81b27d0)]&amp#27;[0m Matched '/element' to command name 'findElement'
&amp#27;[38;5;32m[AndroidUiautomator2Driver@d606 (d81b27d0)]&amp#27;[0m Proxying [POST /element] to [POST http://127.0.0.1:8209/session/c7104d6d-b578-4aea-a441-5b71d17293ac/element] with body: {"strategy":"id","selector":"com.fivemobile.thescore:id/txt_welcome","context":"","multiple":false}
&amp#27;[38;5;32m[AndroidUiautomator2Driver@d606 (d81b27d0)]&amp#27;[0m Got response with status 200: {"sessionId":"c7104d6d-b578-4aea-a441-5b71d17293ac","value":{"ELEMENT":"00000000-0000-05e9-ffff-ffff000000a7","element-6066-11e4-a52e-4f735466cecf":"00000000-0000-05e9-ffff-ffff000000a7"}}
&amp#27;[38;5;32m[AndroidUiautomator2Driver@d606 (d81b27d0)]&amp#27;[0m Responding to client with driver.findElement() result: {"element-6066-11e4-a52e-4f735466cecf":"00000000-0000-05e9-ffff-ffff000000a7","ELEMENT":"00000000-0000-05e9-ffff-ffff000000a7"}
&amp#27;[38;5;0m[HTTP]&amp#27;[0m &amp#27;[37m<-- POST /session/d81b27d0-df21-4c35-ba99-cbd5317203eb/element &amp#27;[39m&amp#27;[32m200&amp#27;[39m &amp#27;[90m2731 ms - 137&amp#27;[39m
&amp#27;[38;5;0m[HTTP]&amp#27;[0m &amp#27;[90m&amp#27;[39m
&amp#27;[38;5;0m[HTTP]&amp#27;[0m &amp#27;[37m-->&amp#27;[39m &amp#27;[37mGET&amp#27;[39m &amp#27;[37m/session/d81b27d0-df21-4c35-ba99-cbd5317203eb/element/00000000-0000-05e9-ffff-ffff000000a7/attribute/text&amp#27;[39m
&amp#27;[38;5;0m[HTTP]&amp#27;[0m &amp#27;[90m{}&amp#27;[39m
&amp#27;[38;5;32m[AndroidUiautomator2Driver@d606 (d81b27d0)]&amp#27;[0m Calling AppiumDriver.getAttribute() with args: ["text","00000000-0000-05e9-ffff-ffff000000a7","d81b27d0-df21-4c35-ba99-cbd5317203eb"]
&amp#27;[38;5;32m[AndroidUiautomator2Driver@d606 (d81b27d0)]&amp#27;[0m Matched '/element/00000000-0000-05e9-ffff-ffff000000a7/attribute/text' to command name 'getAttribute'
&amp#27;[38;5;32m[AndroidUiautomator2Driver@d606 (d81b27d0)]&amp#27;[0m Proxying [GET /element/00000000-0000-05e9-ffff-ffff000000a7/attribute/text] to [GET http://127.0.0.1:8209/session/c7104d6d-b578-4aea-a441-5b71d17293ac/element/00000000-0000-05e9-ffff-ffff000000a7/attribute/text] with no body
&amp#27;[38;5;32m[AndroidUiautomator2Driver@d606 (d81b27d0)]&amp#27;[0m Got response with status 200: {"sessionId":"c7104d6d-b578-4aea-a441-5b71d17293ac","value":"WELCOME"}
&amp#27;[38;5;32m[AndroidUiautomator2Driver@d606 (d81b27d0)]&amp#27;[0m Responding to client with driver.getAttribute() result: "WELCOME"
&amp#27;[38;5;0m[HTTP]&amp#27;[0m &amp#27;[37m<-- GET /session/d81b27d0-df21-4c35-ba99-cbd5317203eb/element/00000000-0000-05e9-ffff-ffff000000a7/attribute/text &amp#27;[39m&amp#27;[32m200&amp#27;[39m &amp#27;[90m10 ms - 19&amp#27;[39m
&amp#27;[38;5;0m[HTTP]&amp#27;[0m &amp#27;[90m&amp#27;[39m
&amp#27;[38;5;0m[HTTP]&amp#27;[0m &amp#27;[37m-->&amp#27;[39m &amp#27;[37mGET&amp#27;[39m &amp#27;[37m/session/d81b27d0-df21-4c35-ba99-cbd5317203eb/context&amp#27;[39m
&amp#27;[38;5;0m[HTTP]&amp#27;[0m &amp#27;[90m{}&amp#27;[39m
&amp#27;[38;5;32m[AndroidUiautomator2Driver@d606 (d81b27d0)]&amp#27;[0m Calling AppiumDriver.getCurrentContext() with args: ["d81b27d0-df21-4c35-ba99-cbd5317203eb"]
&amp#27;[38;5;32m[AndroidUiautomator2Driver@d606 (d81b27d0)]&amp#27;[0m Responding to client with driver.getCurrentContext() result: "NATIVE_APP"
&amp#27;[38;5;0m[HTTP]&amp#27;[0m &amp#27;[37m<-- GET /session/d81b27d0-df21-4c35-ba99-cbd5317203eb/context &amp#27;[39m&amp#27;[32m200&amp#27;[39m &amp#27;[90m1 ms - 22&amp#27;[39m
&amp#27;[38;5;0m[HTTP]&amp#27;[0m &amp#27;[90m&amp#27;[39m
&amp#27;[38;5;0m[HTTP]&amp#27;[0m &amp#27;[37m-->&amp#27;[39m &amp#27;[37mPOST&amp#27;[39m &amp#27;[37m/session/d81b27d0-df21-4c35-ba99-cbd5317203eb/element&amp#27;[39m
&amp#27;[38;5;0m[HTTP]&amp#27;[0m &amp#27;[90m{"using":"id","value":"com.fivemobile.thescore:id/action_button_text"}&amp#27;[39m
&amp#27;[38;5;32m[AndroidUiautomator2Driver@d606 (d81b27d0)]&amp#27;[0m Calling AppiumDriver.findElement() with args: ["id","com.fivemobile.thescore:id/action_button_text","d81b27d0-df21-4c35-ba99-cbd5317203eb"]
&amp#27;[38;5;32m[AndroidUiautomator2Driver@d606 (d81b27d0)]&amp#27;[0m Valid locator strategies for this request: xpath, id, class name, accessibility id, css selector, -android uiautomator
&amp#27;[38;5;32m[AndroidUiautomator2Driver@d606 (d81b27d0)]&amp#27;[0m Waiting up to 5000 ms for condition
&amp#27;[38;5;32m[AndroidUiautomator2Driver@d606 (d81b27d0)]&amp#27;[0m Matched '/element' to command name 'findElement'
&amp#27;[38;5;32m[AndroidUiautomator2Driver@d606 (d81b27d0)]&amp#27;[0m Proxying [POST /element] to [POST http://127.0.0.1:8209/session/c7104d6d-b578-4aea-a441-5b71d17293ac/element] with body: {"strategy":"id","selector":"com.fivemobile.thescore:id/action_button_text","context":"","multiple":false}
&amp#27;[38;5;32m[AndroidUiautomator2Driver@d606 (d81b27d0)]&amp#27;[0m Got response with status 200: {"sessionId":"c7104d6d-b578-4aea-a441-5b71d17293ac","value":{"ELEMENT":"00000000-0000-05e9-ffff-ffff00000088","element-6066-11e4-a52e-4f735466cecf":"00000000-0000-05e9-ffff-ffff00000088"}}
&amp#27;[38;5;32m[AndroidUiautomator2Driver@d606 (d81b27d0)]&amp#27;[0m Responding to client with driver.findElement() result: {"element-6066-11e4-a52e-4f735466cecf":"00000000-0000-05e9-ffff-ffff00000088","ELEMENT":"00000000-0000-05e9-ffff-ffff00000088"}
&amp#27;[38;5;0m[HTTP]&amp#27;[0m &amp#27;[37m<-- POST /session/d81b27d0-df21-4c35-ba99-cbd5317203eb/element &amp#27;[39m&amp#27;[32m200&amp#27;[39m &amp#27;[90m27 ms - 137&amp#27;[39m
&amp#27;[38;5;0m[HTTP]&amp#27;[0m &amp#27;[90m&amp#27;[39m
&amp#27;[38;5;0m[HTTP]&amp#27;[0m &amp#27;[37m-->&amp#27;[39m &amp#27;[37mPOST&amp#27;[39m &amp#27;[37m/session/d81b27d0-df21-4c35-ba99-cbd5317203eb/element/00000000-0000-05e9-ffff-ffff00000088/click&amp#27;[39m
&amp#27;[38;5;0m[HTTP]&amp#27;[0m &amp#27;[90m{"id":"00000000-0000-05e9-ffff-ffff00000088"}&amp#27;[39m
&amp#27;[38;5;32m[AndroidUiautomator2Driver@d606 (d81b27d0)]&amp#27;[0m Calling AppiumDriver.click() with args: ["00000000-0000-05e9-ffff-ffff00000088","d81b27d0-df21-4c35-ba99-cbd5317203eb"]
&amp#27;[38;5;32m[AndroidUiautomator2Driver@d606 (d81b27d0)]&amp#27;[0m Matched '/element/00000000-0000-05e9-ffff-ffff00000088/click' to command name 'click'
&amp#27;[38;5;32m[AndroidUiautomator2Driver@d606 (d81b27d0)]&amp#27;[0m Proxying [POST /element/00000000-0000-05e9-ffff-ffff00000088/click] to [POST http://127.0.0.1:8209/session/c7104d6d-b578-4aea-a441-5b71d17293ac/element/00000000-0000-05e9-ffff-ffff00000088/click] with body: {"element":"00000000-0000-05e9-ffff-ffff00000088"}
&amp#27;[38;5;32m[AndroidUiautomator2Driver@d606 (d81b27d0)]&amp#27;[0m Got response with status 200: {"sessionId":"c7104d6d-b578-4aea-a441-5b71d17293ac","value":null}
&amp#27;[38;5;32m[AndroidUiautomator2Driver@d606 (d81b27d0)]&amp#27;[0m Responding to client with driver.click() result: null
&amp#27;[38;5;0m[HTTP]&amp#27;[0m &amp#27;[37m<-- POST /session/d81b27d0-df21-4c35-ba99-cbd5317203eb/element/00000000-0000-05e9-ffff-ffff00000088/click &amp#27;[39m&amp#27;[32m200&amp#27;[39m &amp#27;[90m33 ms - 14&amp#27;[39m
&amp#27;[38;5;0m[HTTP]&amp#27;[0m &amp#27;[90m&amp#27;[39m
Clicked on the 'Get Started' button.
&amp#27;[38;5;0m[HTTP]&amp#27;[0m &amp#27;[37m-->&amp#27;[39m &amp#27;[37mPOST&amp#27;[39m &amp#27;[37m/session/d81b27d0-df21-4c35-ba99-cbd5317203eb/element&amp#27;[39m
&amp#27;[38;5;0m[HTTP]&amp#27;[0m &amp#27;[90m{"using":"id","value":"com.fivemobile.thescore:id/viewPager"}&amp#27;[39m
&amp#27;[38;5;32m[AndroidUiautomator2Driver@d606 (d81b27d0)]&amp#27;[0m Calling AppiumDriver.findElement() with args: ["id","com.fivemobile.thescore:id/viewPager","d81b27d0-df21-4c35-ba99-cbd5317203eb"]
&amp#27;[38;5;32m[AndroidUiautomator2Driver@d606 (d81b27d0)]&amp#27;[0m Valid locator strategies for this request: xpath, id, class name, accessibility id, css selector, -android uiautomator
&amp#27;[38;5;32m[AndroidUiautomator2Driver@d606 (d81b27d0)]&amp#27;[0m Waiting up to 5000 ms for condition
&amp#27;[38;5;32m[AndroidUiautomator2Driver@d606 (d81b27d0)]&amp#27;[0m Matched '/element' to command name 'findElement'
&amp#27;[38;5;32m[AndroidUiautomator2Driver@d606 (d81b27d0)]&amp#27;[0m Proxying [POST /element] to [POST http://127.0.0.1:8209/session/c7104d6d-b578-4aea-a441-5b71d17293ac/element] with body: {"strategy":"id","selector":"com.fivemobile.thescore:id/viewPager","context":"","multiple":false}
&amp#27;[38;5;32m[AndroidUiautomator2Driver@d606 (d81b27d0)]&amp#27;[0m Got response with status 200: {"sessionId":"c7104d6d-b578-4aea-a441-5b71d17293ac","value":{"ELEMENT":"00000000-0000-05e9-ffff-ffff0000006c","element-6066-11e4-a52e-4f735466cecf":"00000000-0000-05e9-ffff-ffff0000006c"}}
&amp#27;[38;5;32m[AndroidUiautomator2Driver@d606 (d81b27d0)]&amp#27;[0m Responding to client with driver.findElement() result: {"element-6066-11e4-a52e-4f735466cecf":"00000000-0000-05e9-ffff-ffff0000006c","ELEMENT":"00000000-0000-05e9-ffff-ffff0000006c"}
&amp#27;[38;5;0m[HTTP]&amp#27;[0m &amp#27;[37m<-- POST /session/d81b27d0-df21-4c35-ba99-cbd5317203eb/element &amp#27;[39m&amp#27;[32m200&amp#27;[39m &amp#27;[90m1708 ms - 137&amp#27;[39m
&amp#27;[38;5;0m[HTTP]&amp#27;[0m &amp#27;[90m&amp#27;[39m
&amp#27;[38;5;0m[HTTP]&amp#27;[0m &amp#27;[37m-->&amp#27;[39m &amp#27;[37mGET&amp#27;[39m &amp#27;[37m/session/d81b27d0-df21-4c35-ba99-cbd5317203eb/element/00000000-0000-05e9-ffff-ffff0000006c/attribute/resource-id&amp#27;[39m
&amp#27;[38;5;0m[HTTP]&amp#27;[0m &amp#27;[90m{}&amp#27;[39m
&amp#27;[38;5;32m[AndroidUiautomator2Driver@d606 (d81b27d0)]&amp#27;[0m Calling AppiumDriver.getAttribute() with args: ["resource-id","00000000-0000-05e9-ffff-ffff0000006c","d81b27d0-df21-4c35-ba99-cbd5317203eb"]
&amp#27;[38;5;32m[AndroidUiautomator2Driver@d606 (d81b27d0)]&amp#27;[0m Matched '/element/00000000-0000-05e9-ffff-ffff0000006c/attribute/resource-id' to command name 'getAttribute'
&amp#27;[38;5;32m[AndroidUiautomator2Driver@d606 (d81b27d0)]&amp#27;[0m Proxying [GET /element/00000000-0000-05e9-ffff-ffff0000006c/attribute/resource-id] to [GET http://127.0.0.1:8209/session/c7104d6d-b578-4aea-a441-5b71d17293ac/element/00000000-0000-05e9-ffff-ffff0000006c/attribute/resource-id] with no body
&amp#27;[38;5;32m[AndroidUiautomator2Driver@d606 (d81b27d0)]&amp#27;[0m Got response with status 200: {"sessionId":"c7104d6d-b578-4aea-a441-5b71d17293ac","value":"com.fivemobile.thescore:id/viewPager"}
&amp#27;[38;5;32m[AndroidUiautomator2Driver@d606 (d81b27d0)]&amp#27;[0m Responding to client with driver.getAttribute() result: "com.fivemobile.thescore:id/viewPager"
&amp#27;[38;5;0m[HTTP]&amp#27;[0m &amp#27;[37m<-- GET /session/d81b27d0-df21-4c35-ba99-cbd5317203eb/element/00000000-0000-05e9-ffff-ffff0000006c/attribute/resource-id &amp#27;[39m&amp#27;[32m200&amp#27;[39m &amp#27;[90m7 ms - 48&amp#27;[39m
&amp#27;[38;5;0m[HTTP]&amp#27;[0m &amp#27;[90m&amp#27;[39m
&amp#27;[38;5;0m[HTTP]&amp#27;[0m &amp#27;[37m-->&amp#27;[39m &amp#27;[37mPOST&amp#27;[39m &amp#27;[37m/session/d81b27d0-df21-4c35-ba99-cbd5317203eb/element&amp#27;[39m
&amp#27;[38;5;0m[HTTP]&amp#27;[0m &amp#27;[90m{"using":"-android uiautomator","value":"new UiScrollable(new UiSelector().resourceId(\"com.fivemobile.thescore:id/viewPager\")).scrollIntoView(text(\"NBA Basketball\"));"}&amp#27;[39m
&amp#27;[38;5;32m[AndroidUiautomator2Driver@d606 (d81b27d0)]&amp#27;[0m Calling AppiumDriver.findElement() with args: ["-android uiautomator","new UiScrollable(new UiSelector().resourceId(\"com.fivemobile.thescore:id/viewPager\")).scrollIntoView(text(\"NBA Basketball\"));","d81b27d0-df21-4c35-ba99-cbd5317203eb"]
&amp#27;[38;5;32m[AndroidUiautomator2Driver@d606 (d81b27d0)]&amp#27;[0m Valid locator strategies for this request: xpath, id, class name, accessibility id, css selector, -android uiautomator
&amp#27;[38;5;32m[AndroidUiautomator2Driver@d606 (d81b27d0)]&amp#27;[0m Waiting up to 5000 ms for condition
&amp#27;[38;5;32m[AndroidUiautomator2Driver@d606 (d81b27d0)]&amp#27;[0m Matched '/element' to command name 'findElement'
&amp#27;[38;5;32m[AndroidUiautomator2Driver@d606 (d81b27d0)]&amp#27;[0m Proxying [POST /element] to [POST http://127.0.0.1:8209/session/c7104d6d-b578-4aea-a441-5b71d17293ac/element] with body: {"strategy":"-android uiautomator","selector":"new UiScrollable(new UiSelector().resourceId(\"com.fivemobile.thescore:id/viewPager\")).scrollIntoView(text(\"NBA Basketball\"));","context":"","multiple":false}
&amp#27;[38;5;32m[AndroidUiautomator2Driver@d606 (d81b27d0)]&amp#27;[0m Got response with status 200: {"sessionId":"c7104d6d-b578-4aea-a441-5b71d17293ac","value":{"ELEMENT":"00000000-0000-05e9-ffff-ffff000000da","element-6066-11e4-a52e-4f735466cecf":"00000000-0000-05e9-ffff-ffff000000da"}}
&amp#27;[38;5;32m[AndroidUiautomator2Driver@d606 (d81b27d0)]&amp#27;[0m Responding to client with driver.findElement() result: {"element-6066-11e4-a52e-4f735466cecf":"00000000-0000-05e9-ffff-ffff000000da","ELEMENT":"00000000-0000-05e9-ffff-ffff000000da"}
&amp#27;[38;5;0m[HTTP]&amp#27;[0m &amp#27;[37m<-- POST /session/d81b27d0-df21-4c35-ba99-cbd5317203eb/element &amp#27;[39m&amp#27;[32m200&amp#27;[39m &amp#27;[90m27 ms - 137&amp#27;[39m
&amp#27;[38;5;0m[HTTP]&amp#27;[0m &amp#27;[90m&amp#27;[39m
&amp#27;[38;5;0m[HTTP]&amp#27;[0m &amp#27;[37m-->&amp#27;[39m &amp#27;[37mPOST&amp#27;[39m &amp#27;[37m/session/d81b27d0-df21-4c35-ba99-cbd5317203eb/element&amp#27;[39m
&amp#27;[38;5;0m[HTTP]&amp#27;[0m &amp#27;[90m{"using":"xpath","value":"//android.widget.TextView[@resource-id=\"com.fivemobile.thescore:id/txt_name\" and @text=\"NBA Basketball\"]"}&amp#27;[39m
&amp#27;[38;5;32m[AndroidUiautomator2Driver@d606 (d81b27d0)]&amp#27;[0m Calling AppiumDriver.findElement() with args: ["xpath","//android.widget.TextView[@resource-id=\"com.fivemobile.thescore:id/txt_name\" and @text=\"NBA Basketball\"]","d81b27d0-df21-4c35-ba99-cbd5317203eb"]
&amp#27;[38;5;32m[AndroidUiautomator2Driver@d606 (d81b27d0)]&amp#27;[0m Valid locator strategies for this request: xpath, id, class name, accessibility id, css selector, -android uiautomator
&amp#27;[38;5;32m[AndroidUiautomator2Driver@d606 (d81b27d0)]&amp#27;[0m Waiting up to 5000 ms for condition
&amp#27;[38;5;32m[AndroidUiautomator2Driver@d606 (d81b27d0)]&amp#27;[0m Matched '/element' to command name 'findElement'
&amp#27;[38;5;32m[AndroidUiautomator2Driver@d606 (d81b27d0)]&amp#27;[0m Proxying [POST /element] to [POST http://127.0.0.1:8209/session/c7104d6d-b578-4aea-a441-5b71d17293ac/element] with body: {"strategy":"xpath","selector":"//android.widget.TextView[@resource-id=\"com.fivemobile.thescore:id/txt_name\" and @text=\"NBA Basketball\"]","context":"","multiple":false}
&amp#27;[38;5;32m[AndroidUiautomator2Driver@d606 (d81b27d0)]&amp#27;[0m Got response with status 200: {"sessionId":"c7104d6d-b578-4aea-a441-5b71d17293ac","value":{"ELEMENT":"00000000-0000-05e9-ffff-ffff000000da","element-6066-11e4-a52e-4f735466cecf":"00000000-0000-05e9-ffff-ffff000000da"}}
&amp#27;[38;5;32m[AndroidUiautomator2Driver@d606 (d81b27d0)]&amp#27;[0m Responding to client with driver.findElement() result: {"element-6066-11e4-a52e-4f735466cecf":"00000000-0000-05e9-ffff-ffff000000da","ELEMENT":"00000000-0000-05e9-ffff-ffff000000da"}
&amp#27;[38;5;0m[HTTP]&amp#27;[0m &amp#27;[37m<-- POST /session/d81b27d0-df21-4c35-ba99-cbd5317203eb/element &amp#27;[39m&amp#27;[32m200&amp#27;[39m &amp#27;[90m46 ms - 137&amp#27;[39m
&amp#27;[38;5;0m[HTTP]&amp#27;[0m &amp#27;[90m&amp#27;[39m
&amp#27;[38;5;0m[HTTP]&amp#27;[0m &amp#27;[37m-->&amp#27;[39m &amp#27;[37mPOST&amp#27;[39m &amp#27;[37m/session/d81b27d0-df21-4c35-ba99-cbd5317203eb/element/00000000-0000-05e9-ffff-ffff000000da/click&amp#27;[39m
&amp#27;[38;5;0m[HTTP]&amp#27;[0m &amp#27;[90m{"id":"00000000-0000-05e9-ffff-ffff000000da"}&amp#27;[39m
&amp#27;[38;5;32m[AndroidUiautomator2Driver@d606 (d81b27d0)]&amp#27;[0m Calling AppiumDriver.click() with args: ["00000000-0000-05e9-ffff-ffff000000da","d81b27d0-df21-4c35-ba99-cbd5317203eb"]
&amp#27;[38;5;32m[AndroidUiautomator2Driver@d606 (d81b27d0)]&amp#27;[0m Matched '/element/00000000-0000-05e9-ffff-ffff000000da/click' to command name 'click'
&amp#27;[38;5;32m[AndroidUiautomator2Driver@d606 (d81b27d0)]&amp#27;[0m Proxying [POST /element/00000000-0000-05e9-ffff-ffff000000da/click] to [POST http://127.0.0.1:8209/session/c7104d6d-b578-4aea-a441-5b71d17293ac/element/00000000-0000-05e9-ffff-ffff000000da/click] with body: {"element":"00000000-0000-05e9-ffff-ffff000000da"}
&amp#27;[38;5;32m[AndroidUiautomator2Driver@d606 (d81b27d0)]&amp#27;[0m Got response with status 200: {"sessionId":"c7104d6d-b578-4aea-a441-5b71d17293ac","value":null}
&amp#27;[38;5;32m[AndroidUiautomator2Driver@d606 (d81b27d0)]&amp#27;[0m Responding to client with driver.click() result: null
&amp#27;[38;5;0m[HTTP]&amp#27;[0m &amp#27;[37m<-- POST /session/d81b27d0-df21-4c35-ba99-cbd5317203eb/element/00000000-0000-05e9-ffff-ffff000000da/click &amp#27;[39m&amp#27;[32m200&amp#27;[39m &amp#27;[90m35 ms - 14&amp#27;[39m
&amp#27;[38;5;0m[HTTP]&amp#27;[0m &amp#27;[90m&amp#27;[39m
&amp#27;[38;5;0m[HTTP]&amp#27;[0m &amp#27;[37m-->&amp#27;[39m &amp#27;[37mGET&amp#27;[39m &amp#27;[37m/session/d81b27d0-df21-4c35-ba99-cbd5317203eb/context&amp#27;[39m
&amp#27;[38;5;0m[HTTP]&amp#27;[0m &amp#27;[90m{}&amp#27;[39m
&amp#27;[38;5;32m[AndroidUiautomator2Driver@d606 (d81b27d0)]&amp#27;[0m Calling AppiumDriver.getCurrentContext() with args: ["d81b27d0-df21-4c35-ba99-cbd5317203eb"]
&amp#27;[38;5;32m[AndroidUiautomator2Driver@d606 (d81b27d0)]&amp#27;[0m Responding to client with driver.getCurrentContext() result: "NATIVE_APP"
&amp#27;[38;5;0m[HTTP]&amp#27;[0m &amp#27;[37m<-- GET /session/d81b27d0-df21-4c35-ba99-cbd5317203eb/context &amp#27;[39m&amp#27;[32m200&amp#27;[39m &amp#27;[90m1 ms - 22&amp#27;[39m
&amp#27;[38;5;0m[HTTP]&amp#27;[0m &amp#27;[90m&amp#27;[39m
&amp#27;[38;5;0m[HTTP]&amp#27;[0m &amp#27;[37m-->&amp#27;[39m &amp#27;[37mPOST&amp#27;[39m &amp#27;[37m/session/d81b27d0-df21-4c35-ba99-cbd5317203eb/element&amp#27;[39m
&amp#27;[38;5;0m[HTTP]&amp#27;[0m &amp#27;[90m{"using":"id","value":"com.fivemobile.thescore:id/action_button_text"}&amp#27;[39m
&amp#27;[38;5;32m[AndroidUiautomator2Driver@d606 (d81b27d0)]&amp#27;[0m Calling AppiumDriver.findElement() with args: ["id","com.fivemobile.thescore:id/action_button_text","d81b27d0-df21-4c35-ba99-cbd5317203eb"]
&amp#27;[38;5;32m[AndroidUiautomator2Driver@d606 (d81b27d0)]&amp#27;[0m Valid locator strategies for this request: xpath, id, class name, accessibility id, css selector, -android uiautomator
&amp#27;[38;5;32m[AndroidUiautomator2Driver@d606 (d81b27d0)]&amp#27;[0m Waiting up to 5000 ms for condition
&amp#27;[38;5;32m[AndroidUiautomator2Driver@d606 (d81b27d0)]&amp#27;[0m Matched '/element' to command name 'findElement'
&amp#27;[38;5;32m[AndroidUiautomator2Driver@d606 (d81b27d0)]&amp#27;[0m Proxying [POST /element] to [POST http://127.0.0.1:8209/session/c7104d6d-b578-4aea-a441-5b71d17293ac/element] with body: {"strategy":"id","selector":"com.fivemobile.thescore:id/action_button_text","context":"","multiple":false}
&amp#27;[38;5;32m[AndroidUiautomator2Driver@d606 (d81b27d0)]&amp#27;[0m Got response with status 200: {"sessionId":"c7104d6d-b578-4aea-a441-5b71d17293ac","value":{"ELEMENT":"00000000-0000-05e9-ffff-ffff00000088","element-6066-11e4-a52e-4f735466cecf":"00000000-0000-05e9-ffff-ffff00000088"}}
&amp#27;[38;5;32m[AndroidUiautomator2Driver@d606 (d81b27d0)]&amp#27;[0m Responding to client with driver.findElement() result: {"element-6066-11e4-a52e-4f735466cecf":"00000000-0000-05e9-ffff-ffff00000088","ELEMENT":"00000000-0000-05e9-ffff-ffff00000088"}
&amp#27;[38;5;0m[HTTP]&amp#27;[0m &amp#27;[37m<-- POST /session/d81b27d0-df21-4c35-ba99-cbd5317203eb/element &amp#27;[39m&amp#27;[32m200&amp#27;[39m &amp#27;[90m1359 ms - 137&amp#27;[39m
&amp#27;[38;5;0m[HTTP]&amp#27;[0m &amp#27;[90m&amp#27;[39m
&amp#27;[38;5;0m[HTTP]&amp#27;[0m &amp#27;[37m-->&amp#27;[39m &amp#27;[37mPOST&amp#27;[39m &amp#27;[37m/session/d81b27d0-df21-4c35-ba99-cbd5317203eb/element/00000000-0000-05e9-ffff-ffff00000088/click&amp#27;[39m
&amp#27;[38;5;0m[HTTP]&amp#27;[0m &amp#27;[90m{"id":"00000000-0000-05e9-ffff-ffff00000088"}&amp#27;[39m
&amp#27;[38;5;32m[AndroidUiautomator2Driver@d606 (d81b27d0)]&amp#27;[0m Calling AppiumDriver.click() with args: ["00000000-0000-05e9-ffff-ffff00000088","d81b27d0-df21-4c35-ba99-cbd5317203eb"]
&amp#27;[38;5;32m[AndroidUiautomator2Driver@d606 (d81b27d0)]&amp#27;[0m Matched '/element/00000000-0000-05e9-ffff-ffff00000088/click' to command name 'click'
&amp#27;[38;5;32m[AndroidUiautomator2Driver@d606 (d81b27d0)]&amp#27;[0m Proxying [POST /element/00000000-0000-05e9-ffff-ffff00000088/click] to [POST http://127.0.0.1:8209/session/c7104d6d-b578-4aea-a441-5b71d17293ac/element/00000000-0000-05e9-ffff-ffff00000088/click] with body: {"element":"00000000-0000-05e9-ffff-ffff00000088"}
&amp#27;[38;5;32m[AndroidUiautomator2Driver@d606 (d81b27d0)]&amp#27;[0m Got response with status 200: {"sessionId":"c7104d6d-b578-4aea-a441-5b71d17293ac","value":null}
&amp#27;[38;5;32m[AndroidUiautomator2Driver@d606 (d81b27d0)]&amp#27;[0m Responding to client with driver.click() result: null
&amp#27;[38;5;0m[HTTP]&amp#27;[0m &amp#27;[37m<-- POST /session/d81b27d0-df21-4c35-ba99-cbd5317203eb/element/00000000-0000-05e9-ffff-ffff00000088/click &amp#27;[39m&amp#27;[32m200&amp#27;[39m &amp#27;[90m30 ms - 14&amp#27;[39m
&amp#27;[38;5;0m[HTTP]&amp#27;[0m &amp#27;[90m&amp#27;[39m
&amp#27;[38;5;0m[HTTP]&amp#27;[0m &amp#27;[37m-->&amp#27;[39m &amp#27;[37mPOST&amp#27;[39m &amp#27;[37m/session/d81b27d0-df21-4c35-ba99-cbd5317203eb/element&amp#27;[39m
&amp#27;[38;5;0m[HTTP]&amp#27;[0m &amp#27;[90m{"using":"id","value":"com.fivemobile.thescore:id/btn_allow"}&amp#27;[39m
&amp#27;[38;5;32m[AndroidUiautomator2Driver@d606 (d81b27d0)]&amp#27;[0m Calling AppiumDriver.findElement() with args: ["id","com.fivemobile.thescore:id/btn_allow","d81b27d0-df21-4c35-ba99-cbd5317203eb"]
&amp#27;[38;5;32m[AndroidUiautomator2Driver@d606 (d81b27d0)]&amp#27;[0m Valid locator strategies for this request: xpath, id, class name, accessibility id, css selector, -android uiautomator
&amp#27;[38;5;32m[AndroidUiautomator2Driver@d606 (d81b27d0)]&amp#27;[0m Waiting up to 5000 ms for condition
&amp#27;[38;5;32m[AndroidUiautomator2Driver@d606 (d81b27d0)]&amp#27;[0m Matched '/element' to command name 'findElement'
&amp#27;[38;5;32m[AndroidUiautomator2Driver@d606 (d81b27d0)]&amp#27;[0m Proxying [POST /element] to [POST http://127.0.0.1:8209/session/c7104d6d-b578-4aea-a441-5b71d17293ac/element] with body: {"strategy":"id","selector":"com.fivemobile.thescore:id/btn_allow","context":"","multiple":false}
&amp#27;[38;5;32m[AndroidUiautomator2Driver@d606 (d81b27d0)]&amp#27;[0m Got response with status 404: {"sessionId":"c7104d6d-b578-4aea-a441-5b71d17293ac","value":{"error":"no such element","message":"An element could not be located on the page using the given search parameters","stacktrace":"io.appium.uiautomator2.common.exceptions.ElementNotFoundException: An element could not be located on the page using the given search parameters\n\tat io.appium.uiautomator2.handler.FindElement.safeHandle(FindElement.java:63)\n\tat io.appium.uiautomator2.handler.request.SafeRequestHandler.handle(SafeRequestHandler.java:59)\n\tat io.appium.uiautomator2.server.AppiumServlet.handleRequest(AppiumServlet.java:277)\n\tat io.appium.uiautomator2.server.AppiumServlet.handleHttpRequest(AppiumServlet.java:271)\n\tat io.appium.uiautomator2.http.ServerHandler.channelRead(ServerHandler.java:77)\n\tat io.netty.channel.AbstractChannelHandlerContext.invokeChannelRead(AbstractChannelHandlerContext.java:366)\n\tat io.netty.channel.AbstractChannelHandlerContext.invokeChannelRead(AbstractChannelHandlerContext.java:352)\n\tat io.netty.chann...
&amp#27;[38;5;128m[W3C]&amp#27;[0m Matched W3C error code 'no such element' to NoSuchElementError
&amp#27;[38;5;32m[AndroidUiautomator2Driver@d606 (d81b27d0)]&amp#27;[0m Waited for 573 ms so far
&amp#27;[38;5;32m[AndroidUiautomator2Driver@d606 (d81b27d0)]&amp#27;[0m Matched '/element' to command name 'findElement'
&amp#27;[38;5;32m[AndroidUiautomator2Driver@d606 (d81b27d0)]&amp#27;[0m Proxying [POST /element] to [POST http://127.0.0.1:8209/session/c7104d6d-b578-4aea-a441-5b71d17293ac/element] with body: {"strategy":"id","selector":"com.fivemobile.thescore:id/btn_allow","context":"","multiple":false}
&amp#27;[38;5;32m[AndroidUiautomator2Driver@d606 (d81b27d0)]&amp#27;[0m Got response with status 200: {"sessionId":"c7104d6d-b578-4aea-a441-5b71d17293ac","value":{"ELEMENT":"00000000-0000-05ea-ffff-ffff0000028f","element-6066-11e4-a52e-4f735466cecf":"00000000-0000-05ea-ffff-ffff0000028f"}}
&amp#27;[38;5;32m[AndroidUiautomator2Driver@d606 (d81b27d0)]&amp#27;[0m Responding to client with driver.findElement() result: {"element-6066-11e4-a52e-4f735466cecf":"00000000-0000-05ea-ffff-ffff0000028f","ELEMENT":"00000000-0000-05ea-ffff-ffff0000028f"}
&amp#27;[38;5;0m[HTTP]&amp#27;[0m &amp#27;[37m<-- POST /session/d81b27d0-df21-4c35-ba99-cbd5317203eb/element &amp#27;[39m&amp#27;[32m200&amp#27;[39m &amp#27;[90m1084 ms - 137&amp#27;[39m
&amp#27;[38;5;0m[HTTP]&amp#27;[0m &amp#27;[90m&amp#27;[39m
&amp#27;[38;5;0m[HTTP]&amp#27;[0m &amp#27;[37m-->&amp#27;[39m &amp#27;[37mGET&amp#27;[39m &amp#27;[37m/session/d81b27d0-df21-4c35-ba99-cbd5317203eb/element/00000000-0000-05ea-ffff-ffff0000028f/displayed&amp#27;[39m
&amp#27;[38;5;0m[HTTP]&amp#27;[0m &amp#27;[90m{}&amp#27;[39m
&amp#27;[38;5;32m[AndroidUiautomator2Driver@d606 (d81b27d0)]&amp#27;[0m Calling AppiumDriver.elementDisplayed() with args: ["00000000-0000-05ea-ffff-ffff0000028f","d81b27d0-df21-4c35-ba99-cbd5317203eb"]
&amp#27;[38;5;32m[AndroidUiautomator2Driver@d606 (d81b27d0)]&amp#27;[0m Matched '/element/00000000-0000-05ea-ffff-ffff0000028f/attribute/displayed' to command name 'getAttribute'
&amp#27;[38;5;32m[AndroidUiautomator2Driver@d606 (d81b27d0)]&amp#27;[0m Proxying [GET /element/00000000-0000-05ea-ffff-ffff0000028f/attribute/displayed] to [GET http://127.0.0.1:8209/session/c7104d6d-b578-4aea-a441-5b71d17293ac/element/00000000-0000-05ea-ffff-ffff0000028f/attribute/displayed] with no body
&amp#27;[38;5;32m[AndroidUiautomator2Driver@d606 (d81b27d0)]&amp#27;[0m Got response with status 200: {"sessionId":"c7104d6d-b578-4aea-a441-5b71d17293ac","value":"true"}
&amp#27;[38;5;32m[AndroidUiautomator2Driver@d606 (d81b27d0)]&amp#27;[0m Responding to client with driver.elementDisplayed() result: true
&amp#27;[38;5;0m[HTTP]&amp#27;[0m &amp#27;[37m<-- GET /session/d81b27d0-df21-4c35-ba99-cbd5317203eb/element/00000000-0000-05ea-ffff-ffff0000028f/displayed &amp#27;[39m&amp#27;[32m200&amp#27;[39m &amp#27;[90m7 ms - 14&amp#27;[39m
&amp#27;[38;5;0m[HTTP]&amp#27;[0m &amp#27;[90m&amp#27;[39m
&amp#27;[38;5;0m[HTTP]&amp#27;[0m &amp#27;[37m-->&amp#27;[39m &amp#27;[37mPOST&amp#27;[39m &amp#27;[37m/session/d81b27d0-df21-4c35-ba99-cbd5317203eb/element&amp#27;[39m
&amp#27;[38;5;0m[HTTP]&amp#27;[0m &amp#27;[90m{"using":"id","value":"com.fivemobile.thescore:id/btn_allow"}&amp#27;[39m
&amp#27;[38;5;32m[AndroidUiautomator2Driver@d606 (d81b27d0)]&amp#27;[0m Calling AppiumDriver.findElement() with args: ["id","com.fivemobile.thescore:id/btn_allow","d81b27d0-df21-4c35-ba99-cbd5317203eb"]
&amp#27;[38;5;32m[AndroidUiautomator2Driver@d606 (d81b27d0)]&amp#27;[0m Valid locator strategies for this request: xpath, id, class name, accessibility id, css selector, -android uiautomator
&amp#27;[38;5;32m[AndroidUiautomator2Driver@d606 (d81b27d0)]&amp#27;[0m Waiting up to 5000 ms for condition
&amp#27;[38;5;32m[AndroidUiautomator2Driver@d606 (d81b27d0)]&amp#27;[0m Matched '/element' to command name 'findElement'
&amp#27;[38;5;32m[AndroidUiautomator2Driver@d606 (d81b27d0)]&amp#27;[0m Proxying [POST /element] to [POST http://127.0.0.1:8209/session/c7104d6d-b578-4aea-a441-5b71d17293ac/element] with body: {"strategy":"id","selector":"com.fivemobile.thescore:id/btn_allow","context":"","multiple":false}
&amp#27;[38;5;32m[AndroidUiautomator2Driver@d606 (d81b27d0)]&amp#27;[0m Got response with status 200: {"sessionId":"c7104d6d-b578-4aea-a441-5b71d17293ac","value":{"ELEMENT":"00000000-0000-05ea-ffff-ffff0000028f","element-6066-11e4-a52e-4f735466cecf":"00000000-0000-05ea-ffff-ffff0000028f"}}
&amp#27;[38;5;32m[AndroidUiautomator2Driver@d606 (d81b27d0)]&amp#27;[0m Responding to client with driver.findElement() result: {"element-6066-11e4-a52e-4f735466cecf":"00000000-0000-05ea-ffff-ffff0000028f","ELEMENT":"00000000-0000-05ea-ffff-ffff0000028f"}
&amp#27;[38;5;0m[HTTP]&amp#27;[0m &amp#27;[37m<-- POST /session/d81b27d0-df21-4c35-ba99-cbd5317203eb/element &amp#27;[39m&amp#27;[32m200&amp#27;[39m &amp#27;[90m8 ms - 137&amp#27;[39m
&amp#27;[38;5;0m[HTTP]&amp#27;[0m &amp#27;[90m&amp#27;[39m
&amp#27;[38;5;0m[HTTP]&amp#27;[0m &amp#27;[37m-->&amp#27;[39m &amp#27;[37mPOST&amp#27;[39m &amp#27;[37m/session/d81b27d0-df21-4c35-ba99-cbd5317203eb/element/00000000-0000-05ea-ffff-ffff0000028f/click&amp#27;[39m
&amp#27;[38;5;0m[HTTP]&amp#27;[0m &amp#27;[90m{"id":"00000000-0000-05ea-ffff-ffff0000028f"}&amp#27;[39m
&amp#27;[38;5;32m[AndroidUiautomator2Driver@d606 (d81b27d0)]&amp#27;[0m Calling AppiumDriver.click() with args: ["00000000-0000-05ea-ffff-ffff0000028f","d81b27d0-df21-4c35-ba99-cbd5317203eb"]
&amp#27;[38;5;32m[AndroidUiautomator2Driver@d606 (d81b27d0)]&amp#27;[0m Matched '/element/00000000-0000-05ea-ffff-ffff0000028f/click' to command name 'click'
&amp#27;[38;5;32m[AndroidUiautomator2Driver@d606 (d81b27d0)]&amp#27;[0m Proxying [POST /element/00000000-0000-05ea-ffff-ffff0000028f/click] to [POST http://127.0.0.1:8209/session/c7104d6d-b578-4aea-a441-5b71d17293ac/element/00000000-0000-05ea-ffff-ffff0000028f/click] with body: {"element":"00000000-0000-05ea-ffff-ffff0000028f"}
&amp#27;[38;5;32m[AndroidUiautomator2Driver@d606 (d81b27d0)]&amp#27;[0m Got response with status 200: {"sessionId":"c7104d6d-b578-4aea-a441-5b71d17293ac","value":null}
&amp#27;[38;5;32m[AndroidUiautomator2Driver@d606 (d81b27d0)]&amp#27;[0m Responding to client with driver.click() result: null
&amp#27;[38;5;0m[HTTP]&amp#27;[0m &amp#27;[37m<-- POST /session/d81b27d0-df21-4c35-ba99-cbd5317203eb/element/00000000-0000-05ea-ffff-ffff0000028f/click &amp#27;[39m&amp#27;[32m200&amp#27;[39m &amp#27;[90m40 ms - 14&amp#27;[39m
&amp#27;[38;5;0m[HTTP]&amp#27;[0m &amp#27;[90m&amp#27;[39m
&amp#27;[38;5;0m[HTTP]&amp#27;[0m &amp#27;[37m-->&amp#27;[39m &amp#27;[37mPOST&amp#27;[39m &amp#27;[37m/session/d81b27d0-df21-4c35-ba99-cbd5317203eb/element&amp#27;[39m
&amp#27;[38;5;0m[HTTP]&amp#27;[0m &amp#27;[90m{"using":"id","value":"com.fivemobile.thescore:id/btn_allow"}&amp#27;[39m
&amp#27;[38;5;32m[AndroidUiautomator2Driver@d606 (d81b27d0)]&amp#27;[0m Calling AppiumDriver.findElement() with args: ["id","com.fivemobile.thescore:id/btn_allow","d81b27d0-df21-4c35-ba99-cbd5317203eb"]
&amp#27;[38;5;32m[AndroidUiautomator2Driver@d606 (d81b27d0)]&amp#27;[0m Valid locator strategies for this request: xpath, id, class name, accessibility id, css selector, -android uiautomator
&amp#27;[38;5;32m[AndroidUiautomator2Driver@d606 (d81b27d0)]&amp#27;[0m Waiting up to 5000 ms for condition
&amp#27;[38;5;32m[AndroidUiautomator2Driver@d606 (d81b27d0)]&amp#27;[0m Matched '/element' to command name 'findElement'
&amp#27;[38;5;32m[AndroidUiautomator2Driver@d606 (d81b27d0)]&amp#27;[0m Proxying [POST /element] to [POST http://127.0.0.1:8209/session/c7104d6d-b578-4aea-a441-5b71d17293ac/element] with body: {"strategy":"id","selector":"com.fivemobile.thescore:id/btn_allow","context":"","multiple":false}
&amp#27;[38;5;32m[AndroidUiautomator2Driver@d606 (d81b27d0)]&amp#27;[0m Got response with status 200: {"sessionId":"c7104d6d-b578-4aea-a441-5b71d17293ac","value":{"ELEMENT":"00000000-0000-05ea-ffff-ffff0000028f","element-6066-11e4-a52e-4f735466cecf":"00000000-0000-05ea-ffff-ffff0000028f"}}
&amp#27;[38;5;32m[AndroidUiautomator2Driver@d606 (d81b27d0)]&amp#27;[0m Responding to client with driver.findElement() result: {"element-6066-11e4-a52e-4f735466cecf":"00000000-0000-05ea-ffff-ffff0000028f","ELEMENT":"00000000-0000-05ea-ffff-ffff0000028f"}
&amp#27;[38;5;0m[HTTP]&amp#27;[0m &amp#27;[37m<-- POST /session/d81b27d0-df21-4c35-ba99-cbd5317203eb/element &amp#27;[39m&amp#27;[32m200&amp#27;[39m &amp#27;[90m50 ms - 137&amp#27;[39m
&amp#27;[38;5;0m[HTTP]&amp#27;[0m &amp#27;[90m&amp#27;[39m
&amp#27;[38;5;0m[HTTP]&amp#27;[0m &amp#27;[37m-->&amp#27;[39m &amp#27;[37mGET&amp#27;[39m &amp#27;[37m/session/d81b27d0-df21-4c35-ba99-cbd5317203eb/element/00000000-0000-05ea-ffff-ffff0000028f/displayed&amp#27;[39m
&amp#27;[38;5;0m[HTTP]&amp#27;[0m &amp#27;[90m{}&amp#27;[39m
&amp#27;[38;5;32m[AndroidUiautomator2Driver@d606 (d81b27d0)]&amp#27;[0m Calling AppiumDriver.elementDisplayed() with args: ["00000000-0000-05ea-ffff-ffff0000028f","d81b27d0-df21-4c35-ba99-cbd5317203eb"]
&amp#27;[38;5;32m[AndroidUiautomator2Driver@d606 (d81b27d0)]&amp#27;[0m Matched '/element/00000000-0000-05ea-ffff-ffff0000028f/attribute/displayed' to command name 'getAttribute'
&amp#27;[38;5;32m[AndroidUiautomator2Driver@d606 (d81b27d0)]&amp#27;[0m Proxying [GET /element/00000000-0000-05ea-ffff-ffff0000028f/attribute/displayed] to [GET http://127.0.0.1:8209/session/c7104d6d-b578-4aea-a441-5b71d17293ac/element/00000000-0000-05ea-ffff-ffff0000028f/attribute/displayed] with no body
&amp#27;[38;5;32m[AndroidUiautomator2Driver@d606 (d81b27d0)]&amp#27;[0m Got response with status 200: {"sessionId":"c7104d6d-b578-4aea-a441-5b71d17293ac","value":"true"}
&amp#27;[38;5;32m[AndroidUiautomator2Driver@d606 (d81b27d0)]&amp#27;[0m Responding to client with driver.elementDisplayed() result: true
&amp#27;[38;5;0m[HTTP]&amp#27;[0m &amp#27;[37m<-- GET /session/d81b27d0-df21-4c35-ba99-cbd5317203eb/element/00000000-0000-05ea-ffff-ffff0000028f/displayed &amp#27;[39m&amp#27;[32m200&amp#27;[39m &amp#27;[90m530 ms - 14&amp#27;[39m
&amp#27;[38;5;0m[HTTP]&amp#27;[0m &amp#27;[90m&amp#27;[39m
&amp#27;[38;5;0m[HTTP]&amp#27;[0m &amp#27;[37m-->&amp#27;[39m &amp#27;[37mPOST&amp#27;[39m &amp#27;[37m/session/d81b27d0-df21-4c35-ba99-cbd5317203eb/element&amp#27;[39m
&amp#27;[38;5;0m[HTTP]&amp#27;[0m &amp#27;[90m{"using":"id","value":"com.fivemobile.thescore:id/btn_allow"}&amp#27;[39m
&amp#27;[38;5;32m[AndroidUiautomator2Driver@d606 (d81b27d0)]&amp#27;[0m Calling AppiumDriver.findElement() with args: ["id","com.fivemobile.thescore:id/btn_allow","d81b27d0-df21-4c35-ba99-cbd5317203eb"]
&amp#27;[38;5;32m[AndroidUiautomator2Driver@d606 (d81b27d0)]&amp#27;[0m Valid locator strategies for this request: xpath, id, class name, accessibility id, css selector, -android uiautomator
&amp#27;[38;5;32m[AndroidUiautomator2Driver@d606 (d81b27d0)]&amp#27;[0m Waiting up to 5000 ms for condition
&amp#27;[38;5;32m[AndroidUiautomator2Driver@d606 (d81b27d0)]&amp#27;[0m Matched '/element' to command name 'findElement'
&amp#27;[38;5;32m[AndroidUiautomator2Driver@d606 (d81b27d0)]&amp#27;[0m Proxying [POST /element] to [POST http://127.0.0.1:8209/session/c7104d6d-b578-4aea-a441-5b71d17293ac/element] with body: {"strategy":"id","selector":"com.fivemobile.thescore:id/btn_allow","context":"","multiple":false}
&amp#27;[38;5;32m[AndroidUiautomator2Driver@d606 (d81b27d0)]&amp#27;[0m Got response with status 404: {"sessionId":"c7104d6d-b578-4aea-a441-5b71d17293ac","value":{"error":"no such element","message":"An element could not be located on the page using the given search parameters","stacktrace":"io.appium.uiautomator2.common.exceptions.ElementNotFoundException: An element could not be located on the page using the given search parameters\n\tat io.appium.uiautomator2.handler.FindElement.safeHandle(FindElement.java:63)\n\tat io.appium.uiautomator2.handler.request.SafeRequestHandler.handle(SafeRequestHandler.java:59)\n\tat io.appium.uiautomator2.server.AppiumServlet.handleRequest(AppiumServlet.java:277)\n\tat io.appium.uiautomator2.server.AppiumServlet.handleHttpRequest(AppiumServlet.java:271)\n\tat io.appium.uiautomator2.http.ServerHandler.channelRead(ServerHandler.java:77)\n\tat io.netty.channel.AbstractChannelHandlerContext.invokeChannelRead(AbstractChannelHandlerContext.java:366)\n\tat io.netty.channel.AbstractChannelHandlerContext.invokeChannelRead(AbstractChannelHandlerContext.java:352)\n\tat io.netty.chann...
&amp#27;[38;5;128m[W3C]&amp#27;[0m Matched W3C error code 'no such element' to NoSuchElementError
&amp#27;[38;5;32m[AndroidUiautomator2Driver@d606 (d81b27d0)]&amp#27;[0m Waited for 139 ms so far
&amp#27;[38;5;32m[AndroidUiautomator2Driver@d606 (d81b27d0)]&amp#27;[0m Matched '/element' to command name 'findElement'
&amp#27;[38;5;32m[AndroidUiautomator2Driver@d606 (d81b27d0)]&amp#27;[0m Proxying [POST /element] to [POST http://127.0.0.1:8209/session/c7104d6d-b578-4aea-a441-5b71d17293ac/element] with body: {"strategy":"id","selector":"com.fivemobile.thescore:id/btn_allow","context":"","multiple":false}
&amp#27;[38;5;32m[AndroidUiautomator2Driver@d606 (d81b27d0)]&amp#27;[0m Got response with status 404: {"sessionId":"c7104d6d-b578-4aea-a441-5b71d17293ac","value":{"error":"no such element","message":"An element could not be located on the page using the given search parameters","stacktrace":"io.appium.uiautomator2.common.exceptions.ElementNotFoundException: An element could not be located on the page using the given search parameters\n\tat io.appium.uiautomator2.handler.FindElement.safeHandle(FindElement.java:63)\n\tat io.appium.uiautomator2.handler.request.SafeRequestHandler.handle(SafeRequestHandler.java:59)\n\tat io.appium.uiautomator2.server.AppiumServlet.handleRequest(AppiumServlet.java:277)\n\tat io.appium.uiautomator2.server.AppiumServlet.handleHttpRequest(AppiumServlet.java:271)\n\tat io.appium.uiautomator2.http.ServerHandler.channelRead(ServerHandler.java:77)\n\tat io.netty.channel.AbstractChannelHandlerContext.invokeChannelRead(AbstractChannelHandlerContext.java:366)\n\tat io.netty.channel.AbstractChannelHandlerContext.invokeChannelRead(AbstractChannelHandlerContext.java:352)\n\tat io.netty.chann...
&amp#27;[38;5;128m[W3C]&amp#27;[0m Matched W3C error code 'no such element' to NoSuchElementError
&amp#27;[38;5;32m[AndroidUiautomator2Driver@d606 (d81b27d0)]&amp#27;[0m Waited for 658 ms so far
&amp#27;[38;5;32m[AndroidUiautomator2Driver@d606 (d81b27d0)]&amp#27;[0m Matched '/element' to command name 'findElement'
&amp#27;[38;5;32m[AndroidUiautomator2Driver@d606 (d81b27d0)]&amp#27;[0m Proxying [POST /element] to [POST http://127.0.0.1:8209/session/c7104d6d-b578-4aea-a441-5b71d17293ac/element] with body: {"strategy":"id","selector":"com.fivemobile.thescore:id/btn_allow","context":"","multiple":false}
&amp#27;[38;5;32m[AndroidUiautomator2Driver@d606 (d81b27d0)]&amp#27;[0m Got response with status 404: {"sessionId":"c7104d6d-b578-4aea-a441-5b71d17293ac","value":{"error":"no such element","message":"An element could not be located on the page using the given search parameters","stacktrace":"io.appium.uiautomator2.common.exceptions.ElementNotFoundException: An element could not be located on the page using the given search parameters\n\tat io.appium.uiautomator2.handler.FindElement.safeHandle(FindElement.java:63)\n\tat io.appium.uiautomator2.handler.request.SafeRequestHandler.handle(SafeRequestHandler.java:59)\n\tat io.appium.uiautomator2.server.AppiumServlet.handleRequest(AppiumServlet.java:277)\n\tat io.appium.uiautomator2.server.AppiumServlet.handleHttpRequest(AppiumServlet.java:271)\n\tat io.appium.uiautomator2.http.ServerHandler.channelRead(ServerHandler.java:77)\n\tat io.netty.channel.AbstractChannelHandlerContext.invokeChannelRead(AbstractChannelHandlerContext.java:366)\n\tat io.netty.channel.AbstractChannelHandlerContext.invokeChannelRead(AbstractChannelHandlerContext.java:352)\n\tat io.netty.chann...
&amp#27;[38;5;128m[W3C]&amp#27;[0m Matched W3C error code 'no such element' to NoSuchElementError
&amp#27;[38;5;32m[AndroidUiautomator2Driver@d606 (d81b27d0)]&amp#27;[0m Waited for 1171 ms so far
&amp#27;[38;5;32m[AndroidUiautomator2Driver@d606 (d81b27d0)]&amp#27;[0m Matched '/element' to command name 'findElement'
&amp#27;[38;5;32m[AndroidUiautomator2Driver@d606 (d81b27d0)]&amp#27;[0m Proxying [POST /element] to [POST http://127.0.0.1:8209/session/c7104d6d-b578-4aea-a441-5b71d17293ac/element] with body: {"strategy":"id","selector":"com.fivemobile.thescore:id/btn_allow","context":"","multiple":false}
&amp#27;[38;5;32m[AndroidUiautomator2Driver@d606 (d81b27d0)]&amp#27;[0m Got response with status 404: {"sessionId":"c7104d6d-b578-4aea-a441-5b71d17293ac","value":{"error":"no such element","message":"An element could not be located on the page using the given search parameters","stacktrace":"io.appium.uiautomator2.common.exceptions.ElementNotFoundException: An element could not be located on the page using the given search parameters\n\tat io.appium.uiautomator2.handler.FindElement.safeHandle(FindElement.java:63)\n\tat io.appium.uiautomator2.handler.request.SafeRequestHandler.handle(SafeRequestHandler.java:59)\n\tat io.appium.uiautomator2.server.AppiumServlet.handleRequest(AppiumServlet.java:277)\n\tat io.appium.uiautomator2.server.AppiumServlet.handleHttpRequest(AppiumServlet.java:271)\n\tat io.appium.uiautomator2.http.ServerHandler.channelRead(ServerHandler.java:77)\n\tat io.netty.channel.AbstractChannelHandlerContext.invokeChannelRead(AbstractChannelHandlerContext.java:366)\n\tat io.netty.channel.AbstractChannelHandlerContext.invokeChannelRead(AbstractChannelHandlerContext.java:352)\n\tat io.netty.chann...
&amp#27;[38;5;128m[W3C]&amp#27;[0m Matched W3C error code 'no such element' to NoSuchElementError
&amp#27;[38;5;32m[AndroidUiautomator2Driver@d606 (d81b27d0)]&amp#27;[0m Waited for 1688 ms so far
&amp#27;[38;5;32m[AndroidUiautomator2Driver@d606 (d81b27d0)]&amp#27;[0m Matched '/element' to command name 'findElement'
&amp#27;[38;5;32m[AndroidUiautomator2Driver@d606 (d81b27d0)]&amp#27;[0m Proxying [POST /element] to [POST http://127.0.0.1:8209/session/c7104d6d-b578-4aea-a441-5b71d17293ac/element] with body: {"strategy":"id","selector":"com.fivemobile.thescore:id/btn_allow","context":"","multiple":false}
&amp#27;[38;5;32m[AndroidUiautomator2Driver@d606 (d81b27d0)]&amp#27;[0m Got response with status 404: {"sessionId":"c7104d6d-b578-4aea-a441-5b71d17293ac","value":{"error":"no such element","message":"An element could not be located on the page using the given search parameters","stacktrace":"io.appium.uiautomator2.common.exceptions.ElementNotFoundException: An element could not be located on the page using the given search parameters\n\tat io.appium.uiautomator2.handler.FindElement.safeHandle(FindElement.java:63)\n\tat io.appium.uiautomator2.handler.request.SafeRequestHandler.handle(SafeRequestHandler.java:59)\n\tat io.appium.uiautomator2.server.AppiumServlet.handleRequest(AppiumServlet.java:277)\n\tat io.appium.uiautomator2.server.AppiumServlet.handleHttpRequest(AppiumServlet.java:271)\n\tat io.appium.uiautomator2.http.ServerHandler.channelRead(ServerHandler.java:77)\n\tat io.netty.channel.AbstractChannelHandlerContext.invokeChannelRead(AbstractChannelHandlerContext.java:366)\n\tat io.netty.channel.AbstractChannelHandlerContext.invokeChannelRead(AbstractChannelHandlerContext.java:352)\n\tat io.netty.chann...
&amp#27;[38;5;128m[W3C]&amp#27;[0m Matched W3C error code 'no such element' to NoSuchElementError
&amp#27;[38;5;32m[AndroidUiautomator2Driver@d606 (d81b27d0)]&amp#27;[0m Waited for 2205 ms so far
&amp#27;[38;5;32m[AndroidUiautomator2Driver@d606 (d81b27d0)]&amp#27;[0m Matched '/element' to command name 'findElement'
&amp#27;[38;5;32m[AndroidUiautomator2Driver@d606 (d81b27d0)]&amp#27;[0m Proxying [POST /element] to [POST http://127.0.0.1:8209/session/c7104d6d-b578-4aea-a441-5b71d17293ac/element] with body: {"strategy":"id","selector":"com.fivemobile.thescore:id/btn_allow","context":"","multiple":false}
&amp#27;[38;5;32m[AndroidUiautomator2Driver@d606 (d81b27d0)]&amp#27;[0m Got response with status 404: {"sessionId":"c7104d6d-b578-4aea-a441-5b71d17293ac","value":{"error":"no such element","message":"An element could not be located on the page using the given search parameters","stacktrace":"io.appium.uiautomator2.common.exceptions.ElementNotFoundException: An element could not be located on the page using the given search parameters\n\tat io.appium.uiautomator2.handler.FindElement.safeHandle(FindElement.java:63)\n\tat io.appium.uiautomator2.handler.request.SafeRequestHandler.handle(SafeRequestHandler.java:59)\n\tat io.appium.uiautomator2.server.AppiumServlet.handleRequest(AppiumServlet.java:277)\n\tat io.appium.uiautomator2.server.AppiumServlet.handleHttpRequest(AppiumServlet.java:271)\n\tat io.appium.uiautomator2.http.ServerHandler.channelRead(ServerHandler.java:77)\n\tat io.netty.channel.AbstractChannelHandlerContext.invokeChannelRead(AbstractChannelHandlerContext.java:366)\n\tat io.netty.channel.AbstractChannelHandlerContext.invokeChannelRead(AbstractChannelHandlerContext.java:352)\n\tat io.netty.chann...
&amp#27;[38;5;128m[W3C]&amp#27;[0m Matched W3C error code 'no such element' to NoSuchElementError
&amp#27;[38;5;32m[AndroidUiautomator2Driver@d606 (d81b27d0)]&amp#27;[0m Waited for 2717 ms so far
&amp#27;[38;5;32m[AndroidUiautomator2Driver@d606 (d81b27d0)]&amp#27;[0m Matched '/element' to command name 'findElement'
&amp#27;[38;5;32m[AndroidUiautomator2Driver@d606 (d81b27d0)]&amp#27;[0m Proxying [POST /element] to [POST http://127.0.0.1:8209/session/c7104d6d-b578-4aea-a441-5b71d17293ac/element] with body: {"strategy":"id","selector":"com.fivemobile.thescore:id/btn_allow","context":"","multiple":false}
&amp#27;[38;5;32m[AndroidUiautomator2Driver@d606 (d81b27d0)]&amp#27;[0m Got response with status 404: {"sessionId":"c7104d6d-b578-4aea-a441-5b71d17293ac","value":{"error":"no such element","message":"An element could not be located on the page using the given search parameters","stacktrace":"io.appium.uiautomator2.common.exceptions.ElementNotFoundException: An element could not be located on the page using the given search parameters\n\tat io.appium.uiautomator2.handler.FindElement.safeHandle(FindElement.java:63)\n\tat io.appium.uiautomator2.handler.request.SafeRequestHandler.handle(SafeRequestHandler.java:59)\n\tat io.appium.uiautomator2.server.AppiumServlet.handleRequest(AppiumServlet.java:277)\n\tat io.appium.uiautomator2.server.AppiumServlet.handleHttpRequest(AppiumServlet.java:271)\n\tat io.appium.uiautomator2.http.ServerHandler.channelRead(ServerHandler.java:77)\n\tat io.netty.channel.AbstractChannelHandlerContext.invokeChannelRead(AbstractChannelHandlerContext.java:366)\n\tat io.netty.channel.AbstractChannelHandlerContext.invokeChannelRead(AbstractChannelHandlerContext.java:352)\n\tat io.netty.chann...
&amp#27;[38;5;128m[W3C]&amp#27;[0m Matched W3C error code 'no such element' to NoSuchElementError
&amp#27;[38;5;32m[AndroidUiautomator2Driver@d606 (d81b27d0)]&amp#27;[0m Waited for 3236 ms so far
&amp#27;[38;5;32m[AndroidUiautomator2Driver@d606 (d81b27d0)]&amp#27;[0m Matched '/element' to command name 'findElement'
&amp#27;[38;5;32m[AndroidUiautomator2Driver@d606 (d81b27d0)]&amp#27;[0m Proxying [POST /element] to [POST http://127.0.0.1:8209/session/c7104d6d-b578-4aea-a441-5b71d17293ac/element] with body: {"strategy":"id","selector":"com.fivemobile.thescore:id/btn_allow","context":"","multiple":false}
&amp#27;[38;5;32m[AndroidUiautomator2Driver@d606 (d81b27d0)]&amp#27;[0m Got response with status 404: {"sessionId":"c7104d6d-b578-4aea-a441-5b71d17293ac","value":{"error":"no such element","message":"An element could not be located on the page using the given search parameters","stacktrace":"io.appium.uiautomator2.common.exceptions.ElementNotFoundException: An element could not be located on the page using the given search parameters\n\tat io.appium.uiautomator2.handler.FindElement.safeHandle(FindElement.java:63)\n\tat io.appium.uiautomator2.handler.request.SafeRequestHandler.handle(SafeRequestHandler.java:59)\n\tat io.appium.uiautomator2.server.AppiumServlet.handleRequest(AppiumServlet.java:277)\n\tat io.appium.uiautomator2.server.AppiumServlet.handleHttpRequest(AppiumServlet.java:271)\n\tat io.appium.uiautomator2.http.ServerHandler.channelRead(ServerHandler.java:77)\n\tat io.netty.channel.AbstractChannelHandlerContext.invokeChannelRead(AbstractChannelHandlerContext.java:366)\n\tat io.netty.channel.AbstractChannelHandlerContext.invokeChannelRead(AbstractChannelHandlerContext.java:352)\n\tat io.netty.chann...
&amp#27;[38;5;128m[W3C]&amp#27;[0m Matched W3C error code 'no such element' to NoSuchElementError
&amp#27;[38;5;32m[AndroidUiautomator2Driver@d606 (d81b27d0)]&amp#27;[0m Waited for 3750 ms so far
&amp#27;[38;5;32m[AndroidUiautomator2Driver@d606 (d81b27d0)]&amp#27;[0m Matched '/element' to command name 'findElement'
&amp#27;[38;5;32m[AndroidUiautomator2Driver@d606 (d81b27d0)]&amp#27;[0m Proxying [POST /element] to [POST http://127.0.0.1:8209/session/c7104d6d-b578-4aea-a441-5b71d17293ac/element] with body: {"strategy":"id","selector":"com.fivemobile.thescore:id/btn_allow","context":"","multiple":false}
&amp#27;[38;5;32m[AndroidUiautomator2Driver@d606 (d81b27d0)]&amp#27;[0m Got response with status 404: {"sessionId":"c7104d6d-b578-4aea-a441-5b71d17293ac","value":{"error":"no such element","message":"An element could not be located on the page using the given search parameters","stacktrace":"io.appium.uiautomator2.common.exceptions.ElementNotFoundException: An element could not be located on the page using the given search parameters\n\tat io.appium.uiautomator2.handler.FindElement.safeHandle(FindElement.java:63)\n\tat io.appium.uiautomator2.handler.request.SafeRequestHandler.handle(SafeRequestHandler.java:59)\n\tat io.appium.uiautomator2.server.AppiumServlet.handleRequest(AppiumServlet.java:277)\n\tat io.appium.uiautomator2.server.AppiumServlet.handleHttpRequest(AppiumServlet.java:271)\n\tat io.appium.uiautomator2.http.ServerHandler.channelRead(ServerHandler.java:77)\n\tat io.netty.channel.AbstractChannelHandlerContext.invokeChannelRead(AbstractChannelHandlerContext.java:366)\n\tat io.netty.channel.AbstractChannelHandlerContext.invokeChannelRead(AbstractChannelHandlerContext.java:352)\n\tat io.netty.chann...
&amp#27;[38;5;128m[W3C]&amp#27;[0m Matched W3C error code 'no such element' to NoSuchElementError
&amp#27;[38;5;32m[AndroidUiautomator2Driver@d606 (d81b27d0)]&amp#27;[0m Waited for 4266 ms so far
&amp#27;[38;5;32m[AndroidUiautomator2Driver@d606 (d81b27d0)]&amp#27;[0m Matched '/element' to command name 'findElement'
&amp#27;[38;5;32m[AndroidUiautomator2Driver@d606 (d81b27d0)]&amp#27;[0m Proxying [POST /element] to [POST http://127.0.0.1:8209/session/c7104d6d-b578-4aea-a441-5b71d17293ac/element] with body: {"strategy":"id","selector":"com.fivemobile.thescore:id/btn_allow","context":"","multiple":false}
&amp#27;[38;5;32m[AndroidUiautomator2Driver@d606 (d81b27d0)]&amp#27;[0m Got response with status 404: {"sessionId":"c7104d6d-b578-4aea-a441-5b71d17293ac","value":{"error":"no such element","message":"An element could not be located on the page using the given search parameters","stacktrace":"io.appium.uiautomator2.common.exceptions.ElementNotFoundException: An element could not be located on the page using the given search parameters\n\tat io.appium.uiautomator2.handler.FindElement.safeHandle(FindElement.java:63)\n\tat io.appium.uiautomator2.handler.request.SafeRequestHandler.handle(SafeRequestHandler.java:59)\n\tat io.appium.uiautomator2.server.AppiumServlet.handleRequest(AppiumServlet.java:277)\n\tat io.appium.uiautomator2.server.AppiumServlet.handleHttpRequest(AppiumServlet.java:271)\n\tat io.appium.uiautomator2.http.ServerHandler.channelRead(ServerHandler.java:77)\n\tat io.netty.channel.AbstractChannelHandlerContext.invokeChannelRead(AbstractChannelHandlerContext.java:366)\n\tat io.netty.channel.AbstractChannelHandlerContext.invokeChannelRead(AbstractChannelHandlerContext.java:352)\n\tat io.netty.chann...
&amp#27;[38;5;128m[W3C]&amp#27;[0m Matched W3C error code 'no such element' to NoSuchElementError
&amp#27;[38;5;32m[AndroidUiautomator2Driver@d606 (d81b27d0)]&amp#27;[0m Waited for 4779 ms so far
&amp#27;[38;5;32m[AndroidUiautomator2Driver@d606 (d81b27d0)]&amp#27;[0m Matched '/element' to command name 'findElement'
&amp#27;[38;5;32m[AndroidUiautomator2Driver@d606 (d81b27d0)]&amp#27;[0m Proxying [POST /element] to [POST http://127.0.0.1:8209/session/c7104d6d-b578-4aea-a441-5b71d17293ac/element] with body: {"strategy":"id","selector":"com.fivemobile.thescore:id/btn_allow","context":"","multiple":false}
&amp#27;[38;5;32m[AndroidUiautomator2Driver@d606 (d81b27d0)]&amp#27;[0m Got response with status 404: {"sessionId":"c7104d6d-b578-4aea-a441-5b71d17293ac","value":{"error":"no such element","message":"An element could not be located on the page using the given search parameters","stacktrace":"io.appium.uiautomator2.common.exceptions.ElementNotFoundException: An element could not be located on the page using the given search parameters\n\tat io.appium.uiautomator2.handler.FindElement.safeHandle(FindElement.java:63)\n\tat io.appium.uiautomator2.handler.request.SafeRequestHandler.handle(SafeRequestHandler.java:59)\n\tat io.appium.uiautomator2.server.AppiumServlet.handleRequest(AppiumServlet.java:277)\n\tat io.appium.uiautomator2.server.AppiumServlet.handleHttpRequest(AppiumServlet.java:271)\n\tat io.appium.uiautomator2.http.ServerHandler.channelRead(ServerHandler.java:77)\n\tat io.netty.channel.AbstractChannelHandlerContext.invokeChannelRead(AbstractChannelHandlerContext.java:366)\n\tat io.netty.channel.AbstractChannelHandlerContext.invokeChannelRead(AbstractChannelHandlerContext.java:352)\n\tat io.netty.chann...
&amp#27;[38;5;128m[W3C]&amp#27;[0m Matched W3C error code 'no such element' to NoSuchElementError
&amp#27;[38;5;32m[AndroidUiautomator2Driver@d606 (d81b27d0)]&amp#27;[0m Encountered internal error running command: NoSuchElementError: An element could not be located on the page using the given search parameters.
&amp#27;[38;5;32m[AndroidUiautomator2Driver@d606 (d81b27d0)]&amp#27;[0m     at AndroidUiautomator2Driver.findElOrEls (C:\Users\bungh\node_modules\appium-uiautomator2-driver\node_modules\appium-android-driver\lib\commands\find.ts:87:11)
&amp#27;[38;5;32m[AndroidUiautomator2Driver@d606 (d81b27d0)]&amp#27;[0m     at processTicksAndRejections (node:internal/process/task_queues:95:5)
&amp#27;[38;5;32m[AndroidUiautomator2Driver@d606 (d81b27d0)]&amp#27;[0m     at AndroidUiautomator2Driver.findElOrElsWithProcessing (C:\Users\bungh\node_modules\@appium\base-driver\lib\basedriver\commands\find.ts:60:12)
&amp#27;[38;5;32m[AndroidUiautomator2Driver@d606 (d81b27d0)]&amp#27;[0m     at AndroidUiautomator2Driver.findElement (C:\Users\bungh\node_modules\@appium\base-driver\lib\basedriver\commands\find.ts:75:12)
&amp#27;[38;5;0m[HTTP]&amp#27;[0m &amp#27;[37m<-- POST /session/d81b27d0-df21-4c35-ba99-cbd5317203eb/element &amp#27;[39m&amp#27;[33m404&amp#27;[39m &amp#27;[90m5014 ms - 791&amp#27;[39m
&amp#27;[38;5;0m[HTTP]&amp#27;[0m &amp#27;[90m&amp#27;[39m
&amp#27;[38;5;0m[HTTP]&amp#27;[0m &amp#27;[37m-->&amp#27;[39m &amp#27;[37mPOST&amp#27;[39m &amp#27;[37m/session/d81b27d0-df21-4c35-ba99-cbd5317203eb/element&amp#27;[39m
&amp#27;[38;5;0m[HTTP]&amp#27;[0m &amp#27;[90m{"using":"id","value":"com.android.permissioncontroller:id/permission_allow_foreground_only_button"}&amp#27;[39m
&amp#27;[38;5;32m[AndroidUiautomator2Driver@d606 (d81b27d0)]&amp#27;[0m Calling AppiumDriver.findElement() with args: ["id","com.android.permissioncontroller:id/permission_allow_foreground_only_button","d81b27d0-df21-4c35-ba99-cbd5317203eb"]
&amp#27;[38;5;32m[AndroidUiautomator2Driver@d606 (d81b27d0)]&amp#27;[0m Valid locator strategies for this request: xpath, id, class name, accessibility id, css selector, -android uiautomator
&amp#27;[38;5;32m[AndroidUiautomator2Driver@d606 (d81b27d0)]&amp#27;[0m Waiting up to 5000 ms for condition
&amp#27;[38;5;32m[AndroidUiautomator2Driver@d606 (d81b27d0)]&amp#27;[0m Matched '/element' to command name 'findElement'
&amp#27;[38;5;32m[AndroidUiautomator2Driver@d606 (d81b27d0)]&amp#27;[0m Proxying [POST /element] to [POST http://127.0.0.1:8209/session/c7104d6d-b578-4aea-a441-5b71d17293ac/element] with body: {"strategy":"id","selector":"com.android.permissioncontroller:id/permission_allow_foreground_only_button","context":"","multiple":false}
&amp#27;[38;5;32m[AndroidUiautomator2Driver@d606 (d81b27d0)]&amp#27;[0m Got response with status 200: {"sessionId":"c7104d6d-b578-4aea-a441-5b71d17293ac","value":{"ELEMENT":"00000000-0000-05ec-ffff-ffff000004f2","element-6066-11e4-a52e-4f735466cecf":"00000000-0000-05ec-ffff-ffff000004f2"}}
&amp#27;[38;5;32m[AndroidUiautomator2Driver@d606 (d81b27d0)]&amp#27;[0m Responding to client with driver.findElement() result: {"element-6066-11e4-a52e-4f735466cecf":"00000000-0000-05ec-ffff-ffff000004f2","ELEMENT":"00000000-0000-05ec-ffff-ffff000004f2"}
&amp#27;[38;5;0m[HTTP]&amp#27;[0m &amp#27;[37m<-- POST /session/d81b27d0-df21-4c35-ba99-cbd5317203eb/element &amp#27;[39m&amp#27;[32m200&amp#27;[39m &amp#27;[90m10 ms - 137&amp#27;[39m
&amp#27;[38;5;0m[HTTP]&amp#27;[0m &amp#27;[90m&amp#27;[39m
&amp#27;[38;5;0m[HTTP]&amp#27;[0m &amp#27;[37m-->&amp#27;[39m &amp#27;[37mGET&amp#27;[39m &amp#27;[37m/session/d81b27d0-df21-4c35-ba99-cbd5317203eb/element/00000000-0000-05ec-ffff-ffff000004f2/displayed&amp#27;[39m
&amp#27;[38;5;0m[HTTP]&amp#27;[0m &amp#27;[90m{}&amp#27;[39m
&amp#27;[38;5;32m[AndroidUiautomator2Driver@d606 (d81b27d0)]&amp#27;[0m Calling AppiumDriver.elementDisplayed() with args: ["00000000-0000-05ec-ffff-ffff000004f2","d81b27d0-df21-4c35-ba99-cbd5317203eb"]
&amp#27;[38;5;32m[AndroidUiautomator2Driver@d606 (d81b27d0)]&amp#27;[0m Matched '/element/00000000-0000-05ec-ffff-ffff000004f2/attribute/displayed' to command name 'getAttribute'
&amp#27;[38;5;32m[AndroidUiautomator2Driver@d606 (d81b27d0)]&amp#27;[0m Proxying [GET /element/00000000-0000-05ec-ffff-ffff000004f2/attribute/displayed] to [GET http://127.0.0.1:8209/session/c7104d6d-b578-4aea-a441-5b71d17293ac/element/00000000-0000-05ec-ffff-ffff000004f2/attribute/displayed] with no body
&amp#27;[38;5;32m[AndroidUiautomator2Driver@d606 (d81b27d0)]&amp#27;[0m Got response with status 200: {"sessionId":"c7104d6d-b578-4aea-a441-5b71d17293ac","value":"true"}
&amp#27;[38;5;32m[AndroidUiautomator2Driver@d606 (d81b27d0)]&amp#27;[0m Responding to client with driver.elementDisplayed() result: true
&amp#27;[38;5;0m[HTTP]&amp#27;[0m &amp#27;[37m<-- GET /session/d81b27d0-df21-4c35-ba99-cbd5317203eb/element/00000000-0000-05ec-ffff-ffff000004f2/displayed &amp#27;[39m&amp#27;[32m200&amp#27;[39m &amp#27;[90m9 ms - 14&amp#27;[39m
&amp#27;[38;5;0m[HTTP]&amp#27;[0m &amp#27;[90m&amp#27;[39m
&amp#27;[38;5;0m[HTTP]&amp#27;[0m &amp#27;[37m-->&amp#27;[39m &amp#27;[37mPOST&amp#27;[39m &amp#27;[37m/session/d81b27d0-df21-4c35-ba99-cbd5317203eb/element&amp#27;[39m
&amp#27;[38;5;0m[HTTP]&amp#27;[0m &amp#27;[90m{"using":"id","value":"com.android.permissioncontroller:id/permission_allow_foreground_only_button"}&amp#27;[39m
&amp#27;[38;5;32m[AndroidUiautomator2Driver@d606 (d81b27d0)]&amp#27;[0m Calling AppiumDriver.findElement() with args: ["id","com.android.permissioncontroller:id/permission_allow_foreground_only_button","d81b27d0-df21-4c35-ba99-cbd5317203eb"]
&amp#27;[38;5;32m[AndroidUiautomator2Driver@d606 (d81b27d0)]&amp#27;[0m Valid locator strategies for this request: xpath, id, class name, accessibility id, css selector, -android uiautomator
&amp#27;[38;5;32m[AndroidUiautomator2Driver@d606 (d81b27d0)]&amp#27;[0m Waiting up to 5000 ms for condition
&amp#27;[38;5;32m[AndroidUiautomator2Driver@d606 (d81b27d0)]&amp#27;[0m Matched '/element' to command name 'findElement'
&amp#27;[38;5;32m[AndroidUiautomator2Driver@d606 (d81b27d0)]&amp#27;[0m Proxying [POST /element] to [POST http://127.0.0.1:8209/session/c7104d6d-b578-4aea-a441-5b71d17293ac/element] with body: {"strategy":"id","selector":"com.android.permissioncontroller:id/permission_allow_foreground_only_button","context":"","multiple":false}
&amp#27;[38;5;32m[AndroidUiautomator2Driver@d606 (d81b27d0)]&amp#27;[0m Got response with status 200: {"sessionId":"c7104d6d-b578-4aea-a441-5b71d17293ac","value":{"ELEMENT":"00000000-0000-05ec-ffff-ffff000004f2","element-6066-11e4-a52e-4f735466cecf":"00000000-0000-05ec-ffff-ffff000004f2"}}
&amp#27;[38;5;32m[AndroidUiautomator2Driver@d606 (d81b27d0)]&amp#27;[0m Responding to client with driver.findElement() result: {"element-6066-11e4-a52e-4f735466cecf":"00000000-0000-05ec-ffff-ffff000004f2","ELEMENT":"00000000-0000-05ec-ffff-ffff000004f2"}
&amp#27;[38;5;0m[HTTP]&amp#27;[0m &amp#27;[37m<-- POST /session/d81b27d0-df21-4c35-ba99-cbd5317203eb/element &amp#27;[39m&amp#27;[32m200&amp#27;[39m &amp#27;[90m7 ms - 137&amp#27;[39m
&amp#27;[38;5;0m[HTTP]&amp#27;[0m &amp#27;[90m&amp#27;[39m
&amp#27;[38;5;0m[HTTP]&amp#27;[0m &amp#27;[37m-->&amp#27;[39m &amp#27;[37mPOST&amp#27;[39m &amp#27;[37m/session/d81b27d0-df21-4c35-ba99-cbd5317203eb/element/00000000-0000-05ec-ffff-ffff000004f2/click&amp#27;[39m
&amp#27;[38;5;0m[HTTP]&amp#27;[0m &amp#27;[90m{"id":"00000000-0000-05ec-ffff-ffff000004f2"}&amp#27;[39m
&amp#27;[38;5;32m[AndroidUiautomator2Driver@d606 (d81b27d0)]&amp#27;[0m Calling AppiumDriver.click() with args: ["00000000-0000-05ec-ffff-ffff000004f2","d81b27d0-df21-4c35-ba99-cbd5317203eb"]
&amp#27;[38;5;32m[AndroidUiautomator2Driver@d606 (d81b27d0)]&amp#27;[0m Matched '/element/00000000-0000-05ec-ffff-ffff000004f2/click' to command name 'click'
&amp#27;[38;5;32m[AndroidUiautomator2Driver@d606 (d81b27d0)]&amp#27;[0m Proxying [POST /element/00000000-0000-05ec-ffff-ffff000004f2/click] to [POST http://127.0.0.1:8209/session/c7104d6d-b578-4aea-a441-5b71d17293ac/element/00000000-0000-05ec-ffff-ffff000004f2/click] with body: {"element":"00000000-0000-05ec-ffff-ffff000004f2"}
&amp#27;[38;5;32m[AndroidUiautomator2Driver@d606 (d81b27d0)]&amp#27;[0m Got response with status 200: {"sessionId":"c7104d6d-b578-4aea-a441-5b71d17293ac","value":null}
&amp#27;[38;5;32m[AndroidUiautomator2Driver@d606 (d81b27d0)]&amp#27;[0m Responding to client with driver.click() result: null
&amp#27;[38;5;0m[HTTP]&amp#27;[0m &amp#27;[37m<-- POST /session/d81b27d0-df21-4c35-ba99-cbd5317203eb/element/00000000-0000-05ec-ffff-ffff000004f2/click &amp#27;[39m&amp#27;[32m200&amp#27;[39m &amp#27;[90m34 ms - 14&amp#27;[39m
&amp#27;[38;5;0m[HTTP]&amp#27;[0m &amp#27;[90m&amp#27;[39m
&amp#27;[38;5;0m[HTTP]&amp#27;[0m &amp#27;[37m-->&amp#27;[39m &amp#27;[37mPOST&amp#27;[39m &amp#27;[37m/session/d81b27d0-df21-4c35-ba99-cbd5317203eb/element&amp#27;[39m
&amp#27;[38;5;0m[HTTP]&amp#27;[0m &amp#27;[90m{"using":"id","value":"com.android.permissioncontroller:id/permission_allow_foreground_only_button"}&amp#27;[39m
&amp#27;[38;5;32m[AndroidUiautomator2Driver@d606 (d81b27d0)]&amp#27;[0m Calling AppiumDriver.findElement() with args: ["id","com.android.permissioncontroller:id/permission_allow_foreground_only_button","d81b27d0-df21-4c35-ba99-cbd5317203eb"]
&amp#27;[38;5;32m[AndroidUiautomator2Driver@d606 (d81b27d0)]&amp#27;[0m Valid locator strategies for this request: xpath, id, class name, accessibility id, css selector, -android uiautomator
&amp#27;[38;5;32m[AndroidUiautomator2Driver@d606 (d81b27d0)]&amp#27;[0m Waiting up to 5000 ms for condition
&amp#27;[38;5;32m[AndroidUiautomator2Driver@d606 (d81b27d0)]&amp#27;[0m Matched '/element' to command name 'findElement'
&amp#27;[38;5;32m[AndroidUiautomator2Driver@d606 (d81b27d0)]&amp#27;[0m Proxying [POST /element] to [POST http://127.0.0.1:8209/session/c7104d6d-b578-4aea-a441-5b71d17293ac/element] with body: {"strategy":"id","selector":"com.android.permissioncontroller:id/permission_allow_foreground_only_button","context":"","multiple":false}
&amp#27;[38;5;32m[AndroidUiautomator2Driver@d606 (d81b27d0)]&amp#27;[0m Got response with status 200: {"sessionId":"c7104d6d-b578-4aea-a441-5b71d17293ac","value":{"ELEMENT":"00000000-0000-05ec-ffff-ffff000004f2","element-6066-11e4-a52e-4f735466cecf":"00000000-0000-05ec-ffff-ffff000004f2"}}
&amp#27;[38;5;32m[AndroidUiautomator2Driver@d606 (d81b27d0)]&amp#27;[0m Responding to client with driver.findElement() result: {"element-6066-11e4-a52e-4f735466cecf":"00000000-0000-05ec-ffff-ffff000004f2","ELEMENT":"00000000-0000-05ec-ffff-ffff000004f2"}
&amp#27;[38;5;0m[HTTP]&amp#27;[0m &amp#27;[37m<-- POST /session/d81b27d0-df21-4c35-ba99-cbd5317203eb/element &amp#27;[39m&amp#27;[32m200&amp#27;[39m &amp#27;[90m105 ms - 137&amp#27;[39m
&amp#27;[38;5;0m[HTTP]&amp#27;[0m &amp#27;[90m&amp#27;[39m
&amp#27;[38;5;0m[HTTP]&amp#27;[0m &amp#27;[37m-->&amp#27;[39m &amp#27;[37mGET&amp#27;[39m &amp#27;[37m/session/d81b27d0-df21-4c35-ba99-cbd5317203eb/element/00000000-0000-05ec-ffff-ffff000004f2/displayed&amp#27;[39m
&amp#27;[38;5;0m[HTTP]&amp#27;[0m &amp#27;[90m{}&amp#27;[39m
&amp#27;[38;5;32m[AndroidUiautomator2Driver@d606 (d81b27d0)]&amp#27;[0m Calling AppiumDriver.elementDisplayed() with args: ["00000000-0000-05ec-ffff-ffff000004f2","d81b27d0-df21-4c35-ba99-cbd5317203eb"]
&amp#27;[38;5;32m[AndroidUiautomator2Driver@d606 (d81b27d0)]&amp#27;[0m Matched '/element/00000000-0000-05ec-ffff-ffff000004f2/attribute/displayed' to command name 'getAttribute'
&amp#27;[38;5;32m[AndroidUiautomator2Driver@d606 (d81b27d0)]&amp#27;[0m Proxying [GET /element/00000000-0000-05ec-ffff-ffff000004f2/attribute/displayed] to [GET http://127.0.0.1:8209/session/c7104d6d-b578-4aea-a441-5b71d17293ac/element/00000000-0000-05ec-ffff-ffff000004f2/attribute/displayed] with no body
&amp#27;[38;5;32m[AndroidUiautomator2Driver@d606 (d81b27d0)]&amp#27;[0m Got response with status 404: {"sessionId":"c7104d6d-b578-4aea-a441-5b71d17293ac","value":{"error":"stale element reference","message":"The element 'By.id: com.android.permissioncontroller:id/permission_allow_foreground_only_button' does not exist in DOM anymore","stacktrace":"io.appium.uiautomator2.common.exceptions.StaleElementReferenceException: The element 'By.id: com.android.permissioncontroller:id/permission_allow_foreground_only_button' does not exist in DOM anymore\n\tat io.appium.uiautomator2.model.ElementsCache.restore(ElementsCache.java:117)\n\tat io.appium.uiautomator2.model.ElementsCache.get(ElementsCache.java:153)\n\tat io.appium.uiautomator2.handler.GetElementAttribute.safeHandle(GetElementAttribute.java:23)\n\tat io.appium.uiautomator2.handler.request.SafeRequestHandler.handle(SafeRequestHandler.java:59)\n\tat io.appium.uiautomator2.server.AppiumServlet.handleRequest(AppiumServlet.java:277)\n\tat io.appium.uiautomator2.server.AppiumServlet.handleHttpRequest(AppiumServlet.java:271)\n\tat io.appium.uiautomator2.http.Serve...
&amp#27;[38;5;128m[W3C]&amp#27;[0m Matched W3C error code 'stale element reference' to StaleElementReferenceError
&amp#27;[38;5;32m[AndroidUiautomator2Driver@d606 (d81b27d0)]&amp#27;[0m Encountered internal error running command: io.appium.uiautomator2.common.exceptions.StaleElementReferenceException: The element 'By.id: com.android.permissioncontroller:id/permission_allow_foreground_only_button' does not exist in DOM anymore
&amp#27;[38;5;32m[AndroidUiautomator2Driver@d606 (d81b27d0)]&amp#27;[0m 	at io.appium.uiautomator2.model.ElementsCache.restore(ElementsCache.java:117)
&amp#27;[38;5;32m[AndroidUiautomator2Driver@d606 (d81b27d0)]&amp#27;[0m 	at io.appium.uiautomator2.model.ElementsCache.get(ElementsCache.java:153)
&amp#27;[38;5;32m[AndroidUiautomator2Driver@d606 (d81b27d0)]&amp#27;[0m 	at io.appium.uiautomator2.handler.GetElementAttribute.safeHandle(GetElementAttribute.java:23)
&amp#27;[38;5;32m[AndroidUiautomator2Driver@d606 (d81b27d0)]&amp#27;[0m 	at io.appium.uiautomator2.handler.request.SafeRequestHandler.handle(SafeRequestHandler.java:59)
&amp#27;[38;5;32m[AndroidUiautomator2Driver@d606 (d81b27d0)]&amp#27;[0m 	at io.appium.uiautomator2.server.AppiumServlet.handleRequest(AppiumServlet.java:277)
&amp#27;[38;5;32m[AndroidUiautomator2Driver@d606 (d81b27d0)]&amp#27;[0m 	at io.appium.uiautomator2.server.AppiumServlet.handleHttpRequest(AppiumServlet.java:271)
&amp#27;[38;5;32m[AndroidUiautomator2Driver@d606 (d81b27d0)]&amp#27;[0m 	at io.appium.uiautomator2.http.ServerHandler.channelRead(ServerHandler.java:77)
&amp#27;[38;5;32m[AndroidUiautomator2Driver@d606 (d81b27d0)]&amp#27;[0m 	at io.netty.channel.AbstractChannelHandlerContext.invokeChannelRead(AbstractChannelHandlerContext.java:366)
&amp#27;[38;5;32m[AndroidUiautomator2Driver@d606 (d81b27d0)]&amp#27;[0m 	at io.netty.channel.AbstractChannelHandlerContext.invokeChannelRead(AbstractChannelHandlerContext.java:352)
&amp#27;[38;5;32m[AndroidUiautomator2Driver@d606 (d81b27d0)]&amp#27;[0m 	at io.netty.channel.AbstractChannelHandlerContext.fireChannelRead(AbstractChannelHandlerContext.java:345)
&amp#27;[38;5;32m[AndroidUiautomator2Driver@d606 (d81b27d0)]&amp#27;[0m 	at io.netty.handler.codec.MessageToMessageDecoder.channelRead(MessageToMessageDecoder.java:102)
&amp#27;[38;5;32m[AndroidUiautomator2Driver@d606 (d81b27d0)]&amp#27;[0m 	at io.netty.channel.AbstractChannelHandlerContext.invokeChannelRead(AbstractChannelHandlerContext.java:366)
&amp#27;[38;5;32m[AndroidUiautomator2Driver@d606 (d81b27d0)]&amp#27;[0m 	at io.netty.channel.AbstractChannelHandlerContext.invokeChannelRead(AbstractChannelHandlerContext.java:352)
&amp#27;[38;5;32m[AndroidUiautomator2Driver@d606 (d81b27d0)]&amp#27;[0m 	at io.netty.channel.AbstractChannelHandlerContext.fireChannelRead(AbstractChannelHandlerContext.java:345)
&amp#27;[38;5;32m[AndroidUiautomator2Driver@d606 (d81b27d0)]&amp#27;[0m 	at io.netty.channel.CombinedChannelDuplexHandler$DelegatingChannelHandlerContext.fireChannelRead(CombinedChannelDuplexHandler.java:435)
&amp#27;[38;5;32m[AndroidUiautomator2Driver@d606 (d81b27d0)]&amp#27;[0m 	at io.netty.handler.codec.ByteToMessageDecoder.fireChannelRead(ByteToMessageDecoder.java:293)
&amp#27;[38;5;32m[AndroidUiautomator2Driver@d606 (d81b27d0)]&amp#27;[0m 	at io.netty.handler.codec.ByteToMessageDecoder.channelRead(ByteToMessageDecoder.java:267)
&amp#27;[38;5;32m[AndroidUiautomator2Driver@d606 (d81b27d0)]&amp#27;[0m 	at io.netty.channel.CombinedChannelDuplexHandler.channelRead(CombinedChannelDuplexHandler.java:250)
&amp#27;[38;5;32m[AndroidUiautomator2Driver@d606 (d81b27d0)]&amp#27;[0m 	at io.netty.channel.AbstractChannelHandlerContext.invokeChannelRead(AbstractChannelHandlerContext.java:366)
&amp#27;[38;5;32m[AndroidUiautomator2Driver@d606 (d81b27d0)]&amp#27;[0m 	at io.netty.channel.AbstractChannelHandlerContext.invokeChannelRead(AbstractChannelHandlerContext.java:352)
&amp#27;[38;5;32m[AndroidUiautomator2Driver@d606 (d81b27d0)]&amp#27;[0m 	at io.netty.channel.AbstractChannelHandlerContext.fireChannelRead(AbstractChannelHandlerContext.java:345)
&amp#27;[38;5;32m[AndroidUiautomator2Driver@d606 (d81b27d0)]&amp#27;[0m 	at io.netty.handler.timeout.IdleStateHandler.channelRead(IdleStateHandler.java:266)
&amp#27;[38;5;32m[AndroidUiautomator2Driver@d606 (d81b27d0)]&amp#27;[0m 	at io.netty.channel.AbstractChannelHandlerContext.invokeChannelRead(AbstractChannelHandlerContext.java:366)
&amp#27;[38;5;32m[AndroidUiautomator2Driver@d606 (d81b27d0)]&amp#27;[0m 	at io.netty.channel.AbstractChannelHandlerContext.invokeChannelRead(AbstractChannelHandlerContext.java:352)
&amp#27;[38;5;32m[AndroidUiautomator2Driver@d606 (d81b27d0)]&amp#27;[0m 	at io.netty.channel.AbstractChannelHandlerContext.fireChannelRead(AbstractChannelHandlerContext.java:345)
&amp#27;[38;5;32m[AndroidUiautomator2Driver@d606 (d81b27d0)]&amp#27;[0m 	at io.netty.channel.DefaultChannelPipeline$HeadContext.channelRead(DefaultChannelPipeline.java:1294)
&amp#27;[38;5;32m[AndroidUiautomator2Driver@d606 (d81b27d0)]&amp#27;[0m 	at io.netty.channel.AbstractChannelHandlerContext.invokeChannelRead(AbstractChannelHandlerContext.java:366)
&amp#27;[38;5;32m[AndroidUiautomator2Driver@d606 (d81b27d0)]&amp#27;[0m 	at io.netty.channel.AbstractChannelHandlerContext.invokeChannelRead(AbstractChannelHandlerContext.java:352)
&amp#27;[38;5;32m[AndroidUiautomator2Driver@d606 (d81b27d0)]&amp#27;[0m 	at io.netty.channel.DefaultChannelPipeline.fireChannelRead(DefaultChannelPipeline.java:911)
&amp#27;[38;5;32m[AndroidUiautomator2Driver@d606 (d81b27d0)]&amp#27;[0m 	at io.netty.channel.nio.AbstractNioByteChannel$NioByteUnsafe.read(AbstractNioByteChannel.java:131)
&amp#27;[38;5;32m[AndroidUiautomator2Driver@d606 (d81b27d0)]&amp#27;[0m 	at io.netty.channel.nio.NioEventLoop.processSelectedKey(NioEventLoop.java:611)
&amp#27;[38;5;32m[AndroidUiautomator2Driver@d606 (d81b27d0)]&amp#27;[0m 	at io.netty.channel.nio.NioEventLoop.processSelectedKeysOptimized(NioEventLoop.java:552)
&amp#27;[38;5;32m[AndroidUiautomator2Driver@d606 (d81b27d0)]&amp#27;[0m 	at io.netty.channel.nio.NioEventLoop.processSelectedKeys(NioEventLoop.java:466)
&amp#27;[38;5;32m[AndroidUiautomator2Driver@d606 (d81b27d0)]&amp#27;[0m 	at io.netty.channel.nio.NioEventLoop.run(NioEventLoop.java:438)
&amp#27;[38;5;32m[AndroidUiautomator2Driver@d606 (d81b27d0)]&amp#27;[0m 	at io.netty.util.concurrent.SingleThreadEventExecutor$2.run(SingleThreadEventExecutor.java:140)
&amp#27;[38;5;32m[AndroidUiautomator2Driver@d606 (d81b27d0)]&amp#27;[0m 	at io.netty.util.concurrent.DefaultThreadFactory$DefaultRunnableDecorator.run(DefaultThreadFactory.java:144)
&amp#27;[38;5;32m[AndroidUiautomator2Driver@d606 (d81b27d0)]&amp#27;[0m 	at java.lang.Thread.run(Thread.java:1012)
&amp#27;[38;5;32m[AndroidUiautomator2Driver@d606 (d81b27d0)]&amp#27;[0m 
&amp#27;[38;5;0m[HTTP]&amp#27;[0m &amp#27;[37m<-- GET /session/d81b27d0-df21-4c35-ba99-cbd5317203eb/element/00000000-0000-05ec-ffff-ffff000004f2/displayed &amp#27;[39m&amp#27;[33m404&amp#27;[39m &amp#27;[90m1010 ms - 4063&amp#27;[39m
&amp#27;[38;5;0m[HTTP]&amp#27;[0m &amp#27;[90m&amp#27;[39m
&amp#27;[38;5;0m[HTTP]&amp#27;[0m &amp#27;[37m-->&amp#27;[39m &amp#27;[37mPOST&amp#27;[39m &amp#27;[37m/session/d81b27d0-df21-4c35-ba99-cbd5317203eb/element&amp#27;[39m
&amp#27;[38;5;0m[HTTP]&amp#27;[0m &amp#27;[90m{"using":"id","value":"com.fivemobile.thescore:id/tabLayout"}&amp#27;[39m
&amp#27;[38;5;32m[AndroidUiautomator2Driver@d606 (d81b27d0)]&amp#27;[0m Calling AppiumDriver.findElement() with args: ["id","com.fivemobile.thescore:id/tabLayout","d81b27d0-df21-4c35-ba99-cbd5317203eb"]
&amp#27;[38;5;32m[AndroidUiautomator2Driver@d606 (d81b27d0)]&amp#27;[0m Valid locator strategies for this request: xpath, id, class name, accessibility id, css selector, -android uiautomator
&amp#27;[38;5;32m[AndroidUiautomator2Driver@d606 (d81b27d0)]&amp#27;[0m Waiting up to 5000 ms for condition
&amp#27;[38;5;32m[AndroidUiautomator2Driver@d606 (d81b27d0)]&amp#27;[0m Matched '/element' to command name 'findElement'
&amp#27;[38;5;32m[AndroidUiautomator2Driver@d606 (d81b27d0)]&amp#27;[0m Proxying [POST /element] to [POST http://127.0.0.1:8209/session/c7104d6d-b578-4aea-a441-5b71d17293ac/element] with body: {"strategy":"id","selector":"com.fivemobile.thescore:id/tabLayout","context":"","multiple":false}
&amp#27;[38;5;32m[AndroidUiautomator2Driver@d606 (d81b27d0)]&amp#27;[0m Got response with status 200: {"sessionId":"c7104d6d-b578-4aea-a441-5b71d17293ac","value":{"ELEMENT":"00000000-0000-05e9-ffff-ffff00000133","element-6066-11e4-a52e-4f735466cecf":"00000000-0000-05e9-ffff-ffff00000133"}}
&amp#27;[38;5;32m[AndroidUiautomator2Driver@d606 (d81b27d0)]&amp#27;[0m Responding to client with driver.findElement() result: {"element-6066-11e4-a52e-4f735466cecf":"00000000-0000-05e9-ffff-ffff00000133","ELEMENT":"00000000-0000-05e9-ffff-ffff00000133"}
&amp#27;[38;5;0m[HTTP]&amp#27;[0m &amp#27;[37m<-- POST /session/d81b27d0-df21-4c35-ba99-cbd5317203eb/element &amp#27;[39m&amp#27;[32m200&amp#27;[39m &amp#27;[90m45 ms - 137&amp#27;[39m
&amp#27;[38;5;0m[HTTP]&amp#27;[0m &amp#27;[90m&amp#27;[39m
&amp#27;[38;5;0m[HTTP]&amp#27;[0m &amp#27;[37m-->&amp#27;[39m &amp#27;[37mGET&amp#27;[39m &amp#27;[37m/session/d81b27d0-df21-4c35-ba99-cbd5317203eb/element/00000000-0000-05e9-ffff-ffff00000133/attribute/resource-id&amp#27;[39m
&amp#27;[38;5;0m[HTTP]&amp#27;[0m &amp#27;[90m{}&amp#27;[39m
&amp#27;[38;5;32m[AndroidUiautomator2Driver@d606 (d81b27d0)]&amp#27;[0m Calling AppiumDriver.getAttribute() with args: ["resource-id","00000000-0000-05e9-ffff-ffff00000133","d81b27d0-df21-4c35-ba99-cbd5317203eb"]
&amp#27;[38;5;32m[AndroidUiautomator2Driver@d606 (d81b27d0)]&amp#27;[0m Matched '/element/00000000-0000-05e9-ffff-ffff00000133/attribute/resource-id' to command name 'getAttribute'
&amp#27;[38;5;32m[AndroidUiautomator2Driver@d606 (d81b27d0)]&amp#27;[0m Proxying [GET /element/00000000-0000-05e9-ffff-ffff00000133/attribute/resource-id] to [GET http://127.0.0.1:8209/session/c7104d6d-b578-4aea-a441-5b71d17293ac/element/00000000-0000-05e9-ffff-ffff00000133/attribute/resource-id] with no body
&amp#27;[38;5;32m[AndroidUiautomator2Driver@d606 (d81b27d0)]&amp#27;[0m Got response with status 200: {"sessionId":"c7104d6d-b578-4aea-a441-5b71d17293ac","value":"com.fivemobile.thescore:id/tabLayout"}
&amp#27;[38;5;32m[AndroidUiautomator2Driver@d606 (d81b27d0)]&amp#27;[0m Responding to client with driver.getAttribute() result: "com.fivemobile.thescore:id/tabLayout"
&amp#27;[38;5;0m[HTTP]&amp#27;[0m &amp#27;[37m<-- GET /session/d81b27d0-df21-4c35-ba99-cbd5317203eb/element/00000000-0000-05e9-ffff-ffff00000133/attribute/resource-id &amp#27;[39m&amp#27;[32m200&amp#27;[39m &amp#27;[90m11 ms - 48&amp#27;[39m
&amp#27;[38;5;0m[HTTP]&amp#27;[0m &amp#27;[90m&amp#27;[39m
&amp#27;[38;5;0m[HTTP]&amp#27;[0m &amp#27;[37m-->&amp#27;[39m &amp#27;[37mPOST&amp#27;[39m &amp#27;[37m/session/d81b27d0-df21-4c35-ba99-cbd5317203eb/element&amp#27;[39m
&amp#27;[38;5;0m[HTTP]&amp#27;[0m &amp#27;[90m{"using":"-android uiautomator","value":"new UiScrollable(new UiSelector().resourceId(\"com.fivemobile.thescore:id/tabLayout\")).setAsHorizontalList().scrollIntoView(text(\"NBA\"));"}&amp#27;[39m
&amp#27;[38;5;32m[AndroidUiautomator2Driver@d606 (d81b27d0)]&amp#27;[0m Calling AppiumDriver.findElement() with args: ["-android uiautomator","new UiScrollable(new UiSelector().resourceId(\"com.fivemobile.thescore:id/tabLayout\")).setAsHorizontalList().scrollIntoView(text(\"NBA\"));","d81b27d0-df21-4c35-ba99-cbd5317203eb"]
&amp#27;[38;5;32m[AndroidUiautomator2Driver@d606 (d81b27d0)]&amp#27;[0m Valid locator strategies for this request: xpath, id, class name, accessibility id, css selector, -android uiautomator
&amp#27;[38;5;32m[AndroidUiautomator2Driver@d606 (d81b27d0)]&amp#27;[0m Waiting up to 5000 ms for condition
&amp#27;[38;5;32m[AndroidUiautomator2Driver@d606 (d81b27d0)]&amp#27;[0m Matched '/element' to command name 'findElement'
&amp#27;[38;5;32m[AndroidUiautomator2Driver@d606 (d81b27d0)]&amp#27;[0m Proxying [POST /element] to [POST http://127.0.0.1:8209/session/c7104d6d-b578-4aea-a441-5b71d17293ac/element] with body: {"strategy":"-android uiautomator","selector":"new UiScrollable(new UiSelector().resourceId(\"com.fivemobile.thescore:id/tabLayout\")).setAsHorizontalList().scrollIntoView(text(\"NBA\"));","context":"","multiple":false}
&amp#27;[38;5;32m[AndroidUiautomator2Driver@d606 (d81b27d0)]&amp#27;[0m Got response with status 200: {"sessionId":"c7104d6d-b578-4aea-a441-5b71d17293ac","value":{"ELEMENT":"00000000-0000-05e9-ffff-ffff0000022c","element-6066-11e4-a52e-4f735466cecf":"00000000-0000-05e9-ffff-ffff0000022c"}}
&amp#27;[38;5;32m[AndroidUiautomator2Driver@d606 (d81b27d0)]&amp#27;[0m Responding to client with driver.findElement() result: {"element-6066-11e4-a52e-4f735466cecf":"00000000-0000-05e9-ffff-ffff0000022c","ELEMENT":"00000000-0000-05e9-ffff-ffff0000022c"}
&amp#27;[38;5;0m[HTTP]&amp#27;[0m &amp#27;[37m<-- POST /session/d81b27d0-df21-4c35-ba99-cbd5317203eb/element &amp#27;[39m&amp#27;[32m200&amp#27;[39m &amp#27;[90m16 ms - 137&amp#27;[39m
&amp#27;[38;5;0m[HTTP]&amp#27;[0m &amp#27;[90m&amp#27;[39m
&amp#27;[38;5;0m[HTTP]&amp#27;[0m &amp#27;[37m-->&amp#27;[39m &amp#27;[37mPOST&amp#27;[39m &amp#27;[37m/session/d81b27d0-df21-4c35-ba99-cbd5317203eb/element&amp#27;[39m
&amp#27;[38;5;0m[HTTP]&amp#27;[0m &amp#27;[90m{"using":"xpath","value":"//android.widget.TextView[@text=\"NBA\"]"}&amp#27;[39m
&amp#27;[38;5;32m[AndroidUiautomator2Driver@d606 (d81b27d0)]&amp#27;[0m Calling AppiumDriver.findElement() with args: ["xpath","//android.widget.TextView[@text=\"NBA\"]","d81b27d0-df21-4c35-ba99-cbd5317203eb"]
&amp#27;[38;5;32m[AndroidUiautomator2Driver@d606 (d81b27d0)]&amp#27;[0m Valid locator strategies for this request: xpath, id, class name, accessibility id, css selector, -android uiautomator
&amp#27;[38;5;32m[AndroidUiautomator2Driver@d606 (d81b27d0)]&amp#27;[0m Waiting up to 5000 ms for condition
&amp#27;[38;5;32m[AndroidUiautomator2Driver@d606 (d81b27d0)]&amp#27;[0m Matched '/element' to command name 'findElement'
&amp#27;[38;5;32m[AndroidUiautomator2Driver@d606 (d81b27d0)]&amp#27;[0m Proxying [POST /element] to [POST http://127.0.0.1:8209/session/c7104d6d-b578-4aea-a441-5b71d17293ac/element] with body: {"strategy":"xpath","selector":"//android.widget.TextView[@text=\"NBA\"]","context":"","multiple":false}
&amp#27;[38;5;32m[AndroidUiautomator2Driver@d606 (d81b27d0)]&amp#27;[0m Got response with status 200: {"sessionId":"c7104d6d-b578-4aea-a441-5b71d17293ac","value":{"ELEMENT":"00000000-0000-05e9-ffff-ffff0000022c","element-6066-11e4-a52e-4f735466cecf":"00000000-0000-05e9-ffff-ffff0000022c"}}
&amp#27;[38;5;32m[AndroidUiautomator2Driver@d606 (d81b27d0)]&amp#27;[0m Responding to client with driver.findElement() result: {"element-6066-11e4-a52e-4f735466cecf":"00000000-0000-05e9-ffff-ffff0000022c","ELEMENT":"00000000-0000-05e9-ffff-ffff0000022c"}
&amp#27;[38;5;0m[HTTP]&amp#27;[0m &amp#27;[37m<-- POST /session/d81b27d0-df21-4c35-ba99-cbd5317203eb/element &amp#27;[39m&amp#27;[32m200&amp#27;[39m &amp#27;[90m50 ms - 137&amp#27;[39m
&amp#27;[38;5;0m[HTTP]&amp#27;[0m &amp#27;[90m&amp#27;[39m
&amp#27;[38;5;0m[HTTP]&amp#27;[0m &amp#27;[37m-->&amp#27;[39m &amp#27;[37mPOST&amp#27;[39m &amp#27;[37m/session/d81b27d0-df21-4c35-ba99-cbd5317203eb/element/00000000-0000-05e9-ffff-ffff0000022c/click&amp#27;[39m
&amp#27;[38;5;0m[HTTP]&amp#27;[0m &amp#27;[90m{"id":"00000000-0000-05e9-ffff-ffff0000022c"}&amp#27;[39m
&amp#27;[38;5;32m[AndroidUiautomator2Driver@d606 (d81b27d0)]&amp#27;[0m Calling AppiumDriver.click() with args: ["00000000-0000-05e9-ffff-ffff0000022c","d81b27d0-df21-4c35-ba99-cbd5317203eb"]
&amp#27;[38;5;32m[AndroidUiautomator2Driver@d606 (d81b27d0)]&amp#27;[0m Matched '/element/00000000-0000-05e9-ffff-ffff0000022c/click' to command name 'click'
&amp#27;[38;5;32m[AndroidUiautomator2Driver@d606 (d81b27d0)]&amp#27;[0m Proxying [POST /element/00000000-0000-05e9-ffff-ffff0000022c/click] to [POST http://127.0.0.1:8209/session/c7104d6d-b578-4aea-a441-5b71d17293ac/element/00000000-0000-05e9-ffff-ffff0000022c/click] with body: {"element":"00000000-0000-05e9-ffff-ffff0000022c"}
&amp#27;[38;5;32m[AndroidUiautomator2Driver@d606 (d81b27d0)]&amp#27;[0m Got response with status 200: {"sessionId":"c7104d6d-b578-4aea-a441-5b71d17293ac","value":null}
&amp#27;[38;5;32m[AndroidUiautomator2Driver@d606 (d81b27d0)]&amp#27;[0m Responding to client with driver.click() result: null
&amp#27;[38;5;0m[HTTP]&amp#27;[0m &amp#27;[37m<-- POST /session/d81b27d0-df21-4c35-ba99-cbd5317203eb/element/00000000-0000-05e9-ffff-ffff0000022c/click &amp#27;[39m&amp#27;[32m200&amp#27;[39m &amp#27;[90m521 ms - 14&amp#27;[39m
&amp#27;[38;5;0m[HTTP]&amp#27;[0m &amp#27;[90m&amp#27;[39m
&amp#27;[38;5;0m[HTTP]&amp#27;[0m &amp#27;[37m-->&amp#27;[39m &amp#27;[37mPOST&amp#27;[39m &amp#27;[37m/session/d81b27d0-df21-4c35-ba99-cbd5317203eb/element&amp#27;[39m
&amp#27;[38;5;0m[HTTP]&amp#27;[0m &amp#27;[90m{"using":"id","value":"com.fivemobile.thescore:id/viewPager"}&amp#27;[39m
&amp#27;[38;5;32m[AndroidUiautomator2Driver@d606 (d81b27d0)]&amp#27;[0m Calling AppiumDriver.findElement() with args: ["id","com.fivemobile.thescore:id/viewPager","d81b27d0-df21-4c35-ba99-cbd5317203eb"]
&amp#27;[38;5;32m[AndroidUiautomator2Driver@d606 (d81b27d0)]&amp#27;[0m Valid locator strategies for this request: xpath, id, class name, accessibility id, css selector, -android uiautomator
&amp#27;[38;5;32m[AndroidUiautomator2Driver@d606 (d81b27d0)]&amp#27;[0m Waiting up to 5000 ms for condition
&amp#27;[38;5;32m[AndroidUiautomator2Driver@d606 (d81b27d0)]&amp#27;[0m Matched '/element' to command name 'findElement'
&amp#27;[38;5;32m[AndroidUiautomator2Driver@d606 (d81b27d0)]&amp#27;[0m Proxying [POST /element] to [POST http://127.0.0.1:8209/session/c7104d6d-b578-4aea-a441-5b71d17293ac/element] with body: {"strategy":"id","selector":"com.fivemobile.thescore:id/viewPager","context":"","multiple":false}
&amp#27;[38;5;32m[AndroidUiautomator2Driver@d606 (d81b27d0)]&amp#27;[0m Got response with status 200: {"sessionId":"c7104d6d-b578-4aea-a441-5b71d17293ac","value":{"ELEMENT":"00000000-0000-05e9-ffff-ffff00000113","element-6066-11e4-a52e-4f735466cecf":"00000000-0000-05e9-ffff-ffff00000113"}}
&amp#27;[38;5;32m[AndroidUiautomator2Driver@d606 (d81b27d0)]&amp#27;[0m Responding to client with driver.findElement() result: {"element-6066-11e4-a52e-4f735466cecf":"00000000-0000-05e9-ffff-ffff00000113","ELEMENT":"00000000-0000-05e9-ffff-ffff00000113"}
&amp#27;[38;5;0m[HTTP]&amp#27;[0m &amp#27;[37m<-- POST /session/d81b27d0-df21-4c35-ba99-cbd5317203eb/element &amp#27;[39m&amp#27;[32m200&amp#27;[39m &amp#27;[90m45 ms - 137&amp#27;[39m
&amp#27;[38;5;0m[HTTP]&amp#27;[0m &amp#27;[90m&amp#27;[39m
&amp#27;[38;5;0m[HTTP]&amp#27;[0m &amp#27;[37m-->&amp#27;[39m &amp#27;[37mGET&amp#27;[39m &amp#27;[37m/session/d81b27d0-df21-4c35-ba99-cbd5317203eb/element/00000000-0000-05e9-ffff-ffff00000113/attribute/resource-id&amp#27;[39m
&amp#27;[38;5;0m[HTTP]&amp#27;[0m &amp#27;[90m{}&amp#27;[39m
&amp#27;[38;5;32m[AndroidUiautomator2Driver@d606 (d81b27d0)]&amp#27;[0m Calling AppiumDriver.getAttribute() with args: ["resource-id","00000000-0000-05e9-ffff-ffff00000113","d81b27d0-df21-4c35-ba99-cbd5317203eb"]
&amp#27;[38;5;32m[AndroidUiautomator2Driver@d606 (d81b27d0)]&amp#27;[0m Matched '/element/00000000-0000-05e9-ffff-ffff00000113/attribute/resource-id' to command name 'getAttribute'
&amp#27;[38;5;32m[AndroidUiautomator2Driver@d606 (d81b27d0)]&amp#27;[0m Proxying [GET /element/00000000-0000-05e9-ffff-ffff00000113/attribute/resource-id] to [GET http://127.0.0.1:8209/session/c7104d6d-b578-4aea-a441-5b71d17293ac/element/00000000-0000-05e9-ffff-ffff00000113/attribute/resource-id] with no body
&amp#27;[38;5;32m[AndroidUiautomator2Driver@d606 (d81b27d0)]&amp#27;[0m Got response with status 200: {"sessionId":"c7104d6d-b578-4aea-a441-5b71d17293ac","value":"com.fivemobile.thescore:id/viewPager"}
&amp#27;[38;5;32m[AndroidUiautomator2Driver@d606 (d81b27d0)]&amp#27;[0m Responding to client with driver.getAttribute() result: "com.fivemobile.thescore:id/viewPager"
&amp#27;[38;5;0m[HTTP]&amp#27;[0m &amp#27;[37m<-- GET /session/d81b27d0-df21-4c35-ba99-cbd5317203eb/element/00000000-0000-05e9-ffff-ffff00000113/attribute/resource-id &amp#27;[39m&amp#27;[32m200&amp#27;[39m &amp#27;[90m8 ms - 48&amp#27;[39m
&amp#27;[38;5;0m[HTTP]&amp#27;[0m &amp#27;[90m&amp#27;[39m
&amp#27;[38;5;0m[HTTP]&amp#27;[0m &amp#27;[37m-->&amp#27;[39m &amp#27;[37mPOST&amp#27;[39m &amp#27;[37m/session/d81b27d0-df21-4c35-ba99-cbd5317203eb/element&amp#27;[39m
&amp#27;[38;5;0m[HTTP]&amp#27;[0m &amp#27;[90m{"using":"-android uiautomator","value":"new UiScrollable(new UiSelector().resourceId(\"com.fivemobile.thescore:id/viewPager\")).scrollIntoView(text(\"Toronto Raptors\"));"}&amp#27;[39m
&amp#27;[38;5;32m[AndroidUiautomator2Driver@d606 (d81b27d0)]&amp#27;[0m Calling AppiumDriver.findElement() with args: ["-android uiautomator","new UiScrollable(new UiSelector().resourceId(\"com.fivemobile.thescore:id/viewPager\")).scrollIntoView(text(\"Toronto Raptors\"));","d81b27d0-df21-4c35-ba99-cbd5317203eb"]
&amp#27;[38;5;32m[AndroidUiautomator2Driver@d606 (d81b27d0)]&amp#27;[0m Valid locator strategies for this request: xpath, id, class name, accessibility id, css selector, -android uiautomator
&amp#27;[38;5;32m[AndroidUiautomator2Driver@d606 (d81b27d0)]&amp#27;[0m Waiting up to 5000 ms for condition
&amp#27;[38;5;32m[AndroidUiautomator2Driver@d606 (d81b27d0)]&amp#27;[0m Matched '/element' to command name 'findElement'
&amp#27;[38;5;32m[AndroidUiautomator2Driver@d606 (d81b27d0)]&amp#27;[0m Proxying [POST /element] to [POST http://127.0.0.1:8209/session/c7104d6d-b578-4aea-a441-5b71d17293ac/element] with body: {"strategy":"-android uiautomator","selector":"new UiScrollable(new UiSelector().resourceId(\"com.fivemobile.thescore:id/viewPager\")).scrollIntoView(text(\"Toronto Raptors\"));","context":"","multiple":false}
&amp#27;[38;5;32m[AndroidUiautomator2Driver@d606 (d81b27d0)]&amp#27;[0m Got response with status 200: {"sessionId":"c7104d6d-b578-4aea-a441-5b71d17293ac","value":{"ELEMENT":"00000000-0000-05e9-ffff-ffff000002dc","element-6066-11e4-a52e-4f735466cecf":"00000000-0000-05e9-ffff-ffff000002dc"}}
&amp#27;[38;5;32m[AndroidUiautomator2Driver@d606 (d81b27d0)]&amp#27;[0m Responding to client with driver.findElement() result: {"element-6066-11e4-a52e-4f735466cecf":"00000000-0000-05e9-ffff-ffff000002dc","ELEMENT":"00000000-0000-05e9-ffff-ffff000002dc"}
&amp#27;[38;5;0m[HTTP]&amp#27;[0m &amp#27;[37m<-- POST /session/d81b27d0-df21-4c35-ba99-cbd5317203eb/element &amp#27;[39m&amp#27;[32m200&amp#27;[39m &amp#27;[90m22 ms - 137&amp#27;[39m
&amp#27;[38;5;0m[HTTP]&amp#27;[0m &amp#27;[90m&amp#27;[39m
&amp#27;[38;5;0m[HTTP]&amp#27;[0m &amp#27;[37m-->&amp#27;[39m &amp#27;[37mPOST&amp#27;[39m &amp#27;[37m/session/d81b27d0-df21-4c35-ba99-cbd5317203eb/element&amp#27;[39m
&amp#27;[38;5;0m[HTTP]&amp#27;[0m &amp#27;[90m{"using":"xpath","value":"//android.widget.TextView[@resource-id=\"com.fivemobile.thescore:id/txt_name\" and @text=\"Toronto Raptors\"]"}&amp#27;[39m
&amp#27;[38;5;32m[AndroidUiautomator2Driver@d606 (d81b27d0)]&amp#27;[0m Calling AppiumDriver.findElement() with args: ["xpath","//android.widget.TextView[@resource-id=\"com.fivemobile.thescore:id/txt_name\" and @text=\"Toronto Raptors\"]","d81b27d0-df21-4c35-ba99-cbd5317203eb"]
&amp#27;[38;5;32m[AndroidUiautomator2Driver@d606 (d81b27d0)]&amp#27;[0m Valid locator strategies for this request: xpath, id, class name, accessibility id, css selector, -android uiautomator
&amp#27;[38;5;32m[AndroidUiautomator2Driver@d606 (d81b27d0)]&amp#27;[0m Waiting up to 5000 ms for condition
&amp#27;[38;5;32m[AndroidUiautomator2Driver@d606 (d81b27d0)]&amp#27;[0m Matched '/element' to command name 'findElement'
&amp#27;[38;5;32m[AndroidUiautomator2Driver@d606 (d81b27d0)]&amp#27;[0m Proxying [POST /element] to [POST http://127.0.0.1:8209/session/c7104d6d-b578-4aea-a441-5b71d17293ac/element] with body: {"strategy":"xpath","selector":"//android.widget.TextView[@resource-id=\"com.fivemobile.thescore:id/txt_name\" and @text=\"Toronto Raptors\"]","context":"","multiple":false}
&amp#27;[38;5;32m[AndroidUiautomator2Driver@d606 (d81b27d0)]&amp#27;[0m Got response with status 200: {"sessionId":"c7104d6d-b578-4aea-a441-5b71d17293ac","value":{"ELEMENT":"00000000-0000-05e9-ffff-ffff000002dc","element-6066-11e4-a52e-4f735466cecf":"00000000-0000-05e9-ffff-ffff000002dc"}}
&amp#27;[38;5;32m[AndroidUiautomator2Driver@d606 (d81b27d0)]&amp#27;[0m Responding to client with driver.findElement() result: {"element-6066-11e4-a52e-4f735466cecf":"00000000-0000-05e9-ffff-ffff000002dc","ELEMENT":"00000000-0000-05e9-ffff-ffff000002dc"}
&amp#27;[38;5;0m[HTTP]&amp#27;[0m &amp#27;[37m<-- POST /session/d81b27d0-df21-4c35-ba99-cbd5317203eb/element &amp#27;[39m&amp#27;[32m200&amp#27;[39m &amp#27;[90m48 ms - 137&amp#27;[39m
&amp#27;[38;5;0m[HTTP]&amp#27;[0m &amp#27;[90m&amp#27;[39m
&amp#27;[38;5;0m[HTTP]&amp#27;[0m &amp#27;[37m-->&amp#27;[39m &amp#27;[37mPOST&amp#27;[39m &amp#27;[37m/session/d81b27d0-df21-4c35-ba99-cbd5317203eb/element/00000000-0000-05e9-ffff-ffff000002dc/click&amp#27;[39m
&amp#27;[38;5;0m[HTTP]&amp#27;[0m &amp#27;[90m{"id":"00000000-0000-05e9-ffff-ffff000002dc"}&amp#27;[39m
&amp#27;[38;5;32m[AndroidUiautomator2Driver@d606 (d81b27d0)]&amp#27;[0m Calling AppiumDriver.click() with args: ["00000000-0000-05e9-ffff-ffff000002dc","d81b27d0-df21-4c35-ba99-cbd5317203eb"]
&amp#27;[38;5;32m[AndroidUiautomator2Driver@d606 (d81b27d0)]&amp#27;[0m Matched '/element/00000000-0000-05e9-ffff-ffff000002dc/click' to command name 'click'
&amp#27;[38;5;32m[AndroidUiautomator2Driver@d606 (d81b27d0)]&amp#27;[0m Proxying [POST /element/00000000-0000-05e9-ffff-ffff000002dc/click] to [POST http://127.0.0.1:8209/session/c7104d6d-b578-4aea-a441-5b71d17293ac/element/00000000-0000-05e9-ffff-ffff000002dc/click] with body: {"element":"00000000-0000-05e9-ffff-ffff000002dc"}
&amp#27;[38;5;32m[AndroidUiautomator2Driver@d606 (d81b27d0)]&amp#27;[0m Got response with status 200: {"sessionId":"c7104d6d-b578-4aea-a441-5b71d17293ac","value":null}
&amp#27;[38;5;32m[AndroidUiautomator2Driver@d606 (d81b27d0)]&amp#27;[0m Responding to client with driver.click() result: null
&amp#27;[38;5;0m[HTTP]&amp#27;[0m &amp#27;[37m<-- POST /session/d81b27d0-df21-4c35-ba99-cbd5317203eb/element/00000000-0000-05e9-ffff-ffff000002dc/click &amp#27;[39m&amp#27;[32m200&amp#27;[39m &amp#27;[90m57 ms - 14&amp#27;[39m
&amp#27;[38;5;0m[HTTP]&amp#27;[0m &amp#27;[90m&amp#27;[39m
&amp#27;[38;5;0m[HTTP]&amp#27;[0m &amp#27;[37m-->&amp#27;[39m &amp#27;[37mGET&amp#27;[39m &amp#27;[37m/session/d81b27d0-df21-4c35-ba99-cbd5317203eb/context&amp#27;[39m
&amp#27;[38;5;0m[HTTP]&amp#27;[0m &amp#27;[90m{}&amp#27;[39m
&amp#27;[38;5;32m[AndroidUiautomator2Driver@d606 (d81b27d0)]&amp#27;[0m Calling AppiumDriver.getCurrentContext() with args: ["d81b27d0-df21-4c35-ba99-cbd5317203eb"]
&amp#27;[38;5;32m[AndroidUiautomator2Driver@d606 (d81b27d0)]&amp#27;[0m Responding to client with driver.getCurrentContext() result: "NATIVE_APP"
&amp#27;[38;5;0m[HTTP]&amp#27;[0m &amp#27;[37m<-- GET /session/d81b27d0-df21-4c35-ba99-cbd5317203eb/context &amp#27;[39m&amp#27;[32m200&amp#27;[39m &amp#27;[90m2 ms - 22&amp#27;[39m
&amp#27;[38;5;0m[HTTP]&amp#27;[0m &amp#27;[90m&amp#27;[39m
&amp#27;[38;5;0m[HTTP]&amp#27;[0m &amp#27;[37m-->&amp#27;[39m &amp#27;[37mPOST&amp#27;[39m &amp#27;[37m/session/d81b27d0-df21-4c35-ba99-cbd5317203eb/element&amp#27;[39m
&amp#27;[38;5;0m[HTTP]&amp#27;[0m &amp#27;[90m{"using":"id","value":"com.fivemobile.thescore:id/action_button_text"}&amp#27;[39m
&amp#27;[38;5;32m[AndroidUiautomator2Driver@d606 (d81b27d0)]&amp#27;[0m Calling AppiumDriver.findElement() with args: ["id","com.fivemobile.thescore:id/action_button_text","d81b27d0-df21-4c35-ba99-cbd5317203eb"]
&amp#27;[38;5;32m[AndroidUiautomator2Driver@d606 (d81b27d0)]&amp#27;[0m Valid locator strategies for this request: xpath, id, class name, accessibility id, css selector, -android uiautomator
&amp#27;[38;5;32m[AndroidUiautomator2Driver@d606 (d81b27d0)]&amp#27;[0m Waiting up to 5000 ms for condition
&amp#27;[38;5;32m[AndroidUiautomator2Driver@d606 (d81b27d0)]&amp#27;[0m Matched '/element' to command name 'findElement'
&amp#27;[38;5;32m[AndroidUiautomator2Driver@d606 (d81b27d0)]&amp#27;[0m Proxying [POST /element] to [POST http://127.0.0.1:8209/session/c7104d6d-b578-4aea-a441-5b71d17293ac/element] with body: {"strategy":"id","selector":"com.fivemobile.thescore:id/action_button_text","context":"","multiple":false}
&amp#27;[38;5;32m[AndroidUiautomator2Driver@d606 (d81b27d0)]&amp#27;[0m Got response with status 200: {"sessionId":"c7104d6d-b578-4aea-a441-5b71d17293ac","value":{"ELEMENT":"00000000-0000-05e9-ffff-ffff00000088","element-6066-11e4-a52e-4f735466cecf":"00000000-0000-05e9-ffff-ffff00000088"}}
&amp#27;[38;5;32m[AndroidUiautomator2Driver@d606 (d81b27d0)]&amp#27;[0m Responding to client with driver.findElement() result: {"element-6066-11e4-a52e-4f735466cecf":"00000000-0000-05e9-ffff-ffff00000088","ELEMENT":"00000000-0000-05e9-ffff-ffff00000088"}
&amp#27;[38;5;0m[HTTP]&amp#27;[0m &amp#27;[37m<-- POST /session/d81b27d0-df21-4c35-ba99-cbd5317203eb/element &amp#27;[39m&amp#27;[32m200&amp#27;[39m &amp#27;[90m1114 ms - 137&amp#27;[39m
&amp#27;[38;5;0m[HTTP]&amp#27;[0m &amp#27;[90m&amp#27;[39m
&amp#27;[38;5;0m[HTTP]&amp#27;[0m &amp#27;[37m-->&amp#27;[39m &amp#27;[37mPOST&amp#27;[39m &amp#27;[37m/session/d81b27d0-df21-4c35-ba99-cbd5317203eb/element/00000000-0000-05e9-ffff-ffff00000088/click&amp#27;[39m
&amp#27;[38;5;0m[HTTP]&amp#27;[0m &amp#27;[90m{"id":"00000000-0000-05e9-ffff-ffff00000088"}&amp#27;[39m
&amp#27;[38;5;32m[AndroidUiautomator2Driver@d606 (d81b27d0)]&amp#27;[0m Calling AppiumDriver.click() with args: ["00000000-0000-05e9-ffff-ffff00000088","d81b27d0-df21-4c35-ba99-cbd5317203eb"]
&amp#27;[38;5;32m[AndroidUiautomator2Driver@d606 (d81b27d0)]&amp#27;[0m Matched '/element/00000000-0000-05e9-ffff-ffff00000088/click' to command name 'click'
&amp#27;[38;5;32m[AndroidUiautomator2Driver@d606 (d81b27d0)]&amp#27;[0m Proxying [POST /element/00000000-0000-05e9-ffff-ffff00000088/click] to [POST http://127.0.0.1:8209/session/c7104d6d-b578-4aea-a441-5b71d17293ac/element/00000000-0000-05e9-ffff-ffff00000088/click] with body: {"element":"00000000-0000-05e9-ffff-ffff00000088"}
&amp#27;[38;5;32m[AndroidUiautomator2Driver@d606 (d81b27d0)]&amp#27;[0m Got response with status 200: {"sessionId":"c7104d6d-b578-4aea-a441-5b71d17293ac","value":null}
&amp#27;[38;5;32m[AndroidUiautomator2Driver@d606 (d81b27d0)]&amp#27;[0m Responding to client with driver.click() result: null
&amp#27;[38;5;0m[HTTP]&amp#27;[0m &amp#27;[37m<-- POST /session/d81b27d0-df21-4c35-ba99-cbd5317203eb/element/00000000-0000-05e9-ffff-ffff00000088/click &amp#27;[39m&amp#27;[32m200&amp#27;[39m &amp#27;[90m46 ms - 14&amp#27;[39m
&amp#27;[38;5;0m[HTTP]&amp#27;[0m &amp#27;[90m&amp#27;[39m
&amp#27;[38;5;0m[HTTP]&amp#27;[0m &amp#27;[37m-->&amp#27;[39m &amp#27;[37mGET&amp#27;[39m &amp#27;[37m/session/d81b27d0-df21-4c35-ba99-cbd5317203eb/context&amp#27;[39m
&amp#27;[38;5;0m[HTTP]&amp#27;[0m &amp#27;[90m{}&amp#27;[39m
&amp#27;[38;5;32m[AndroidUiautomator2Driver@d606 (d81b27d0)]&amp#27;[0m Calling AppiumDriver.getCurrentContext() with args: ["d81b27d0-df21-4c35-ba99-cbd5317203eb"]
&amp#27;[38;5;32m[AndroidUiautomator2Driver@d606 (d81b27d0)]&amp#27;[0m Responding to client with driver.getCurrentContext() result: "NATIVE_APP"
&amp#27;[38;5;0m[HTTP]&amp#27;[0m &amp#27;[37m<-- GET /session/d81b27d0-df21-4c35-ba99-cbd5317203eb/context &amp#27;[39m&amp#27;[32m200&amp#27;[39m &amp#27;[90m1 ms - 22&amp#27;[39m
&amp#27;[38;5;0m[HTTP]&amp#27;[0m &amp#27;[90m&amp#27;[39m
&amp#27;[38;5;0m[HTTP]&amp#27;[0m &amp#27;[37m-->&amp#27;[39m &amp#27;[37mPOST&amp#27;[39m &amp#27;[37m/session/d81b27d0-df21-4c35-ba99-cbd5317203eb/element&amp#27;[39m
&amp#27;[38;5;0m[HTTP]&amp#27;[0m &amp#27;[90m{"using":"id","value":"com.fivemobile.thescore:id/action_button_text"}&amp#27;[39m
&amp#27;[38;5;32m[AndroidUiautomator2Driver@d606 (d81b27d0)]&amp#27;[0m Calling AppiumDriver.findElement() with args: ["id","com.fivemobile.thescore:id/action_button_text","d81b27d0-df21-4c35-ba99-cbd5317203eb"]
&amp#27;[38;5;32m[AndroidUiautomator2Driver@d606 (d81b27d0)]&amp#27;[0m Valid locator strategies for this request: xpath, id, class name, accessibility id, css selector, -android uiautomator
&amp#27;[38;5;32m[AndroidUiautomator2Driver@d606 (d81b27d0)]&amp#27;[0m Waiting up to 5000 ms for condition
&amp#27;[38;5;32m[AndroidUiautomator2Driver@d606 (d81b27d0)]&amp#27;[0m Matched '/element' to command name 'findElement'
&amp#27;[38;5;32m[AndroidUiautomator2Driver@d606 (d81b27d0)]&amp#27;[0m Proxying [POST /element] to [POST http://127.0.0.1:8209/session/c7104d6d-b578-4aea-a441-5b71d17293ac/element] with body: {"strategy":"id","selector":"com.fivemobile.thescore:id/action_button_text","context":"","multiple":false}
&amp#27;[38;5;32m[AndroidUiautomator2Driver@d606 (d81b27d0)]&amp#27;[0m Got response with status 200: {"sessionId":"c7104d6d-b578-4aea-a441-5b71d17293ac","value":{"ELEMENT":"00000000-0000-05e9-ffff-ffff00000088","element-6066-11e4-a52e-4f735466cecf":"00000000-0000-05e9-ffff-ffff00000088"}}
&amp#27;[38;5;32m[AndroidUiautomator2Driver@d606 (d81b27d0)]&amp#27;[0m Responding to client with driver.findElement() result: {"element-6066-11e4-a52e-4f735466cecf":"00000000-0000-05e9-ffff-ffff00000088","ELEMENT":"00000000-0000-05e9-ffff-ffff00000088"}
&amp#27;[38;5;0m[HTTP]&amp#27;[0m &amp#27;[37m<-- POST /session/d81b27d0-df21-4c35-ba99-cbd5317203eb/element &amp#27;[39m&amp#27;[32m200&amp#27;[39m &amp#27;[90m48 ms - 137&amp#27;[39m
&amp#27;[38;5;0m[HTTP]&amp#27;[0m &amp#27;[90m&amp#27;[39m
&amp#27;[38;5;0m[HTTP]&amp#27;[0m &amp#27;[37m-->&amp#27;[39m &amp#27;[37mPOST&amp#27;[39m &amp#27;[37m/session/d81b27d0-df21-4c35-ba99-cbd5317203eb/element/00000000-0000-05e9-ffff-ffff00000088/click&amp#27;[39m
&amp#27;[38;5;0m[HTTP]&amp#27;[0m &amp#27;[90m{"id":"00000000-0000-05e9-ffff-ffff00000088"}&amp#27;[39m
&amp#27;[38;5;32m[AndroidUiautomator2Driver@d606 (d81b27d0)]&amp#27;[0m Calling AppiumDriver.click() with args: ["00000000-0000-05e9-ffff-ffff00000088","d81b27d0-df21-4c35-ba99-cbd5317203eb"]
&amp#27;[38;5;32m[AndroidUiautomator2Driver@d606 (d81b27d0)]&amp#27;[0m Matched '/element/00000000-0000-05e9-ffff-ffff00000088/click' to command name 'click'
&amp#27;[38;5;32m[AndroidUiautomator2Driver@d606 (d81b27d0)]&amp#27;[0m Proxying [POST /element/00000000-0000-05e9-ffff-ffff00000088/click] to [POST http://127.0.0.1:8209/session/c7104d6d-b578-4aea-a441-5b71d17293ac/element/00000000-0000-05e9-ffff-ffff00000088/click] with body: {"element":"00000000-0000-05e9-ffff-ffff00000088"}
&amp#27;[38;5;32m[AndroidUiautomator2Driver@d606 (d81b27d0)]&amp#27;[0m Got response with status 200: {"sessionId":"c7104d6d-b578-4aea-a441-5b71d17293ac","value":null}
&amp#27;[38;5;32m[AndroidUiautomator2Driver@d606 (d81b27d0)]&amp#27;[0m Responding to client with driver.click() result: null
&amp#27;[38;5;0m[HTTP]&amp#27;[0m &amp#27;[37m<-- POST /session/d81b27d0-df21-4c35-ba99-cbd5317203eb/element/00000000-0000-05e9-ffff-ffff00000088/click &amp#27;[39m&amp#27;[32m200&amp#27;[39m &amp#27;[90m806 ms - 14&amp#27;[39m
&amp#27;[38;5;0m[HTTP]&amp#27;[0m &amp#27;[90m&amp#27;[39m
&amp#27;[38;5;0m[HTTP]&amp#27;[0m &amp#27;[37m-->&amp#27;[39m &amp#27;[37mPOST&amp#27;[39m &amp#27;[37m/session/d81b27d0-df21-4c35-ba99-cbd5317203eb/element&amp#27;[39m
&amp#27;[38;5;0m[HTTP]&amp#27;[0m &amp#27;[90m{"using":"id","value":"com.android.permissioncontroller:id/permission_allow_button"}&amp#27;[39m
&amp#27;[38;5;32m[AndroidUiautomator2Driver@d606 (d81b27d0)]&amp#27;[0m Calling AppiumDriver.findElement() with args: ["id","com.android.permissioncontroller:id/permission_allow_button","d81b27d0-df21-4c35-ba99-cbd5317203eb"]
&amp#27;[38;5;32m[AndroidUiautomator2Driver@d606 (d81b27d0)]&amp#27;[0m Valid locator strategies for this request: xpath, id, class name, accessibility id, css selector, -android uiautomator
&amp#27;[38;5;32m[AndroidUiautomator2Driver@d606 (d81b27d0)]&amp#27;[0m Waiting up to 5000 ms for condition
&amp#27;[38;5;32m[AndroidUiautomator2Driver@d606 (d81b27d0)]&amp#27;[0m Matched '/element' to command name 'findElement'
&amp#27;[38;5;32m[AndroidUiautomator2Driver@d606 (d81b27d0)]&amp#27;[0m Proxying [POST /element] to [POST http://127.0.0.1:8209/session/c7104d6d-b578-4aea-a441-5b71d17293ac/element] with body: {"strategy":"id","selector":"com.android.permissioncontroller:id/permission_allow_button","context":"","multiple":false}
&amp#27;[38;5;32m[AndroidUiautomator2Driver@d606 (d81b27d0)]&amp#27;[0m Got response with status 404: {"sessionId":"c7104d6d-b578-4aea-a441-5b71d17293ac","value":{"error":"no such element","message":"An element could not be located on the page using the given search parameters","stacktrace":"io.appium.uiautomator2.common.exceptions.ElementNotFoundException: An element could not be located on the page using the given search parameters\n\tat io.appium.uiautomator2.handler.FindElement.safeHandle(FindElement.java:63)\n\tat io.appium.uiautomator2.handler.request.SafeRequestHandler.handle(SafeRequestHandler.java:59)\n\tat io.appium.uiautomator2.server.AppiumServlet.handleRequest(AppiumServlet.java:277)\n\tat io.appium.uiautomator2.server.AppiumServlet.handleHttpRequest(AppiumServlet.java:271)\n\tat io.appium.uiautomator2.http.ServerHandler.channelRead(ServerHandler.java:77)\n\tat io.netty.channel.AbstractChannelHandlerContext.invokeChannelRead(AbstractChannelHandlerContext.java:366)\n\tat io.netty.channel.AbstractChannelHandlerContext.invokeChannelRead(AbstractChannelHandlerContext.java:352)\n\tat io.netty.chann...
&amp#27;[38;5;128m[W3C]&amp#27;[0m Matched W3C error code 'no such element' to NoSuchElementError
&amp#27;[38;5;32m[AndroidUiautomator2Driver@d606 (d81b27d0)]&amp#27;[0m Waited for 35 ms so far
&amp#27;[38;5;32m[AndroidUiautomator2Driver@d606 (d81b27d0)]&amp#27;[0m Matched '/element' to command name 'findElement'
&amp#27;[38;5;32m[AndroidUiautomator2Driver@d606 (d81b27d0)]&amp#27;[0m Proxying [POST /element] to [POST http://127.0.0.1:8209/session/c7104d6d-b578-4aea-a441-5b71d17293ac/element] with body: {"strategy":"id","selector":"com.android.permissioncontroller:id/permission_allow_button","context":"","multiple":false}
&amp#27;[38;5;32m[AndroidUiautomator2Driver@d606 (d81b27d0)]&amp#27;[0m Got response with status 200: {"sessionId":"c7104d6d-b578-4aea-a441-5b71d17293ac","value":{"ELEMENT":"00000000-0000-05ee-ffff-ffff0000050e","element-6066-11e4-a52e-4f735466cecf":"00000000-0000-05ee-ffff-ffff0000050e"}}
&amp#27;[38;5;32m[AndroidUiautomator2Driver@d606 (d81b27d0)]&amp#27;[0m Responding to client with driver.findElement() result: {"element-6066-11e4-a52e-4f735466cecf":"00000000-0000-05ee-ffff-ffff0000050e","ELEMENT":"00000000-0000-05ee-ffff-ffff0000050e"}
&amp#27;[38;5;0m[HTTP]&amp#27;[0m &amp#27;[37m<-- POST /session/d81b27d0-df21-4c35-ba99-cbd5317203eb/element &amp#27;[39m&amp#27;[32m200&amp#27;[39m &amp#27;[90m961 ms - 137&amp#27;[39m
&amp#27;[38;5;0m[HTTP]&amp#27;[0m &amp#27;[90m&amp#27;[39m
&amp#27;[38;5;0m[HTTP]&amp#27;[0m &amp#27;[37m-->&amp#27;[39m &amp#27;[37mGET&amp#27;[39m &amp#27;[37m/session/d81b27d0-df21-4c35-ba99-cbd5317203eb/element/00000000-0000-05ee-ffff-ffff0000050e/displayed&amp#27;[39m
&amp#27;[38;5;0m[HTTP]&amp#27;[0m &amp#27;[90m{}&amp#27;[39m
&amp#27;[38;5;32m[AndroidUiautomator2Driver@d606 (d81b27d0)]&amp#27;[0m Calling AppiumDriver.elementDisplayed() with args: ["00000000-0000-05ee-ffff-ffff0000050e","d81b27d0-df21-4c35-ba99-cbd5317203eb"]
&amp#27;[38;5;32m[AndroidUiautomator2Driver@d606 (d81b27d0)]&amp#27;[0m Matched '/element/00000000-0000-05ee-ffff-ffff0000050e/attribute/displayed' to command name 'getAttribute'
&amp#27;[38;5;32m[AndroidUiautomator2Driver@d606 (d81b27d0)]&amp#27;[0m Proxying [GET /element/00000000-0000-05ee-ffff-ffff0000050e/attribute/displayed] to [GET http://127.0.0.1:8209/session/c7104d6d-b578-4aea-a441-5b71d17293ac/element/00000000-0000-05ee-ffff-ffff0000050e/attribute/displayed] with no body
&amp#27;[38;5;32m[AndroidUiautomator2Driver@d606 (d81b27d0)]&amp#27;[0m Got response with status 200: {"sessionId":"c7104d6d-b578-4aea-a441-5b71d17293ac","value":"true"}
&amp#27;[38;5;32m[AndroidUiautomator2Driver@d606 (d81b27d0)]&amp#27;[0m Responding to client with driver.elementDisplayed() result: true
&amp#27;[38;5;0m[HTTP]&amp#27;[0m &amp#27;[37m<-- GET /session/d81b27d0-df21-4c35-ba99-cbd5317203eb/element/00000000-0000-05ee-ffff-ffff0000050e/displayed &amp#27;[39m&amp#27;[32m200&amp#27;[39m &amp#27;[90m11 ms - 14&amp#27;[39m
&amp#27;[38;5;0m[HTTP]&amp#27;[0m &amp#27;[90m&amp#27;[39m
&amp#27;[38;5;0m[HTTP]&amp#27;[0m &amp#27;[37m-->&amp#27;[39m &amp#27;[37mPOST&amp#27;[39m &amp#27;[37m/session/d81b27d0-df21-4c35-ba99-cbd5317203eb/element&amp#27;[39m
&amp#27;[38;5;0m[HTTP]&amp#27;[0m &amp#27;[90m{"using":"id","value":"com.android.permissioncontroller:id/permission_allow_button"}&amp#27;[39m
&amp#27;[38;5;32m[AndroidUiautomator2Driver@d606 (d81b27d0)]&amp#27;[0m Calling AppiumDriver.findElement() with args: ["id","com.android.permissioncontroller:id/permission_allow_button","d81b27d0-df21-4c35-ba99-cbd5317203eb"]
&amp#27;[38;5;32m[AndroidUiautomator2Driver@d606 (d81b27d0)]&amp#27;[0m Valid locator strategies for this request: xpath, id, class name, accessibility id, css selector, -android uiautomator
&amp#27;[38;5;32m[AndroidUiautomator2Driver@d606 (d81b27d0)]&amp#27;[0m Waiting up to 5000 ms for condition
&amp#27;[38;5;32m[AndroidUiautomator2Driver@d606 (d81b27d0)]&amp#27;[0m Matched '/element' to command name 'findElement'
&amp#27;[38;5;32m[AndroidUiautomator2Driver@d606 (d81b27d0)]&amp#27;[0m Proxying [POST /element] to [POST http://127.0.0.1:8209/session/c7104d6d-b578-4aea-a441-5b71d17293ac/element] with body: {"strategy":"id","selector":"com.android.permissioncontroller:id/permission_allow_button","context":"","multiple":false}
&amp#27;[38;5;32m[AndroidUiautomator2Driver@d606 (d81b27d0)]&amp#27;[0m Got response with status 200: {"sessionId":"c7104d6d-b578-4aea-a441-5b71d17293ac","value":{"ELEMENT":"00000000-0000-05ee-ffff-ffff0000050e","element-6066-11e4-a52e-4f735466cecf":"00000000-0000-05ee-ffff-ffff0000050e"}}
&amp#27;[38;5;32m[AndroidUiautomator2Driver@d606 (d81b27d0)]&amp#27;[0m Responding to client with driver.findElement() result: {"element-6066-11e4-a52e-4f735466cecf":"00000000-0000-05ee-ffff-ffff0000050e","ELEMENT":"00000000-0000-05ee-ffff-ffff0000050e"}
&amp#27;[38;5;0m[HTTP]&amp#27;[0m &amp#27;[37m<-- POST /session/d81b27d0-df21-4c35-ba99-cbd5317203eb/element &amp#27;[39m&amp#27;[32m200&amp#27;[39m &amp#27;[90m13 ms - 137&amp#27;[39m
&amp#27;[38;5;0m[HTTP]&amp#27;[0m &amp#27;[90m&amp#27;[39m
&amp#27;[38;5;0m[HTTP]&amp#27;[0m &amp#27;[37m-->&amp#27;[39m &amp#27;[37mPOST&amp#27;[39m &amp#27;[37m/session/d81b27d0-df21-4c35-ba99-cbd5317203eb/element/00000000-0000-05ee-ffff-ffff0000050e/click&amp#27;[39m
&amp#27;[38;5;0m[HTTP]&amp#27;[0m &amp#27;[90m{"id":"00000000-0000-05ee-ffff-ffff0000050e"}&amp#27;[39m
&amp#27;[38;5;32m[AndroidUiautomator2Driver@d606 (d81b27d0)]&amp#27;[0m Calling AppiumDriver.click() with args: ["00000000-0000-05ee-ffff-ffff0000050e","d81b27d0-df21-4c35-ba99-cbd5317203eb"]
&amp#27;[38;5;32m[AndroidUiautomator2Driver@d606 (d81b27d0)]&amp#27;[0m Matched '/element/00000000-0000-05ee-ffff-ffff0000050e/click' to command name 'click'
&amp#27;[38;5;32m[AndroidUiautomator2Driver@d606 (d81b27d0)]&amp#27;[0m Proxying [POST /element/00000000-0000-05ee-ffff-ffff0000050e/click] to [POST http://127.0.0.1:8209/session/c7104d6d-b578-4aea-a441-5b71d17293ac/element/00000000-0000-05ee-ffff-ffff0000050e/click] with body: {"element":"00000000-0000-05ee-ffff-ffff0000050e"}
&amp#27;[38;5;32m[AndroidUiautomator2Driver@d606 (d81b27d0)]&amp#27;[0m Got response with status 200: {"sessionId":"c7104d6d-b578-4aea-a441-5b71d17293ac","value":null}
&amp#27;[38;5;32m[AndroidUiautomator2Driver@d606 (d81b27d0)]&amp#27;[0m Responding to client with driver.click() result: null
&amp#27;[38;5;0m[HTTP]&amp#27;[0m &amp#27;[37m<-- POST /session/d81b27d0-df21-4c35-ba99-cbd5317203eb/element/00000000-0000-05ee-ffff-ffff0000050e/click &amp#27;[39m&amp#27;[32m200&amp#27;[39m &amp#27;[90m174 ms - 14&amp#27;[39m
&amp#27;[38;5;0m[HTTP]&amp#27;[0m &amp#27;[90m&amp#27;[39m
&amp#27;[38;5;0m[HTTP]&amp#27;[0m &amp#27;[37m-->&amp#27;[39m &amp#27;[37mPOST&amp#27;[39m &amp#27;[37m/session/d81b27d0-df21-4c35-ba99-cbd5317203eb/element&amp#27;[39m
&amp#27;[38;5;0m[HTTP]&amp#27;[0m &amp#27;[90m{"using":"id","value":"com.android.permissioncontroller:id/permission_allow_button"}&amp#27;[39m
&amp#27;[38;5;32m[AndroidUiautomator2Driver@d606 (d81b27d0)]&amp#27;[0m Calling AppiumDriver.findElement() with args: ["id","com.android.permissioncontroller:id/permission_allow_button","d81b27d0-df21-4c35-ba99-cbd5317203eb"]
&amp#27;[38;5;32m[AndroidUiautomator2Driver@d606 (d81b27d0)]&amp#27;[0m Valid locator strategies for this request: xpath, id, class name, accessibility id, css selector, -android uiautomator
&amp#27;[38;5;32m[AndroidUiautomator2Driver@d606 (d81b27d0)]&amp#27;[0m Waiting up to 5000 ms for condition
&amp#27;[38;5;32m[AndroidUiautomator2Driver@d606 (d81b27d0)]&amp#27;[0m Matched '/element' to command name 'findElement'
&amp#27;[38;5;32m[AndroidUiautomator2Driver@d606 (d81b27d0)]&amp#27;[0m Proxying [POST /element] to [POST http://127.0.0.1:8209/session/c7104d6d-b578-4aea-a441-5b71d17293ac/element] with body: {"strategy":"id","selector":"com.android.permissioncontroller:id/permission_allow_button","context":"","multiple":false}
&amp#27;[38;5;32m[AndroidUiautomator2Driver@d606 (d81b27d0)]&amp#27;[0m Got response with status 404: {"sessionId":"c7104d6d-b578-4aea-a441-5b71d17293ac","value":{"error":"no such element","message":"An element could not be located on the page using the given search parameters","stacktrace":"io.appium.uiautomator2.common.exceptions.ElementNotFoundException: An element could not be located on the page using the given search parameters\n\tat io.appium.uiautomator2.handler.FindElement.safeHandle(FindElement.java:63)\n\tat io.appium.uiautomator2.handler.request.SafeRequestHandler.handle(SafeRequestHandler.java:59)\n\tat io.appium.uiautomator2.server.AppiumServlet.handleRequest(AppiumServlet.java:277)\n\tat io.appium.uiautomator2.server.AppiumServlet.handleHttpRequest(AppiumServlet.java:271)\n\tat io.appium.uiautomator2.http.ServerHandler.channelRead(ServerHandler.java:77)\n\tat io.netty.channel.AbstractChannelHandlerContext.invokeChannelRead(AbstractChannelHandlerContext.java:366)\n\tat io.netty.channel.AbstractChannelHandlerContext.invokeChannelRead(AbstractChannelHandlerContext.java:352)\n\tat io.netty.chann...
&amp#27;[38;5;128m[W3C]&amp#27;[0m Matched W3C error code 'no such element' to NoSuchElementError
&amp#27;[38;5;32m[AndroidUiautomator2Driver@d606 (d81b27d0)]&amp#27;[0m Waited for 44 ms so far
&amp#27;[38;5;32m[AndroidUiautomator2Driver@d606 (d81b27d0)]&amp#27;[0m Matched '/element' to command name 'findElement'
&amp#27;[38;5;32m[AndroidUiautomator2Driver@d606 (d81b27d0)]&amp#27;[0m Proxying [POST /element] to [POST http://127.0.0.1:8209/session/c7104d6d-b578-4aea-a441-5b71d17293ac/element] with body: {"strategy":"id","selector":"com.android.permissioncontroller:id/permission_allow_button","context":"","multiple":false}
&amp#27;[38;5;32m[AndroidUiautomator2Driver@d606 (d81b27d0)]&amp#27;[0m Got response with status 404: {"sessionId":"c7104d6d-b578-4aea-a441-5b71d17293ac","value":{"error":"no such element","message":"An element could not be located on the page using the given search parameters","stacktrace":"io.appium.uiautomator2.common.exceptions.ElementNotFoundException: An element could not be located on the page using the given search parameters\n\tat io.appium.uiautomator2.handler.FindElement.safeHandle(FindElement.java:63)\n\tat io.appium.uiautomator2.handler.request.SafeRequestHandler.handle(SafeRequestHandler.java:59)\n\tat io.appium.uiautomator2.server.AppiumServlet.handleRequest(AppiumServlet.java:277)\n\tat io.appium.uiautomator2.server.AppiumServlet.handleHttpRequest(AppiumServlet.java:271)\n\tat io.appium.uiautomator2.http.ServerHandler.channelRead(ServerHandler.java:77)\n\tat io.netty.channel.AbstractChannelHandlerContext.invokeChannelRead(AbstractChannelHandlerContext.java:366)\n\tat io.netty.channel.AbstractChannelHandlerContext.invokeChannelRead(AbstractChannelHandlerContext.java:352)\n\tat io.netty.chann...
&amp#27;[38;5;128m[W3C]&amp#27;[0m Matched W3C error code 'no such element' to NoSuchElementError
&amp#27;[38;5;32m[AndroidUiautomator2Driver@d606 (d81b27d0)]&amp#27;[0m Waited for 613 ms so far
&amp#27;[38;5;32m[AndroidUiautomator2Driver@d606 (d81b27d0)]&amp#27;[0m Matched '/element' to command name 'findElement'
&amp#27;[38;5;32m[AndroidUiautomator2Driver@d606 (d81b27d0)]&amp#27;[0m Proxying [POST /element] to [POST http://127.0.0.1:8209/session/c7104d6d-b578-4aea-a441-5b71d17293ac/element] with body: {"strategy":"id","selector":"com.android.permissioncontroller:id/permission_allow_button","context":"","multiple":false}
&amp#27;[38;5;32m[AndroidUiautomator2Driver@d606 (d81b27d0)]&amp#27;[0m Got response with status 404: {"sessionId":"c7104d6d-b578-4aea-a441-5b71d17293ac","value":{"error":"no such element","message":"An element could not be located on the page using the given search parameters","stacktrace":"io.appium.uiautomator2.common.exceptions.ElementNotFoundException: An element could not be located on the page using the given search parameters\n\tat io.appium.uiautomator2.handler.FindElement.safeHandle(FindElement.java:63)\n\tat io.appium.uiautomator2.handler.request.SafeRequestHandler.handle(SafeRequestHandler.java:59)\n\tat io.appium.uiautomator2.server.AppiumServlet.handleRequest(AppiumServlet.java:277)\n\tat io.appium.uiautomator2.server.AppiumServlet.handleHttpRequest(AppiumServlet.java:271)\n\tat io.appium.uiautomator2.http.ServerHandler.channelRead(ServerHandler.java:77)\n\tat io.netty.channel.AbstractChannelHandlerContext.invokeChannelRead(AbstractChannelHandlerContext.java:366)\n\tat io.netty.channel.AbstractChannelHandlerContext.invokeChannelRead(AbstractChannelHandlerContext.java:352)\n\tat io.netty.chann...
&amp#27;[38;5;128m[W3C]&amp#27;[0m Matched W3C error code 'no such element' to NoSuchElementError
&amp#27;[38;5;32m[AndroidUiautomator2Driver@d606 (d81b27d0)]&amp#27;[0m Waited for 1133 ms so far
&amp#27;[38;5;32m[AndroidUiautomator2Driver@d606 (d81b27d0)]&amp#27;[0m Matched '/element' to command name 'findElement'
&amp#27;[38;5;32m[AndroidUiautomator2Driver@d606 (d81b27d0)]&amp#27;[0m Proxying [POST /element] to [POST http://127.0.0.1:8209/session/c7104d6d-b578-4aea-a441-5b71d17293ac/element] with body: {"strategy":"id","selector":"com.android.permissioncontroller:id/permission_allow_button","context":"","multiple":false}
&amp#27;[38;5;32m[AndroidUiautomator2Driver@d606 (d81b27d0)]&amp#27;[0m Got response with status 404: {"sessionId":"c7104d6d-b578-4aea-a441-5b71d17293ac","value":{"error":"no such element","message":"An element could not be located on the page using the given search parameters","stacktrace":"io.appium.uiautomator2.common.exceptions.ElementNotFoundException: An element could not be located on the page using the given search parameters\n\tat io.appium.uiautomator2.handler.FindElement.safeHandle(FindElement.java:63)\n\tat io.appium.uiautomator2.handler.request.SafeRequestHandler.handle(SafeRequestHandler.java:59)\n\tat io.appium.uiautomator2.server.AppiumServlet.handleRequest(AppiumServlet.java:277)\n\tat io.appium.uiautomator2.server.AppiumServlet.handleHttpRequest(AppiumServlet.java:271)\n\tat io.appium.uiautomator2.http.ServerHandler.channelRead(ServerHandler.java:77)\n\tat io.netty.channel.AbstractChannelHandlerContext.invokeChannelRead(AbstractChannelHandlerContext.java:366)\n\tat io.netty.channel.AbstractChannelHandlerContext.invokeChannelRead(AbstractChannelHandlerContext.java:352)\n\tat io.netty.chann...
&amp#27;[38;5;128m[W3C]&amp#27;[0m Matched W3C error code 'no such element' to NoSuchElementError
&amp#27;[38;5;32m[AndroidUiautomator2Driver@d606 (d81b27d0)]&amp#27;[0m Waited for 1643 ms so far
&amp#27;[38;5;32m[AndroidUiautomator2Driver@d606 (d81b27d0)]&amp#27;[0m Matched '/element' to command name 'findElement'
&amp#27;[38;5;32m[AndroidUiautomator2Driver@d606 (d81b27d0)]&amp#27;[0m Proxying [POST /element] to [POST http://127.0.0.1:8209/session/c7104d6d-b578-4aea-a441-5b71d17293ac/element] with body: {"strategy":"id","selector":"com.android.permissioncontroller:id/permission_allow_button","context":"","multiple":false}
&amp#27;[38;5;32m[AndroidUiautomator2Driver@d606 (d81b27d0)]&amp#27;[0m Got response with status 404: {"sessionId":"c7104d6d-b578-4aea-a441-5b71d17293ac","value":{"error":"no such element","message":"An element could not be located on the page using the given search parameters","stacktrace":"io.appium.uiautomator2.common.exceptions.ElementNotFoundException: An element could not be located on the page using the given search parameters\n\tat io.appium.uiautomator2.handler.FindElement.safeHandle(FindElement.java:63)\n\tat io.appium.uiautomator2.handler.request.SafeRequestHandler.handle(SafeRequestHandler.java:59)\n\tat io.appium.uiautomator2.server.AppiumServlet.handleRequest(AppiumServlet.java:277)\n\tat io.appium.uiautomator2.server.AppiumServlet.handleHttpRequest(AppiumServlet.java:271)\n\tat io.appium.uiautomator2.http.ServerHandler.channelRead(ServerHandler.java:77)\n\tat io.netty.channel.AbstractChannelHandlerContext.invokeChannelRead(AbstractChannelHandlerContext.java:366)\n\tat io.netty.channel.AbstractChannelHandlerContext.invokeChannelRead(AbstractChannelHandlerContext.java:352)\n\tat io.netty.chann...
&amp#27;[38;5;128m[W3C]&amp#27;[0m Matched W3C error code 'no such element' to NoSuchElementError
&amp#27;[38;5;32m[AndroidUiautomator2Driver@d606 (d81b27d0)]&amp#27;[0m Waited for 2156 ms so far
&amp#27;[38;5;32m[AndroidUiautomator2Driver@d606 (d81b27d0)]&amp#27;[0m Matched '/element' to command name 'findElement'
&amp#27;[38;5;32m[AndroidUiautomator2Driver@d606 (d81b27d0)]&amp#27;[0m Proxying [POST /element] to [POST http://127.0.0.1:8209/session/c7104d6d-b578-4aea-a441-5b71d17293ac/element] with body: {"strategy":"id","selector":"com.android.permissioncontroller:id/permission_allow_button","context":"","multiple":false}
&amp#27;[38;5;32m[AndroidUiautomator2Driver@d606 (d81b27d0)]&amp#27;[0m Got response with status 404: {"sessionId":"c7104d6d-b578-4aea-a441-5b71d17293ac","value":{"error":"no such element","message":"An element could not be located on the page using the given search parameters","stacktrace":"io.appium.uiautomator2.common.exceptions.ElementNotFoundException: An element could not be located on the page using the given search parameters\n\tat io.appium.uiautomator2.handler.FindElement.safeHandle(FindElement.java:63)\n\tat io.appium.uiautomator2.handler.request.SafeRequestHandler.handle(SafeRequestHandler.java:59)\n\tat io.appium.uiautomator2.server.AppiumServlet.handleRequest(AppiumServlet.java:277)\n\tat io.appium.uiautomator2.server.AppiumServlet.handleHttpRequest(AppiumServlet.java:271)\n\tat io.appium.uiautomator2.http.ServerHandler.channelRead(ServerHandler.java:77)\n\tat io.netty.channel.AbstractChannelHandlerContext.invokeChannelRead(AbstractChannelHandlerContext.java:366)\n\tat io.netty.channel.AbstractChannelHandlerContext.invokeChannelRead(AbstractChannelHandlerContext.java:352)\n\tat io.netty.chann...
&amp#27;[38;5;128m[W3C]&amp#27;[0m Matched W3C error code 'no such element' to NoSuchElementError
&amp#27;[38;5;32m[AndroidUiautomator2Driver@d606 (d81b27d0)]&amp#27;[0m Waited for 2665 ms so far
&amp#27;[38;5;32m[AndroidUiautomator2Driver@d606 (d81b27d0)]&amp#27;[0m Matched '/element' to command name 'findElement'
&amp#27;[38;5;32m[AndroidUiautomator2Driver@d606 (d81b27d0)]&amp#27;[0m Proxying [POST /element] to [POST http://127.0.0.1:8209/session/c7104d6d-b578-4aea-a441-5b71d17293ac/element] with body: {"strategy":"id","selector":"com.android.permissioncontroller:id/permission_allow_button","context":"","multiple":false}
&amp#27;[38;5;32m[AndroidUiautomator2Driver@d606 (d81b27d0)]&amp#27;[0m Got response with status 404: {"sessionId":"c7104d6d-b578-4aea-a441-5b71d17293ac","value":{"error":"no such element","message":"An element could not be located on the page using the given search parameters","stacktrace":"io.appium.uiautomator2.common.exceptions.ElementNotFoundException: An element could not be located on the page using the given search parameters\n\tat io.appium.uiautomator2.handler.FindElement.safeHandle(FindElement.java:63)\n\tat io.appium.uiautomator2.handler.request.SafeRequestHandler.handle(SafeRequestHandler.java:59)\n\tat io.appium.uiautomator2.server.AppiumServlet.handleRequest(AppiumServlet.java:277)\n\tat io.appium.uiautomator2.server.AppiumServlet.handleHttpRequest(AppiumServlet.java:271)\n\tat io.appium.uiautomator2.http.ServerHandler.channelRead(ServerHandler.java:77)\n\tat io.netty.channel.AbstractChannelHandlerContext.invokeChannelRead(AbstractChannelHandlerContext.java:366)\n\tat io.netty.channel.AbstractChannelHandlerContext.invokeChannelRead(AbstractChannelHandlerContext.java:352)\n\tat io.netty.chann...
&amp#27;[38;5;128m[W3C]&amp#27;[0m Matched W3C error code 'no such element' to NoSuchElementError
&amp#27;[38;5;32m[AndroidUiautomator2Driver@d606 (d81b27d0)]&amp#27;[0m Waited for 3181 ms so far
&amp#27;[38;5;32m[AndroidUiautomator2Driver@d606 (d81b27d0)]&amp#27;[0m Matched '/element' to command name 'findElement'
&amp#27;[38;5;32m[AndroidUiautomator2Driver@d606 (d81b27d0)]&amp#27;[0m Proxying [POST /element] to [POST http://127.0.0.1:8209/session/c7104d6d-b578-4aea-a441-5b71d17293ac/element] with body: {"strategy":"id","selector":"com.android.permissioncontroller:id/permission_allow_button","context":"","multiple":false}
&amp#27;[38;5;32m[AndroidUiautomator2Driver@d606 (d81b27d0)]&amp#27;[0m Got response with status 404: {"sessionId":"c7104d6d-b578-4aea-a441-5b71d17293ac","value":{"error":"no such element","message":"An element could not be located on the page using the given search parameters","stacktrace":"io.appium.uiautomator2.common.exceptions.ElementNotFoundException: An element could not be located on the page using the given search parameters\n\tat io.appium.uiautomator2.handler.FindElement.safeHandle(FindElement.java:63)\n\tat io.appium.uiautomator2.handler.request.SafeRequestHandler.handle(SafeRequestHandler.java:59)\n\tat io.appium.uiautomator2.server.AppiumServlet.handleRequest(AppiumServlet.java:277)\n\tat io.appium.uiautomator2.server.AppiumServlet.handleHttpRequest(AppiumServlet.java:271)\n\tat io.appium.uiautomator2.http.ServerHandler.channelRead(ServerHandler.java:77)\n\tat io.netty.channel.AbstractChannelHandlerContext.invokeChannelRead(AbstractChannelHandlerContext.java:366)\n\tat io.netty.channel.AbstractChannelHandlerContext.invokeChannelRead(AbstractChannelHandlerContext.java:352)\n\tat io.netty.chann...
&amp#27;[38;5;128m[W3C]&amp#27;[0m Matched W3C error code 'no such element' to NoSuchElementError
&amp#27;[38;5;32m[AndroidUiautomator2Driver@d606 (d81b27d0)]&amp#27;[0m Waited for 3697 ms so far
&amp#27;[38;5;32m[AndroidUiautomator2Driver@d606 (d81b27d0)]&amp#27;[0m Matched '/element' to command name 'findElement'
&amp#27;[38;5;32m[AndroidUiautomator2Driver@d606 (d81b27d0)]&amp#27;[0m Proxying [POST /element] to [POST http://127.0.0.1:8209/session/c7104d6d-b578-4aea-a441-5b71d17293ac/element] with body: {"strategy":"id","selector":"com.android.permissioncontroller:id/permission_allow_button","context":"","multiple":false}
&amp#27;[38;5;32m[AndroidUiautomator2Driver@d606 (d81b27d0)]&amp#27;[0m Got response with status 404: {"sessionId":"c7104d6d-b578-4aea-a441-5b71d17293ac","value":{"error":"no such element","message":"An element could not be located on the page using the given search parameters","stacktrace":"io.appium.uiautomator2.common.exceptions.ElementNotFoundException: An element could not be located on the page using the given search parameters\n\tat io.appium.uiautomator2.handler.FindElement.safeHandle(FindElement.java:63)\n\tat io.appium.uiautomator2.handler.request.SafeRequestHandler.handle(SafeRequestHandler.java:59)\n\tat io.appium.uiautomator2.server.AppiumServlet.handleRequest(AppiumServlet.java:277)\n\tat io.appium.uiautomator2.server.AppiumServlet.handleHttpRequest(AppiumServlet.java:271)\n\tat io.appium.uiautomator2.http.ServerHandler.channelRead(ServerHandler.java:77)\n\tat io.netty.channel.AbstractChannelHandlerContext.invokeChannelRead(AbstractChannelHandlerContext.java:366)\n\tat io.netty.channel.AbstractChannelHandlerContext.invokeChannelRead(AbstractChannelHandlerContext.java:352)\n\tat io.netty.chann...
&amp#27;[38;5;128m[W3C]&amp#27;[0m Matched W3C error code 'no such element' to NoSuchElementError
&amp#27;[38;5;32m[AndroidUiautomator2Driver@d606 (d81b27d0)]&amp#27;[0m Waited for 4223 ms so far
&amp#27;[38;5;32m[AndroidUiautomator2Driver@d606 (d81b27d0)]&amp#27;[0m Matched '/element' to command name 'findElement'
&amp#27;[38;5;32m[AndroidUiautomator2Driver@d606 (d81b27d0)]&amp#27;[0m Proxying [POST /element] to [POST http://127.0.0.1:8209/session/c7104d6d-b578-4aea-a441-5b71d17293ac/element] with body: {"strategy":"id","selector":"com.android.permissioncontroller:id/permission_allow_button","context":"","multiple":false}
&amp#27;[38;5;32m[AndroidUiautomator2Driver@d606 (d81b27d0)]&amp#27;[0m Got response with status 404: {"sessionId":"c7104d6d-b578-4aea-a441-5b71d17293ac","value":{"error":"no such element","message":"An element could not be located on the page using the given search parameters","stacktrace":"io.appium.uiautomator2.common.exceptions.ElementNotFoundException: An element could not be located on the page using the given search parameters\n\tat io.appium.uiautomator2.handler.FindElement.safeHandle(FindElement.java:63)\n\tat io.appium.uiautomator2.handler.request.SafeRequestHandler.handle(SafeRequestHandler.java:59)\n\tat io.appium.uiautomator2.server.AppiumServlet.handleRequest(AppiumServlet.java:277)\n\tat io.appium.uiautomator2.server.AppiumServlet.handleHttpRequest(AppiumServlet.java:271)\n\tat io.appium.uiautomator2.http.ServerHandler.channelRead(ServerHandler.java:77)\n\tat io.netty.channel.AbstractChannelHandlerContext.invokeChannelRead(AbstractChannelHandlerContext.java:366)\n\tat io.netty.channel.AbstractChannelHandlerContext.invokeChannelRead(AbstractChannelHandlerContext.java:352)\n\tat io.netty.chann...
&amp#27;[38;5;128m[W3C]&amp#27;[0m Matched W3C error code 'no such element' to NoSuchElementError
&amp#27;[38;5;32m[AndroidUiautomator2Driver@d606 (d81b27d0)]&amp#27;[0m Waited for 4734 ms so far
&amp#27;[38;5;32m[AndroidUiautomator2Driver@d606 (d81b27d0)]&amp#27;[0m Matched '/element' to command name 'findElement'
&amp#27;[38;5;32m[AndroidUiautomator2Driver@d606 (d81b27d0)]&amp#27;[0m Proxying [POST /element] to [POST http://127.0.0.1:8209/session/c7104d6d-b578-4aea-a441-5b71d17293ac/element] with body: {"strategy":"id","selector":"com.android.permissioncontroller:id/permission_allow_button","context":"","multiple":false}
&amp#27;[38;5;32m[AndroidUiautomator2Driver@d606 (d81b27d0)]&amp#27;[0m Got response with status 404: {"sessionId":"c7104d6d-b578-4aea-a441-5b71d17293ac","value":{"error":"no such element","message":"An element could not be located on the page using the given search parameters","stacktrace":"io.appium.uiautomator2.common.exceptions.ElementNotFoundException: An element could not be located on the page using the given search parameters\n\tat io.appium.uiautomator2.handler.FindElement.safeHandle(FindElement.java:63)\n\tat io.appium.uiautomator2.handler.request.SafeRequestHandler.handle(SafeRequestHandler.java:59)\n\tat io.appium.uiautomator2.server.AppiumServlet.handleRequest(AppiumServlet.java:277)\n\tat io.appium.uiautomator2.server.AppiumServlet.handleHttpRequest(AppiumServlet.java:271)\n\tat io.appium.uiautomator2.http.ServerHandler.channelRead(ServerHandler.java:77)\n\tat io.netty.channel.AbstractChannelHandlerContext.invokeChannelRead(AbstractChannelHandlerContext.java:366)\n\tat io.netty.channel.AbstractChannelHandlerContext.invokeChannelRead(AbstractChannelHandlerContext.java:352)\n\tat io.netty.chann...
&amp#27;[38;5;128m[W3C]&amp#27;[0m Matched W3C error code 'no such element' to NoSuchElementError
&amp#27;[38;5;32m[AndroidUiautomator2Driver@d606 (d81b27d0)]&amp#27;[0m Encountered internal error running command: NoSuchElementError: An element could not be located on the page using the given search parameters.
&amp#27;[38;5;32m[AndroidUiautomator2Driver@d606 (d81b27d0)]&amp#27;[0m     at AndroidUiautomator2Driver.findElOrEls (C:\Users\bungh\node_modules\appium-uiautomator2-driver\node_modules\appium-android-driver\lib\commands\find.ts:87:11)
&amp#27;[38;5;32m[AndroidUiautomator2Driver@d606 (d81b27d0)]&amp#27;[0m     at processTicksAndRejections (node:internal/process/task_queues:95:5)
&amp#27;[38;5;32m[AndroidUiautomator2Driver@d606 (d81b27d0)]&amp#27;[0m     at AndroidUiautomator2Driver.findElOrElsWithProcessing (C:\Users\bungh\node_modules\@appium\base-driver\lib\basedriver\commands\find.ts:60:12)
&amp#27;[38;5;32m[AndroidUiautomator2Driver@d606 (d81b27d0)]&amp#27;[0m     at AndroidUiautomator2Driver.findElement (C:\Users\bungh\node_modules\@appium\base-driver\lib\basedriver\commands\find.ts:75:12)
&amp#27;[38;5;0m[HTTP]&amp#27;[0m &amp#27;[37m<-- POST /session/d81b27d0-df21-4c35-ba99-cbd5317203eb/element &amp#27;[39m&amp#27;[33m404&amp#27;[39m &amp#27;[90m5017 ms - 791&amp#27;[39m
&amp#27;[38;5;0m[HTTP]&amp#27;[0m &amp#27;[90m&amp#27;[39m
&amp#27;[38;5;0m[HTTP]&amp#27;[0m &amp#27;[37m-->&amp#27;[39m &amp#27;[37mGET&amp#27;[39m &amp#27;[37m/session/d81b27d0-df21-4c35-ba99-cbd5317203eb/context&amp#27;[39m
&amp#27;[38;5;0m[HTTP]&amp#27;[0m &amp#27;[90m{}&amp#27;[39m
&amp#27;[38;5;32m[AndroidUiautomator2Driver@d606 (d81b27d0)]&amp#27;[0m Calling AppiumDriver.getCurrentContext() with args: ["d81b27d0-df21-4c35-ba99-cbd5317203eb"]
&amp#27;[38;5;32m[AndroidUiautomator2Driver@d606 (d81b27d0)]&amp#27;[0m Responding to client with driver.getCurrentContext() result: "NATIVE_APP"
&amp#27;[38;5;0m[HTTP]&amp#27;[0m &amp#27;[37m<-- GET /session/d81b27d0-df21-4c35-ba99-cbd5317203eb/context &amp#27;[39m&amp#27;[32m200&amp#27;[39m &amp#27;[90m1 ms - 22&amp#27;[39m
&amp#27;[38;5;0m[HTTP]&amp#27;[0m &amp#27;[90m&amp#27;[39m
&amp#27;[38;5;0m[HTTP]&amp#27;[0m &amp#27;[37m-->&amp#27;[39m &amp#27;[37mPOST&amp#27;[39m &amp#27;[37m/session/d81b27d0-df21-4c35-ba99-cbd5317203eb/element&amp#27;[39m
&amp#27;[38;5;0m[HTTP]&amp#27;[0m &amp#27;[90m{"using":"id","value":"com.fivemobile.thescore:id/dialog_container"}&amp#27;[39m
&amp#27;[38;5;32m[AndroidUiautomator2Driver@d606 (d81b27d0)]&amp#27;[0m Calling AppiumDriver.findElement() with args: ["id","com.fivemobile.thescore:id/dialog_container","d81b27d0-df21-4c35-ba99-cbd5317203eb"]
&amp#27;[38;5;32m[AndroidUiautomator2Driver@d606 (d81b27d0)]&amp#27;[0m Valid locator strategies for this request: xpath, id, class name, accessibility id, css selector, -android uiautomator
&amp#27;[38;5;32m[AndroidUiautomator2Driver@d606 (d81b27d0)]&amp#27;[0m Waiting up to 5000 ms for condition
&amp#27;[38;5;32m[AndroidUiautomator2Driver@d606 (d81b27d0)]&amp#27;[0m Matched '/element' to command name 'findElement'
&amp#27;[38;5;32m[AndroidUiautomator2Driver@d606 (d81b27d0)]&amp#27;[0m Proxying [POST /element] to [POST http://127.0.0.1:8209/session/c7104d6d-b578-4aea-a441-5b71d17293ac/element] with body: {"strategy":"id","selector":"com.fivemobile.thescore:id/dialog_container","context":"","multiple":false}
&amp#27;[38;5;32m[AndroidUiautomator2Driver@d606 (d81b27d0)]&amp#27;[0m Got response with status 200: {"sessionId":"c7104d6d-b578-4aea-a441-5b71d17293ac","value":{"ELEMENT":"00000000-0000-05ef-ffff-ffff0000036b","element-6066-11e4-a52e-4f735466cecf":"00000000-0000-05ef-ffff-ffff0000036b"}}
&amp#27;[38;5;32m[AndroidUiautomator2Driver@d606 (d81b27d0)]&amp#27;[0m Responding to client with driver.findElement() result: {"element-6066-11e4-a52e-4f735466cecf":"00000000-0000-05ef-ffff-ffff0000036b","ELEMENT":"00000000-0000-05ef-ffff-ffff0000036b"}
&amp#27;[38;5;0m[HTTP]&amp#27;[0m &amp#27;[37m<-- POST /session/d81b27d0-df21-4c35-ba99-cbd5317203eb/element &amp#27;[39m&amp#27;[32m200&amp#27;[39m &amp#27;[90m9 ms - 137&amp#27;[39m
&amp#27;[38;5;0m[HTTP]&amp#27;[0m &amp#27;[90m&amp#27;[39m
&amp#27;[38;5;0m[HTTP]&amp#27;[0m &amp#27;[37m-->&amp#27;[39m &amp#27;[37mGET&amp#27;[39m &amp#27;[37m/session/d81b27d0-df21-4c35-ba99-cbd5317203eb/element/00000000-0000-05ef-ffff-ffff0000036b/displayed&amp#27;[39m
&amp#27;[38;5;0m[HTTP]&amp#27;[0m &amp#27;[90m{}&amp#27;[39m
&amp#27;[38;5;32m[AndroidUiautomator2Driver@d606 (d81b27d0)]&amp#27;[0m Calling AppiumDriver.elementDisplayed() with args: ["00000000-0000-05ef-ffff-ffff0000036b","d81b27d0-df21-4c35-ba99-cbd5317203eb"]
&amp#27;[38;5;32m[AndroidUiautomator2Driver@d606 (d81b27d0)]&amp#27;[0m Matched '/element/00000000-0000-05ef-ffff-ffff0000036b/attribute/displayed' to command name 'getAttribute'
&amp#27;[38;5;32m[AndroidUiautomator2Driver@d606 (d81b27d0)]&amp#27;[0m Proxying [GET /element/00000000-0000-05ef-ffff-ffff0000036b/attribute/displayed] to [GET http://127.0.0.1:8209/session/c7104d6d-b578-4aea-a441-5b71d17293ac/element/00000000-0000-05ef-ffff-ffff0000036b/attribute/displayed] with no body
&amp#27;[38;5;32m[AndroidUiautomator2Driver@d606 (d81b27d0)]&amp#27;[0m Got response with status 200: {"sessionId":"c7104d6d-b578-4aea-a441-5b71d17293ac","value":"true"}
&amp#27;[38;5;32m[AndroidUiautomator2Driver@d606 (d81b27d0)]&amp#27;[0m Responding to client with driver.elementDisplayed() result: true
&amp#27;[38;5;0m[HTTP]&amp#27;[0m &amp#27;[37m<-- GET /session/d81b27d0-df21-4c35-ba99-cbd5317203eb/element/00000000-0000-05ef-ffff-ffff0000036b/displayed &amp#27;[39m&amp#27;[32m200&amp#27;[39m &amp#27;[90m7 ms - 14&amp#27;[39m
&amp#27;[38;5;0m[HTTP]&amp#27;[0m &amp#27;[90m&amp#27;[39m
&amp#27;[38;5;0m[HTTP]&amp#27;[0m &amp#27;[37m-->&amp#27;[39m &amp#27;[37mGET&amp#27;[39m &amp#27;[37m/session/d81b27d0-df21-4c35-ba99-cbd5317203eb/context&amp#27;[39m
&amp#27;[38;5;0m[HTTP]&amp#27;[0m &amp#27;[90m{}&amp#27;[39m
&amp#27;[38;5;32m[AndroidUiautomator2Driver@d606 (d81b27d0)]&amp#27;[0m Calling AppiumDriver.getCurrentContext() with args: ["d81b27d0-df21-4c35-ba99-cbd5317203eb"]
&amp#27;[38;5;32m[AndroidUiautomator2Driver@d606 (d81b27d0)]&amp#27;[0m Responding to client with driver.getCurrentContext() result: "NATIVE_APP"
&amp#27;[38;5;0m[HTTP]&amp#27;[0m &amp#27;[37m<-- GET /session/d81b27d0-df21-4c35-ba99-cbd5317203eb/context &amp#27;[39m&amp#27;[32m200&amp#27;[39m &amp#27;[90m1 ms - 22&amp#27;[39m
&amp#27;[38;5;0m[HTTP]&amp#27;[0m &amp#27;[90m&amp#27;[39m
&amp#27;[38;5;0m[HTTP]&amp#27;[0m &amp#27;[37m-->&amp#27;[39m &amp#27;[37mPOST&amp#27;[39m &amp#27;[37m/session/d81b27d0-df21-4c35-ba99-cbd5317203eb/element&amp#27;[39m
&amp#27;[38;5;0m[HTTP]&amp#27;[0m &amp#27;[90m{"using":"id","value":"com.fivemobile.thescore:id/dismiss_modal"}&amp#27;[39m
&amp#27;[38;5;32m[AndroidUiautomator2Driver@d606 (d81b27d0)]&amp#27;[0m Calling AppiumDriver.findElement() with args: ["id","com.fivemobile.thescore:id/dismiss_modal","d81b27d0-df21-4c35-ba99-cbd5317203eb"]
&amp#27;[38;5;32m[AndroidUiautomator2Driver@d606 (d81b27d0)]&amp#27;[0m Valid locator strategies for this request: xpath, id, class name, accessibility id, css selector, -android uiautomator
&amp#27;[38;5;32m[AndroidUiautomator2Driver@d606 (d81b27d0)]&amp#27;[0m Waiting up to 5000 ms for condition
&amp#27;[38;5;32m[AndroidUiautomator2Driver@d606 (d81b27d0)]&amp#27;[0m Matched '/element' to command name 'findElement'
&amp#27;[38;5;32m[AndroidUiautomator2Driver@d606 (d81b27d0)]&amp#27;[0m Proxying [POST /element] to [POST http://127.0.0.1:8209/session/c7104d6d-b578-4aea-a441-5b71d17293ac/element] with body: {"strategy":"id","selector":"com.fivemobile.thescore:id/dismiss_modal","context":"","multiple":false}
&amp#27;[38;5;32m[AndroidUiautomator2Driver@d606 (d81b27d0)]&amp#27;[0m Got response with status 200: {"sessionId":"c7104d6d-b578-4aea-a441-5b71d17293ac","value":{"ELEMENT":"00000000-0000-05ef-ffff-ffff0000036d","element-6066-11e4-a52e-4f735466cecf":"00000000-0000-05ef-ffff-ffff0000036d"}}
&amp#27;[38;5;32m[AndroidUiautomator2Driver@d606 (d81b27d0)]&amp#27;[0m Responding to client with driver.findElement() result: {"element-6066-11e4-a52e-4f735466cecf":"00000000-0000-05ef-ffff-ffff0000036d","ELEMENT":"00000000-0000-05ef-ffff-ffff0000036d"}
&amp#27;[38;5;0m[HTTP]&amp#27;[0m &amp#27;[37m<-- POST /session/d81b27d0-df21-4c35-ba99-cbd5317203eb/element &amp#27;[39m&amp#27;[32m200&amp#27;[39m &amp#27;[90m8 ms - 137&amp#27;[39m
&amp#27;[38;5;0m[HTTP]&amp#27;[0m &amp#27;[90m&amp#27;[39m
&amp#27;[38;5;0m[HTTP]&amp#27;[0m &amp#27;[37m-->&amp#27;[39m &amp#27;[37mPOST&amp#27;[39m &amp#27;[37m/session/d81b27d0-df21-4c35-ba99-cbd5317203eb/element/00000000-0000-05ef-ffff-ffff0000036d/click&amp#27;[39m
&amp#27;[38;5;0m[HTTP]&amp#27;[0m &amp#27;[90m{"id":"00000000-0000-05ef-ffff-ffff0000036d"}&amp#27;[39m
&amp#27;[38;5;32m[AndroidUiautomator2Driver@d606 (d81b27d0)]&amp#27;[0m Calling AppiumDriver.click() with args: ["00000000-0000-05ef-ffff-ffff0000036d","d81b27d0-df21-4c35-ba99-cbd5317203eb"]
&amp#27;[38;5;32m[AndroidUiautomator2Driver@d606 (d81b27d0)]&amp#27;[0m Matched '/element/00000000-0000-05ef-ffff-ffff0000036d/click' to command name 'click'
&amp#27;[38;5;32m[AndroidUiautomator2Driver@d606 (d81b27d0)]&amp#27;[0m Proxying [POST /element/00000000-0000-05ef-ffff-ffff0000036d/click] to [POST http://127.0.0.1:8209/session/c7104d6d-b578-4aea-a441-5b71d17293ac/element/00000000-0000-05ef-ffff-ffff0000036d/click] with body: {"element":"00000000-0000-05ef-ffff-ffff0000036d"}
&amp#27;[38;5;32m[AndroidUiautomator2Driver@d606 (d81b27d0)]&amp#27;[0m Got response with status 200: {"sessionId":"c7104d6d-b578-4aea-a441-5b71d17293ac","value":null}
&amp#27;[38;5;32m[AndroidUiautomator2Driver@d606 (d81b27d0)]&amp#27;[0m Responding to client with driver.click() result: null
&amp#27;[38;5;0m[HTTP]&amp#27;[0m &amp#27;[37m<-- POST /session/d81b27d0-df21-4c35-ba99-cbd5317203eb/element/00000000-0000-05ef-ffff-ffff0000036d/click &amp#27;[39m&amp#27;[32m200&amp#27;[39m &amp#27;[90m608 ms - 14&amp#27;[39m
&amp#27;[38;5;0m[HTTP]&amp#27;[0m &amp#27;[90m&amp#27;[39m
&amp#27;[38;5;0m[HTTP]&amp#27;[0m &amp#27;[37m-->&amp#27;[39m &amp#27;[37mGET&amp#27;[39m &amp#27;[37m/session/d81b27d0-df21-4c35-ba99-cbd5317203eb/context&amp#27;[39m
&amp#27;[38;5;0m[HTTP]&amp#27;[0m &amp#27;[90m{}&amp#27;[39m
&amp#27;[38;5;32m[AndroidUiautomator2Driver@d606 (d81b27d0)]&amp#27;[0m Calling AppiumDriver.getCurrentContext() with args: ["d81b27d0-df21-4c35-ba99-cbd5317203eb"]
&amp#27;[38;5;32m[AndroidUiautomator2Driver@d606 (d81b27d0)]&amp#27;[0m Responding to client with driver.getCurrentContext() result: "NATIVE_APP"
&amp#27;[38;5;0m[HTTP]&amp#27;[0m &amp#27;[37m<-- GET /session/d81b27d0-df21-4c35-ba99-cbd5317203eb/context &amp#27;[39m&amp#27;[32m200&amp#27;[39m &amp#27;[90m1 ms - 22&amp#27;[39m
&amp#27;[38;5;0m[HTTP]&amp#27;[0m &amp#27;[90m&amp#27;[39m
&amp#27;[38;5;0m[HTTP]&amp#27;[0m &amp#27;[37m-->&amp#27;[39m &amp#27;[37mPOST&amp#27;[39m &amp#27;[37m/session/d81b27d0-df21-4c35-ba99-cbd5317203eb/element&amp#27;[39m
&amp#27;[38;5;0m[HTTP]&amp#27;[0m &amp#27;[90m{"using":"id","value":"com.fivemobile.thescore:id/search_bar_text_view"}&amp#27;[39m
&amp#27;[38;5;32m[AndroidUiautomator2Driver@d606 (d81b27d0)]&amp#27;[0m Calling AppiumDriver.findElement() with args: ["id","com.fivemobile.thescore:id/search_bar_text_view","d81b27d0-df21-4c35-ba99-cbd5317203eb"]
&amp#27;[38;5;32m[AndroidUiautomator2Driver@d606 (d81b27d0)]&amp#27;[0m Valid locator strategies for this request: xpath, id, class name, accessibility id, css selector, -android uiautomator
&amp#27;[38;5;32m[AndroidUiautomator2Driver@d606 (d81b27d0)]&amp#27;[0m Waiting up to 5000 ms for condition
&amp#27;[38;5;32m[AndroidUiautomator2Driver@d606 (d81b27d0)]&amp#27;[0m Matched '/element' to command name 'findElement'
&amp#27;[38;5;32m[AndroidUiautomator2Driver@d606 (d81b27d0)]&amp#27;[0m Proxying [POST /element] to [POST http://127.0.0.1:8209/session/c7104d6d-b578-4aea-a441-5b71d17293ac/element] with body: {"strategy":"id","selector":"com.fivemobile.thescore:id/search_bar_text_view","context":"","multiple":false}
&amp#27;[38;5;32m[AndroidUiautomator2Driver@d606 (d81b27d0)]&amp#27;[0m Got response with status 200: {"sessionId":"c7104d6d-b578-4aea-a441-5b71d17293ac","value":{"ELEMENT":"00000000-0000-05e9-ffff-ffff0000035b","element-6066-11e4-a52e-4f735466cecf":"00000000-0000-05e9-ffff-ffff0000035b"}}
&amp#27;[38;5;32m[AndroidUiautomator2Driver@d606 (d81b27d0)]&amp#27;[0m Responding to client with driver.findElement() result: {"element-6066-11e4-a52e-4f735466cecf":"00000000-0000-05e9-ffff-ffff0000035b","ELEMENT":"00000000-0000-05e9-ffff-ffff0000035b"}
&amp#27;[38;5;0m[HTTP]&amp#27;[0m &amp#27;[37m<-- POST /session/d81b27d0-df21-4c35-ba99-cbd5317203eb/element &amp#27;[39m&amp#27;[32m200&amp#27;[39m &amp#27;[90m13 ms - 137&amp#27;[39m
&amp#27;[38;5;0m[HTTP]&amp#27;[0m &amp#27;[90m&amp#27;[39m
&amp#27;[38;5;0m[HTTP]&amp#27;[0m &amp#27;[37m-->&amp#27;[39m &amp#27;[37mPOST&amp#27;[39m &amp#27;[37m/session/d81b27d0-df21-4c35-ba99-cbd5317203eb/element/00000000-0000-05e9-ffff-ffff0000035b/click&amp#27;[39m
&amp#27;[38;5;0m[HTTP]&amp#27;[0m &amp#27;[90m{"id":"00000000-0000-05e9-ffff-ffff0000035b"}&amp#27;[39m
&amp#27;[38;5;32m[AndroidUiautomator2Driver@d606 (d81b27d0)]&amp#27;[0m Calling AppiumDriver.click() with args: ["00000000-0000-05e9-ffff-ffff0000035b","d81b27d0-df21-4c35-ba99-cbd5317203eb"]
&amp#27;[38;5;32m[AndroidUiautomator2Driver@d606 (d81b27d0)]&amp#27;[0m Matched '/element/00000000-0000-05e9-ffff-ffff0000035b/click' to command name 'click'
&amp#27;[38;5;32m[AndroidUiautomator2Driver@d606 (d81b27d0)]&amp#27;[0m Proxying [POST /element/00000000-0000-05e9-ffff-ffff0000035b/click] to [POST http://127.0.0.1:8209/session/c7104d6d-b578-4aea-a441-5b71d17293ac/element/00000000-0000-05e9-ffff-ffff0000035b/click] with body: {"element":"00000000-0000-05e9-ffff-ffff0000035b"}
&amp#27;[38;5;32m[AndroidUiautomator2Driver@d606 (d81b27d0)]&amp#27;[0m Got response with status 200: {"sessionId":"c7104d6d-b578-4aea-a441-5b71d17293ac","value":null}
&amp#27;[38;5;32m[AndroidUiautomator2Driver@d606 (d81b27d0)]&amp#27;[0m Responding to client with driver.click() result: null
&amp#27;[38;5;0m[HTTP]&amp#27;[0m &amp#27;[37m<-- POST /session/d81b27d0-df21-4c35-ba99-cbd5317203eb/element/00000000-0000-05e9-ffff-ffff0000035b/click &amp#27;[39m&amp#27;[32m200&amp#27;[39m &amp#27;[90m61 ms - 14&amp#27;[39m
&amp#27;[38;5;0m[HTTP]&amp#27;[0m &amp#27;[90m&amp#27;[39m
&amp#27;[38;5;0m[HTTP]&amp#27;[0m &amp#27;[37m-->&amp#27;[39m &amp#27;[37mGET&amp#27;[39m &amp#27;[37m/session/d81b27d0-df21-4c35-ba99-cbd5317203eb/context&amp#27;[39m
&amp#27;[38;5;0m[HTTP]&amp#27;[0m &amp#27;[90m{}&amp#27;[39m
&amp#27;[38;5;32m[AndroidUiautomator2Driver@d606 (d81b27d0)]&amp#27;[0m Calling AppiumDriver.getCurrentContext() with args: ["d81b27d0-df21-4c35-ba99-cbd5317203eb"]
&amp#27;[38;5;32m[AndroidUiautomator2Driver@d606 (d81b27d0)]&amp#27;[0m Responding to client with driver.getCurrentContext() result: "NATIVE_APP"
&amp#27;[38;5;0m[HTTP]&amp#27;[0m &amp#27;[37m<-- GET /session/d81b27d0-df21-4c35-ba99-cbd5317203eb/context &amp#27;[39m&amp#27;[32m200&amp#27;[39m &amp#27;[90m2 ms - 22&amp#27;[39m
&amp#27;[38;5;0m[HTTP]&amp#27;[0m &amp#27;[90m&amp#27;[39m
&amp#27;[38;5;0m[HTTP]&amp#27;[0m &amp#27;[37m-->&amp#27;[39m &amp#27;[37mPOST&amp#27;[39m &amp#27;[37m/session/d81b27d0-df21-4c35-ba99-cbd5317203eb/element&amp#27;[39m
&amp#27;[38;5;0m[HTTP]&amp#27;[0m &amp#27;[90m{"using":"id","value":"com.fivemobile.thescore:id/search_src_text"}&amp#27;[39m
&amp#27;[38;5;32m[AndroidUiautomator2Driver@d606 (d81b27d0)]&amp#27;[0m Calling AppiumDriver.findElement() with args: ["id","com.fivemobile.thescore:id/search_src_text","d81b27d0-df21-4c35-ba99-cbd5317203eb"]
&amp#27;[38;5;32m[AndroidUiautomator2Driver@d606 (d81b27d0)]&amp#27;[0m Valid locator strategies for this request: xpath, id, class name, accessibility id, css selector, -android uiautomator
&amp#27;[38;5;32m[AndroidUiautomator2Driver@d606 (d81b27d0)]&amp#27;[0m Waiting up to 5000 ms for condition
&amp#27;[38;5;32m[AndroidUiautomator2Driver@d606 (d81b27d0)]&amp#27;[0m Matched '/element' to command name 'findElement'
&amp#27;[38;5;32m[AndroidUiautomator2Driver@d606 (d81b27d0)]&amp#27;[0m Proxying [POST /element] to [POST http://127.0.0.1:8209/session/c7104d6d-b578-4aea-a441-5b71d17293ac/element] with body: {"strategy":"id","selector":"com.fivemobile.thescore:id/search_src_text","context":"","multiple":false}
&amp#27;[38;5;32m[AndroidUiautomator2Driver@d606 (d81b27d0)]&amp#27;[0m Got response with status 200: {"sessionId":"c7104d6d-b578-4aea-a441-5b71d17293ac","value":{"ELEMENT":"00000000-0000-05e9-ffff-ffff00000403","element-6066-11e4-a52e-4f735466cecf":"00000000-0000-05e9-ffff-ffff00000403"}}
&amp#27;[38;5;32m[AndroidUiautomator2Driver@d606 (d81b27d0)]&amp#27;[0m Responding to client with driver.findElement() result: {"element-6066-11e4-a52e-4f735466cecf":"00000000-0000-05e9-ffff-ffff00000403","ELEMENT":"00000000-0000-05e9-ffff-ffff00000403"}
&amp#27;[38;5;0m[HTTP]&amp#27;[0m &amp#27;[37m<-- POST /session/d81b27d0-df21-4c35-ba99-cbd5317203eb/element &amp#27;[39m&amp#27;[32m200&amp#27;[39m &amp#27;[90m120 ms - 137&amp#27;[39m
&amp#27;[38;5;0m[HTTP]&amp#27;[0m &amp#27;[90m&amp#27;[39m
&amp#27;[38;5;0m[HTTP]&amp#27;[0m &amp#27;[37m-->&amp#27;[39m &amp#27;[37mPOST&amp#27;[39m &amp#27;[37m/session/d81b27d0-df21-4c35-ba99-cbd5317203eb/element/00000000-0000-05e9-ffff-ffff00000403/value&amp#27;[39m
&amp#27;[38;5;0m[HTTP]&amp#27;[0m &amp#27;[90m{"value":["T","o","r","o","n","t","o"," ","R","a","p","t","o","r","s"],"text":"Toronto Raptors","id":"00000000-0000-05e9-ffff-ffff00000403"}&amp#27;[39m
&amp#27;[38;5;32m[AndroidUiautomator2Driver@d606 (d81b27d0)]&amp#27;[0m Calling AppiumDriver.setValue() with args: [["T","o","r","o","n","t","o"," ","R","a","p","t","o","r","s"],"00000000-0000-05e9-ffff-ffff00000403","d81b27d0-df21-4c35-ba99-cbd5317203eb"]
&amp#27;[38;5;32m[AndroidUiautomator2Driver@d606 (d81b27d0)]&amp#27;[0m Matched '/element/00000000-0000-05e9-ffff-ffff00000403/value' to command name 'setValue'
&amp#27;[38;5;32m[AndroidUiautomator2Driver@d606 (d81b27d0)]&amp#27;[0m Added 'value' property ["T","o","r","o","n","t","o"," ","R","a","p","t","o","r","s"] to 'setValue' request body
&amp#27;[38;5;32m[AndroidUiautomator2Driver@d606 (d81b27d0)]&amp#27;[0m Proxying [POST /element/00000000-0000-05e9-ffff-ffff00000403/value] to [POST http://127.0.0.1:8209/session/c7104d6d-b578-4aea-a441-5b71d17293ac/element/00000000-0000-05e9-ffff-ffff00000403/value] with body: {"elementId":"00000000-0000-05e9-ffff-ffff00000403","text":"Toronto Raptors","replace":false,"value":["T","o","r","o","n","t","o"," ","R","a","p","t","o","r","s"]}
&amp#27;[38;5;32m[AndroidUiautomator2Driver@d606 (d81b27d0)]&amp#27;[0m Got response with status 200: {"sessionId":"c7104d6d-b578-4aea-a441-5b71d17293ac","value":null}
&amp#27;[38;5;32m[AndroidUiautomator2Driver@d606 (d81b27d0)]&amp#27;[0m Responding to client with driver.setValue() result: null
&amp#27;[38;5;0m[HTTP]&amp#27;[0m &amp#27;[37m<-- POST /session/d81b27d0-df21-4c35-ba99-cbd5317203eb/element/00000000-0000-05e9-ffff-ffff00000403/value &amp#27;[39m&amp#27;[32m200&amp#27;[39m &amp#27;[90m1788 ms - 14&amp#27;[39m
&amp#27;[38;5;0m[HTTP]&amp#27;[0m &amp#27;[90m&amp#27;[39m
&amp#27;[38;5;0m[HTTP]&amp#27;[0m &amp#27;[37m-->&amp#27;[39m &amp#27;[37mPOST&amp#27;[39m &amp#27;[37m/session/d81b27d0-df21-4c35-ba99-cbd5317203eb/execute/sync&amp#27;[39m
&amp#27;[38;5;0m[HTTP]&amp#27;[0m &amp#27;[90m{"script":"mobile: hideKeyboard","args":[]}&amp#27;[39m
&amp#27;[38;5;32m[AndroidUiautomator2Driver@d606 (d81b27d0)]&amp#27;[0m Calling AppiumDriver.execute() with args: ["mobile: hideKeyboard",[],"d81b27d0-df21-4c35-ba99-cbd5317203eb"]
&amp#27;[38;5;32m[AndroidUiautomator2Driver@d606 (d81b27d0)]&amp#27;[0m Executing method 'mobile: hideKeyboard'
&amp#27;[38;5;64m[ADB]&amp#27;[0m Running 'C:\Users\bungh\AppData\Local\Android\Sdk\platform-tools\adb.exe -P 5037 -s emulator-5554 shell dumpsys input_method'
&amp#27;[38;5;64m[ADB]&amp#27;[0m Running 'C:\Users\bungh\AppData\Local\Android\Sdk\platform-tools\adb.exe -P 5037 -s emulator-5554 shell input keyevent 111'
&amp#27;[38;5;64m[ADB]&amp#27;[0m Running 'C:\Users\bungh\AppData\Local\Android\Sdk\platform-tools\adb.exe -P 5037 -s emulator-5554 shell dumpsys input_method'
&amp#27;[38;5;32m[AndroidUiautomator2Driver@d606 (d81b27d0)]&amp#27;[0m Responding to client with driver.execute() result: true
&amp#27;[38;5;0m[HTTP]&amp#27;[0m &amp#27;[37m<-- POST /session/d81b27d0-df21-4c35-ba99-cbd5317203eb/execute/sync &amp#27;[39m&amp#27;[32m200&amp#27;[39m &amp#27;[90m1114 ms - 14&amp#27;[39m
&amp#27;[38;5;0m[HTTP]&amp#27;[0m &amp#27;[90m&amp#27;[39m
&amp#27;[38;5;0m[HTTP]&amp#27;[0m &amp#27;[37m-->&amp#27;[39m &amp#27;[37mPOST&amp#27;[39m &amp#27;[37m/session/d81b27d0-df21-4c35-ba99-cbd5317203eb/element&amp#27;[39m
&amp#27;[38;5;0m[HTTP]&amp#27;[0m &amp#27;[90m{"using":"xpath","value":"//android.widget.TextView[@resource-id=\"com.fivemobile.thescore:id/txt_name\" and @text=\"Toronto Raptors\"]"}&amp#27;[39m
&amp#27;[38;5;32m[AndroidUiautomator2Driver@d606 (d81b27d0)]&amp#27;[0m Calling AppiumDriver.findElement() with args: ["xpath","//android.widget.TextView[@resource-id=\"com.fivemobile.thescore:id/txt_name\" and @text=\"Toronto Raptors\"]","d81b27d0-df21-4c35-ba99-cbd5317203eb"]
&amp#27;[38;5;32m[AndroidUiautomator2Driver@d606 (d81b27d0)]&amp#27;[0m Valid locator strategies for this request: xpath, id, class name, accessibility id, css selector, -android uiautomator
&amp#27;[38;5;32m[AndroidUiautomator2Driver@d606 (d81b27d0)]&amp#27;[0m Waiting up to 5000 ms for condition
&amp#27;[38;5;32m[AndroidUiautomator2Driver@d606 (d81b27d0)]&amp#27;[0m Matched '/element' to command name 'findElement'
&amp#27;[38;5;32m[AndroidUiautomator2Driver@d606 (d81b27d0)]&amp#27;[0m Proxying [POST /element] to [POST http://127.0.0.1:8209/session/c7104d6d-b578-4aea-a441-5b71d17293ac/element] with body: {"strategy":"xpath","selector":"//android.widget.TextView[@resource-id=\"com.fivemobile.thescore:id/txt_name\" and @text=\"Toronto Raptors\"]","context":"","multiple":false}
&amp#27;[38;5;32m[AndroidUiautomator2Driver@d606 (d81b27d0)]&amp#27;[0m Got response with status 200: {"sessionId":"c7104d6d-b578-4aea-a441-5b71d17293ac","value":{"ELEMENT":"00000000-0000-05e9-ffff-ffff00000450","element-6066-11e4-a52e-4f735466cecf":"00000000-0000-05e9-ffff-ffff00000450"}}
&amp#27;[38;5;32m[AndroidUiautomator2Driver@d606 (d81b27d0)]&amp#27;[0m Responding to client with driver.findElement() result: {"element-6066-11e4-a52e-4f735466cecf":"00000000-0000-05e9-ffff-ffff00000450","ELEMENT":"00000000-0000-05e9-ffff-ffff00000450"}
&amp#27;[38;5;0m[HTTP]&amp#27;[0m &amp#27;[37m<-- POST /session/d81b27d0-df21-4c35-ba99-cbd5317203eb/element &amp#27;[39m&amp#27;[32m200&amp#27;[39m &amp#27;[90m480 ms - 137&amp#27;[39m
&amp#27;[38;5;0m[HTTP]&amp#27;[0m &amp#27;[90m&amp#27;[39m
&amp#27;[38;5;0m[HTTP]&amp#27;[0m &amp#27;[37m-->&amp#27;[39m &amp#27;[37mPOST&amp#27;[39m &amp#27;[37m/session/d81b27d0-df21-4c35-ba99-cbd5317203eb/element/00000000-0000-05e9-ffff-ffff00000450/click&amp#27;[39m
&amp#27;[38;5;0m[HTTP]&amp#27;[0m &amp#27;[90m{"id":"00000000-0000-05e9-ffff-ffff00000450"}&amp#27;[39m
&amp#27;[38;5;32m[AndroidUiautomator2Driver@d606 (d81b27d0)]&amp#27;[0m Calling AppiumDriver.click() with args: ["00000000-0000-05e9-ffff-ffff00000450","d81b27d0-df21-4c35-ba99-cbd5317203eb"]
&amp#27;[38;5;32m[AndroidUiautomator2Driver@d606 (d81b27d0)]&amp#27;[0m Matched '/element/00000000-0000-05e9-ffff-ffff00000450/click' to command name 'click'
&amp#27;[38;5;32m[AndroidUiautomator2Driver@d606 (d81b27d0)]&amp#27;[0m Proxying [POST /element/00000000-0000-05e9-ffff-ffff00000450/click] to [POST http://127.0.0.1:8209/session/c7104d6d-b578-4aea-a441-5b71d17293ac/element/00000000-0000-05e9-ffff-ffff00000450/click] with body: {"element":"00000000-0000-05e9-ffff-ffff00000450"}
&amp#27;[38;5;32m[AndroidUiautomator2Driver@d606 (d81b27d0)]&amp#27;[0m Got response with status 200: {"sessionId":"c7104d6d-b578-4aea-a441-5b71d17293ac","value":null}
&amp#27;[38;5;32m[AndroidUiautomator2Driver@d606 (d81b27d0)]&amp#27;[0m Responding to client with driver.click() result: null
&amp#27;[38;5;0m[HTTP]&amp#27;[0m &amp#27;[37m<-- POST /session/d81b27d0-df21-4c35-ba99-cbd5317203eb/element/00000000-0000-05e9-ffff-ffff00000450/click &amp#27;[39m&amp#27;[32m200&amp#27;[39m &amp#27;[90m1627 ms - 14&amp#27;[39m
&amp#27;[38;5;0m[HTTP]&amp#27;[0m &amp#27;[90m&amp#27;[39m
&amp#27;[38;5;0m[HTTP]&amp#27;[0m &amp#27;[37m-->&amp#27;[39m &amp#27;[37mGET&amp#27;[39m &amp#27;[37m/session/d81b27d0-df21-4c35-ba99-cbd5317203eb/context&amp#27;[39m
&amp#27;[38;5;0m[HTTP]&amp#27;[0m &amp#27;[90m{}&amp#27;[39m
&amp#27;[38;5;32m[AndroidUiautomator2Driver@d606 (d81b27d0)]&amp#27;[0m Calling AppiumDriver.getCurrentContext() with args: ["d81b27d0-df21-4c35-ba99-cbd5317203eb"]
&amp#27;[38;5;32m[AndroidUiautomator2Driver@d606 (d81b27d0)]&amp#27;[0m Responding to client with driver.getCurrentContext() result: "NATIVE_APP"
&amp#27;[38;5;0m[HTTP]&amp#27;[0m &amp#27;[37m<-- GET /session/d81b27d0-df21-4c35-ba99-cbd5317203eb/context &amp#27;[39m&amp#27;[32m200&amp#27;[39m &amp#27;[90m1 ms - 22&amp#27;[39m
&amp#27;[38;5;0m[HTTP]&amp#27;[0m &amp#27;[90m&amp#27;[39m
&amp#27;[38;5;0m[HTTP]&amp#27;[0m &amp#27;[37m-->&amp#27;[39m &amp#27;[37mPOST&amp#27;[39m &amp#27;[37m/session/d81b27d0-df21-4c35-ba99-cbd5317203eb/element&amp#27;[39m
&amp#27;[38;5;0m[HTTP]&amp#27;[0m &amp#27;[90m{"using":"id","value":"com.fivemobile.thescore:id/team_name"}&amp#27;[39m
&amp#27;[38;5;32m[AndroidUiautomator2Driver@d606 (d81b27d0)]&amp#27;[0m Calling AppiumDriver.findElement() with args: ["id","com.fivemobile.thescore:id/team_name","d81b27d0-df21-4c35-ba99-cbd5317203eb"]
&amp#27;[38;5;32m[AndroidUiautomator2Driver@d606 (d81b27d0)]&amp#27;[0m Valid locator strategies for this request: xpath, id, class name, accessibility id, css selector, -android uiautomator
&amp#27;[38;5;32m[AndroidUiautomator2Driver@d606 (d81b27d0)]&amp#27;[0m Waiting up to 5000 ms for condition
&amp#27;[38;5;32m[AndroidUiautomator2Driver@d606 (d81b27d0)]&amp#27;[0m Matched '/element' to command name 'findElement'
&amp#27;[38;5;32m[AndroidUiautomator2Driver@d606 (d81b27d0)]&amp#27;[0m Proxying [POST /element] to [POST http://127.0.0.1:8209/session/c7104d6d-b578-4aea-a441-5b71d17293ac/element] with body: {"strategy":"id","selector":"com.fivemobile.thescore:id/team_name","context":"","multiple":false}
&amp#27;[38;5;32m[AndroidUiautomator2Driver@d606 (d81b27d0)]&amp#27;[0m Got response with status 200: {"sessionId":"c7104d6d-b578-4aea-a441-5b71d17293ac","value":{"ELEMENT":"00000000-0000-05e9-ffff-ffff000004f2","element-6066-11e4-a52e-4f735466cecf":"00000000-0000-05e9-ffff-ffff000004f2"}}
&amp#27;[38;5;32m[AndroidUiautomator2Driver@d606 (d81b27d0)]&amp#27;[0m Responding to client with driver.findElement() result: {"element-6066-11e4-a52e-4f735466cecf":"00000000-0000-05e9-ffff-ffff000004f2","ELEMENT":"00000000-0000-05e9-ffff-ffff000004f2"}
&amp#27;[38;5;0m[HTTP]&amp#27;[0m &amp#27;[37m<-- POST /session/d81b27d0-df21-4c35-ba99-cbd5317203eb/element &amp#27;[39m&amp#27;[32m200&amp#27;[39m &amp#27;[90m13 ms - 137&amp#27;[39m
&amp#27;[38;5;0m[HTTP]&amp#27;[0m &amp#27;[90m&amp#27;[39m
&amp#27;[38;5;0m[HTTP]&amp#27;[0m &amp#27;[37m-->&amp#27;[39m &amp#27;[37mGET&amp#27;[39m &amp#27;[37m/session/d81b27d0-df21-4c35-ba99-cbd5317203eb/element/00000000-0000-05e9-ffff-ffff000004f2/attribute/text&amp#27;[39m
&amp#27;[38;5;0m[HTTP]&amp#27;[0m &amp#27;[90m{}&amp#27;[39m
&amp#27;[38;5;32m[AndroidUiautomator2Driver@d606 (d81b27d0)]&amp#27;[0m Calling AppiumDriver.getAttribute() with args: ["text","00000000-0000-05e9-ffff-ffff000004f2","d81b27d0-df21-4c35-ba99-cbd5317203eb"]
&amp#27;[38;5;32m[AndroidUiautomator2Driver@d606 (d81b27d0)]&amp#27;[0m Matched '/element/00000000-0000-05e9-ffff-ffff000004f2/attribute/text' to command name 'getAttribute'
&amp#27;[38;5;32m[AndroidUiautomator2Driver@d606 (d81b27d0)]&amp#27;[0m Proxying [GET /element/00000000-0000-05e9-ffff-ffff000004f2/attribute/text] to [GET http://127.0.0.1:8209/session/c7104d6d-b578-4aea-a441-5b71d17293ac/element/00000000-0000-05e9-ffff-ffff000004f2/attribute/text] with no body
&amp#27;[38;5;32m[AndroidUiautomator2Driver@d606 (d81b27d0)]&amp#27;[0m Got response with status 200: {"sessionId":"c7104d6d-b578-4aea-a441-5b71d17293ac","value":"Toronto Raptors"}
&amp#27;[38;5;32m[AndroidUiautomator2Driver@d606 (d81b27d0)]&amp#27;[0m Responding to client with driver.getAttribute() result: "Toronto Raptors"
&amp#27;[38;5;0m[HTTP]&amp#27;[0m &amp#27;[37m<-- GET /session/d81b27d0-df21-4c35-ba99-cbd5317203eb/element/00000000-0000-05e9-ffff-ffff000004f2/attribute/text &amp#27;[39m&amp#27;[32m200&amp#27;[39m &amp#27;[90m8 ms - 27&amp#27;[39m
&amp#27;[38;5;0m[HTTP]&amp#27;[0m &amp#27;[90m&amp#27;[39m
&amp#27;[38;5;0m[HTTP]&amp#27;[0m &amp#27;[37m-->&amp#27;[39m &amp#27;[37mGET&amp#27;[39m &amp#27;[37m/session/d81b27d0-df21-4c35-ba99-cbd5317203eb/context&amp#27;[39m
&amp#27;[38;5;0m[HTTP]&amp#27;[0m &amp#27;[90m{}&amp#27;[39m
&amp#27;[38;5;32m[AndroidUiautomator2Driver@d606 (d81b27d0)]&amp#27;[0m Calling AppiumDriver.getCurrentContext() with args: ["d81b27d0-df21-4c35-ba99-cbd5317203eb"]
&amp#27;[38;5;32m[AndroidUiautomator2Driver@d606 (d81b27d0)]&amp#27;[0m Responding to client with driver.getCurrentContext() result: "NATIVE_APP"
&amp#27;[38;5;0m[HTTP]&amp#27;[0m &amp#27;[37m<-- GET /session/d81b27d0-df21-4c35-ba99-cbd5317203eb/context &amp#27;[39m&amp#27;[32m200&amp#27;[39m &amp#27;[90m1 ms - 22&amp#27;[39m
&amp#27;[38;5;0m[HTTP]&amp#27;[0m &amp#27;[90m&amp#27;[39m
&amp#27;[38;5;0m[HTTP]&amp#27;[0m &amp#27;[37m-->&amp#27;[39m &amp#27;[37mPOST&amp#27;[39m &amp#27;[37m/session/d81b27d0-df21-4c35-ba99-cbd5317203eb/element&amp#27;[39m
&amp#27;[38;5;0m[HTTP]&amp#27;[0m &amp#27;[90m{"using":"xpath","value":"//android.widget.TextView[@text=\"PLAYER STATS\"]"}&amp#27;[39m
&amp#27;[38;5;32m[AndroidUiautomator2Driver@d606 (d81b27d0)]&amp#27;[0m Calling AppiumDriver.findElement() with args: ["xpath","//android.widget.TextView[@text=\"PLAYER STATS\"]","d81b27d0-df21-4c35-ba99-cbd5317203eb"]
&amp#27;[38;5;32m[AndroidUiautomator2Driver@d606 (d81b27d0)]&amp#27;[0m Valid locator strategies for this request: xpath, id, class name, accessibility id, css selector, -android uiautomator
&amp#27;[38;5;32m[AndroidUiautomator2Driver@d606 (d81b27d0)]&amp#27;[0m Waiting up to 5000 ms for condition
&amp#27;[38;5;32m[AndroidUiautomator2Driver@d606 (d81b27d0)]&amp#27;[0m Matched '/element' to command name 'findElement'
&amp#27;[38;5;32m[AndroidUiautomator2Driver@d606 (d81b27d0)]&amp#27;[0m Proxying [POST /element] to [POST http://127.0.0.1:8209/session/c7104d6d-b578-4aea-a441-5b71d17293ac/element] with body: {"strategy":"xpath","selector":"//android.widget.TextView[@text=\"PLAYER STATS\"]","context":"","multiple":false}
&amp#27;[38;5;32m[AndroidUiautomator2Driver@d606 (d81b27d0)]&amp#27;[0m Got response with status 200: {"sessionId":"c7104d6d-b578-4aea-a441-5b71d17293ac","value":{"ELEMENT":"00000000-0000-05e9-ffff-ffff00000551","element-6066-11e4-a52e-4f735466cecf":"00000000-0000-05e9-ffff-ffff00000551"}}
&amp#27;[38;5;32m[AndroidUiautomator2Driver@d606 (d81b27d0)]&amp#27;[0m Responding to client with driver.findElement() result: {"element-6066-11e4-a52e-4f735466cecf":"00000000-0000-05e9-ffff-ffff00000551","ELEMENT":"00000000-0000-05e9-ffff-ffff00000551"}
&amp#27;[38;5;0m[HTTP]&amp#27;[0m &amp#27;[37m<-- POST /session/d81b27d0-df21-4c35-ba99-cbd5317203eb/element &amp#27;[39m&amp#27;[32m200&amp#27;[39m &amp#27;[90m66 ms - 137&amp#27;[39m
&amp#27;[38;5;0m[HTTP]&amp#27;[0m &amp#27;[90m&amp#27;[39m
&amp#27;[38;5;0m[HTTP]&amp#27;[0m &amp#27;[37m-->&amp#27;[39m &amp#27;[37mPOST&amp#27;[39m &amp#27;[37m/session/d81b27d0-df21-4c35-ba99-cbd5317203eb/element/00000000-0000-05e9-ffff-ffff00000551/click&amp#27;[39m
&amp#27;[38;5;0m[HTTP]&amp#27;[0m &amp#27;[90m{"id":"00000000-0000-05e9-ffff-ffff00000551"}&amp#27;[39m
&amp#27;[38;5;32m[AndroidUiautomator2Driver@d606 (d81b27d0)]&amp#27;[0m Calling AppiumDriver.click() with args: ["00000000-0000-05e9-ffff-ffff00000551","d81b27d0-df21-4c35-ba99-cbd5317203eb"]
&amp#27;[38;5;32m[AndroidUiautomator2Driver@d606 (d81b27d0)]&amp#27;[0m Matched '/element/00000000-0000-05e9-ffff-ffff00000551/click' to command name 'click'
&amp#27;[38;5;32m[AndroidUiautomator2Driver@d606 (d81b27d0)]&amp#27;[0m Proxying [POST /element/00000000-0000-05e9-ffff-ffff00000551/click] to [POST http://127.0.0.1:8209/session/c7104d6d-b578-4aea-a441-5b71d17293ac/element/00000000-0000-05e9-ffff-ffff00000551/click] with body: {"element":"00000000-0000-05e9-ffff-ffff00000551"}
&amp#27;[38;5;32m[AndroidUiautomator2Driver@d606 (d81b27d0)]&amp#27;[0m Got response with status 200: {"sessionId":"c7104d6d-b578-4aea-a441-5b71d17293ac","value":null}
&amp#27;[38;5;32m[AndroidUiautomator2Driver@d606 (d81b27d0)]&amp#27;[0m Responding to client with driver.click() result: null
&amp#27;[38;5;0m[HTTP]&amp#27;[0m &amp#27;[37m<-- POST /session/d81b27d0-df21-4c35-ba99-cbd5317203eb/element/00000000-0000-05e9-ffff-ffff00000551/click &amp#27;[39m&amp#27;[32m200&amp#27;[39m &amp#27;[90m48 ms - 14&amp#27;[39m
&amp#27;[38;5;0m[HTTP]&amp#27;[0m &amp#27;[90m&amp#27;[39m
&amp#27;[38;5;0m[HTTP]&amp#27;[0m &amp#27;[37m-->&amp#27;[39m &amp#27;[37mGET&amp#27;[39m &amp#27;[37m/session/d81b27d0-df21-4c35-ba99-cbd5317203eb/context&amp#27;[39m
&amp#27;[38;5;0m[HTTP]&amp#27;[0m &amp#27;[90m{}&amp#27;[39m
&amp#27;[38;5;32m[AndroidUiautomator2Driver@d606 (d81b27d0)]&amp#27;[0m Calling AppiumDriver.getCurrentContext() with args: ["d81b27d0-df21-4c35-ba99-cbd5317203eb"]
&amp#27;[38;5;32m[AndroidUiautomator2Driver@d606 (d81b27d0)]&amp#27;[0m Responding to client with driver.getCurrentContext() result: "NATIVE_APP"
&amp#27;[38;5;0m[HTTP]&amp#27;[0m &amp#27;[37m<-- GET /session/d81b27d0-df21-4c35-ba99-cbd5317203eb/context &amp#27;[39m&amp#27;[32m200&amp#27;[39m &amp#27;[90m1 ms - 22&amp#27;[39m
&amp#27;[38;5;0m[HTTP]&amp#27;[0m &amp#27;[90m&amp#27;[39m
&amp#27;[38;5;0m[HTTP]&amp#27;[0m &amp#27;[37m-->&amp#27;[39m &amp#27;[37mPOST&amp#27;[39m &amp#27;[37m/session/d81b27d0-df21-4c35-ba99-cbd5317203eb/element&amp#27;[39m
&amp#27;[38;5;0m[HTTP]&amp#27;[0m &amp#27;[90m{"using":"xpath","value":"//android.widget.TextView[@text=\"PLAYER STATS\"]"}&amp#27;[39m
&amp#27;[38;5;32m[AndroidUiautomator2Driver@d606 (d81b27d0)]&amp#27;[0m Calling AppiumDriver.findElement() with args: ["xpath","//android.widget.TextView[@text=\"PLAYER STATS\"]","d81b27d0-df21-4c35-ba99-cbd5317203eb"]
&amp#27;[38;5;32m[AndroidUiautomator2Driver@d606 (d81b27d0)]&amp#27;[0m Valid locator strategies for this request: xpath, id, class name, accessibility id, css selector, -android uiautomator
&amp#27;[38;5;32m[AndroidUiautomator2Driver@d606 (d81b27d0)]&amp#27;[0m Waiting up to 5000 ms for condition
&amp#27;[38;5;32m[AndroidUiautomator2Driver@d606 (d81b27d0)]&amp#27;[0m Matched '/element' to command name 'findElement'
&amp#27;[38;5;32m[AndroidUiautomator2Driver@d606 (d81b27d0)]&amp#27;[0m Proxying [POST /element] to [POST http://127.0.0.1:8209/session/c7104d6d-b578-4aea-a441-5b71d17293ac/element] with body: {"strategy":"xpath","selector":"//android.widget.TextView[@text=\"PLAYER STATS\"]","context":"","multiple":false}
&amp#27;[38;5;32m[AndroidUiautomator2Driver@d606 (d81b27d0)]&amp#27;[0m Got response with status 200: {"sessionId":"c7104d6d-b578-4aea-a441-5b71d17293ac","value":{"ELEMENT":"00000000-0000-05e9-ffff-ffff00000551","element-6066-11e4-a52e-4f735466cecf":"00000000-0000-05e9-ffff-ffff00000551"}}
&amp#27;[38;5;32m[AndroidUiautomator2Driver@d606 (d81b27d0)]&amp#27;[0m Responding to client with driver.findElement() result: {"element-6066-11e4-a52e-4f735466cecf":"00000000-0000-05e9-ffff-ffff00000551","ELEMENT":"00000000-0000-05e9-ffff-ffff00000551"}
&amp#27;[38;5;0m[HTTP]&amp#27;[0m &amp#27;[37m<-- POST /session/d81b27d0-df21-4c35-ba99-cbd5317203eb/element &amp#27;[39m&amp#27;[32m200&amp#27;[39m &amp#27;[90m381 ms - 137&amp#27;[39m
&amp#27;[38;5;0m[HTTP]&amp#27;[0m &amp#27;[90m&amp#27;[39m
&amp#27;[38;5;0m[HTTP]&amp#27;[0m &amp#27;[37m-->&amp#27;[39m &amp#27;[37mGET&amp#27;[39m &amp#27;[37m/session/d81b27d0-df21-4c35-ba99-cbd5317203eb/element/00000000-0000-05e9-ffff-ffff00000551/selected&amp#27;[39m
&amp#27;[38;5;0m[HTTP]&amp#27;[0m &amp#27;[90m{}&amp#27;[39m
&amp#27;[38;5;32m[AndroidUiautomator2Driver@d606 (d81b27d0)]&amp#27;[0m Calling AppiumDriver.elementSelected() with args: ["00000000-0000-05e9-ffff-ffff00000551","d81b27d0-df21-4c35-ba99-cbd5317203eb"]
&amp#27;[38;5;32m[AndroidUiautomator2Driver@d606 (d81b27d0)]&amp#27;[0m Matched '/element/00000000-0000-05e9-ffff-ffff00000551/attribute/selected' to command name 'getAttribute'
&amp#27;[38;5;32m[AndroidUiautomator2Driver@d606 (d81b27d0)]&amp#27;[0m Proxying [GET /element/00000000-0000-05e9-ffff-ffff00000551/attribute/selected] to [GET http://127.0.0.1:8209/session/c7104d6d-b578-4aea-a441-5b71d17293ac/element/00000000-0000-05e9-ffff-ffff00000551/attribute/selected] with no body
&amp#27;[38;5;32m[AndroidUiautomator2Driver@d606 (d81b27d0)]&amp#27;[0m Got response with status 200: {"sessionId":"c7104d6d-b578-4aea-a441-5b71d17293ac","value":"true"}
&amp#27;[38;5;32m[AndroidUiautomator2Driver@d606 (d81b27d0)]&amp#27;[0m Responding to client with driver.elementSelected() result: true
&amp#27;[38;5;0m[HTTP]&amp#27;[0m &amp#27;[37m<-- GET /session/d81b27d0-df21-4c35-ba99-cbd5317203eb/element/00000000-0000-05e9-ffff-ffff00000551/selected &amp#27;[39m&amp#27;[32m200&amp#27;[39m &amp#27;[90m2110 ms - 14&amp#27;[39m
&amp#27;[38;5;0m[HTTP]&amp#27;[0m &amp#27;[90m&amp#27;[39m
&amp#27;[38;5;0m[HTTP]&amp#27;[0m &amp#27;[37m-->&amp#27;[39m &amp#27;[37mGET&amp#27;[39m &amp#27;[37m/session/d81b27d0-df21-4c35-ba99-cbd5317203eb/context&amp#27;[39m
&amp#27;[38;5;0m[HTTP]&amp#27;[0m &amp#27;[90m{}&amp#27;[39m
&amp#27;[38;5;32m[AndroidUiautomator2Driver@d606 (d81b27d0)]&amp#27;[0m Calling AppiumDriver.getCurrentContext() with args: ["d81b27d0-df21-4c35-ba99-cbd5317203eb"]
&amp#27;[38;5;32m[AndroidUiautomator2Driver@d606 (d81b27d0)]&amp#27;[0m Responding to client with driver.getCurrentContext() result: "NATIVE_APP"
&amp#27;[38;5;0m[HTTP]&amp#27;[0m &amp#27;[37m<-- GET /session/d81b27d0-df21-4c35-ba99-cbd5317203eb/context &amp#27;[39m&amp#27;[32m200&amp#27;[39m &amp#27;[90m1 ms - 22&amp#27;[39m
&amp#27;[38;5;0m[HTTP]&amp#27;[0m &amp#27;[90m&amp#27;[39m
&amp#27;[38;5;0m[HTTP]&amp#27;[0m &amp#27;[37m-->&amp#27;[39m &amp#27;[37mPOST&amp#27;[39m &amp#27;[37m/session/d81b27d0-df21-4c35-ba99-cbd5317203eb/element&amp#27;[39m
&amp#27;[38;5;0m[HTTP]&amp#27;[0m &amp#27;[90m{"using":"xpath","value":"//androidx.recyclerview.widget.RecyclerView[@resource-id=\"com.fivemobile.thescore:id/recyclerView\"]/android.view.ViewGroup[1]"}&amp#27;[39m
&amp#27;[38;5;32m[AndroidUiautomator2Driver@d606 (d81b27d0)]&amp#27;[0m Calling AppiumDriver.findElement() with args: ["xpath","//androidx.recyclerview.widget.RecyclerView[@resource-id=\"com.fivemobile.thescore:id/recyclerView\"]/android.view.ViewGroup[1]","d81b27d0-df21-4c35-ba99-cbd5317203eb"]
&amp#27;[38;5;32m[AndroidUiautomator2Driver@d606 (d81b27d0)]&amp#27;[0m Valid locator strategies for this request: xpath, id, class name, accessibility id, css selector, -android uiautomator
&amp#27;[38;5;32m[AndroidUiautomator2Driver@d606 (d81b27d0)]&amp#27;[0m Waiting up to 5000 ms for condition
&amp#27;[38;5;32m[AndroidUiautomator2Driver@d606 (d81b27d0)]&amp#27;[0m Matched '/element' to command name 'findElement'
&amp#27;[38;5;32m[AndroidUiautomator2Driver@d606 (d81b27d0)]&amp#27;[0m Proxying [POST /element] to [POST http://127.0.0.1:8209/session/c7104d6d-b578-4aea-a441-5b71d17293ac/element] with body: {"strategy":"xpath","selector":"//androidx.recyclerview.widget.RecyclerView[@resource-id=\"com.fivemobile.thescore:id/recyclerView\"]/android.view.ViewGroup[1]","context":"","multiple":false}
&amp#27;[38;5;32m[AndroidUiautomator2Driver@d606 (d81b27d0)]&amp#27;[0m Got response with status 200: {"sessionId":"c7104d6d-b578-4aea-a441-5b71d17293ac","value":{"ELEMENT":"00000000-0000-05e9-ffff-ffff0000061a","element-6066-11e4-a52e-4f735466cecf":"00000000-0000-05e9-ffff-ffff0000061a"}}
&amp#27;[38;5;32m[AndroidUiautomator2Driver@d606 (d81b27d0)]&amp#27;[0m Responding to client with driver.findElement() result: {"element-6066-11e4-a52e-4f735466cecf":"00000000-0000-05e9-ffff-ffff0000061a","ELEMENT":"00000000-0000-05e9-ffff-ffff0000061a"}
&amp#27;[38;5;0m[HTTP]&amp#27;[0m &amp#27;[37m<-- POST /session/d81b27d0-df21-4c35-ba99-cbd5317203eb/element &amp#27;[39m&amp#27;[32m200&amp#27;[39m &amp#27;[90m98 ms - 137&amp#27;[39m
&amp#27;[38;5;0m[HTTP]&amp#27;[0m &amp#27;[90m&amp#27;[39m
&amp#27;[38;5;0m[HTTP]&amp#27;[0m &amp#27;[37m-->&amp#27;[39m &amp#27;[37mPOST&amp#27;[39m &amp#27;[37m/session/d81b27d0-df21-4c35-ba99-cbd5317203eb/element/00000000-0000-05e9-ffff-ffff0000061a/element&amp#27;[39m
&amp#27;[38;5;0m[HTTP]&amp#27;[0m &amp#27;[90m{"value":"//android.widget.TextView[@resource-id='com.fivemobile.thescore:id/txt_name' and @text='PLAYERS']","using":"xpath","id":"00000000-0000-05e9-ffff-ffff0000061a"}&amp#27;[39m
&amp#27;[38;5;32m[AndroidUiautomator2Driver@d606 (d81b27d0)]&amp#27;[0m Calling AppiumDriver.findElementFromElement() with args: ["xpath","//android.widget.TextView[@resource-id='com.fivemobile.thescore:id/txt_name' and @text='PLAYERS']","00000000-0000-05e9-ffff-ffff0000061a","d81b27d0-df21-4c35-ba99-cbd5317203eb"]
&amp#27;[38;5;32m[AndroidUiautomator2Driver@d606 (d81b27d0)]&amp#27;[0m Valid locator strategies for this request: xpath, id, class name, accessibility id, css selector, -android uiautomator
&amp#27;[38;5;32m[AndroidUiautomator2Driver@d606 (d81b27d0)]&amp#27;[0m Waiting up to 5000 ms for condition
&amp#27;[38;5;32m[AndroidUiautomator2Driver@d606 (d81b27d0)]&amp#27;[0m Matched '/element' to command name 'findElement'
&amp#27;[38;5;32m[AndroidUiautomator2Driver@d606 (d81b27d0)]&amp#27;[0m Proxying [POST /element] to [POST http://127.0.0.1:8209/session/c7104d6d-b578-4aea-a441-5b71d17293ac/element] with body: {"strategy":"xpath","selector":"//android.widget.TextView[@resource-id='com.fivemobile.thescore:id/txt_name' and @text='PLAYERS']","context":"00000000-0000-05e9-ffff-ffff0000061a","multiple":false}
&amp#27;[38;5;32m[AndroidUiautomator2Driver@d606 (d81b27d0)]&amp#27;[0m Got response with status 200: {"sessionId":"c7104d6d-b578-4aea-a441-5b71d17293ac","value":{"ELEMENT":"00000000-0000-05e9-ffff-ffff00000620","element-6066-11e4-a52e-4f735466cecf":"00000000-0000-05e9-ffff-ffff00000620"}}
&amp#27;[38;5;32m[AndroidUiautomator2Driver@d606 (d81b27d0)]&amp#27;[0m Responding to client with driver.findElementFromElement() result: {"element-6066-11e4-a52e-4f735466cecf":"00000000-0000-05e9-ffff-ffff00000620","ELEMENT":"00000000-0000-05e9-ffff-ffff00000620"}
&amp#27;[38;5;0m[HTTP]&amp#27;[0m &amp#27;[37m<-- POST /session/d81b27d0-df21-4c35-ba99-cbd5317203eb/element/00000000-0000-05e9-ffff-ffff0000061a/element &amp#27;[39m&amp#27;[32m200&amp#27;[39m &amp#27;[90m15 ms - 137&amp#27;[39m
&amp#27;[38;5;0m[HTTP]&amp#27;[0m &amp#27;[90m&amp#27;[39m
&amp#27;[38;5;0m[HTTP]&amp#27;[0m &amp#27;[37m-->&amp#27;[39m &amp#27;[37mGET&amp#27;[39m &amp#27;[37m/session/d81b27d0-df21-4c35-ba99-cbd5317203eb/element/00000000-0000-05e9-ffff-ffff00000620/displayed&amp#27;[39m
&amp#27;[38;5;0m[HTTP]&amp#27;[0m &amp#27;[90m{}&amp#27;[39m
&amp#27;[38;5;32m[AndroidUiautomator2Driver@d606 (d81b27d0)]&amp#27;[0m Calling AppiumDriver.elementDisplayed() with args: ["00000000-0000-05e9-ffff-ffff00000620","d81b27d0-df21-4c35-ba99-cbd5317203eb"]
&amp#27;[38;5;32m[AndroidUiautomator2Driver@d606 (d81b27d0)]&amp#27;[0m Matched '/element/00000000-0000-05e9-ffff-ffff00000620/attribute/displayed' to command name 'getAttribute'
&amp#27;[38;5;32m[AndroidUiautomator2Driver@d606 (d81b27d0)]&amp#27;[0m Proxying [GET /element/00000000-0000-05e9-ffff-ffff00000620/attribute/displayed] to [GET http://127.0.0.1:8209/session/c7104d6d-b578-4aea-a441-5b71d17293ac/element/00000000-0000-05e9-ffff-ffff00000620/attribute/displayed] with no body
&amp#27;[38;5;32m[AndroidUiautomator2Driver@d606 (d81b27d0)]&amp#27;[0m Got response with status 200: {"sessionId":"c7104d6d-b578-4aea-a441-5b71d17293ac","value":"true"}
&amp#27;[38;5;32m[AndroidUiautomator2Driver@d606 (d81b27d0)]&amp#27;[0m Responding to client with driver.elementDisplayed() result: true
&amp#27;[38;5;0m[HTTP]&amp#27;[0m &amp#27;[37m<-- GET /session/d81b27d0-df21-4c35-ba99-cbd5317203eb/element/00000000-0000-05e9-ffff-ffff00000620/displayed &amp#27;[39m&amp#27;[32m200&amp#27;[39m &amp#27;[90m707 ms - 14&amp#27;[39m
&amp#27;[38;5;0m[HTTP]&amp#27;[0m &amp#27;[90m&amp#27;[39m
&amp#27;[38;5;0m[HTTP]&amp#27;[0m &amp#27;[37m-->&amp#27;[39m &amp#27;[37mGET&amp#27;[39m &amp#27;[37m/session/d81b27d0-df21-4c35-ba99-cbd5317203eb/context&amp#27;[39m
&amp#27;[38;5;0m[HTTP]&amp#27;[0m &amp#27;[90m{}&amp#27;[39m
&amp#27;[38;5;32m[AndroidUiautomator2Driver@d606 (d81b27d0)]&amp#27;[0m Calling AppiumDriver.getCurrentContext() with args: ["d81b27d0-df21-4c35-ba99-cbd5317203eb"]
&amp#27;[38;5;32m[AndroidUiautomator2Driver@d606 (d81b27d0)]&amp#27;[0m Responding to client with driver.getCurrentContext() result: "NATIVE_APP"
&amp#27;[38;5;0m[HTTP]&amp#27;[0m &amp#27;[37m<-- GET /session/d81b27d0-df21-4c35-ba99-cbd5317203eb/context &amp#27;[39m&amp#27;[32m200&amp#27;[39m &amp#27;[90m1 ms - 22&amp#27;[39m
&amp#27;[38;5;0m[HTTP]&amp#27;[0m &amp#27;[90m&amp#27;[39m
&amp#27;[38;5;0m[HTTP]&amp#27;[0m &amp#27;[37m-->&amp#27;[39m &amp#27;[37mPOST&amp#27;[39m &amp#27;[37m/session/d81b27d0-df21-4c35-ba99-cbd5317203eb/element&amp#27;[39m
&amp#27;[38;5;0m[HTTP]&amp#27;[0m &amp#27;[90m{"using":"id","value":"com.fivemobile.thescore:id/team_name"}&amp#27;[39m
&amp#27;[38;5;32m[AndroidUiautomator2Driver@d606 (d81b27d0)]&amp#27;[0m Calling AppiumDriver.findElement() with args: ["id","com.fivemobile.thescore:id/team_name","d81b27d0-df21-4c35-ba99-cbd5317203eb"]
&amp#27;[38;5;32m[AndroidUiautomator2Driver@d606 (d81b27d0)]&amp#27;[0m Valid locator strategies for this request: xpath, id, class name, accessibility id, css selector, -android uiautomator
&amp#27;[38;5;32m[AndroidUiautomator2Driver@d606 (d81b27d0)]&amp#27;[0m Waiting up to 5000 ms for condition
&amp#27;[38;5;32m[AndroidUiautomator2Driver@d606 (d81b27d0)]&amp#27;[0m Matched '/element' to command name 'findElement'
&amp#27;[38;5;32m[AndroidUiautomator2Driver@d606 (d81b27d0)]&amp#27;[0m Proxying [POST /element] to [POST http://127.0.0.1:8209/session/c7104d6d-b578-4aea-a441-5b71d17293ac/element] with body: {"strategy":"id","selector":"com.fivemobile.thescore:id/team_name","context":"","multiple":false}
&amp#27;[38;5;32m[AndroidUiautomator2Driver@d606 (d81b27d0)]&amp#27;[0m Got response with status 200: {"sessionId":"c7104d6d-b578-4aea-a441-5b71d17293ac","value":{"ELEMENT":"00000000-0000-05e9-ffff-ffff000004f2","element-6066-11e4-a52e-4f735466cecf":"00000000-0000-05e9-ffff-ffff000004f2"}}
&amp#27;[38;5;32m[AndroidUiautomator2Driver@d606 (d81b27d0)]&amp#27;[0m Responding to client with driver.findElement() result: {"element-6066-11e4-a52e-4f735466cecf":"00000000-0000-05e9-ffff-ffff000004f2","ELEMENT":"00000000-0000-05e9-ffff-ffff000004f2"}
&amp#27;[38;5;0m[HTTP]&amp#27;[0m &amp#27;[37m<-- POST /session/d81b27d0-df21-4c35-ba99-cbd5317203eb/element &amp#27;[39m&amp#27;[32m200&amp#27;[39m &amp#27;[90m9 ms - 137&amp#27;[39m
&amp#27;[38;5;0m[HTTP]&amp#27;[0m &amp#27;[90m&amp#27;[39m
&amp#27;[38;5;0m[HTTP]&amp#27;[0m &amp#27;[37m-->&amp#27;[39m &amp#27;[37mGET&amp#27;[39m &amp#27;[37m/session/d81b27d0-df21-4c35-ba99-cbd5317203eb/element/00000000-0000-05e9-ffff-ffff000004f2/attribute/text&amp#27;[39m
&amp#27;[38;5;0m[HTTP]&amp#27;[0m &amp#27;[90m{}&amp#27;[39m
&amp#27;[38;5;32m[AndroidUiautomator2Driver@d606 (d81b27d0)]&amp#27;[0m Calling AppiumDriver.getAttribute() with args: ["text","00000000-0000-05e9-ffff-ffff000004f2","d81b27d0-df21-4c35-ba99-cbd5317203eb"]
&amp#27;[38;5;32m[AndroidUiautomator2Driver@d606 (d81b27d0)]&amp#27;[0m Matched '/element/00000000-0000-05e9-ffff-ffff000004f2/attribute/text' to command name 'getAttribute'
&amp#27;[38;5;32m[AndroidUiautomator2Driver@d606 (d81b27d0)]&amp#27;[0m Proxying [GET /element/00000000-0000-05e9-ffff-ffff000004f2/attribute/text] to [GET http://127.0.0.1:8209/session/c7104d6d-b578-4aea-a441-5b71d17293ac/element/00000000-0000-05e9-ffff-ffff000004f2/attribute/text] with no body
&amp#27;[38;5;32m[AndroidUiautomator2Driver@d606 (d81b27d0)]&amp#27;[0m Got response with status 200: {"sessionId":"c7104d6d-b578-4aea-a441-5b71d17293ac","value":"Toronto Raptors"}
&amp#27;[38;5;32m[AndroidUiautomator2Driver@d606 (d81b27d0)]&amp#27;[0m Responding to client with driver.getAttribute() result: "Toronto Raptors"
&amp#27;[38;5;0m[HTTP]&amp#27;[0m &amp#27;[37m<-- GET /session/d81b27d0-df21-4c35-ba99-cbd5317203eb/element/00000000-0000-05e9-ffff-ffff000004f2/attribute/text &amp#27;[39m&amp#27;[32m200&amp#27;[39m &amp#27;[90m7 ms - 27&amp#27;[39m
&amp#27;[38;5;0m[HTTP]&amp#27;[0m &amp#27;[90m&amp#27;[39m
&amp#27;[38;5;0m[HTTP]&amp#27;[0m &amp#27;[37m-->&amp#27;[39m &amp#27;[37mPOST&amp#27;[39m &amp#27;[37m/session/d81b27d0-df21-4c35-ba99-cbd5317203eb/back&amp#27;[39m
&amp#27;[38;5;0m[HTTP]&amp#27;[0m &amp#27;[90m{}&amp#27;[39m
&amp#27;[38;5;32m[AndroidUiautomator2Driver@d606 (d81b27d0)]&amp#27;[0m Driver proxy active, passing request on via HTTP proxy
&amp#27;[38;5;32m[AndroidUiautomator2Driver@d606 (d81b27d0)]&amp#27;[0m Matched '/session/d81b27d0-df21-4c35-ba99-cbd5317203eb/back' to command name 'back'
&amp#27;[38;5;32m[AndroidUiautomator2Driver@d606 (d81b27d0)]&amp#27;[0m Proxying [POST /session/d81b27d0-df21-4c35-ba99-cbd5317203eb/back] to [POST http://127.0.0.1:8209/session/c7104d6d-b578-4aea-a441-5b71d17293ac/back] with body: {}
&amp#27;[38;5;32m[AndroidUiautomator2Driver@d606 (d81b27d0)]&amp#27;[0m Got response with status 200: {"sessionId":"c7104d6d-b578-4aea-a441-5b71d17293ac","value":null}
&amp#27;[38;5;32m[AndroidUiautomator2Driver@d606 (d81b27d0)]&amp#27;[0m Replacing sessionId c7104d6d-b578-4aea-a441-5b71d17293ac with d81b27d0-df21-4c35-ba99-cbd5317203eb
&amp#27;[38;5;0m[HTTP]&amp#27;[0m &amp#27;[37m<-- POST /session/d81b27d0-df21-4c35-ba99-cbd5317203eb/back &amp#27;[39m&amp#27;[32m200&amp#27;[39m &amp#27;[90m76 ms - 65&amp#27;[39m
&amp#27;[38;5;0m[HTTP]&amp#27;[0m &amp#27;[90m&amp#27;[39m
&amp#27;[38;5;0m[HTTP]&amp#27;[0m &amp#27;[37m-->&amp#27;[39m &amp#27;[37mGET&amp#27;[39m &amp#27;[37m/session/d81b27d0-df21-4c35-ba99-cbd5317203eb/context&amp#27;[39m
&amp#27;[38;5;0m[HTTP]&amp#27;[0m &amp#27;[90m{}&amp#27;[39m
&amp#27;[38;5;32m[AndroidUiautomator2Driver@d606 (d81b27d0)]&amp#27;[0m Calling AppiumDriver.getCurrentContext() with args: ["d81b27d0-df21-4c35-ba99-cbd5317203eb"]
&amp#27;[38;5;32m[AndroidUiautomator2Driver@d606 (d81b27d0)]&amp#27;[0m Responding to client with driver.getCurrentContext() result: "NATIVE_APP"
&amp#27;[38;5;0m[HTTP]&amp#27;[0m &amp#27;[37m<-- GET /session/d81b27d0-df21-4c35-ba99-cbd5317203eb/context &amp#27;[39m&amp#27;[32m200&amp#27;[39m &amp#27;[90m1 ms - 22&amp#27;[39m
&amp#27;[38;5;0m[HTTP]&amp#27;[0m &amp#27;[90m&amp#27;[39m
&amp#27;[38;5;0m[HTTP]&amp#27;[0m &amp#27;[37m-->&amp#27;[39m &amp#27;[37mPOST&amp#27;[39m &amp#27;[37m/session/d81b27d0-df21-4c35-ba99-cbd5317203eb/element&amp#27;[39m
&amp#27;[38;5;0m[HTTP]&amp#27;[0m &amp#27;[90m{"using":"id","value":"com.fivemobile.thescore:id/search_src_text"}&amp#27;[39m
&amp#27;[38;5;32m[AndroidUiautomator2Driver@d606 (d81b27d0)]&amp#27;[0m Calling AppiumDriver.findElement() with args: ["id","com.fivemobile.thescore:id/search_src_text","d81b27d0-df21-4c35-ba99-cbd5317203eb"]
&amp#27;[38;5;32m[AndroidUiautomator2Driver@d606 (d81b27d0)]&amp#27;[0m Valid locator strategies for this request: xpath, id, class name, accessibility id, css selector, -android uiautomator
&amp#27;[38;5;32m[AndroidUiautomator2Driver@d606 (d81b27d0)]&amp#27;[0m Waiting up to 5000 ms for condition
&amp#27;[38;5;32m[AndroidUiautomator2Driver@d606 (d81b27d0)]&amp#27;[0m Matched '/element' to command name 'findElement'
&amp#27;[38;5;32m[AndroidUiautomator2Driver@d606 (d81b27d0)]&amp#27;[0m Proxying [POST /element] to [POST http://127.0.0.1:8209/session/c7104d6d-b578-4aea-a441-5b71d17293ac/element] with body: {"strategy":"id","selector":"com.fivemobile.thescore:id/search_src_text","context":"","multiple":false}
&amp#27;[38;5;32m[AndroidUiautomator2Driver@d606 (d81b27d0)]&amp#27;[0m Got response with status 200: {"sessionId":"c7104d6d-b578-4aea-a441-5b71d17293ac","value":{"ELEMENT":"00000000-0000-05e9-ffff-ffff0000094e","element-6066-11e4-a52e-4f735466cecf":"00000000-0000-05e9-ffff-ffff0000094e"}}
&amp#27;[38;5;32m[AndroidUiautomator2Driver@d606 (d81b27d0)]&amp#27;[0m Responding to client with driver.findElement() result: {"element-6066-11e4-a52e-4f735466cecf":"00000000-0000-05e9-ffff-ffff0000094e","ELEMENT":"00000000-0000-05e9-ffff-ffff0000094e"}
&amp#27;[38;5;0m[HTTP]&amp#27;[0m &amp#27;[37m<-- POST /session/d81b27d0-df21-4c35-ba99-cbd5317203eb/element &amp#27;[39m&amp#27;[32m200&amp#27;[39m &amp#27;[90m678 ms - 137&amp#27;[39m
&amp#27;[38;5;0m[HTTP]&amp#27;[0m &amp#27;[90m&amp#27;[39m
&amp#27;[38;5;0m[HTTP]&amp#27;[0m &amp#27;[37m-->&amp#27;[39m &amp#27;[37mGET&amp#27;[39m &amp#27;[37m/session/d81b27d0-df21-4c35-ba99-cbd5317203eb/element/00000000-0000-05e9-ffff-ffff0000094e/displayed&amp#27;[39m
&amp#27;[38;5;0m[HTTP]&amp#27;[0m &amp#27;[90m{}&amp#27;[39m
&amp#27;[38;5;32m[AndroidUiautomator2Driver@d606 (d81b27d0)]&amp#27;[0m Calling AppiumDriver.elementDisplayed() with args: ["00000000-0000-05e9-ffff-ffff0000094e","d81b27d0-df21-4c35-ba99-cbd5317203eb"]
&amp#27;[38;5;32m[AndroidUiautomator2Driver@d606 (d81b27d0)]&amp#27;[0m Matched '/element/00000000-0000-05e9-ffff-ffff0000094e/attribute/displayed' to command name 'getAttribute'
&amp#27;[38;5;32m[AndroidUiautomator2Driver@d606 (d81b27d0)]&amp#27;[0m Proxying [GET /element/00000000-0000-05e9-ffff-ffff0000094e/attribute/displayed] to [GET http://127.0.0.1:8209/session/c7104d6d-b578-4aea-a441-5b71d17293ac/element/00000000-0000-05e9-ffff-ffff0000094e/attribute/displayed] with no body
&amp#27;[38;5;32m[AndroidUiautomator2Driver@d606 (d81b27d0)]&amp#27;[0m Got response with status 200: {"sessionId":"c7104d6d-b578-4aea-a441-5b71d17293ac","value":"true"}
&amp#27;[38;5;32m[AndroidUiautomator2Driver@d606 (d81b27d0)]&amp#27;[0m Responding to client with driver.elementDisplayed() result: true
&amp#27;[38;5;0m[HTTP]&amp#27;[0m &amp#27;[37m<-- GET /session/d81b27d0-df21-4c35-ba99-cbd5317203eb/element/00000000-0000-05e9-ffff-ffff0000094e/displayed &amp#27;[39m&amp#27;[32m200&amp#27;[39m &amp#27;[90m6 ms - 14&amp#27;[39m
&amp#27;[38;5;0m[HTTP]&amp#27;[0m &amp#27;[90m&amp#27;[39m
Test Completed
]]></system-out>
  </testcase>
  <testcase name="TC02_RefreshResultsBug" classname="org.thescore.TheScoreTest.MainTest" time="17.456">
    <failure message="Expected condition failed: waiting for invisibility of Located by By.chained({AppiumBy.id: com.fivemobile.thescore:id/error_view}) (tried for 2 second(s) with 500 milliseconds interval)&#10;Build info: version: &apos;4.17.0&apos;, revision: &apos;e52b1be057*&apos;&#10;System info: os.name: &apos;Windows 11&apos;, os.arch: &apos;amd64&apos;, os.version: &apos;10.0&apos;, java.version: &apos;21.0.1&apos;&#10;Driver info: io.appium.java_client.android.AndroidDriver&#10;Capabilities {appium:app: C:\Users\bungh\eclipse-work..., appium:appPackage: com.fivemobile.thescore, appium:autoGrantPermissions: true, appium:automationName: UIAutomator2, appium:databaseEnabled: false, appium:desired: {app: C:\Users\bungh\eclipse-work..., autoGrantPermissions: true, automationName: UIAutomator2, deviceName: AshDevice, platformName: ANDROID}, appium:deviceApiLevel: 33, appium:deviceManufacturer: Google, appium:deviceModel: sdk_gphone_x86_64, appium:deviceName: emulator-5554, appium:deviceScreenDensity: 420, appium:deviceScreenSize: 1080x2400, appium:deviceUDID: emulator-5554, appium:javascriptEnabled: true, appium:locationContextEnabled: false, appium:networkConnectionEnabled: true, appium:pixelRatio: 2.625, appium:platformVersion: 13, appium:statBarHeight: 128, appium:takesScreenshot: true, appium:viewportRect: {height: 2081, left: 0, top: 128, width: 1080}, appium:warnings: {}, appium:webStorageEnabled: false, platformName: ANDROID}&#10;Session ID: d81b27d0-df21-4c35-ba99-cbd5317203eb" type="org.openqa.selenium.TimeoutException"><![CDATA[org.openqa.selenium.TimeoutException: 
Expected condition failed: waiting for invisibility of Located by By.chained({AppiumBy.id: com.fivemobile.thescore:id/error_view}) (tried for 2 second(s) with 500 milliseconds interval)
Build info: version: '4.17.0', revision: 'e52b1be057*'
System info: os.name: 'Windows 11', os.arch: 'amd64', os.version: '10.0', java.version: '21.0.1'
Driver info: io.appium.java_client.android.AndroidDriver
Capabilities {appium:app: C:\Users\bungh\eclipse-work..., appium:appPackage: com.fivemobile.thescore, appium:autoGrantPermissions: true, appium:automationName: UIAutomator2, appium:databaseEnabled: false, appium:desired: {app: C:\Users\bungh\eclipse-work..., autoGrantPermissions: true, automationName: UIAutomator2, deviceName: AshDevice, platformName: ANDROID}, appium:deviceApiLevel: 33, appium:deviceManufacturer: Google, appium:deviceModel: sdk_gphone_x86_64, appium:deviceName: emulator-5554, appium:deviceScreenDensity: 420, appium:deviceScreenSize: 1080x2400, appium:deviceUDID: emulator-5554, appium:javascriptEnabled: true, appium:locationContextEnabled: false, appium:networkConnectionEnabled: true, appium:pixelRatio: 2.625, appium:platformVersion: 13, appium:statBarHeight: 128, appium:takesScreenshot: true, appium:viewportRect: {height: 2081, left: 0, top: 128, width: 1080}, appium:warnings: {}, appium:webStorageEnabled: false, platformName: ANDROID}
Session ID: d81b27d0-df21-4c35-ba99-cbd5317203eb
	at org.openqa.selenium.support.ui.WebDriverWait.timeoutException(WebDriverWait.java:84)
	at org.openqa.selenium.support.ui.FluentWait.until(FluentWait.java:228)
	at org.thescore.pageObjects.android.ChooseTeamPage.searchAndhandleError(ChooseTeamPage.java:109)
	at org.thescore.TheScoreTest.MainTest.TC02_RefreshResultsBug(MainTest.java:95)
	at java.base/jdk.internal.reflect.DirectMethodHandleAccessor.invoke(DirectMethodHandleAccessor.java:103)
	at java.base/java.lang.reflect.Method.invoke(Method.java:580)
	at org.testng.internal.invokers.MethodInvocationHelper.invokeMethod(MethodInvocationHelper.java:139)
	at org.testng.internal.invokers.TestInvoker.invokeMethod(TestInvoker.java:664)
	at org.testng.internal.invokers.TestInvoker.invokeTestMethod(TestInvoker.java:227)
	at org.testng.internal.invokers.MethodRunner.runInSequence(MethodRunner.java:50)
	at org.testng.internal.invokers.TestInvoker$MethodInvocationAgent.invoke(TestInvoker.java:957)
	at org.testng.internal.invokers.TestInvoker.invokeTestMethods(TestInvoker.java:200)
	at org.testng.internal.invokers.TestMethodWorker.invokeTestMethods(TestMethodWorker.java:148)
	at org.testng.internal.invokers.TestMethodWorker.run(TestMethodWorker.java:128)
	at java.base/java.util.ArrayList.forEach(ArrayList.java:1596)
	at org.testng.TestRunner.privateRun(TestRunner.java:848)
	at org.testng.TestRunner.run(TestRunner.java:621)
	at org.testng.SuiteRunner.runTest(SuiteRunner.java:443)
	at org.testng.SuiteRunner.runSequentially(SuiteRunner.java:437)
	at org.testng.SuiteRunner.privateRun(SuiteRunner.java:397)
	at org.testng.SuiteRunner.run(SuiteRunner.java:336)
	at org.testng.SuiteRunnerWorker.runSuite(SuiteRunnerWorker.java:52)
	at org.testng.SuiteRunnerWorker.run(SuiteRunnerWorker.java:95)
	at org.testng.TestNG.runSuitesSequentially(TestNG.java:1280)
	at org.testng.TestNG.runSuitesLocally(TestNG.java:1200)
	at org.testng.TestNG.runSuites(TestNG.java:1114)
	at org.testng.TestNG.run(TestNG.java:1082)
	at org.apache.maven.surefire.testng.TestNGExecutor.run(TestNGExecutor.java:308)
	at org.apache.maven.surefire.testng.TestNGXmlTestSuite.execute(TestNGXmlTestSuite.java:71)
	at org.apache.maven.surefire.testng.TestNGProvider.invoke(TestNGProvider.java:113)
	at org.apache.maven.surefire.booter.ForkedBooter.runSuitesInProcess(ForkedBooter.java:385)
	at org.apache.maven.surefire.booter.ForkedBooter.execute(ForkedBooter.java:162)
	at org.apache.maven.surefire.booter.ForkedBooter.run(ForkedBooter.java:507)
	at org.apache.maven.surefire.booter.ForkedBooter.main(ForkedBooter.java:495)
]]></failure>
    <system-out><![CDATA[&amp#27;[38;5;0m[HTTP]&amp#27;[0m &amp#27;[37m-->&amp#27;[39m &amp#27;[37mPOST&amp#27;[39m &amp#27;[37m/session/d81b27d0-df21-4c35-ba99-cbd5317203eb/execute/sync&amp#27;[39m
&amp#27;[38;5;0m[HTTP]&amp#27;[0m &amp#27;[90m{"script":"mobile: clearApp","args":[{"appId":"com.fivemobile.thescore"}]}&amp#27;[39m
&amp#27;[38;5;32m[AndroidUiautomator2Driver@d606 (d81b27d0)]&amp#27;[0m Calling AppiumDriver.execute() with args: ["mobile: clearApp",[{"appId":"com.fivemobile.thescore"}],"d81b27d0-df21-4c35-ba99-cbd5317203eb"]
&amp#27;[38;5;32m[AndroidUiautomator2Driver@d606 (d81b27d0)]&amp#27;[0m Executing method 'mobile: clearApp'
&amp#27;[38;5;64m[ADB]&amp#27;[0m Running 'C:\Users\bungh\AppData\Local\Android\Sdk\platform-tools\adb.exe -P 5037 -s emulator-5554 shell pm clear com.fivemobile.thescore'
&amp#27;[38;5;32m[AndroidUiautomator2Driver@d606 (d81b27d0)]&amp#27;[0m Responding to client with driver.execute() result: null
&amp#27;[38;5;0m[HTTP]&amp#27;[0m &amp#27;[37m<-- POST /session/d81b27d0-df21-4c35-ba99-cbd5317203eb/execute/sync &amp#27;[39m&amp#27;[32m200&amp#27;[39m &amp#27;[90m414 ms - 14&amp#27;[39m
&amp#27;[38;5;0m[HTTP]&amp#27;[0m &amp#27;[90m&amp#27;[39m
App data and cache cleared successfully.
&amp#27;[38;5;0m[HTTP]&amp#27;[0m &amp#27;[37m-->&amp#27;[39m &amp#27;[37mPOST&amp#27;[39m &amp#27;[37m/session/d81b27d0-df21-4c35-ba99-cbd5317203eb/execute/sync&amp#27;[39m
&amp#27;[38;5;0m[HTTP]&amp#27;[0m &amp#27;[90m{"script":"mobile: activateApp","args":[{"bundleId":"com.fivemobile.thescore","appId":"com.fivemobile.thescore"}]}&amp#27;[39m
&amp#27;[38;5;32m[AndroidUiautomator2Driver@d606 (d81b27d0)]&amp#27;[0m Calling AppiumDriver.execute() with args: ["mobile: activateApp",[{"bundleId":"com.fivemobile.thescore","appId":"com.fivemobile.thescore"}],"d81b27d0-df21-4c35-ba99-cbd5317203eb"]
&amp#27;[38;5;32m[AndroidUiautomator2Driver@d606 (d81b27d0)]&amp#27;[0m Executing method 'mobile: activateApp'
&amp#27;[38;5;32m[AndroidUiautomator2Driver@d606 (d81b27d0)]&amp#27;[0m Activating 'com.fivemobile.thescore'
&amp#27;[38;5;64m[ADB]&amp#27;[0m Running 'C:\Users\bungh\AppData\Local\Android\Sdk\platform-tools\adb.exe -P 5037 -s emulator-5554 shell cmd package resolve-activity --brief com.fivemobile.thescore'
&amp#27;[38;5;64m[ADB]&amp#27;[0m Running 'C:\Users\bungh\AppData\Local\Android\Sdk\platform-tools\adb.exe -P 5037 -s emulator-5554 shell am start-activity -a android.intent.action.MAIN -c android.intent.category.LAUNCHER -f 0x10200000 -n com.fivemobile.thescore/.ui.MainActivity'
&amp#27;[38;5;32m[AndroidUiautomator2Driver@d606 (d81b27d0)]&amp#27;[0m Starting: Intent { act=android.intent.action.MAIN cat=[android.intent.category.LAUNCHER] flg=0x10200000 cmp=com.fivemobile.thescore/.ui.MainActivity }
&amp#27;[38;5;32m[AndroidUiautomator2Driver@d606 (d81b27d0)]&amp#27;[0m Responding to client with driver.execute() result: null
&amp#27;[38;5;0m[HTTP]&amp#27;[0m &amp#27;[37m<-- POST /session/d81b27d0-df21-4c35-ba99-cbd5317203eb/execute/sync &amp#27;[39m&amp#27;[32m200&amp#27;[39m &amp#27;[90m449 ms - 14&amp#27;[39m
&amp#27;[38;5;0m[HTTP]&amp#27;[0m &amp#27;[90m&amp#27;[39m
Starting App
&amp#27;[38;5;0m[HTTP]&amp#27;[0m &amp#27;[37m-->&amp#27;[39m &amp#27;[37mGET&amp#27;[39m &amp#27;[37m/session/d81b27d0-df21-4c35-ba99-cbd5317203eb/context&amp#27;[39m
&amp#27;[38;5;0m[HTTP]&amp#27;[0m &amp#27;[90m{}&amp#27;[39m
&amp#27;[38;5;32m[AndroidUiautomator2Driver@d606 (d81b27d0)]&amp#27;[0m Calling AppiumDriver.getCurrentContext() with args: ["d81b27d0-df21-4c35-ba99-cbd5317203eb"]
&amp#27;[38;5;32m[AndroidUiautomator2Driver@d606 (d81b27d0)]&amp#27;[0m Responding to client with driver.getCurrentContext() result: "NATIVE_APP"
&amp#27;[38;5;0m[HTTP]&amp#27;[0m &amp#27;[37m<-- GET /session/d81b27d0-df21-4c35-ba99-cbd5317203eb/context &amp#27;[39m&amp#27;[32m200&amp#27;[39m &amp#27;[90m1 ms - 22&amp#27;[39m
&amp#27;[38;5;0m[HTTP]&amp#27;[0m &amp#27;[90m&amp#27;[39m
&amp#27;[38;5;0m[HTTP]&amp#27;[0m &amp#27;[37m-->&amp#27;[39m &amp#27;[37mPOST&amp#27;[39m &amp#27;[37m/session/d81b27d0-df21-4c35-ba99-cbd5317203eb/element&amp#27;[39m
&amp#27;[38;5;0m[HTTP]&amp#27;[0m &amp#27;[90m{"using":"id","value":"com.fivemobile.thescore:id/action_button_text"}&amp#27;[39m
&amp#27;[38;5;32m[AndroidUiautomator2Driver@d606 (d81b27d0)]&amp#27;[0m Calling AppiumDriver.findElement() with args: ["id","com.fivemobile.thescore:id/action_button_text","d81b27d0-df21-4c35-ba99-cbd5317203eb"]
&amp#27;[38;5;32m[AndroidUiautomator2Driver@d606 (d81b27d0)]&amp#27;[0m Valid locator strategies for this request: xpath, id, class name, accessibility id, css selector, -android uiautomator
&amp#27;[38;5;32m[AndroidUiautomator2Driver@d606 (d81b27d0)]&amp#27;[0m Waiting up to 5000 ms for condition
&amp#27;[38;5;32m[AndroidUiautomator2Driver@d606 (d81b27d0)]&amp#27;[0m Matched '/element' to command name 'findElement'
&amp#27;[38;5;32m[AndroidUiautomator2Driver@d606 (d81b27d0)]&amp#27;[0m Proxying [POST /element] to [POST http://127.0.0.1:8209/session/c7104d6d-b578-4aea-a441-5b71d17293ac/element] with body: {"strategy":"id","selector":"com.fivemobile.thescore:id/action_button_text","context":"","multiple":false}
&amp#27;[38;5;32m[AndroidUiautomator2Driver@d606 (d81b27d0)]&amp#27;[0m Got response with status 404: {"sessionId":"c7104d6d-b578-4aea-a441-5b71d17293ac","value":{"error":"no such element","message":"An element could not be located on the page using the given search parameters","stacktrace":"io.appium.uiautomator2.common.exceptions.ElementNotFoundException: An element could not be located on the page using the given search parameters\n\tat io.appium.uiautomator2.handler.FindElement.safeHandle(FindElement.java:63)\n\tat io.appium.uiautomator2.handler.request.SafeRequestHandler.handle(SafeRequestHandler.java:59)\n\tat io.appium.uiautomator2.server.AppiumServlet.handleRequest(AppiumServlet.java:277)\n\tat io.appium.uiautomator2.server.AppiumServlet.handleHttpRequest(AppiumServlet.java:271)\n\tat io.appium.uiautomator2.http.ServerHandler.channelRead(ServerHandler.java:77)\n\tat io.netty.channel.AbstractChannelHandlerContext.invokeChannelRead(AbstractChannelHandlerContext.java:366)\n\tat io.netty.channel.AbstractChannelHandlerContext.invokeChannelRead(AbstractChannelHandlerContext.java:352)\n\tat io.netty.chann...
&amp#27;[38;5;128m[W3C]&amp#27;[0m Matched W3C error code 'no such element' to NoSuchElementError
&amp#27;[38;5;32m[AndroidUiautomator2Driver@d606 (d81b27d0)]&amp#27;[0m Waited for 81 ms so far
&amp#27;[38;5;32m[AndroidUiautomator2Driver@d606 (d81b27d0)]&amp#27;[0m Matched '/element' to command name 'findElement'
&amp#27;[38;5;32m[AndroidUiautomator2Driver@d606 (d81b27d0)]&amp#27;[0m Proxying [POST /element] to [POST http://127.0.0.1:8209/session/c7104d6d-b578-4aea-a441-5b71d17293ac/element] with body: {"strategy":"id","selector":"com.fivemobile.thescore:id/action_button_text","context":"","multiple":false}
&amp#27;[38;5;32m[AndroidUiautomator2Driver@d606 (d81b27d0)]&amp#27;[0m Got response with status 404: {"sessionId":"c7104d6d-b578-4aea-a441-5b71d17293ac","value":{"error":"no such element","message":"An element could not be located on the page using the given search parameters","stacktrace":"io.appium.uiautomator2.common.exceptions.ElementNotFoundException: An element could not be located on the page using the given search parameters\n\tat io.appium.uiautomator2.handler.FindElement.safeHandle(FindElement.java:63)\n\tat io.appium.uiautomator2.handler.request.SafeRequestHandler.handle(SafeRequestHandler.java:59)\n\tat io.appium.uiautomator2.server.AppiumServlet.handleRequest(AppiumServlet.java:277)\n\tat io.appium.uiautomator2.server.AppiumServlet.handleHttpRequest(AppiumServlet.java:271)\n\tat io.appium.uiautomator2.http.ServerHandler.channelRead(ServerHandler.java:77)\n\tat io.netty.channel.AbstractChannelHandlerContext.invokeChannelRead(AbstractChannelHandlerContext.java:366)\n\tat io.netty.channel.AbstractChannelHandlerContext.invokeChannelRead(AbstractChannelHandlerContext.java:352)\n\tat io.netty.chann...
&amp#27;[38;5;128m[W3C]&amp#27;[0m Matched W3C error code 'no such element' to NoSuchElementError
&amp#27;[38;5;32m[AndroidUiautomator2Driver@d606 (d81b27d0)]&amp#27;[0m Waited for 1136 ms so far
&amp#27;[38;5;32m[AndroidUiautomator2Driver@d606 (d81b27d0)]&amp#27;[0m Matched '/element' to command name 'findElement'
&amp#27;[38;5;32m[AndroidUiautomator2Driver@d606 (d81b27d0)]&amp#27;[0m Proxying [POST /element] to [POST http://127.0.0.1:8209/session/c7104d6d-b578-4aea-a441-5b71d17293ac/element] with body: {"strategy":"id","selector":"com.fivemobile.thescore:id/action_button_text","context":"","multiple":false}
&amp#27;[38;5;32m[AndroidUiautomator2Driver@d606 (d81b27d0)]&amp#27;[0m Got response with status 200: {"sessionId":"c7104d6d-b578-4aea-a441-5b71d17293ac","value":{"ELEMENT":"00000000-0000-05f1-ffff-ffff00000088","element-6066-11e4-a52e-4f735466cecf":"00000000-0000-05f1-ffff-ffff00000088"}}
&amp#27;[38;5;32m[AndroidUiautomator2Driver@d606 (d81b27d0)]&amp#27;[0m Responding to client with driver.findElement() result: {"element-6066-11e4-a52e-4f735466cecf":"00000000-0000-05f1-ffff-ffff00000088","ELEMENT":"00000000-0000-05f1-ffff-ffff00000088"}
&amp#27;[38;5;0m[HTTP]&amp#27;[0m &amp#27;[37m<-- POST /session/d81b27d0-df21-4c35-ba99-cbd5317203eb/element &amp#27;[39m&amp#27;[32m200&amp#27;[39m &amp#27;[90m3035 ms - 137&amp#27;[39m
&amp#27;[38;5;0m[HTTP]&amp#27;[0m &amp#27;[90m&amp#27;[39m
&amp#27;[38;5;0m[HTTP]&amp#27;[0m &amp#27;[37m-->&amp#27;[39m &amp#27;[37mPOST&amp#27;[39m &amp#27;[37m/session/d81b27d0-df21-4c35-ba99-cbd5317203eb/element/00000000-0000-05f1-ffff-ffff00000088/click&amp#27;[39m
&amp#27;[38;5;0m[HTTP]&amp#27;[0m &amp#27;[90m{"id":"00000000-0000-05f1-ffff-ffff00000088"}&amp#27;[39m
&amp#27;[38;5;32m[AndroidUiautomator2Driver@d606 (d81b27d0)]&amp#27;[0m Calling AppiumDriver.click() with args: ["00000000-0000-05f1-ffff-ffff00000088","d81b27d0-df21-4c35-ba99-cbd5317203eb"]
&amp#27;[38;5;32m[AndroidUiautomator2Driver@d606 (d81b27d0)]&amp#27;[0m Matched '/element/00000000-0000-05f1-ffff-ffff00000088/click' to command name 'click'
&amp#27;[38;5;32m[AndroidUiautomator2Driver@d606 (d81b27d0)]&amp#27;[0m Proxying [POST /element/00000000-0000-05f1-ffff-ffff00000088/click] to [POST http://127.0.0.1:8209/session/c7104d6d-b578-4aea-a441-5b71d17293ac/element/00000000-0000-05f1-ffff-ffff00000088/click] with body: {"element":"00000000-0000-05f1-ffff-ffff00000088"}
&amp#27;[38;5;32m[AndroidUiautomator2Driver@d606 (d81b27d0)]&amp#27;[0m Got response with status 200: {"sessionId":"c7104d6d-b578-4aea-a441-5b71d17293ac","value":null}
&amp#27;[38;5;32m[AndroidUiautomator2Driver@d606 (d81b27d0)]&amp#27;[0m Responding to client with driver.click() result: null
&amp#27;[38;5;0m[HTTP]&amp#27;[0m &amp#27;[37m<-- POST /session/d81b27d0-df21-4c35-ba99-cbd5317203eb/element/00000000-0000-05f1-ffff-ffff00000088/click &amp#27;[39m&amp#27;[32m200&amp#27;[39m &amp#27;[90m80 ms - 14&amp#27;[39m
&amp#27;[38;5;0m[HTTP]&amp#27;[0m &amp#27;[90m&amp#27;[39m
Clicked on the 'Get Started' button.
&amp#27;[38;5;0m[HTTP]&amp#27;[0m &amp#27;[37m-->&amp#27;[39m &amp#27;[37mGET&amp#27;[39m &amp#27;[37m/session/d81b27d0-df21-4c35-ba99-cbd5317203eb/context&amp#27;[39m
&amp#27;[38;5;0m[HTTP]&amp#27;[0m &amp#27;[90m{}&amp#27;[39m
&amp#27;[38;5;32m[AndroidUiautomator2Driver@d606 (d81b27d0)]&amp#27;[0m Calling AppiumDriver.getCurrentContext() with args: ["d81b27d0-df21-4c35-ba99-cbd5317203eb"]
&amp#27;[38;5;32m[AndroidUiautomator2Driver@d606 (d81b27d0)]&amp#27;[0m Responding to client with driver.getCurrentContext() result: "NATIVE_APP"
&amp#27;[38;5;0m[HTTP]&amp#27;[0m &amp#27;[37m<-- GET /session/d81b27d0-df21-4c35-ba99-cbd5317203eb/context &amp#27;[39m&amp#27;[32m200&amp#27;[39m &amp#27;[90m1 ms - 22&amp#27;[39m
&amp#27;[38;5;0m[HTTP]&amp#27;[0m &amp#27;[90m&amp#27;[39m
&amp#27;[38;5;0m[HTTP]&amp#27;[0m &amp#27;[37m-->&amp#27;[39m &amp#27;[37mPOST&amp#27;[39m &amp#27;[37m/session/d81b27d0-df21-4c35-ba99-cbd5317203eb/element&amp#27;[39m
&amp#27;[38;5;0m[HTTP]&amp#27;[0m &amp#27;[90m{"using":"id","value":"com.fivemobile.thescore:id/action_button_text"}&amp#27;[39m
&amp#27;[38;5;32m[AndroidUiautomator2Driver@d606 (d81b27d0)]&amp#27;[0m Calling AppiumDriver.findElement() with args: ["id","com.fivemobile.thescore:id/action_button_text","d81b27d0-df21-4c35-ba99-cbd5317203eb"]
&amp#27;[38;5;32m[AndroidUiautomator2Driver@d606 (d81b27d0)]&amp#27;[0m Valid locator strategies for this request: xpath, id, class name, accessibility id, css selector, -android uiautomator
&amp#27;[38;5;32m[AndroidUiautomator2Driver@d606 (d81b27d0)]&amp#27;[0m Waiting up to 5000 ms for condition
&amp#27;[38;5;32m[AndroidUiautomator2Driver@d606 (d81b27d0)]&amp#27;[0m Matched '/element' to command name 'findElement'
&amp#27;[38;5;32m[AndroidUiautomator2Driver@d606 (d81b27d0)]&amp#27;[0m Proxying [POST /element] to [POST http://127.0.0.1:8209/session/c7104d6d-b578-4aea-a441-5b71d17293ac/element] with body: {"strategy":"id","selector":"com.fivemobile.thescore:id/action_button_text","context":"","multiple":false}
&amp#27;[38;5;32m[AndroidUiautomator2Driver@d606 (d81b27d0)]&amp#27;[0m Got response with status 200: {"sessionId":"c7104d6d-b578-4aea-a441-5b71d17293ac","value":{"ELEMENT":"00000000-0000-05f1-ffff-ffff00000088","element-6066-11e4-a52e-4f735466cecf":"00000000-0000-05f1-ffff-ffff00000088"}}
&amp#27;[38;5;32m[AndroidUiautomator2Driver@d606 (d81b27d0)]&amp#27;[0m Responding to client with driver.findElement() result: {"element-6066-11e4-a52e-4f735466cecf":"00000000-0000-05f1-ffff-ffff00000088","ELEMENT":"00000000-0000-05f1-ffff-ffff00000088"}
&amp#27;[38;5;0m[HTTP]&amp#27;[0m &amp#27;[37m<-- POST /session/d81b27d0-df21-4c35-ba99-cbd5317203eb/element &amp#27;[39m&amp#27;[32m200&amp#27;[39m &amp#27;[90m920 ms - 137&amp#27;[39m
&amp#27;[38;5;0m[HTTP]&amp#27;[0m &amp#27;[90m&amp#27;[39m
&amp#27;[38;5;0m[HTTP]&amp#27;[0m &amp#27;[37m-->&amp#27;[39m &amp#27;[37mPOST&amp#27;[39m &amp#27;[37m/session/d81b27d0-df21-4c35-ba99-cbd5317203eb/element/00000000-0000-05f1-ffff-ffff00000088/click&amp#27;[39m
&amp#27;[38;5;0m[HTTP]&amp#27;[0m &amp#27;[90m{"id":"00000000-0000-05f1-ffff-ffff00000088"}&amp#27;[39m
&amp#27;[38;5;32m[AndroidUiautomator2Driver@d606 (d81b27d0)]&amp#27;[0m Calling AppiumDriver.click() with args: ["00000000-0000-05f1-ffff-ffff00000088","d81b27d0-df21-4c35-ba99-cbd5317203eb"]
&amp#27;[38;5;32m[AndroidUiautomator2Driver@d606 (d81b27d0)]&amp#27;[0m Matched '/element/00000000-0000-05f1-ffff-ffff00000088/click' to command name 'click'
&amp#27;[38;5;32m[AndroidUiautomator2Driver@d606 (d81b27d0)]&amp#27;[0m Proxying [POST /element/00000000-0000-05f1-ffff-ffff00000088/click] to [POST http://127.0.0.1:8209/session/c7104d6d-b578-4aea-a441-5b71d17293ac/element/00000000-0000-05f1-ffff-ffff00000088/click] with body: {"element":"00000000-0000-05f1-ffff-ffff00000088"}
&amp#27;[38;5;32m[AndroidUiautomator2Driver@d606 (d81b27d0)]&amp#27;[0m Got response with status 200: {"sessionId":"c7104d6d-b578-4aea-a441-5b71d17293ac","value":null}
&amp#27;[38;5;32m[AndroidUiautomator2Driver@d606 (d81b27d0)]&amp#27;[0m Responding to client with driver.click() result: null
&amp#27;[38;5;0m[HTTP]&amp#27;[0m &amp#27;[37m<-- POST /session/d81b27d0-df21-4c35-ba99-cbd5317203eb/element/00000000-0000-05f1-ffff-ffff00000088/click &amp#27;[39m&amp#27;[32m200&amp#27;[39m &amp#27;[90m998 ms - 14&amp#27;[39m
&amp#27;[38;5;0m[HTTP]&amp#27;[0m &amp#27;[90m&amp#27;[39m
&amp#27;[38;5;0m[HTTP]&amp#27;[0m &amp#27;[37m-->&amp#27;[39m &amp#27;[37mPOST&amp#27;[39m &amp#27;[37m/session/d81b27d0-df21-4c35-ba99-cbd5317203eb/element&amp#27;[39m
&amp#27;[38;5;0m[HTTP]&amp#27;[0m &amp#27;[90m{"using":"id","value":"com.fivemobile.thescore:id/btn_allow"}&amp#27;[39m
&amp#27;[38;5;32m[AndroidUiautomator2Driver@d606 (d81b27d0)]&amp#27;[0m Calling AppiumDriver.findElement() with args: ["id","com.fivemobile.thescore:id/btn_allow","d81b27d0-df21-4c35-ba99-cbd5317203eb"]
&amp#27;[38;5;32m[AndroidUiautomator2Driver@d606 (d81b27d0)]&amp#27;[0m Valid locator strategies for this request: xpath, id, class name, accessibility id, css selector, -android uiautomator
&amp#27;[38;5;32m[AndroidUiautomator2Driver@d606 (d81b27d0)]&amp#27;[0m Waiting up to 5000 ms for condition
&amp#27;[38;5;32m[AndroidUiautomator2Driver@d606 (d81b27d0)]&amp#27;[0m Matched '/element' to command name 'findElement'
&amp#27;[38;5;32m[AndroidUiautomator2Driver@d606 (d81b27d0)]&amp#27;[0m Proxying [POST /element] to [POST http://127.0.0.1:8209/session/c7104d6d-b578-4aea-a441-5b71d17293ac/element] with body: {"strategy":"id","selector":"com.fivemobile.thescore:id/btn_allow","context":"","multiple":false}
&amp#27;[38;5;32m[AndroidUiautomator2Driver@d606 (d81b27d0)]&amp#27;[0m Got response with status 404: {"sessionId":"c7104d6d-b578-4aea-a441-5b71d17293ac","value":{"error":"no such element","message":"An element could not be located on the page using the given search parameters","stacktrace":"io.appium.uiautomator2.common.exceptions.ElementNotFoundException: An element could not be located on the page using the given search parameters\n\tat io.appium.uiautomator2.handler.FindElement.safeHandle(FindElement.java:63)\n\tat io.appium.uiautomator2.handler.request.SafeRequestHandler.handle(SafeRequestHandler.java:59)\n\tat io.appium.uiautomator2.server.AppiumServlet.handleRequest(AppiumServlet.java:277)\n\tat io.appium.uiautomator2.server.AppiumServlet.handleHttpRequest(AppiumServlet.java:271)\n\tat io.appium.uiautomator2.http.ServerHandler.channelRead(ServerHandler.java:77)\n\tat io.netty.channel.AbstractChannelHandlerContext.invokeChannelRead(AbstractChannelHandlerContext.java:366)\n\tat io.netty.channel.AbstractChannelHandlerContext.invokeChannelRead(AbstractChannelHandlerContext.java:352)\n\tat io.netty.chann...
&amp#27;[38;5;128m[W3C]&amp#27;[0m Matched W3C error code 'no such element' to NoSuchElementError
&amp#27;[38;5;32m[AndroidUiautomator2Driver@d606 (d81b27d0)]&amp#27;[0m Waited for 329 ms so far
&amp#27;[38;5;32m[AndroidUiautomator2Driver@d606 (d81b27d0)]&amp#27;[0m Matched '/element' to command name 'findElement'
&amp#27;[38;5;32m[AndroidUiautomator2Driver@d606 (d81b27d0)]&amp#27;[0m Proxying [POST /element] to [POST http://127.0.0.1:8209/session/c7104d6d-b578-4aea-a441-5b71d17293ac/element] with body: {"strategy":"id","selector":"com.fivemobile.thescore:id/btn_allow","context":"","multiple":false}
&amp#27;[38;5;32m[AndroidUiautomator2Driver@d606 (d81b27d0)]&amp#27;[0m Got response with status 200: {"sessionId":"c7104d6d-b578-4aea-a441-5b71d17293ac","value":{"ELEMENT":"00000000-0000-05f2-ffff-ffff00000208","element-6066-11e4-a52e-4f735466cecf":"00000000-0000-05f2-ffff-ffff00000208"}}
&amp#27;[38;5;32m[AndroidUiautomator2Driver@d606 (d81b27d0)]&amp#27;[0m Responding to client with driver.findElement() result: {"element-6066-11e4-a52e-4f735466cecf":"00000000-0000-05f2-ffff-ffff00000208","ELEMENT":"00000000-0000-05f2-ffff-ffff00000208"}
&amp#27;[38;5;0m[HTTP]&amp#27;[0m &amp#27;[37m<-- POST /session/d81b27d0-df21-4c35-ba99-cbd5317203eb/element &amp#27;[39m&amp#27;[32m200&amp#27;[39m &amp#27;[90m841 ms - 137&amp#27;[39m
&amp#27;[38;5;0m[HTTP]&amp#27;[0m &amp#27;[90m&amp#27;[39m
&amp#27;[38;5;0m[HTTP]&amp#27;[0m &amp#27;[37m-->&amp#27;[39m &amp#27;[37mGET&amp#27;[39m &amp#27;[37m/session/d81b27d0-df21-4c35-ba99-cbd5317203eb/element/00000000-0000-05f2-ffff-ffff00000208/displayed&amp#27;[39m
&amp#27;[38;5;0m[HTTP]&amp#27;[0m &amp#27;[90m{}&amp#27;[39m
&amp#27;[38;5;32m[AndroidUiautomator2Driver@d606 (d81b27d0)]&amp#27;[0m Calling AppiumDriver.elementDisplayed() with args: ["00000000-0000-05f2-ffff-ffff00000208","d81b27d0-df21-4c35-ba99-cbd5317203eb"]
&amp#27;[38;5;32m[AndroidUiautomator2Driver@d606 (d81b27d0)]&amp#27;[0m Matched '/element/00000000-0000-05f2-ffff-ffff00000208/attribute/displayed' to command name 'getAttribute'
&amp#27;[38;5;32m[AndroidUiautomator2Driver@d606 (d81b27d0)]&amp#27;[0m Proxying [GET /element/00000000-0000-05f2-ffff-ffff00000208/attribute/displayed] to [GET http://127.0.0.1:8209/session/c7104d6d-b578-4aea-a441-5b71d17293ac/element/00000000-0000-05f2-ffff-ffff00000208/attribute/displayed] with no body
&amp#27;[38;5;32m[AndroidUiautomator2Driver@d606 (d81b27d0)]&amp#27;[0m Got response with status 200: {"sessionId":"c7104d6d-b578-4aea-a441-5b71d17293ac","value":"true"}
&amp#27;[38;5;32m[AndroidUiautomator2Driver@d606 (d81b27d0)]&amp#27;[0m Responding to client with driver.elementDisplayed() result: true
&amp#27;[38;5;0m[HTTP]&amp#27;[0m &amp#27;[37m<-- GET /session/d81b27d0-df21-4c35-ba99-cbd5317203eb/element/00000000-0000-05f2-ffff-ffff00000208/displayed &amp#27;[39m&amp#27;[32m200&amp#27;[39m &amp#27;[90m54 ms - 14&amp#27;[39m
&amp#27;[38;5;0m[HTTP]&amp#27;[0m &amp#27;[90m&amp#27;[39m
&amp#27;[38;5;0m[HTTP]&amp#27;[0m &amp#27;[37m-->&amp#27;[39m &amp#27;[37mPOST&amp#27;[39m &amp#27;[37m/session/d81b27d0-df21-4c35-ba99-cbd5317203eb/element&amp#27;[39m
&amp#27;[38;5;0m[HTTP]&amp#27;[0m &amp#27;[90m{"using":"id","value":"com.fivemobile.thescore:id/btn_allow"}&amp#27;[39m
&amp#27;[38;5;32m[AndroidUiautomator2Driver@d606 (d81b27d0)]&amp#27;[0m Calling AppiumDriver.findElement() with args: ["id","com.fivemobile.thescore:id/btn_allow","d81b27d0-df21-4c35-ba99-cbd5317203eb"]
&amp#27;[38;5;32m[AndroidUiautomator2Driver@d606 (d81b27d0)]&amp#27;[0m Valid locator strategies for this request: xpath, id, class name, accessibility id, css selector, -android uiautomator
&amp#27;[38;5;32m[AndroidUiautomator2Driver@d606 (d81b27d0)]&amp#27;[0m Waiting up to 5000 ms for condition
&amp#27;[38;5;32m[AndroidUiautomator2Driver@d606 (d81b27d0)]&amp#27;[0m Matched '/element' to command name 'findElement'
&amp#27;[38;5;32m[AndroidUiautomator2Driver@d606 (d81b27d0)]&amp#27;[0m Proxying [POST /element] to [POST http://127.0.0.1:8209/session/c7104d6d-b578-4aea-a441-5b71d17293ac/element] with body: {"strategy":"id","selector":"com.fivemobile.thescore:id/btn_allow","context":"","multiple":false}
&amp#27;[38;5;32m[AndroidUiautomator2Driver@d606 (d81b27d0)]&amp#27;[0m Got response with status 200: {"sessionId":"c7104d6d-b578-4aea-a441-5b71d17293ac","value":{"ELEMENT":"00000000-0000-05f2-ffff-ffff00000208","element-6066-11e4-a52e-4f735466cecf":"00000000-0000-05f2-ffff-ffff00000208"}}
&amp#27;[38;5;32m[AndroidUiautomator2Driver@d606 (d81b27d0)]&amp#27;[0m Responding to client with driver.findElement() result: {"element-6066-11e4-a52e-4f735466cecf":"00000000-0000-05f2-ffff-ffff00000208","ELEMENT":"00000000-0000-05f2-ffff-ffff00000208"}
&amp#27;[38;5;0m[HTTP]&amp#27;[0m &amp#27;[37m<-- POST /session/d81b27d0-df21-4c35-ba99-cbd5317203eb/element &amp#27;[39m&amp#27;[32m200&amp#27;[39m &amp#27;[90m10 ms - 137&amp#27;[39m
&amp#27;[38;5;0m[HTTP]&amp#27;[0m &amp#27;[90m&amp#27;[39m
&amp#27;[38;5;0m[HTTP]&amp#27;[0m &amp#27;[37m-->&amp#27;[39m &amp#27;[37mPOST&amp#27;[39m &amp#27;[37m/session/d81b27d0-df21-4c35-ba99-cbd5317203eb/element/00000000-0000-05f2-ffff-ffff00000208/click&amp#27;[39m
&amp#27;[38;5;0m[HTTP]&amp#27;[0m &amp#27;[90m{"id":"00000000-0000-05f2-ffff-ffff00000208"}&amp#27;[39m
&amp#27;[38;5;32m[AndroidUiautomator2Driver@d606 (d81b27d0)]&amp#27;[0m Calling AppiumDriver.click() with args: ["00000000-0000-05f2-ffff-ffff00000208","d81b27d0-df21-4c35-ba99-cbd5317203eb"]
&amp#27;[38;5;32m[AndroidUiautomator2Driver@d606 (d81b27d0)]&amp#27;[0m Matched '/element/00000000-0000-05f2-ffff-ffff00000208/click' to command name 'click'
&amp#27;[38;5;32m[AndroidUiautomator2Driver@d606 (d81b27d0)]&amp#27;[0m Proxying [POST /element/00000000-0000-05f2-ffff-ffff00000208/click] to [POST http://127.0.0.1:8209/session/c7104d6d-b578-4aea-a441-5b71d17293ac/element/00000000-0000-05f2-ffff-ffff00000208/click] with body: {"element":"00000000-0000-05f2-ffff-ffff00000208"}
&amp#27;[38;5;32m[AndroidUiautomator2Driver@d606 (d81b27d0)]&amp#27;[0m Got response with status 200: {"sessionId":"c7104d6d-b578-4aea-a441-5b71d17293ac","value":null}
&amp#27;[38;5;32m[AndroidUiautomator2Driver@d606 (d81b27d0)]&amp#27;[0m Responding to client with driver.click() result: null
&amp#27;[38;5;0m[HTTP]&amp#27;[0m &amp#27;[37m<-- POST /session/d81b27d0-df21-4c35-ba99-cbd5317203eb/element/00000000-0000-05f2-ffff-ffff00000208/click &amp#27;[39m&amp#27;[32m200&amp#27;[39m &amp#27;[90m53 ms - 14&amp#27;[39m
&amp#27;[38;5;0m[HTTP]&amp#27;[0m &amp#27;[90m&amp#27;[39m
&amp#27;[38;5;0m[HTTP]&amp#27;[0m &amp#27;[37m-->&amp#27;[39m &amp#27;[37mPOST&amp#27;[39m &amp#27;[37m/session/d81b27d0-df21-4c35-ba99-cbd5317203eb/element&amp#27;[39m
&amp#27;[38;5;0m[HTTP]&amp#27;[0m &amp#27;[90m{"using":"id","value":"com.fivemobile.thescore:id/btn_allow"}&amp#27;[39m
&amp#27;[38;5;32m[AndroidUiautomator2Driver@d606 (d81b27d0)]&amp#27;[0m Calling AppiumDriver.findElement() with args: ["id","com.fivemobile.thescore:id/btn_allow","d81b27d0-df21-4c35-ba99-cbd5317203eb"]
&amp#27;[38;5;32m[AndroidUiautomator2Driver@d606 (d81b27d0)]&amp#27;[0m Valid locator strategies for this request: xpath, id, class name, accessibility id, css selector, -android uiautomator
&amp#27;[38;5;32m[AndroidUiautomator2Driver@d606 (d81b27d0)]&amp#27;[0m Waiting up to 5000 ms for condition
&amp#27;[38;5;32m[AndroidUiautomator2Driver@d606 (d81b27d0)]&amp#27;[0m Matched '/element' to command name 'findElement'
&amp#27;[38;5;32m[AndroidUiautomator2Driver@d606 (d81b27d0)]&amp#27;[0m Proxying [POST /element] to [POST http://127.0.0.1:8209/session/c7104d6d-b578-4aea-a441-5b71d17293ac/element] with body: {"strategy":"id","selector":"com.fivemobile.thescore:id/btn_allow","context":"","multiple":false}
&amp#27;[38;5;32m[AndroidUiautomator2Driver@d606 (d81b27d0)]&amp#27;[0m Got response with status 200: {"sessionId":"c7104d6d-b578-4aea-a441-5b71d17293ac","value":{"ELEMENT":"00000000-0000-05f2-ffff-ffff00000208","element-6066-11e4-a52e-4f735466cecf":"00000000-0000-05f2-ffff-ffff00000208"}}
&amp#27;[38;5;32m[AndroidUiautomator2Driver@d606 (d81b27d0)]&amp#27;[0m Responding to client with driver.findElement() result: {"element-6066-11e4-a52e-4f735466cecf":"00000000-0000-05f2-ffff-ffff00000208","ELEMENT":"00000000-0000-05f2-ffff-ffff00000208"}
&amp#27;[38;5;0m[HTTP]&amp#27;[0m &amp#27;[37m<-- POST /session/d81b27d0-df21-4c35-ba99-cbd5317203eb/element &amp#27;[39m&amp#27;[32m200&amp#27;[39m &amp#27;[90m163 ms - 137&amp#27;[39m
&amp#27;[38;5;0m[HTTP]&amp#27;[0m &amp#27;[90m&amp#27;[39m
&amp#27;[38;5;0m[HTTP]&amp#27;[0m &amp#27;[37m-->&amp#27;[39m &amp#27;[37mGET&amp#27;[39m &amp#27;[37m/session/d81b27d0-df21-4c35-ba99-cbd5317203eb/element/00000000-0000-05f2-ffff-ffff00000208/displayed&amp#27;[39m
&amp#27;[38;5;0m[HTTP]&amp#27;[0m &amp#27;[90m{}&amp#27;[39m
&amp#27;[38;5;32m[AndroidUiautomator2Driver@d606 (d81b27d0)]&amp#27;[0m Calling AppiumDriver.elementDisplayed() with args: ["00000000-0000-05f2-ffff-ffff00000208","d81b27d0-df21-4c35-ba99-cbd5317203eb"]
&amp#27;[38;5;32m[AndroidUiautomator2Driver@d606 (d81b27d0)]&amp#27;[0m Matched '/element/00000000-0000-05f2-ffff-ffff00000208/attribute/displayed' to command name 'getAttribute'
&amp#27;[38;5;32m[AndroidUiautomator2Driver@d606 (d81b27d0)]&amp#27;[0m Proxying [GET /element/00000000-0000-05f2-ffff-ffff00000208/attribute/displayed] to [GET http://127.0.0.1:8209/session/c7104d6d-b578-4aea-a441-5b71d17293ac/element/00000000-0000-05f2-ffff-ffff00000208/attribute/displayed] with no body
&amp#27;[38;5;32m[AndroidUiautomator2Driver@d606 (d81b27d0)]&amp#27;[0m Got response with status 404: {"sessionId":"c7104d6d-b578-4aea-a441-5b71d17293ac","value":{"error":"stale element reference","message":"The element 'By.id: com.fivemobile.thescore:id/btn_allow' does not exist in DOM anymore","stacktrace":"io.appium.uiautomator2.common.exceptions.StaleElementReferenceException: The element 'By.id: com.fivemobile.thescore:id/btn_allow' does not exist in DOM anymore\n\tat io.appium.uiautomator2.model.ElementsCache.restore(ElementsCache.java:117)\n\tat io.appium.uiautomator2.model.ElementsCache.get(ElementsCache.java:153)\n\tat io.appium.uiautomator2.handler.GetElementAttribute.safeHandle(GetElementAttribute.java:23)\n\tat io.appium.uiautomator2.handler.request.SafeRequestHandler.handle(SafeRequestHandler.java:59)\n\tat io.appium.uiautomator2.server.AppiumServlet.handleRequest(AppiumServlet.java:277)\n\tat io.appium.uiautomator2.server.AppiumServlet.handleHttpRequest(AppiumServlet.java:271)\n\tat io.appium.uiautomator2.http.ServerHandler.channelRead(ServerHandler.java:77)\n\tat io.netty.channel.AbstractCha...
&amp#27;[38;5;128m[W3C]&amp#27;[0m Matched W3C error code 'stale element reference' to StaleElementReferenceError
&amp#27;[38;5;32m[AndroidUiautomator2Driver@d606 (d81b27d0)]&amp#27;[0m Encountered internal error running command: io.appium.uiautomator2.common.exceptions.StaleElementReferenceException: The element 'By.id: com.fivemobile.thescore:id/btn_allow' does not exist in DOM anymore
&amp#27;[38;5;32m[AndroidUiautomator2Driver@d606 (d81b27d0)]&amp#27;[0m 	at io.appium.uiautomator2.model.ElementsCache.restore(ElementsCache.java:117)
&amp#27;[38;5;32m[AndroidUiautomator2Driver@d606 (d81b27d0)]&amp#27;[0m 	at io.appium.uiautomator2.model.ElementsCache.get(ElementsCache.java:153)
&amp#27;[38;5;32m[AndroidUiautomator2Driver@d606 (d81b27d0)]&amp#27;[0m 	at io.appium.uiautomator2.handler.GetElementAttribute.safeHandle(GetElementAttribute.java:23)
&amp#27;[38;5;32m[AndroidUiautomator2Driver@d606 (d81b27d0)]&amp#27;[0m 	at io.appium.uiautomator2.handler.request.SafeRequestHandler.handle(SafeRequestHandler.java:59)
&amp#27;[38;5;32m[AndroidUiautomator2Driver@d606 (d81b27d0)]&amp#27;[0m 	at io.appium.uiautomator2.server.AppiumServlet.handleRequest(AppiumServlet.java:277)
&amp#27;[38;5;32m[AndroidUiautomator2Driver@d606 (d81b27d0)]&amp#27;[0m 	at io.appium.uiautomator2.server.AppiumServlet.handleHttpRequest(AppiumServlet.java:271)
&amp#27;[38;5;32m[AndroidUiautomator2Driver@d606 (d81b27d0)]&amp#27;[0m 	at io.appium.uiautomator2.http.ServerHandler.channelRead(ServerHandler.java:77)
&amp#27;[38;5;32m[AndroidUiautomator2Driver@d606 (d81b27d0)]&amp#27;[0m 	at io.netty.channel.AbstractChannelHandlerContext.invokeChannelRead(AbstractChannelHandlerContext.java:366)
&amp#27;[38;5;32m[AndroidUiautomator2Driver@d606 (d81b27d0)]&amp#27;[0m 	at io.netty.channel.AbstractChannelHandlerContext.invokeChannelRead(AbstractChannelHandlerContext.java:352)
&amp#27;[38;5;32m[AndroidUiautomator2Driver@d606 (d81b27d0)]&amp#27;[0m 	at io.netty.channel.AbstractChannelHandlerContext.fireChannelRead(AbstractChannelHandlerContext.java:345)
&amp#27;[38;5;32m[AndroidUiautomator2Driver@d606 (d81b27d0)]&amp#27;[0m 	at io.netty.handler.codec.MessageToMessageDecoder.channelRead(MessageToMessageDecoder.java:102)
&amp#27;[38;5;32m[AndroidUiautomator2Driver@d606 (d81b27d0)]&amp#27;[0m 	at io.netty.channel.AbstractChannelHandlerContext.invokeChannelRead(AbstractChannelHandlerContext.java:366)
&amp#27;[38;5;32m[AndroidUiautomator2Driver@d606 (d81b27d0)]&amp#27;[0m 	at io.netty.channel.AbstractChannelHandlerContext.invokeChannelRead(AbstractChannelHandlerContext.java:352)
&amp#27;[38;5;32m[AndroidUiautomator2Driver@d606 (d81b27d0)]&amp#27;[0m 	at io.netty.channel.AbstractChannelHandlerContext.fireChannelRead(AbstractChannelHandlerContext.java:345)
&amp#27;[38;5;32m[AndroidUiautomator2Driver@d606 (d81b27d0)]&amp#27;[0m 	at io.netty.channel.CombinedChannelDuplexHandler$DelegatingChannelHandlerContext.fireChannelRead(CombinedChannelDuplexHandler.java:435)
&amp#27;[38;5;32m[AndroidUiautomator2Driver@d606 (d81b27d0)]&amp#27;[0m 	at io.netty.handler.codec.ByteToMessageDecoder.fireChannelRead(ByteToMessageDecoder.java:293)
&amp#27;[38;5;32m[AndroidUiautomator2Driver@d606 (d81b27d0)]&amp#27;[0m 	at io.netty.handler.codec.ByteToMessageDecoder.channelRead(ByteToMessageDecoder.java:267)
&amp#27;[38;5;32m[AndroidUiautomator2Driver@d606 (d81b27d0)]&amp#27;[0m 	at io.netty.channel.CombinedChannelDuplexHandler.channelRead(CombinedChannelDuplexHandler.java:250)
&amp#27;[38;5;32m[AndroidUiautomator2Driver@d606 (d81b27d0)]&amp#27;[0m 	at io.netty.channel.AbstractChannelHandlerContext.invokeChannelRead(AbstractChannelHandlerContext.java:366)
&amp#27;[38;5;32m[AndroidUiautomator2Driver@d606 (d81b27d0)]&amp#27;[0m 	at io.netty.channel.AbstractChannelHandlerContext.invokeChannelRead(AbstractChannelHandlerContext.java:352)
&amp#27;[38;5;32m[AndroidUiautomator2Driver@d606 (d81b27d0)]&amp#27;[0m 	at io.netty.channel.AbstractChannelHandlerContext.fireChannelRead(AbstractChannelHandlerContext.java:345)
&amp#27;[38;5;32m[AndroidUiautomator2Driver@d606 (d81b27d0)]&amp#27;[0m 	at io.netty.handler.timeout.IdleStateHandler.channelRead(IdleStateHandler.java:266)
&amp#27;[38;5;32m[AndroidUiautomator2Driver@d606 (d81b27d0)]&amp#27;[0m 	at io.netty.channel.AbstractChannelHandlerContext.invokeChannelRead(AbstractChannelHandlerContext.java:366)
&amp#27;[38;5;32m[AndroidUiautomator2Driver@d606 (d81b27d0)]&amp#27;[0m 	at io.netty.channel.AbstractChannelHandlerContext.invokeChannelRead(AbstractChannelHandlerContext.java:352)
&amp#27;[38;5;32m[AndroidUiautomator2Driver@d606 (d81b27d0)]&amp#27;[0m 	at io.netty.channel.AbstractChannelHandlerContext.fireChannelRead(AbstractChannelHandlerContext.java:345)
&amp#27;[38;5;32m[AndroidUiautomator2Driver@d606 (d81b27d0)]&amp#27;[0m 	at io.netty.channel.DefaultChannelPipeline$HeadContext.channelRead(DefaultChannelPipeline.java:1294)
&amp#27;[38;5;32m[AndroidUiautomator2Driver@d606 (d81b27d0)]&amp#27;[0m 	at io.netty.channel.AbstractChannelHandlerContext.invokeChannelRead(AbstractChannelHandlerContext.java:366)
&amp#27;[38;5;32m[AndroidUiautomator2Driver@d606 (d81b27d0)]&amp#27;[0m 	at io.netty.channel.AbstractChannelHandlerContext.invokeChannelRead(AbstractChannelHandlerContext.java:352)
&amp#27;[38;5;32m[AndroidUiautomator2Driver@d606 (d81b27d0)]&amp#27;[0m 	at io.netty.channel.DefaultChannelPipeline.fireChannelRead(DefaultChannelPipeline.java:911)
&amp#27;[38;5;32m[AndroidUiautomator2Driver@d606 (d81b27d0)]&amp#27;[0m 	at io.netty.channel.nio.AbstractNioByteChannel$NioByteUnsafe.read(AbstractNioByteChannel.java:131)
&amp#27;[38;5;32m[AndroidUiautomator2Driver@d606 (d81b27d0)]&amp#27;[0m 	at io.netty.channel.nio.NioEventLoop.processSelectedKey(NioEventLoop.java:611)
&amp#27;[38;5;32m[AndroidUiautomator2Driver@d606 (d81b27d0)]&amp#27;[0m 	at io.netty.channel.nio.NioEventLoop.processSelectedKeysOptimized(NioEventLoop.java:552)
&amp#27;[38;5;32m[AndroidUiautomator2Driver@d606 (d81b27d0)]&amp#27;[0m 	at io.netty.channel.nio.NioEventLoop.processSelectedKeys(NioEventLoop.java:466)
&amp#27;[38;5;32m[AndroidUiautomator2Driver@d606 (d81b27d0)]&amp#27;[0m 	at io.netty.channel.nio.NioEventLoop.run(NioEventLoop.java:438)
&amp#27;[38;5;32m[AndroidUiautomator2Driver@d606 (d81b27d0)]&amp#27;[0m 	at io.netty.util.concurrent.SingleThreadEventExecutor$2.run(SingleThreadEventExecutor.java:140)
&amp#27;[38;5;32m[AndroidUiautomator2Driver@d606 (d81b27d0)]&amp#27;[0m 	at io.netty.util.concurrent.DefaultThreadFactory$DefaultRunnableDecorator.run(DefaultThreadFactory.java:144)
&amp#27;[38;5;32m[AndroidUiautomator2Driver@d606 (d81b27d0)]&amp#27;[0m 	at java.lang.Thread.run(Thread.java:1012)
&amp#27;[38;5;32m[AndroidUiautomator2Driver@d606 (d81b27d0)]&amp#27;[0m 
&amp#27;[38;5;0m[HTTP]&amp#27;[0m &amp#27;[37m<-- GET /session/d81b27d0-df21-4c35-ba99-cbd5317203eb/element/00000000-0000-05f2-ffff-ffff00000208/displayed &amp#27;[39m&amp#27;[33m404&amp#27;[39m &amp#27;[90m453 ms - 3985&amp#27;[39m
&amp#27;[38;5;0m[HTTP]&amp#27;[0m &amp#27;[90m&amp#27;[39m
&amp#27;[38;5;0m[HTTP]&amp#27;[0m &amp#27;[37m-->&amp#27;[39m &amp#27;[37mPOST&amp#27;[39m &amp#27;[37m/session/d81b27d0-df21-4c35-ba99-cbd5317203eb/element&amp#27;[39m
&amp#27;[38;5;0m[HTTP]&amp#27;[0m &amp#27;[90m{"using":"id","value":"com.android.permissioncontroller:id/permission_allow_foreground_only_button"}&amp#27;[39m
&amp#27;[38;5;32m[AndroidUiautomator2Driver@d606 (d81b27d0)]&amp#27;[0m Calling AppiumDriver.findElement() with args: ["id","com.android.permissioncontroller:id/permission_allow_foreground_only_button","d81b27d0-df21-4c35-ba99-cbd5317203eb"]
&amp#27;[38;5;32m[AndroidUiautomator2Driver@d606 (d81b27d0)]&amp#27;[0m Valid locator strategies for this request: xpath, id, class name, accessibility id, css selector, -android uiautomator
&amp#27;[38;5;32m[AndroidUiautomator2Driver@d606 (d81b27d0)]&amp#27;[0m Waiting up to 5000 ms for condition
&amp#27;[38;5;32m[AndroidUiautomator2Driver@d606 (d81b27d0)]&amp#27;[0m Matched '/element' to command name 'findElement'
&amp#27;[38;5;32m[AndroidUiautomator2Driver@d606 (d81b27d0)]&amp#27;[0m Proxying [POST /element] to [POST http://127.0.0.1:8209/session/c7104d6d-b578-4aea-a441-5b71d17293ac/element] with body: {"strategy":"id","selector":"com.android.permissioncontroller:id/permission_allow_foreground_only_button","context":"","multiple":false}
&amp#27;[38;5;32m[AndroidUiautomator2Driver@d606 (d81b27d0)]&amp#27;[0m Got response with status 200: {"sessionId":"c7104d6d-b578-4aea-a441-5b71d17293ac","value":{"ELEMENT":"00000000-0000-05f4-ffff-ffff0000052c","element-6066-11e4-a52e-4f735466cecf":"00000000-0000-05f4-ffff-ffff0000052c"}}
&amp#27;[38;5;32m[AndroidUiautomator2Driver@d606 (d81b27d0)]&amp#27;[0m Responding to client with driver.findElement() result: {"element-6066-11e4-a52e-4f735466cecf":"00000000-0000-05f4-ffff-ffff0000052c","ELEMENT":"00000000-0000-05f4-ffff-ffff0000052c"}
&amp#27;[38;5;0m[HTTP]&amp#27;[0m &amp#27;[37m<-- POST /session/d81b27d0-df21-4c35-ba99-cbd5317203eb/element &amp#27;[39m&amp#27;[32m200&amp#27;[39m &amp#27;[90m21 ms - 137&amp#27;[39m
&amp#27;[38;5;0m[HTTP]&amp#27;[0m &amp#27;[90m&amp#27;[39m
&amp#27;[38;5;0m[HTTP]&amp#27;[0m &amp#27;[37m-->&amp#27;[39m &amp#27;[37mGET&amp#27;[39m &amp#27;[37m/session/d81b27d0-df21-4c35-ba99-cbd5317203eb/element/00000000-0000-05f4-ffff-ffff0000052c/displayed&amp#27;[39m
&amp#27;[38;5;0m[HTTP]&amp#27;[0m &amp#27;[90m{}&amp#27;[39m
&amp#27;[38;5;32m[AndroidUiautomator2Driver@d606 (d81b27d0)]&amp#27;[0m Calling AppiumDriver.elementDisplayed() with args: ["00000000-0000-05f4-ffff-ffff0000052c","d81b27d0-df21-4c35-ba99-cbd5317203eb"]
&amp#27;[38;5;32m[AndroidUiautomator2Driver@d606 (d81b27d0)]&amp#27;[0m Matched '/element/00000000-0000-05f4-ffff-ffff0000052c/attribute/displayed' to command name 'getAttribute'
&amp#27;[38;5;32m[AndroidUiautomator2Driver@d606 (d81b27d0)]&amp#27;[0m Proxying [GET /element/00000000-0000-05f4-ffff-ffff0000052c/attribute/displayed] to [GET http://127.0.0.1:8209/session/c7104d6d-b578-4aea-a441-5b71d17293ac/element/00000000-0000-05f4-ffff-ffff0000052c/attribute/displayed] with no body
&amp#27;[38;5;32m[AndroidUiautomator2Driver@d606 (d81b27d0)]&amp#27;[0m Got response with status 200: {"sessionId":"c7104d6d-b578-4aea-a441-5b71d17293ac","value":"true"}
&amp#27;[38;5;32m[AndroidUiautomator2Driver@d606 (d81b27d0)]&amp#27;[0m Responding to client with driver.elementDisplayed() result: true
&amp#27;[38;5;0m[HTTP]&amp#27;[0m &amp#27;[37m<-- GET /session/d81b27d0-df21-4c35-ba99-cbd5317203eb/element/00000000-0000-05f4-ffff-ffff0000052c/displayed &amp#27;[39m&amp#27;[32m200&amp#27;[39m &amp#27;[90m7 ms - 14&amp#27;[39m
&amp#27;[38;5;0m[HTTP]&amp#27;[0m &amp#27;[90m&amp#27;[39m
&amp#27;[38;5;0m[HTTP]&amp#27;[0m &amp#27;[37m-->&amp#27;[39m &amp#27;[37mPOST&amp#27;[39m &amp#27;[37m/session/d81b27d0-df21-4c35-ba99-cbd5317203eb/element&amp#27;[39m
&amp#27;[38;5;0m[HTTP]&amp#27;[0m &amp#27;[90m{"using":"id","value":"com.android.permissioncontroller:id/permission_allow_foreground_only_button"}&amp#27;[39m
&amp#27;[38;5;32m[AndroidUiautomator2Driver@d606 (d81b27d0)]&amp#27;[0m Calling AppiumDriver.findElement() with args: ["id","com.android.permissioncontroller:id/permission_allow_foreground_only_button","d81b27d0-df21-4c35-ba99-cbd5317203eb"]
&amp#27;[38;5;32m[AndroidUiautomator2Driver@d606 (d81b27d0)]&amp#27;[0m Valid locator strategies for this request: xpath, id, class name, accessibility id, css selector, -android uiautomator
&amp#27;[38;5;32m[AndroidUiautomator2Driver@d606 (d81b27d0)]&amp#27;[0m Waiting up to 5000 ms for condition
&amp#27;[38;5;32m[AndroidUiautomator2Driver@d606 (d81b27d0)]&amp#27;[0m Matched '/element' to command name 'findElement'
&amp#27;[38;5;32m[AndroidUiautomator2Driver@d606 (d81b27d0)]&amp#27;[0m Proxying [POST /element] to [POST http://127.0.0.1:8209/session/c7104d6d-b578-4aea-a441-5b71d17293ac/element] with body: {"strategy":"id","selector":"com.android.permissioncontroller:id/permission_allow_foreground_only_button","context":"","multiple":false}
&amp#27;[38;5;32m[AndroidUiautomator2Driver@d606 (d81b27d0)]&amp#27;[0m Got response with status 200: {"sessionId":"c7104d6d-b578-4aea-a441-5b71d17293ac","value":{"ELEMENT":"00000000-0000-05f4-ffff-ffff0000052c","element-6066-11e4-a52e-4f735466cecf":"00000000-0000-05f4-ffff-ffff0000052c"}}
&amp#27;[38;5;32m[AndroidUiautomator2Driver@d606 (d81b27d0)]&amp#27;[0m Responding to client with driver.findElement() result: {"element-6066-11e4-a52e-4f735466cecf":"00000000-0000-05f4-ffff-ffff0000052c","ELEMENT":"00000000-0000-05f4-ffff-ffff0000052c"}
&amp#27;[38;5;0m[HTTP]&amp#27;[0m &amp#27;[37m<-- POST /session/d81b27d0-df21-4c35-ba99-cbd5317203eb/element &amp#27;[39m&amp#27;[32m200&amp#27;[39m &amp#27;[90m10 ms - 137&amp#27;[39m
&amp#27;[38;5;0m[HTTP]&amp#27;[0m &amp#27;[90m&amp#27;[39m
&amp#27;[38;5;0m[HTTP]&amp#27;[0m &amp#27;[37m-->&amp#27;[39m &amp#27;[37mPOST&amp#27;[39m &amp#27;[37m/session/d81b27d0-df21-4c35-ba99-cbd5317203eb/element/00000000-0000-05f4-ffff-ffff0000052c/click&amp#27;[39m
&amp#27;[38;5;0m[HTTP]&amp#27;[0m &amp#27;[90m{"id":"00000000-0000-05f4-ffff-ffff0000052c"}&amp#27;[39m
&amp#27;[38;5;32m[AndroidUiautomator2Driver@d606 (d81b27d0)]&amp#27;[0m Calling AppiumDriver.click() with args: ["00000000-0000-05f4-ffff-ffff0000052c","d81b27d0-df21-4c35-ba99-cbd5317203eb"]
&amp#27;[38;5;32m[AndroidUiautomator2Driver@d606 (d81b27d0)]&amp#27;[0m Matched '/element/00000000-0000-05f4-ffff-ffff0000052c/click' to command name 'click'
&amp#27;[38;5;32m[AndroidUiautomator2Driver@d606 (d81b27d0)]&amp#27;[0m Proxying [POST /element/00000000-0000-05f4-ffff-ffff0000052c/click] to [POST http://127.0.0.1:8209/session/c7104d6d-b578-4aea-a441-5b71d17293ac/element/00000000-0000-05f4-ffff-ffff0000052c/click] with body: {"element":"00000000-0000-05f4-ffff-ffff0000052c"}
&amp#27;[38;5;32m[AndroidUiautomator2Driver@d606 (d81b27d0)]&amp#27;[0m Got response with status 200: {"sessionId":"c7104d6d-b578-4aea-a441-5b71d17293ac","value":null}
&amp#27;[38;5;32m[AndroidUiautomator2Driver@d606 (d81b27d0)]&amp#27;[0m Responding to client with driver.click() result: null
&amp#27;[38;5;0m[HTTP]&amp#27;[0m &amp#27;[37m<-- POST /session/d81b27d0-df21-4c35-ba99-cbd5317203eb/element/00000000-0000-05f4-ffff-ffff0000052c/click &amp#27;[39m&amp#27;[32m200&amp#27;[39m &amp#27;[90m660 ms - 14&amp#27;[39m
&amp#27;[38;5;0m[HTTP]&amp#27;[0m &amp#27;[90m&amp#27;[39m
&amp#27;[38;5;0m[HTTP]&amp#27;[0m &amp#27;[37m-->&amp#27;[39m &amp#27;[37mPOST&amp#27;[39m &amp#27;[37m/session/d81b27d0-df21-4c35-ba99-cbd5317203eb/element&amp#27;[39m
&amp#27;[38;5;0m[HTTP]&amp#27;[0m &amp#27;[90m{"using":"id","value":"com.android.permissioncontroller:id/permission_allow_foreground_only_button"}&amp#27;[39m
&amp#27;[38;5;32m[AndroidUiautomator2Driver@d606 (d81b27d0)]&amp#27;[0m Calling AppiumDriver.findElement() with args: ["id","com.android.permissioncontroller:id/permission_allow_foreground_only_button","d81b27d0-df21-4c35-ba99-cbd5317203eb"]
&amp#27;[38;5;32m[AndroidUiautomator2Driver@d606 (d81b27d0)]&amp#27;[0m Valid locator strategies for this request: xpath, id, class name, accessibility id, css selector, -android uiautomator
&amp#27;[38;5;32m[AndroidUiautomator2Driver@d606 (d81b27d0)]&amp#27;[0m Waiting up to 5000 ms for condition
&amp#27;[38;5;32m[AndroidUiautomator2Driver@d606 (d81b27d0)]&amp#27;[0m Matched '/element' to command name 'findElement'
&amp#27;[38;5;32m[AndroidUiautomator2Driver@d606 (d81b27d0)]&amp#27;[0m Proxying [POST /element] to [POST http://127.0.0.1:8209/session/c7104d6d-b578-4aea-a441-5b71d17293ac/element] with body: {"strategy":"id","selector":"com.android.permissioncontroller:id/permission_allow_foreground_only_button","context":"","multiple":false}
&amp#27;[38;5;32m[AndroidUiautomator2Driver@d606 (d81b27d0)]&amp#27;[0m Got response with status 404: {"sessionId":"c7104d6d-b578-4aea-a441-5b71d17293ac","value":{"error":"no such element","message":"An element could not be located on the page using the given search parameters","stacktrace":"io.appium.uiautomator2.common.exceptions.ElementNotFoundException: An element could not be located on the page using the given search parameters\n\tat io.appium.uiautomator2.handler.FindElement.safeHandle(FindElement.java:63)\n\tat io.appium.uiautomator2.handler.request.SafeRequestHandler.handle(SafeRequestHandler.java:59)\n\tat io.appium.uiautomator2.server.AppiumServlet.handleRequest(AppiumServlet.java:277)\n\tat io.appium.uiautomator2.server.AppiumServlet.handleHttpRequest(AppiumServlet.java:271)\n\tat io.appium.uiautomator2.http.ServerHandler.channelRead(ServerHandler.java:77)\n\tat io.netty.channel.AbstractChannelHandlerContext.invokeChannelRead(AbstractChannelHandlerContext.java:366)\n\tat io.netty.channel.AbstractChannelHandlerContext.invokeChannelRead(AbstractChannelHandlerContext.java:352)\n\tat io.netty.chann...
&amp#27;[38;5;128m[W3C]&amp#27;[0m Matched W3C error code 'no such element' to NoSuchElementError
&amp#27;[38;5;32m[AndroidUiautomator2Driver@d606 (d81b27d0)]&amp#27;[0m Waited for 43 ms so far
&amp#27;[38;5;32m[AndroidUiautomator2Driver@d606 (d81b27d0)]&amp#27;[0m Matched '/element' to command name 'findElement'
&amp#27;[38;5;32m[AndroidUiautomator2Driver@d606 (d81b27d0)]&amp#27;[0m Proxying [POST /element] to [POST http://127.0.0.1:8209/session/c7104d6d-b578-4aea-a441-5b71d17293ac/element] with body: {"strategy":"id","selector":"com.android.permissioncontroller:id/permission_allow_foreground_only_button","context":"","multiple":false}
&amp#27;[38;5;32m[AndroidUiautomator2Driver@d606 (d81b27d0)]&amp#27;[0m Got response with status 404: {"sessionId":"c7104d6d-b578-4aea-a441-5b71d17293ac","value":{"error":"no such element","message":"An element could not be located on the page using the given search parameters","stacktrace":"io.appium.uiautomator2.common.exceptions.ElementNotFoundException: An element could not be located on the page using the given search parameters\n\tat io.appium.uiautomator2.handler.FindElement.safeHandle(FindElement.java:63)\n\tat io.appium.uiautomator2.handler.request.SafeRequestHandler.handle(SafeRequestHandler.java:59)\n\tat io.appium.uiautomator2.server.AppiumServlet.handleRequest(AppiumServlet.java:277)\n\tat io.appium.uiautomator2.server.AppiumServlet.handleHttpRequest(AppiumServlet.java:271)\n\tat io.appium.uiautomator2.http.ServerHandler.channelRead(ServerHandler.java:77)\n\tat io.netty.channel.AbstractChannelHandlerContext.invokeChannelRead(AbstractChannelHandlerContext.java:366)\n\tat io.netty.channel.AbstractChannelHandlerContext.invokeChannelRead(AbstractChannelHandlerContext.java:352)\n\tat io.netty.chann...
&amp#27;[38;5;128m[W3C]&amp#27;[0m Matched W3C error code 'no such element' to NoSuchElementError
&amp#27;[38;5;32m[AndroidUiautomator2Driver@d606 (d81b27d0)]&amp#27;[0m Waited for 589 ms so far
&amp#27;[38;5;32m[AndroidUiautomator2Driver@d606 (d81b27d0)]&amp#27;[0m Matched '/element' to command name 'findElement'
&amp#27;[38;5;32m[AndroidUiautomator2Driver@d606 (d81b27d0)]&amp#27;[0m Proxying [POST /element] to [POST http://127.0.0.1:8209/session/c7104d6d-b578-4aea-a441-5b71d17293ac/element] with body: {"strategy":"id","selector":"com.android.permissioncontroller:id/permission_allow_foreground_only_button","context":"","multiple":false}
&amp#27;[38;5;32m[AndroidUiautomator2Driver@d606 (d81b27d0)]&amp#27;[0m Got response with status 404: {"sessionId":"c7104d6d-b578-4aea-a441-5b71d17293ac","value":{"error":"no such element","message":"An element could not be located on the page using the given search parameters","stacktrace":"io.appium.uiautomator2.common.exceptions.ElementNotFoundException: An element could not be located on the page using the given search parameters\n\tat io.appium.uiautomator2.handler.FindElement.safeHandle(FindElement.java:63)\n\tat io.appium.uiautomator2.handler.request.SafeRequestHandler.handle(SafeRequestHandler.java:59)\n\tat io.appium.uiautomator2.server.AppiumServlet.handleRequest(AppiumServlet.java:277)\n\tat io.appium.uiautomator2.server.AppiumServlet.handleHttpRequest(AppiumServlet.java:271)\n\tat io.appium.uiautomator2.http.ServerHandler.channelRead(ServerHandler.java:77)\n\tat io.netty.channel.AbstractChannelHandlerContext.invokeChannelRead(AbstractChannelHandlerContext.java:366)\n\tat io.netty.channel.AbstractChannelHandlerContext.invokeChannelRead(AbstractChannelHandlerContext.java:352)\n\tat io.netty.chann...
&amp#27;[38;5;128m[W3C]&amp#27;[0m Matched W3C error code 'no such element' to NoSuchElementError
&amp#27;[38;5;32m[AndroidUiautomator2Driver@d606 (d81b27d0)]&amp#27;[0m Waited for 1141 ms so far
&amp#27;[38;5;32m[AndroidUiautomator2Driver@d606 (d81b27d0)]&amp#27;[0m Matched '/element' to command name 'findElement'
&amp#27;[38;5;32m[AndroidUiautomator2Driver@d606 (d81b27d0)]&amp#27;[0m Proxying [POST /element] to [POST http://127.0.0.1:8209/session/c7104d6d-b578-4aea-a441-5b71d17293ac/element] with body: {"strategy":"id","selector":"com.android.permissioncontroller:id/permission_allow_foreground_only_button","context":"","multiple":false}
&amp#27;[38;5;32m[AndroidUiautomator2Driver@d606 (d81b27d0)]&amp#27;[0m Got response with status 404: {"sessionId":"c7104d6d-b578-4aea-a441-5b71d17293ac","value":{"error":"no such element","message":"An element could not be located on the page using the given search parameters","stacktrace":"io.appium.uiautomator2.common.exceptions.ElementNotFoundException: An element could not be located on the page using the given search parameters\n\tat io.appium.uiautomator2.handler.FindElement.safeHandle(FindElement.java:63)\n\tat io.appium.uiautomator2.handler.request.SafeRequestHandler.handle(SafeRequestHandler.java:59)\n\tat io.appium.uiautomator2.server.AppiumServlet.handleRequest(AppiumServlet.java:277)\n\tat io.appium.uiautomator2.server.AppiumServlet.handleHttpRequest(AppiumServlet.java:271)\n\tat io.appium.uiautomator2.http.ServerHandler.channelRead(ServerHandler.java:77)\n\tat io.netty.channel.AbstractChannelHandlerContext.invokeChannelRead(AbstractChannelHandlerContext.java:366)\n\tat io.netty.channel.AbstractChannelHandlerContext.invokeChannelRead(AbstractChannelHandlerContext.java:352)\n\tat io.netty.chann...
&amp#27;[38;5;128m[W3C]&amp#27;[0m Matched W3C error code 'no such element' to NoSuchElementError
&amp#27;[38;5;32m[AndroidUiautomator2Driver@d606 (d81b27d0)]&amp#27;[0m Waited for 1685 ms so far
&amp#27;[38;5;32m[AndroidUiautomator2Driver@d606 (d81b27d0)]&amp#27;[0m Matched '/element' to command name 'findElement'
&amp#27;[38;5;32m[AndroidUiautomator2Driver@d606 (d81b27d0)]&amp#27;[0m Proxying [POST /element] to [POST http://127.0.0.1:8209/session/c7104d6d-b578-4aea-a441-5b71d17293ac/element] with body: {"strategy":"id","selector":"com.android.permissioncontroller:id/permission_allow_foreground_only_button","context":"","multiple":false}
&amp#27;[38;5;32m[AndroidUiautomator2Driver@d606 (d81b27d0)]&amp#27;[0m Got response with status 404: {"sessionId":"c7104d6d-b578-4aea-a441-5b71d17293ac","value":{"error":"no such element","message":"An element could not be located on the page using the given search parameters","stacktrace":"io.appium.uiautomator2.common.exceptions.ElementNotFoundException: An element could not be located on the page using the given search parameters\n\tat io.appium.uiautomator2.handler.FindElement.safeHandle(FindElement.java:63)\n\tat io.appium.uiautomator2.handler.request.SafeRequestHandler.handle(SafeRequestHandler.java:59)\n\tat io.appium.uiautomator2.server.AppiumServlet.handleRequest(AppiumServlet.java:277)\n\tat io.appium.uiautomator2.server.AppiumServlet.handleHttpRequest(AppiumServlet.java:271)\n\tat io.appium.uiautomator2.http.ServerHandler.channelRead(ServerHandler.java:77)\n\tat io.netty.channel.AbstractChannelHandlerContext.invokeChannelRead(AbstractChannelHandlerContext.java:366)\n\tat io.netty.channel.AbstractChannelHandlerContext.invokeChannelRead(AbstractChannelHandlerContext.java:352)\n\tat io.netty.chann...
&amp#27;[38;5;128m[W3C]&amp#27;[0m Matched W3C error code 'no such element' to NoSuchElementError
&amp#27;[38;5;32m[AndroidUiautomator2Driver@d606 (d81b27d0)]&amp#27;[0m Waited for 2214 ms so far
&amp#27;[38;5;32m[AndroidUiautomator2Driver@d606 (d81b27d0)]&amp#27;[0m Matched '/element' to command name 'findElement'
&amp#27;[38;5;32m[AndroidUiautomator2Driver@d606 (d81b27d0)]&amp#27;[0m Proxying [POST /element] to [POST http://127.0.0.1:8209/session/c7104d6d-b578-4aea-a441-5b71d17293ac/element] with body: {"strategy":"id","selector":"com.android.permissioncontroller:id/permission_allow_foreground_only_button","context":"","multiple":false}
&amp#27;[38;5;32m[AndroidUiautomator2Driver@d606 (d81b27d0)]&amp#27;[0m Got response with status 404: {"sessionId":"c7104d6d-b578-4aea-a441-5b71d17293ac","value":{"error":"no such element","message":"An element could not be located on the page using the given search parameters","stacktrace":"io.appium.uiautomator2.common.exceptions.ElementNotFoundException: An element could not be located on the page using the given search parameters\n\tat io.appium.uiautomator2.handler.FindElement.safeHandle(FindElement.java:63)\n\tat io.appium.uiautomator2.handler.request.SafeRequestHandler.handle(SafeRequestHandler.java:59)\n\tat io.appium.uiautomator2.server.AppiumServlet.handleRequest(AppiumServlet.java:277)\n\tat io.appium.uiautomator2.server.AppiumServlet.handleHttpRequest(AppiumServlet.java:271)\n\tat io.appium.uiautomator2.http.ServerHandler.channelRead(ServerHandler.java:77)\n\tat io.netty.channel.AbstractChannelHandlerContext.invokeChannelRead(AbstractChannelHandlerContext.java:366)\n\tat io.netty.channel.AbstractChannelHandlerContext.invokeChannelRead(AbstractChannelHandlerContext.java:352)\n\tat io.netty.chann...
&amp#27;[38;5;128m[W3C]&amp#27;[0m Matched W3C error code 'no such element' to NoSuchElementError
&amp#27;[38;5;32m[AndroidUiautomator2Driver@d606 (d81b27d0)]&amp#27;[0m Waited for 2756 ms so far
&amp#27;[38;5;32m[AndroidUiautomator2Driver@d606 (d81b27d0)]&amp#27;[0m Matched '/element' to command name 'findElement'
&amp#27;[38;5;32m[AndroidUiautomator2Driver@d606 (d81b27d0)]&amp#27;[0m Proxying [POST /element] to [POST http://127.0.0.1:8209/session/c7104d6d-b578-4aea-a441-5b71d17293ac/element] with body: {"strategy":"id","selector":"com.android.permissioncontroller:id/permission_allow_foreground_only_button","context":"","multiple":false}
&amp#27;[38;5;32m[AndroidUiautomator2Driver@d606 (d81b27d0)]&amp#27;[0m Got response with status 404: {"sessionId":"c7104d6d-b578-4aea-a441-5b71d17293ac","value":{"error":"no such element","message":"An element could not be located on the page using the given search parameters","stacktrace":"io.appium.uiautomator2.common.exceptions.ElementNotFoundException: An element could not be located on the page using the given search parameters\n\tat io.appium.uiautomator2.handler.FindElement.safeHandle(FindElement.java:63)\n\tat io.appium.uiautomator2.handler.request.SafeRequestHandler.handle(SafeRequestHandler.java:59)\n\tat io.appium.uiautomator2.server.AppiumServlet.handleRequest(AppiumServlet.java:277)\n\tat io.appium.uiautomator2.server.AppiumServlet.handleHttpRequest(AppiumServlet.java:271)\n\tat io.appium.uiautomator2.http.ServerHandler.channelRead(ServerHandler.java:77)\n\tat io.netty.channel.AbstractChannelHandlerContext.invokeChannelRead(AbstractChannelHandlerContext.java:366)\n\tat io.netty.channel.AbstractChannelHandlerContext.invokeChannelRead(AbstractChannelHandlerContext.java:352)\n\tat io.netty.chann...
&amp#27;[38;5;128m[W3C]&amp#27;[0m Matched W3C error code 'no such element' to NoSuchElementError
&amp#27;[38;5;32m[AndroidUiautomator2Driver@d606 (d81b27d0)]&amp#27;[0m Waited for 3309 ms so far
&amp#27;[38;5;32m[AndroidUiautomator2Driver@d606 (d81b27d0)]&amp#27;[0m Matched '/element' to command name 'findElement'
&amp#27;[38;5;32m[AndroidUiautomator2Driver@d606 (d81b27d0)]&amp#27;[0m Proxying [POST /element] to [POST http://127.0.0.1:8209/session/c7104d6d-b578-4aea-a441-5b71d17293ac/element] with body: {"strategy":"id","selector":"com.android.permissioncontroller:id/permission_allow_foreground_only_button","context":"","multiple":false}
&amp#27;[38;5;32m[AndroidUiautomator2Driver@d606 (d81b27d0)]&amp#27;[0m Got response with status 404: {"sessionId":"c7104d6d-b578-4aea-a441-5b71d17293ac","value":{"error":"no such element","message":"An element could not be located on the page using the given search parameters","stacktrace":"io.appium.uiautomator2.common.exceptions.ElementNotFoundException: An element could not be located on the page using the given search parameters\n\tat io.appium.uiautomator2.handler.FindElement.safeHandle(FindElement.java:63)\n\tat io.appium.uiautomator2.handler.request.SafeRequestHandler.handle(SafeRequestHandler.java:59)\n\tat io.appium.uiautomator2.server.AppiumServlet.handleRequest(AppiumServlet.java:277)\n\tat io.appium.uiautomator2.server.AppiumServlet.handleHttpRequest(AppiumServlet.java:271)\n\tat io.appium.uiautomator2.http.ServerHandler.channelRead(ServerHandler.java:77)\n\tat io.netty.channel.AbstractChannelHandlerContext.invokeChannelRead(AbstractChannelHandlerContext.java:366)\n\tat io.netty.channel.AbstractChannelHandlerContext.invokeChannelRead(AbstractChannelHandlerContext.java:352)\n\tat io.netty.chann...
&amp#27;[38;5;128m[W3C]&amp#27;[0m Matched W3C error code 'no such element' to NoSuchElementError
&amp#27;[38;5;32m[AndroidUiautomator2Driver@d606 (d81b27d0)]&amp#27;[0m Waited for 3852 ms so far
&amp#27;[38;5;32m[AndroidUiautomator2Driver@d606 (d81b27d0)]&amp#27;[0m Matched '/element' to command name 'findElement'
&amp#27;[38;5;32m[AndroidUiautomator2Driver@d606 (d81b27d0)]&amp#27;[0m Proxying [POST /element] to [POST http://127.0.0.1:8209/session/c7104d6d-b578-4aea-a441-5b71d17293ac/element] with body: {"strategy":"id","selector":"com.android.permissioncontroller:id/permission_allow_foreground_only_button","context":"","multiple":false}
&amp#27;[38;5;32m[AndroidUiautomator2Driver@d606 (d81b27d0)]&amp#27;[0m Got response with status 404: {"sessionId":"c7104d6d-b578-4aea-a441-5b71d17293ac","value":{"error":"no such element","message":"An element could not be located on the page using the given search parameters","stacktrace":"io.appium.uiautomator2.common.exceptions.ElementNotFoundException: An element could not be located on the page using the given search parameters\n\tat io.appium.uiautomator2.handler.FindElement.safeHandle(FindElement.java:63)\n\tat io.appium.uiautomator2.handler.request.SafeRequestHandler.handle(SafeRequestHandler.java:59)\n\tat io.appium.uiautomator2.server.AppiumServlet.handleRequest(AppiumServlet.java:277)\n\tat io.appium.uiautomator2.server.AppiumServlet.handleHttpRequest(AppiumServlet.java:271)\n\tat io.appium.uiautomator2.http.ServerHandler.channelRead(ServerHandler.java:77)\n\tat io.netty.channel.AbstractChannelHandlerContext.invokeChannelRead(AbstractChannelHandlerContext.java:366)\n\tat io.netty.channel.AbstractChannelHandlerContext.invokeChannelRead(AbstractChannelHandlerContext.java:352)\n\tat io.netty.chann...
&amp#27;[38;5;128m[W3C]&amp#27;[0m Matched W3C error code 'no such element' to NoSuchElementError
&amp#27;[38;5;32m[AndroidUiautomator2Driver@d606 (d81b27d0)]&amp#27;[0m Waited for 4392 ms so far
&amp#27;[38;5;32m[AndroidUiautomator2Driver@d606 (d81b27d0)]&amp#27;[0m Matched '/element' to command name 'findElement'
&amp#27;[38;5;32m[AndroidUiautomator2Driver@d606 (d81b27d0)]&amp#27;[0m Proxying [POST /element] to [POST http://127.0.0.1:8209/session/c7104d6d-b578-4aea-a441-5b71d17293ac/element] with body: {"strategy":"id","selector":"com.android.permissioncontroller:id/permission_allow_foreground_only_button","context":"","multiple":false}
&amp#27;[38;5;32m[AndroidUiautomator2Driver@d606 (d81b27d0)]&amp#27;[0m Got response with status 404: {"sessionId":"c7104d6d-b578-4aea-a441-5b71d17293ac","value":{"error":"no such element","message":"An element could not be located on the page using the given search parameters","stacktrace":"io.appium.uiautomator2.common.exceptions.ElementNotFoundException: An element could not be located on the page using the given search parameters\n\tat io.appium.uiautomator2.handler.FindElement.safeHandle(FindElement.java:63)\n\tat io.appium.uiautomator2.handler.request.SafeRequestHandler.handle(SafeRequestHandler.java:59)\n\tat io.appium.uiautomator2.server.AppiumServlet.handleRequest(AppiumServlet.java:277)\n\tat io.appium.uiautomator2.server.AppiumServlet.handleHttpRequest(AppiumServlet.java:271)\n\tat io.appium.uiautomator2.http.ServerHandler.channelRead(ServerHandler.java:77)\n\tat io.netty.channel.AbstractChannelHandlerContext.invokeChannelRead(AbstractChannelHandlerContext.java:366)\n\tat io.netty.channel.AbstractChannelHandlerContext.invokeChannelRead(AbstractChannelHandlerContext.java:352)\n\tat io.netty.chann...
&amp#27;[38;5;128m[W3C]&amp#27;[0m Matched W3C error code 'no such element' to NoSuchElementError
&amp#27;[38;5;32m[AndroidUiautomator2Driver@d606 (d81b27d0)]&amp#27;[0m Waited for 4942 ms so far
&amp#27;[38;5;32m[AndroidUiautomator2Driver@d606 (d81b27d0)]&amp#27;[0m Matched '/element' to command name 'findElement'
&amp#27;[38;5;32m[AndroidUiautomator2Driver@d606 (d81b27d0)]&amp#27;[0m Proxying [POST /element] to [POST http://127.0.0.1:8209/session/c7104d6d-b578-4aea-a441-5b71d17293ac/element] with body: {"strategy":"id","selector":"com.android.permissioncontroller:id/permission_allow_foreground_only_button","context":"","multiple":false}
&amp#27;[38;5;32m[AndroidUiautomator2Driver@d606 (d81b27d0)]&amp#27;[0m Got response with status 404: {"sessionId":"c7104d6d-b578-4aea-a441-5b71d17293ac","value":{"error":"no such element","message":"An element could not be located on the page using the given search parameters","stacktrace":"io.appium.uiautomator2.common.exceptions.ElementNotFoundException: An element could not be located on the page using the given search parameters\n\tat io.appium.uiautomator2.handler.FindElement.safeHandle(FindElement.java:63)\n\tat io.appium.uiautomator2.handler.request.SafeRequestHandler.handle(SafeRequestHandler.java:59)\n\tat io.appium.uiautomator2.server.AppiumServlet.handleRequest(AppiumServlet.java:277)\n\tat io.appium.uiautomator2.server.AppiumServlet.handleHttpRequest(AppiumServlet.java:271)\n\tat io.appium.uiautomator2.http.ServerHandler.channelRead(ServerHandler.java:77)\n\tat io.netty.channel.AbstractChannelHandlerContext.invokeChannelRead(AbstractChannelHandlerContext.java:366)\n\tat io.netty.channel.AbstractChannelHandlerContext.invokeChannelRead(AbstractChannelHandlerContext.java:352)\n\tat io.netty.chann...
&amp#27;[38;5;128m[W3C]&amp#27;[0m Matched W3C error code 'no such element' to NoSuchElementError
&amp#27;[38;5;32m[AndroidUiautomator2Driver@d606 (d81b27d0)]&amp#27;[0m Encountered internal error running command: NoSuchElementError: An element could not be located on the page using the given search parameters.
&amp#27;[38;5;32m[AndroidUiautomator2Driver@d606 (d81b27d0)]&amp#27;[0m     at AndroidUiautomator2Driver.findElOrEls (C:\Users\bungh\node_modules\appium-uiautomator2-driver\node_modules\appium-android-driver\lib\commands\find.ts:87:11)
&amp#27;[38;5;32m[AndroidUiautomator2Driver@d606 (d81b27d0)]&amp#27;[0m     at processTicksAndRejections (node:internal/process/task_queues:95:5)
&amp#27;[38;5;32m[AndroidUiautomator2Driver@d606 (d81b27d0)]&amp#27;[0m     at AndroidUiautomator2Driver.findElOrElsWithProcessing (C:\Users\bungh\node_modules\@appium\base-driver\lib\basedriver\commands\find.ts:60:12)
&amp#27;[38;5;32m[AndroidUiautomator2Driver@d606 (d81b27d0)]&amp#27;[0m     at AndroidUiautomator2Driver.findElement (C:\Users\bungh\node_modules\@appium\base-driver\lib\basedriver\commands\find.ts:75:12)
&amp#27;[38;5;0m[HTTP]&amp#27;[0m &amp#27;[37m<-- POST /session/d81b27d0-df21-4c35-ba99-cbd5317203eb/element &amp#27;[39m&amp#27;[33m404&amp#27;[39m &amp#27;[90m5050 ms - 791&amp#27;[39m
&amp#27;[38;5;0m[HTTP]&amp#27;[0m &amp#27;[90m&amp#27;[39m
&amp#27;[38;5;0m[HTTP]&amp#27;[0m &amp#27;[37m-->&amp#27;[39m &amp#27;[37mGET&amp#27;[39m &amp#27;[37m/session/d81b27d0-df21-4c35-ba99-cbd5317203eb/context&amp#27;[39m
&amp#27;[38;5;0m[HTTP]&amp#27;[0m &amp#27;[90m{}&amp#27;[39m
&amp#27;[38;5;32m[AndroidUiautomator2Driver@d606 (d81b27d0)]&amp#27;[0m Calling AppiumDriver.getCurrentContext() with args: ["d81b27d0-df21-4c35-ba99-cbd5317203eb"]
&amp#27;[38;5;32m[AndroidUiautomator2Driver@d606 (d81b27d0)]&amp#27;[0m Responding to client with driver.getCurrentContext() result: "NATIVE_APP"
&amp#27;[38;5;0m[HTTP]&amp#27;[0m &amp#27;[37m<-- GET /session/d81b27d0-df21-4c35-ba99-cbd5317203eb/context &amp#27;[39m&amp#27;[32m200&amp#27;[39m &amp#27;[90m1 ms - 22&amp#27;[39m
&amp#27;[38;5;0m[HTTP]&amp#27;[0m &amp#27;[90m&amp#27;[39m
&amp#27;[38;5;0m[HTTP]&amp#27;[0m &amp#27;[37m-->&amp#27;[39m &amp#27;[37mPOST&amp#27;[39m &amp#27;[37m/session/d81b27d0-df21-4c35-ba99-cbd5317203eb/element&amp#27;[39m
&amp#27;[38;5;0m[HTTP]&amp#27;[0m &amp#27;[90m{"using":"id","value":"com.fivemobile.thescore:id/search_bar_placeholder"}&amp#27;[39m
&amp#27;[38;5;32m[AndroidUiautomator2Driver@d606 (d81b27d0)]&amp#27;[0m Calling AppiumDriver.findElement() with args: ["id","com.fivemobile.thescore:id/search_bar_placeholder","d81b27d0-df21-4c35-ba99-cbd5317203eb"]
&amp#27;[38;5;32m[AndroidUiautomator2Driver@d606 (d81b27d0)]&amp#27;[0m Valid locator strategies for this request: xpath, id, class name, accessibility id, css selector, -android uiautomator
&amp#27;[38;5;32m[AndroidUiautomator2Driver@d606 (d81b27d0)]&amp#27;[0m Waiting up to 5000 ms for condition
&amp#27;[38;5;32m[AndroidUiautomator2Driver@d606 (d81b27d0)]&amp#27;[0m Matched '/element' to command name 'findElement'
&amp#27;[38;5;32m[AndroidUiautomator2Driver@d606 (d81b27d0)]&amp#27;[0m Proxying [POST /element] to [POST http://127.0.0.1:8209/session/c7104d6d-b578-4aea-a441-5b71d17293ac/element] with body: {"strategy":"id","selector":"com.fivemobile.thescore:id/search_bar_placeholder","context":"","multiple":false}
&amp#27;[38;5;32m[AndroidUiautomator2Driver@d606 (d81b27d0)]&amp#27;[0m Got response with status 200: {"sessionId":"c7104d6d-b578-4aea-a441-5b71d17293ac","value":{"ELEMENT":"00000000-0000-05f1-ffff-ffff00000096","element-6066-11e4-a52e-4f735466cecf":"00000000-0000-05f1-ffff-ffff00000096"}}
&amp#27;[38;5;32m[AndroidUiautomator2Driver@d606 (d81b27d0)]&amp#27;[0m Responding to client with driver.findElement() result: {"element-6066-11e4-a52e-4f735466cecf":"00000000-0000-05f1-ffff-ffff00000096","ELEMENT":"00000000-0000-05f1-ffff-ffff00000096"}
&amp#27;[38;5;0m[HTTP]&amp#27;[0m &amp#27;[37m<-- POST /session/d81b27d0-df21-4c35-ba99-cbd5317203eb/element &amp#27;[39m&amp#27;[32m200&amp#27;[39m &amp#27;[90m12 ms - 137&amp#27;[39m
&amp#27;[38;5;0m[HTTP]&amp#27;[0m &amp#27;[90m&amp#27;[39m
&amp#27;[38;5;0m[HTTP]&amp#27;[0m &amp#27;[37m-->&amp#27;[39m &amp#27;[37mPOST&amp#27;[39m &amp#27;[37m/session/d81b27d0-df21-4c35-ba99-cbd5317203eb/element/00000000-0000-05f1-ffff-ffff00000096/click&amp#27;[39m
&amp#27;[38;5;0m[HTTP]&amp#27;[0m &amp#27;[90m{"id":"00000000-0000-05f1-ffff-ffff00000096"}&amp#27;[39m
&amp#27;[38;5;32m[AndroidUiautomator2Driver@d606 (d81b27d0)]&amp#27;[0m Calling AppiumDriver.click() with args: ["00000000-0000-05f1-ffff-ffff00000096","d81b27d0-df21-4c35-ba99-cbd5317203eb"]
&amp#27;[38;5;32m[AndroidUiautomator2Driver@d606 (d81b27d0)]&amp#27;[0m Matched '/element/00000000-0000-05f1-ffff-ffff00000096/click' to command name 'click'
&amp#27;[38;5;32m[AndroidUiautomator2Driver@d606 (d81b27d0)]&amp#27;[0m Proxying [POST /element/00000000-0000-05f1-ffff-ffff00000096/click] to [POST http://127.0.0.1:8209/session/c7104d6d-b578-4aea-a441-5b71d17293ac/element/00000000-0000-05f1-ffff-ffff00000096/click] with body: {"element":"00000000-0000-05f1-ffff-ffff00000096"}
&amp#27;[38;5;32m[AndroidUiautomator2Driver@d606 (d81b27d0)]&amp#27;[0m Got response with status 200: {"sessionId":"c7104d6d-b578-4aea-a441-5b71d17293ac","value":null}
&amp#27;[38;5;32m[AndroidUiautomator2Driver@d606 (d81b27d0)]&amp#27;[0m Responding to client with driver.click() result: null
&amp#27;[38;5;0m[HTTP]&amp#27;[0m &amp#27;[37m<-- POST /session/d81b27d0-df21-4c35-ba99-cbd5317203eb/element/00000000-0000-05f1-ffff-ffff00000096/click &amp#27;[39m&amp#27;[32m200&amp#27;[39m &amp#27;[90m44 ms - 14&amp#27;[39m
&amp#27;[38;5;0m[HTTP]&amp#27;[0m &amp#27;[90m&amp#27;[39m
&amp#27;[38;5;0m[HTTP]&amp#27;[0m &amp#27;[37m-->&amp#27;[39m &amp#27;[37mGET&amp#27;[39m &amp#27;[37m/session/d81b27d0-df21-4c35-ba99-cbd5317203eb/context&amp#27;[39m
&amp#27;[38;5;0m[HTTP]&amp#27;[0m &amp#27;[90m{}&amp#27;[39m
&amp#27;[38;5;32m[AndroidUiautomator2Driver@d606 (d81b27d0)]&amp#27;[0m Calling AppiumDriver.getCurrentContext() with args: ["d81b27d0-df21-4c35-ba99-cbd5317203eb"]
&amp#27;[38;5;32m[AndroidUiautomator2Driver@d606 (d81b27d0)]&amp#27;[0m Responding to client with driver.getCurrentContext() result: "NATIVE_APP"
&amp#27;[38;5;0m[HTTP]&amp#27;[0m &amp#27;[37m<-- GET /session/d81b27d0-df21-4c35-ba99-cbd5317203eb/context &amp#27;[39m&amp#27;[32m200&amp#27;[39m &amp#27;[90m1 ms - 22&amp#27;[39m
&amp#27;[38;5;0m[HTTP]&amp#27;[0m &amp#27;[90m&amp#27;[39m
&amp#27;[38;5;0m[HTTP]&amp#27;[0m &amp#27;[37m-->&amp#27;[39m &amp#27;[37mPOST&amp#27;[39m &amp#27;[37m/session/d81b27d0-df21-4c35-ba99-cbd5317203eb/element&amp#27;[39m
&amp#27;[38;5;0m[HTTP]&amp#27;[0m &amp#27;[90m{"using":"class name","value":"android.widget.Switch"}&amp#27;[39m
&amp#27;[38;5;32m[AndroidUiautomator2Driver@d606 (d81b27d0)]&amp#27;[0m Calling AppiumDriver.findElement() with args: ["class name","android.widget.Switch","d81b27d0-df21-4c35-ba99-cbd5317203eb"]
&amp#27;[38;5;32m[AndroidUiautomator2Driver@d606 (d81b27d0)]&amp#27;[0m Valid locator strategies for this request: xpath, id, class name, accessibility id, css selector, -android uiautomator
&amp#27;[38;5;32m[AndroidUiautomator2Driver@d606 (d81b27d0)]&amp#27;[0m Waiting up to 5000 ms for condition
&amp#27;[38;5;32m[AndroidUiautomator2Driver@d606 (d81b27d0)]&amp#27;[0m Matched '/element' to command name 'findElement'
&amp#27;[38;5;32m[AndroidUiautomator2Driver@d606 (d81b27d0)]&amp#27;[0m Proxying [POST /element] to [POST http://127.0.0.1:8209/session/c7104d6d-b578-4aea-a441-5b71d17293ac/element] with body: {"strategy":"class name","selector":"android.widget.Switch","context":"","multiple":false}
&amp#27;[38;5;32m[AndroidUiautomator2Driver@d606 (d81b27d0)]&amp#27;[0m Got response with status 200: {"sessionId":"c7104d6d-b578-4aea-a441-5b71d17293ac","value":{"ELEMENT":"00000000-0000-05f1-ffff-ffff00000124","element-6066-11e4-a52e-4f735466cecf":"00000000-0000-05f1-ffff-ffff00000124"}}
&amp#27;[38;5;32m[AndroidUiautomator2Driver@d606 (d81b27d0)]&amp#27;[0m Responding to client with driver.findElement() result: {"element-6066-11e4-a52e-4f735466cecf":"00000000-0000-05f1-ffff-ffff00000124","ELEMENT":"00000000-0000-05f1-ffff-ffff00000124"}
&amp#27;[38;5;0m[HTTP]&amp#27;[0m &amp#27;[37m<-- POST /session/d81b27d0-df21-4c35-ba99-cbd5317203eb/element &amp#27;[39m&amp#27;[32m200&amp#27;[39m &amp#27;[90m1112 ms - 137&amp#27;[39m
&amp#27;[38;5;0m[HTTP]&amp#27;[0m &amp#27;[90m&amp#27;[39m
&amp#27;[38;5;0m[HTTP]&amp#27;[0m &amp#27;[37m-->&amp#27;[39m &amp#27;[37mPOST&amp#27;[39m &amp#27;[37m/session/d81b27d0-df21-4c35-ba99-cbd5317203eb/element/00000000-0000-05f1-ffff-ffff00000124/click&amp#27;[39m
&amp#27;[38;5;0m[HTTP]&amp#27;[0m &amp#27;[90m{"id":"00000000-0000-05f1-ffff-ffff00000124"}&amp#27;[39m
&amp#27;[38;5;32m[AndroidUiautomator2Driver@d606 (d81b27d0)]&amp#27;[0m Calling AppiumDriver.click() with args: ["00000000-0000-05f1-ffff-ffff00000124","d81b27d0-df21-4c35-ba99-cbd5317203eb"]
&amp#27;[38;5;32m[AndroidUiautomator2Driver@d606 (d81b27d0)]&amp#27;[0m Matched '/element/00000000-0000-05f1-ffff-ffff00000124/click' to command name 'click'
&amp#27;[38;5;32m[AndroidUiautomator2Driver@d606 (d81b27d0)]&amp#27;[0m Proxying [POST /element/00000000-0000-05f1-ffff-ffff00000124/click] to [POST http://127.0.0.1:8209/session/c7104d6d-b578-4aea-a441-5b71d17293ac/element/00000000-0000-05f1-ffff-ffff00000124/click] with body: {"element":"00000000-0000-05f1-ffff-ffff00000124"}
&amp#27;[38;5;32m[AndroidUiautomator2Driver@d606 (d81b27d0)]&amp#27;[0m Got response with status 200: {"sessionId":"c7104d6d-b578-4aea-a441-5b71d17293ac","value":null}
&amp#27;[38;5;32m[AndroidUiautomator2Driver@d606 (d81b27d0)]&amp#27;[0m Responding to client with driver.click() result: null
&amp#27;[38;5;0m[HTTP]&amp#27;[0m &amp#27;[37m<-- POST /session/d81b27d0-df21-4c35-ba99-cbd5317203eb/element/00000000-0000-05f1-ffff-ffff00000124/click &amp#27;[39m&amp#27;[32m200&amp#27;[39m &amp#27;[90m779 ms - 14&amp#27;[39m
&amp#27;[38;5;0m[HTTP]&amp#27;[0m &amp#27;[90m&amp#27;[39m
&amp#27;[38;5;0m[HTTP]&amp#27;[0m &amp#27;[37m-->&amp#27;[39m &amp#27;[37mGET&amp#27;[39m &amp#27;[37m/session/d81b27d0-df21-4c35-ba99-cbd5317203eb/context&amp#27;[39m
&amp#27;[38;5;0m[HTTP]&amp#27;[0m &amp#27;[90m{}&amp#27;[39m
&amp#27;[38;5;32m[AndroidUiautomator2Driver@d606 (d81b27d0)]&amp#27;[0m Calling AppiumDriver.getCurrentContext() with args: ["d81b27d0-df21-4c35-ba99-cbd5317203eb"]
&amp#27;[38;5;32m[AndroidUiautomator2Driver@d606 (d81b27d0)]&amp#27;[0m Responding to client with driver.getCurrentContext() result: "NATIVE_APP"
&amp#27;[38;5;0m[HTTP]&amp#27;[0m &amp#27;[37m<-- GET /session/d81b27d0-df21-4c35-ba99-cbd5317203eb/context &amp#27;[39m&amp#27;[32m200&amp#27;[39m &amp#27;[90m1 ms - 22&amp#27;[39m
&amp#27;[38;5;0m[HTTP]&amp#27;[0m &amp#27;[90m&amp#27;[39m
&amp#27;[38;5;0m[HTTP]&amp#27;[0m &amp#27;[37m-->&amp#27;[39m &amp#27;[37mPOST&amp#27;[39m &amp#27;[37m/session/d81b27d0-df21-4c35-ba99-cbd5317203eb/element&amp#27;[39m
&amp#27;[38;5;0m[HTTP]&amp#27;[0m &amp#27;[90m{"using":"id","value":"com.fivemobile.thescore:id/refresh"}&amp#27;[39m
&amp#27;[38;5;32m[AndroidUiautomator2Driver@d606 (d81b27d0)]&amp#27;[0m Calling AppiumDriver.findElement() with args: ["id","com.fivemobile.thescore:id/refresh","d81b27d0-df21-4c35-ba99-cbd5317203eb"]
&amp#27;[38;5;32m[AndroidUiautomator2Driver@d606 (d81b27d0)]&amp#27;[0m Valid locator strategies for this request: xpath, id, class name, accessibility id, css selector, -android uiautomator
&amp#27;[38;5;32m[AndroidUiautomator2Driver@d606 (d81b27d0)]&amp#27;[0m Waiting up to 5000 ms for condition
&amp#27;[38;5;32m[AndroidUiautomator2Driver@d606 (d81b27d0)]&amp#27;[0m Matched '/element' to command name 'findElement'
&amp#27;[38;5;32m[AndroidUiautomator2Driver@d606 (d81b27d0)]&amp#27;[0m Proxying [POST /element] to [POST http://127.0.0.1:8209/session/c7104d6d-b578-4aea-a441-5b71d17293ac/element] with body: {"strategy":"id","selector":"com.fivemobile.thescore:id/refresh","context":"","multiple":false}
&amp#27;[38;5;32m[AndroidUiautomator2Driver@d606 (d81b27d0)]&amp#27;[0m Got response with status 200: {"sessionId":"c7104d6d-b578-4aea-a441-5b71d17293ac","value":{"ELEMENT":"00000000-0000-05f1-ffff-ffff0000012c","element-6066-11e4-a52e-4f735466cecf":"00000000-0000-05f1-ffff-ffff0000012c"}}
&amp#27;[38;5;32m[AndroidUiautomator2Driver@d606 (d81b27d0)]&amp#27;[0m Responding to client with driver.findElement() result: {"element-6066-11e4-a52e-4f735466cecf":"00000000-0000-05f1-ffff-ffff0000012c","ELEMENT":"00000000-0000-05f1-ffff-ffff0000012c"}
&amp#27;[38;5;0m[HTTP]&amp#27;[0m &amp#27;[37m<-- POST /session/d81b27d0-df21-4c35-ba99-cbd5317203eb/element &amp#27;[39m&amp#27;[32m200&amp#27;[39m &amp#27;[90m27 ms - 137&amp#27;[39m
&amp#27;[38;5;0m[HTTP]&amp#27;[0m &amp#27;[90m&amp#27;[39m
&amp#27;[38;5;0m[HTTP]&amp#27;[0m &amp#27;[37m-->&amp#27;[39m &amp#27;[37mPOST&amp#27;[39m &amp#27;[37m/session/d81b27d0-df21-4c35-ba99-cbd5317203eb/element/00000000-0000-05f1-ffff-ffff0000012c/click&amp#27;[39m
&amp#27;[38;5;0m[HTTP]&amp#27;[0m &amp#27;[90m{"id":"00000000-0000-05f1-ffff-ffff0000012c"}&amp#27;[39m
&amp#27;[38;5;32m[AndroidUiautomator2Driver@d606 (d81b27d0)]&amp#27;[0m Calling AppiumDriver.click() with args: ["00000000-0000-05f1-ffff-ffff0000012c","d81b27d0-df21-4c35-ba99-cbd5317203eb"]
&amp#27;[38;5;32m[AndroidUiautomator2Driver@d606 (d81b27d0)]&amp#27;[0m Matched '/element/00000000-0000-05f1-ffff-ffff0000012c/click' to command name 'click'
&amp#27;[38;5;32m[AndroidUiautomator2Driver@d606 (d81b27d0)]&amp#27;[0m Proxying [POST /element/00000000-0000-05f1-ffff-ffff0000012c/click] to [POST http://127.0.0.1:8209/session/c7104d6d-b578-4aea-a441-5b71d17293ac/element/00000000-0000-05f1-ffff-ffff0000012c/click] with body: {"element":"00000000-0000-05f1-ffff-ffff0000012c"}
&amp#27;[38;5;32m[AndroidUiautomator2Driver@d606 (d81b27d0)]&amp#27;[0m Got response with status 200: {"sessionId":"c7104d6d-b578-4aea-a441-5b71d17293ac","value":null}
&amp#27;[38;5;32m[AndroidUiautomator2Driver@d606 (d81b27d0)]&amp#27;[0m Responding to client with driver.click() result: null
&amp#27;[38;5;0m[HTTP]&amp#27;[0m &amp#27;[37m<-- POST /session/d81b27d0-df21-4c35-ba99-cbd5317203eb/element/00000000-0000-05f1-ffff-ffff0000012c/click &amp#27;[39m&amp#27;[32m200&amp#27;[39m &amp#27;[90m51 ms - 14&amp#27;[39m
&amp#27;[38;5;0m[HTTP]&amp#27;[0m &amp#27;[90m&amp#27;[39m
&amp#27;[38;5;0m[HTTP]&amp#27;[0m &amp#27;[37m-->&amp#27;[39m &amp#27;[37mGET&amp#27;[39m &amp#27;[37m/session/d81b27d0-df21-4c35-ba99-cbd5317203eb/context&amp#27;[39m
&amp#27;[38;5;0m[HTTP]&amp#27;[0m &amp#27;[90m{}&amp#27;[39m
&amp#27;[38;5;32m[AndroidUiautomator2Driver@d606 (d81b27d0)]&amp#27;[0m Calling AppiumDriver.getCurrentContext() with args: ["d81b27d0-df21-4c35-ba99-cbd5317203eb"]
&amp#27;[38;5;32m[AndroidUiautomator2Driver@d606 (d81b27d0)]&amp#27;[0m Responding to client with driver.getCurrentContext() result: "NATIVE_APP"
&amp#27;[38;5;0m[HTTP]&amp#27;[0m &amp#27;[37m<-- GET /session/d81b27d0-df21-4c35-ba99-cbd5317203eb/context &amp#27;[39m&amp#27;[32m200&amp#27;[39m &amp#27;[90m1 ms - 22&amp#27;[39m
&amp#27;[38;5;0m[HTTP]&amp#27;[0m &amp#27;[90m&amp#27;[39m
&amp#27;[38;5;0m[HTTP]&amp#27;[0m &amp#27;[37m-->&amp#27;[39m &amp#27;[37mPOST&amp#27;[39m &amp#27;[37m/session/d81b27d0-df21-4c35-ba99-cbd5317203eb/element&amp#27;[39m
&amp#27;[38;5;0m[HTTP]&amp#27;[0m &amp#27;[90m{"using":"id","value":"com.fivemobile.thescore:id/error_view"}&amp#27;[39m
&amp#27;[38;5;32m[AndroidUiautomator2Driver@d606 (d81b27d0)]&amp#27;[0m Calling AppiumDriver.findElement() with args: ["id","com.fivemobile.thescore:id/error_view","d81b27d0-df21-4c35-ba99-cbd5317203eb"]
&amp#27;[38;5;32m[AndroidUiautomator2Driver@d606 (d81b27d0)]&amp#27;[0m Valid locator strategies for this request: xpath, id, class name, accessibility id, css selector, -android uiautomator
&amp#27;[38;5;32m[AndroidUiautomator2Driver@d606 (d81b27d0)]&amp#27;[0m Waiting up to 5000 ms for condition
&amp#27;[38;5;32m[AndroidUiautomator2Driver@d606 (d81b27d0)]&amp#27;[0m Matched '/element' to command name 'findElement'
&amp#27;[38;5;32m[AndroidUiautomator2Driver@d606 (d81b27d0)]&amp#27;[0m Proxying [POST /element] to [POST http://127.0.0.1:8209/session/c7104d6d-b578-4aea-a441-5b71d17293ac/element] with body: {"strategy":"id","selector":"com.fivemobile.thescore:id/error_view","context":"","multiple":false}
&amp#27;[38;5;32m[AndroidUiautomator2Driver@d606 (d81b27d0)]&amp#27;[0m Got response with status 200: {"sessionId":"c7104d6d-b578-4aea-a441-5b71d17293ac","value":{"ELEMENT":"00000000-0000-05f1-ffff-ffff00000129","element-6066-11e4-a52e-4f735466cecf":"00000000-0000-05f1-ffff-ffff00000129"}}
&amp#27;[38;5;32m[AndroidUiautomator2Driver@d606 (d81b27d0)]&amp#27;[0m Responding to client with driver.findElement() result: {"element-6066-11e4-a52e-4f735466cecf":"00000000-0000-05f1-ffff-ffff00000129","ELEMENT":"00000000-0000-05f1-ffff-ffff00000129"}
&amp#27;[38;5;0m[HTTP]&amp#27;[0m &amp#27;[37m<-- POST /session/d81b27d0-df21-4c35-ba99-cbd5317203eb/element &amp#27;[39m&amp#27;[32m200&amp#27;[39m &amp#27;[90m626 ms - 137&amp#27;[39m
&amp#27;[38;5;0m[HTTP]&amp#27;[0m &amp#27;[90m&amp#27;[39m
&amp#27;[38;5;0m[HTTP]&amp#27;[0m &amp#27;[37m-->&amp#27;[39m &amp#27;[37mGET&amp#27;[39m &amp#27;[37m/session/d81b27d0-df21-4c35-ba99-cbd5317203eb/element/00000000-0000-05f1-ffff-ffff00000129/displayed&amp#27;[39m
&amp#27;[38;5;0m[HTTP]&amp#27;[0m &amp#27;[90m{}&amp#27;[39m
&amp#27;[38;5;32m[AndroidUiautomator2Driver@d606 (d81b27d0)]&amp#27;[0m Calling AppiumDriver.elementDisplayed() with args: ["00000000-0000-05f1-ffff-ffff00000129","d81b27d0-df21-4c35-ba99-cbd5317203eb"]
&amp#27;[38;5;32m[AndroidUiautomator2Driver@d606 (d81b27d0)]&amp#27;[0m Matched '/element/00000000-0000-05f1-ffff-ffff00000129/attribute/displayed' to command name 'getAttribute'
&amp#27;[38;5;32m[AndroidUiautomator2Driver@d606 (d81b27d0)]&amp#27;[0m Proxying [GET /element/00000000-0000-05f1-ffff-ffff00000129/attribute/displayed] to [GET http://127.0.0.1:8209/session/c7104d6d-b578-4aea-a441-5b71d17293ac/element/00000000-0000-05f1-ffff-ffff00000129/attribute/displayed] with no body
&amp#27;[38;5;32m[AndroidUiautomator2Driver@d606 (d81b27d0)]&amp#27;[0m Got response with status 200: {"sessionId":"c7104d6d-b578-4aea-a441-5b71d17293ac","value":"true"}
&amp#27;[38;5;32m[AndroidUiautomator2Driver@d606 (d81b27d0)]&amp#27;[0m Responding to client with driver.elementDisplayed() result: true
&amp#27;[38;5;0m[HTTP]&amp#27;[0m &amp#27;[37m<-- GET /session/d81b27d0-df21-4c35-ba99-cbd5317203eb/element/00000000-0000-05f1-ffff-ffff00000129/displayed &amp#27;[39m&amp#27;[32m200&amp#27;[39m &amp#27;[90m9 ms - 14&amp#27;[39m
&amp#27;[38;5;0m[HTTP]&amp#27;[0m &amp#27;[90m&amp#27;[39m
&amp#27;[38;5;0m[HTTP]&amp#27;[0m &amp#27;[37m-->&amp#27;[39m &amp#27;[37mGET&amp#27;[39m &amp#27;[37m/session/d81b27d0-df21-4c35-ba99-cbd5317203eb/context&amp#27;[39m
&amp#27;[38;5;0m[HTTP]&amp#27;[0m &amp#27;[90m{}&amp#27;[39m
&amp#27;[38;5;32m[AndroidUiautomator2Driver@d606 (d81b27d0)]&amp#27;[0m Calling AppiumDriver.getCurrentContext() with args: ["d81b27d0-df21-4c35-ba99-cbd5317203eb"]
&amp#27;[38;5;32m[AndroidUiautomator2Driver@d606 (d81b27d0)]&amp#27;[0m Responding to client with driver.getCurrentContext() result: "NATIVE_APP"
&amp#27;[38;5;0m[HTTP]&amp#27;[0m &amp#27;[37m<-- GET /session/d81b27d0-df21-4c35-ba99-cbd5317203eb/context &amp#27;[39m&amp#27;[32m200&amp#27;[39m &amp#27;[90m1 ms - 22&amp#27;[39m
&amp#27;[38;5;0m[HTTP]&amp#27;[0m &amp#27;[90m&amp#27;[39m
&amp#27;[38;5;0m[HTTP]&amp#27;[0m &amp#27;[37m-->&amp#27;[39m &amp#27;[37mPOST&amp#27;[39m &amp#27;[37m/session/d81b27d0-df21-4c35-ba99-cbd5317203eb/element&amp#27;[39m
&amp#27;[38;5;0m[HTTP]&amp#27;[0m &amp#27;[90m{"using":"id","value":"com.fivemobile.thescore:id/error_view"}&amp#27;[39m
&amp#27;[38;5;32m[AndroidUiautomator2Driver@d606 (d81b27d0)]&amp#27;[0m Calling AppiumDriver.findElement() with args: ["id","com.fivemobile.thescore:id/error_view","d81b27d0-df21-4c35-ba99-cbd5317203eb"]
&amp#27;[38;5;32m[AndroidUiautomator2Driver@d606 (d81b27d0)]&amp#27;[0m Valid locator strategies for this request: xpath, id, class name, accessibility id, css selector, -android uiautomator
&amp#27;[38;5;32m[AndroidUiautomator2Driver@d606 (d81b27d0)]&amp#27;[0m Waiting up to 5000 ms for condition
&amp#27;[38;5;32m[AndroidUiautomator2Driver@d606 (d81b27d0)]&amp#27;[0m Matched '/element' to command name 'findElement'
&amp#27;[38;5;32m[AndroidUiautomator2Driver@d606 (d81b27d0)]&amp#27;[0m Proxying [POST /element] to [POST http://127.0.0.1:8209/session/c7104d6d-b578-4aea-a441-5b71d17293ac/element] with body: {"strategy":"id","selector":"com.fivemobile.thescore:id/error_view","context":"","multiple":false}
&amp#27;[38;5;32m[AndroidUiautomator2Driver@d606 (d81b27d0)]&amp#27;[0m Got response with status 200: {"sessionId":"c7104d6d-b578-4aea-a441-5b71d17293ac","value":{"ELEMENT":"00000000-0000-05f1-ffff-ffff00000129","element-6066-11e4-a52e-4f735466cecf":"00000000-0000-05f1-ffff-ffff00000129"}}
&amp#27;[38;5;32m[AndroidUiautomator2Driver@d606 (d81b27d0)]&amp#27;[0m Responding to client with driver.findElement() result: {"element-6066-11e4-a52e-4f735466cecf":"00000000-0000-05f1-ffff-ffff00000129","ELEMENT":"00000000-0000-05f1-ffff-ffff00000129"}
&amp#27;[38;5;0m[HTTP]&amp#27;[0m &amp#27;[37m<-- POST /session/d81b27d0-df21-4c35-ba99-cbd5317203eb/element &amp#27;[39m&amp#27;[32m200&amp#27;[39m &amp#27;[90m24 ms - 137&amp#27;[39m
&amp#27;[38;5;0m[HTTP]&amp#27;[0m &amp#27;[90m&amp#27;[39m
&amp#27;[38;5;0m[HTTP]&amp#27;[0m &amp#27;[37m-->&amp#27;[39m &amp#27;[37mGET&amp#27;[39m &amp#27;[37m/session/d81b27d0-df21-4c35-ba99-cbd5317203eb/element/00000000-0000-05f1-ffff-ffff00000129/displayed&amp#27;[39m
&amp#27;[38;5;0m[HTTP]&amp#27;[0m &amp#27;[90m{}&amp#27;[39m
&amp#27;[38;5;32m[AndroidUiautomator2Driver@d606 (d81b27d0)]&amp#27;[0m Calling AppiumDriver.elementDisplayed() with args: ["00000000-0000-05f1-ffff-ffff00000129","d81b27d0-df21-4c35-ba99-cbd5317203eb"]
&amp#27;[38;5;32m[AndroidUiautomator2Driver@d606 (d81b27d0)]&amp#27;[0m Matched '/element/00000000-0000-05f1-ffff-ffff00000129/attribute/displayed' to command name 'getAttribute'
&amp#27;[38;5;32m[AndroidUiautomator2Driver@d606 (d81b27d0)]&amp#27;[0m Proxying [GET /element/00000000-0000-05f1-ffff-ffff00000129/attribute/displayed] to [GET http://127.0.0.1:8209/session/c7104d6d-b578-4aea-a441-5b71d17293ac/element/00000000-0000-05f1-ffff-ffff00000129/attribute/displayed] with no body
&amp#27;[38;5;32m[AndroidUiautomator2Driver@d606 (d81b27d0)]&amp#27;[0m Got response with status 200: {"sessionId":"c7104d6d-b578-4aea-a441-5b71d17293ac","value":"true"}
&amp#27;[38;5;32m[AndroidUiautomator2Driver@d606 (d81b27d0)]&amp#27;[0m Responding to client with driver.elementDisplayed() result: true
&amp#27;[38;5;0m[HTTP]&amp#27;[0m &amp#27;[37m<-- GET /session/d81b27d0-df21-4c35-ba99-cbd5317203eb/element/00000000-0000-05f1-ffff-ffff00000129/displayed &amp#27;[39m&amp#27;[32m200&amp#27;[39m &amp#27;[90m9 ms - 14&amp#27;[39m
&amp#27;[38;5;0m[HTTP]&amp#27;[0m &amp#27;[90m&amp#27;[39m
&amp#27;[38;5;0m[HTTP]&amp#27;[0m &amp#27;[37m-->&amp#27;[39m &amp#27;[37mGET&amp#27;[39m &amp#27;[37m/session/d81b27d0-df21-4c35-ba99-cbd5317203eb/context&amp#27;[39m
&amp#27;[38;5;0m[HTTP]&amp#27;[0m &amp#27;[90m{}&amp#27;[39m
&amp#27;[38;5;32m[AndroidUiautomator2Driver@d606 (d81b27d0)]&amp#27;[0m Calling AppiumDriver.getCurrentContext() with args: ["d81b27d0-df21-4c35-ba99-cbd5317203eb"]
&amp#27;[38;5;32m[AndroidUiautomator2Driver@d606 (d81b27d0)]&amp#27;[0m Responding to client with driver.getCurrentContext() result: "NATIVE_APP"
&amp#27;[38;5;0m[HTTP]&amp#27;[0m &amp#27;[37m<-- GET /session/d81b27d0-df21-4c35-ba99-cbd5317203eb/context &amp#27;[39m&amp#27;[32m200&amp#27;[39m &amp#27;[90m1 ms - 22&amp#27;[39m
&amp#27;[38;5;0m[HTTP]&amp#27;[0m &amp#27;[90m&amp#27;[39m
&amp#27;[38;5;0m[HTTP]&amp#27;[0m &amp#27;[37m-->&amp#27;[39m &amp#27;[37mPOST&amp#27;[39m &amp#27;[37m/session/d81b27d0-df21-4c35-ba99-cbd5317203eb/element&amp#27;[39m
&amp#27;[38;5;0m[HTTP]&amp#27;[0m &amp#27;[90m{"using":"id","value":"com.fivemobile.thescore:id/error_view"}&amp#27;[39m
&amp#27;[38;5;32m[AndroidUiautomator2Driver@d606 (d81b27d0)]&amp#27;[0m Calling AppiumDriver.findElement() with args: ["id","com.fivemobile.thescore:id/error_view","d81b27d0-df21-4c35-ba99-cbd5317203eb"]
&amp#27;[38;5;32m[AndroidUiautomator2Driver@d606 (d81b27d0)]&amp#27;[0m Valid locator strategies for this request: xpath, id, class name, accessibility id, css selector, -android uiautomator
&amp#27;[38;5;32m[AndroidUiautomator2Driver@d606 (d81b27d0)]&amp#27;[0m Waiting up to 5000 ms for condition
&amp#27;[38;5;32m[AndroidUiautomator2Driver@d606 (d81b27d0)]&amp#27;[0m Matched '/element' to command name 'findElement'
&amp#27;[38;5;32m[AndroidUiautomator2Driver@d606 (d81b27d0)]&amp#27;[0m Proxying [POST /element] to [POST http://127.0.0.1:8209/session/c7104d6d-b578-4aea-a441-5b71d17293ac/element] with body: {"strategy":"id","selector":"com.fivemobile.thescore:id/error_view","context":"","multiple":false}
&amp#27;[38;5;32m[AndroidUiautomator2Driver@d606 (d81b27d0)]&amp#27;[0m Got response with status 200: {"sessionId":"c7104d6d-b578-4aea-a441-5b71d17293ac","value":{"ELEMENT":"00000000-0000-05f1-ffff-ffff00000129","element-6066-11e4-a52e-4f735466cecf":"00000000-0000-05f1-ffff-ffff00000129"}}
&amp#27;[38;5;32m[AndroidUiautomator2Driver@d606 (d81b27d0)]&amp#27;[0m Responding to client with driver.findElement() result: {"element-6066-11e4-a52e-4f735466cecf":"00000000-0000-05f1-ffff-ffff00000129","ELEMENT":"00000000-0000-05f1-ffff-ffff00000129"}
&amp#27;[38;5;0m[HTTP]&amp#27;[0m &amp#27;[37m<-- POST /session/d81b27d0-df21-4c35-ba99-cbd5317203eb/element &amp#27;[39m&amp#27;[32m200&amp#27;[39m &amp#27;[90m26 ms - 137&amp#27;[39m
&amp#27;[38;5;0m[HTTP]&amp#27;[0m &amp#27;[90m&amp#27;[39m
&amp#27;[38;5;0m[HTTP]&amp#27;[0m &amp#27;[37m-->&amp#27;[39m &amp#27;[37mGET&amp#27;[39m &amp#27;[37m/session/d81b27d0-df21-4c35-ba99-cbd5317203eb/element/00000000-0000-05f1-ffff-ffff00000129/displayed&amp#27;[39m
&amp#27;[38;5;0m[HTTP]&amp#27;[0m &amp#27;[90m{}&amp#27;[39m
&amp#27;[38;5;32m[AndroidUiautomator2Driver@d606 (d81b27d0)]&amp#27;[0m Calling AppiumDriver.elementDisplayed() with args: ["00000000-0000-05f1-ffff-ffff00000129","d81b27d0-df21-4c35-ba99-cbd5317203eb"]
&amp#27;[38;5;32m[AndroidUiautomator2Driver@d606 (d81b27d0)]&amp#27;[0m Matched '/element/00000000-0000-05f1-ffff-ffff00000129/attribute/displayed' to command name 'getAttribute'
&amp#27;[38;5;32m[AndroidUiautomator2Driver@d606 (d81b27d0)]&amp#27;[0m Proxying [GET /element/00000000-0000-05f1-ffff-ffff00000129/attribute/displayed] to [GET http://127.0.0.1:8209/session/c7104d6d-b578-4aea-a441-5b71d17293ac/element/00000000-0000-05f1-ffff-ffff00000129/attribute/displayed] with no body
&amp#27;[38;5;32m[AndroidUiautomator2Driver@d606 (d81b27d0)]&amp#27;[0m Got response with status 200: {"sessionId":"c7104d6d-b578-4aea-a441-5b71d17293ac","value":"true"}
&amp#27;[38;5;32m[AndroidUiautomator2Driver@d606 (d81b27d0)]&amp#27;[0m Responding to client with driver.elementDisplayed() result: true
&amp#27;[38;5;0m[HTTP]&amp#27;[0m &amp#27;[37m<-- GET /session/d81b27d0-df21-4c35-ba99-cbd5317203eb/element/00000000-0000-05f1-ffff-ffff00000129/displayed &amp#27;[39m&amp#27;[32m200&amp#27;[39m &amp#27;[90m12 ms - 14&amp#27;[39m
&amp#27;[38;5;0m[HTTP]&amp#27;[0m &amp#27;[90m&amp#27;[39m
&amp#27;[38;5;0m[HTTP]&amp#27;[0m &amp#27;[37m-->&amp#27;[39m &amp#27;[37mGET&amp#27;[39m &amp#27;[37m/session/d81b27d0-df21-4c35-ba99-cbd5317203eb/context&amp#27;[39m
&amp#27;[38;5;0m[HTTP]&amp#27;[0m &amp#27;[90m{}&amp#27;[39m
&amp#27;[38;5;32m[AndroidUiautomator2Driver@d606 (d81b27d0)]&amp#27;[0m Calling AppiumDriver.getCurrentContext() with args: ["d81b27d0-df21-4c35-ba99-cbd5317203eb"]
&amp#27;[38;5;32m[AndroidUiautomator2Driver@d606 (d81b27d0)]&amp#27;[0m Responding to client with driver.getCurrentContext() result: "NATIVE_APP"
&amp#27;[38;5;0m[HTTP]&amp#27;[0m &amp#27;[37m<-- GET /session/d81b27d0-df21-4c35-ba99-cbd5317203eb/context &amp#27;[39m&amp#27;[32m200&amp#27;[39m &amp#27;[90m1 ms - 22&amp#27;[39m
&amp#27;[38;5;0m[HTTP]&amp#27;[0m &amp#27;[90m&amp#27;[39m
&amp#27;[38;5;0m[HTTP]&amp#27;[0m &amp#27;[37m-->&amp#27;[39m &amp#27;[37mPOST&amp#27;[39m &amp#27;[37m/session/d81b27d0-df21-4c35-ba99-cbd5317203eb/element&amp#27;[39m
&amp#27;[38;5;0m[HTTP]&amp#27;[0m &amp#27;[90m{"using":"id","value":"com.fivemobile.thescore:id/error_view"}&amp#27;[39m
&amp#27;[38;5;32m[AndroidUiautomator2Driver@d606 (d81b27d0)]&amp#27;[0m Calling AppiumDriver.findElement() with args: ["id","com.fivemobile.thescore:id/error_view","d81b27d0-df21-4c35-ba99-cbd5317203eb"]
&amp#27;[38;5;32m[AndroidUiautomator2Driver@d606 (d81b27d0)]&amp#27;[0m Valid locator strategies for this request: xpath, id, class name, accessibility id, css selector, -android uiautomator
&amp#27;[38;5;32m[AndroidUiautomator2Driver@d606 (d81b27d0)]&amp#27;[0m Waiting up to 5000 ms for condition
&amp#27;[38;5;32m[AndroidUiautomator2Driver@d606 (d81b27d0)]&amp#27;[0m Matched '/element' to command name 'findElement'
&amp#27;[38;5;32m[AndroidUiautomator2Driver@d606 (d81b27d0)]&amp#27;[0m Proxying [POST /element] to [POST http://127.0.0.1:8209/session/c7104d6d-b578-4aea-a441-5b71d17293ac/element] with body: {"strategy":"id","selector":"com.fivemobile.thescore:id/error_view","context":"","multiple":false}
&amp#27;[38;5;32m[AndroidUiautomator2Driver@d606 (d81b27d0)]&amp#27;[0m Got response with status 200: {"sessionId":"c7104d6d-b578-4aea-a441-5b71d17293ac","value":{"ELEMENT":"00000000-0000-05f1-ffff-ffff00000129","element-6066-11e4-a52e-4f735466cecf":"00000000-0000-05f1-ffff-ffff00000129"}}
&amp#27;[38;5;32m[AndroidUiautomator2Driver@d606 (d81b27d0)]&amp#27;[0m Responding to client with driver.findElement() result: {"element-6066-11e4-a52e-4f735466cecf":"00000000-0000-05f1-ffff-ffff00000129","ELEMENT":"00000000-0000-05f1-ffff-ffff00000129"}
&amp#27;[38;5;0m[HTTP]&amp#27;[0m &amp#27;[37m<-- POST /session/d81b27d0-df21-4c35-ba99-cbd5317203eb/element &amp#27;[39m&amp#27;[32m200&amp#27;[39m &amp#27;[90m18 ms - 137&amp#27;[39m
&amp#27;[38;5;0m[HTTP]&amp#27;[0m &amp#27;[90m&amp#27;[39m
&amp#27;[38;5;0m[HTTP]&amp#27;[0m &amp#27;[37m-->&amp#27;[39m &amp#27;[37mGET&amp#27;[39m &amp#27;[37m/session/d81b27d0-df21-4c35-ba99-cbd5317203eb/element/00000000-0000-05f1-ffff-ffff00000129/displayed&amp#27;[39m
&amp#27;[38;5;0m[HTTP]&amp#27;[0m &amp#27;[90m{}&amp#27;[39m
&amp#27;[38;5;32m[AndroidUiautomator2Driver@d606 (d81b27d0)]&amp#27;[0m Calling AppiumDriver.elementDisplayed() with args: ["00000000-0000-05f1-ffff-ffff00000129","d81b27d0-df21-4c35-ba99-cbd5317203eb"]
&amp#27;[38;5;32m[AndroidUiautomator2Driver@d606 (d81b27d0)]&amp#27;[0m Matched '/element/00000000-0000-05f1-ffff-ffff00000129/attribute/displayed' to command name 'getAttribute'
&amp#27;[38;5;32m[AndroidUiautomator2Driver@d606 (d81b27d0)]&amp#27;[0m Proxying [GET /element/00000000-0000-05f1-ffff-ffff00000129/attribute/displayed] to [GET http://127.0.0.1:8209/session/c7104d6d-b578-4aea-a441-5b71d17293ac/element/00000000-0000-05f1-ffff-ffff00000129/attribute/displayed] with no body
&amp#27;[38;5;32m[AndroidUiautomator2Driver@d606 (d81b27d0)]&amp#27;[0m Got response with status 200: {"sessionId":"c7104d6d-b578-4aea-a441-5b71d17293ac","value":"true"}
&amp#27;[38;5;32m[AndroidUiautomator2Driver@d606 (d81b27d0)]&amp#27;[0m Responding to client with driver.elementDisplayed() result: true
&amp#27;[38;5;0m[HTTP]&amp#27;[0m &amp#27;[37m<-- GET /session/d81b27d0-df21-4c35-ba99-cbd5317203eb/element/00000000-0000-05f1-ffff-ffff00000129/displayed &amp#27;[39m&amp#27;[32m200&amp#27;[39m &amp#27;[90m7 ms - 14&amp#27;[39m
&amp#27;[38;5;0m[HTTP]&amp#27;[0m &amp#27;[90m&amp#27;[39m
&amp#27;[38;5;0m[HTTP]&amp#27;[0m &amp#27;[37m-->&amp#27;[39m &amp#27;[37mGET&amp#27;[39m &amp#27;[37m/session/d81b27d0-df21-4c35-ba99-cbd5317203eb/screenshot&amp#27;[39m
&amp#27;[38;5;0m[HTTP]&amp#27;[0m &amp#27;[90m{}&amp#27;[39m
&amp#27;[38;5;32m[AndroidUiautomator2Driver@d606 (d81b27d0)]&amp#27;[0m Calling AppiumDriver.getScreenshot() with args: ["d81b27d0-df21-4c35-ba99-cbd5317203eb"]
&amp#27;[38;5;32m[AndroidUiautomator2Driver@d606 (d81b27d0)]&amp#27;[0m Matched '/screenshot' to command name 'getScreenshot'
&amp#27;[38;5;32m[AndroidUiautomator2Driver@d606 (d81b27d0)]&amp#27;[0m Proxying [GET /screenshot] to [GET http://127.0.0.1:8209/session/c7104d6d-b578-4aea-a441-5b71d17293ac/screenshot] with no body
&amp#27;[38;5;32m[AndroidUiautomator2Driver@d606 (d81b27d0)]&amp#27;[0m Got response with status 200: {"sessionId":"c7104d6d-b578-4aea-a441-5b71d17293ac","value":"iVBORw0KGgoAAAANSUhEUgAABDgAAAlgCAYAAABtGofVAAAAAXNSR0IArs4c6QAAAARzQklUCAgICHwIZIgAACAASURBVHic7N15fJTlvffx72T2yWRP2An7lrDIooDsthWwdaugttVaxaptbU9Ra/ucLi7teZ7TDbtY7ekR957TiqJ2E2zdKpiIC1IgoiwiASEh60yS2WeeP2IGhkw2SDK5k8/79cqrc99z39d9Xcm0r86X6/pdpuEjCmMCAAAAAAAwsLRUdwAAAAAAAOBMEXAAAAAAAADDI+AAAAAAAACGR8ABAAAAAAAMj4ADAAAAAAAYHgEHAAAAAAAwPAIOAAAAAABgeAQcAAAAAADA8Ag4AAAAAACA4RFwAAAAAAAAwyPgAAAAAAAAhkfAAQAAAAAADI+AAwAAAAAAGB4BBwAAAAAAMDwCDgAAAAAAYHgEHAAAAAAAwPAIOAAAAAAAgOERcAAAAAAAAMMj4AAAAAAAAIZHwAEAAAAAAAyPgAMAAAAAABgeAQcAAAAAADA8Ag4AAAAAAGB4BBwAAAAAAMDwCDgAAAAAAIDhEXAAAAAAAADDI+AAAAAAAACGR8ABAAAAAAAMj4ADAAAAAAAYHgEHAAAAAAAwPAIOAAAAAABgeAQcAAAAAADA8Ag4AAAAAACA4RFwAAAAAAAAwyPgAAAAAAAAhkfAAQAAAAAADI+AAwAAAAAAGB4BBwAAAAAAMDwCDgAAAAAAYHgEHAAAAAAAwPAIOAAAAAAAgOERcAAAAAAAAMMj4AAAAAAAAIZHwAEAAAAAAAyPgAMAAAAAABieJdUdQP9jMpnkdrtVXFysDLdbb2/frurq6oRr8vLyNLW4WP5AQO+8844CgUCKegsAAAAA6A8IONDtXC6XPnHeMl155ZXKzMrU35//u35z3/0KBoOSJJvNpi9efZUWL14sv9+v++//rV7fto2QAwAA...
&amp#27;[38;5;32m[AndroidUiautomator2Driver@d606 (d81b27d0)]&amp#27;[0m Responding to client with driver.getScreenshot() result: "iVBORw0KGgoAAAANSUhEUgAABDgAAAlgCAYAAABtGofVAAAAAXNSR0IArs4c6QAAAARzQklUCAgICHwIZIgAACAASURBVHic7N15fJTlvffx72T2yWRP2An7lrDIooDsthWwdaugttVaxaptbU9Ra/ucLi7teZ7TDbtY7ekR957TiqJ2E2zdKpiIC1IgoiwiASEh60yS2WeeP2IGhkw2SDK5k8/79cqrc99z39d9Xcm0r86X6/pdpuEjCmMCAAAAAAAwsLRUdwAAAAAAAOBMEXAAAAAAAADDI+AAAAAAAACGR8ABAAAAAAAMj4ADAAAAAAAYHgEHAAAAAAAwPAIOAAAAAABgeAQcAAAAAADA8Ag4AAAAAACA4RFwAAAAAAAAwyPgAAAAAAAAhkfAAQAAAAAADI+AAwAAAAAAGB4BBwAAAAAAMDwCDgAAAAAAYHgEHAAAAAAAwPAIOAAAAAAAgOERcAAAAAAAAMMj4AAAAAAAAIZHwAEAAAAAAAyPgAMAAAAAABgeAQcAAAAAADA8Ag4AAAAAAGB4BBwAAAAAAMDwCDgAAAAAAIDhEXAAAAAAAADDI+AAAAAAAACGR8ABAAAAAAAMj4ADAAAAAAAYHgEHAAAAAAAwPAIOAAAAAABgeAQcAAAAAADA8Ag4AAAAAACA4RFwAAAAAAAAwyPgAAAAAAAAhkfAAQAAAAAADI+AAwAAAAAAGB4BBwAAAAAAMDwCDgAAAAAAYHgEHAAAAAAAwPAIOAAAAAAAgOERcAAAAAAAAMMj4AAAAAAAAIZHwAEAAAAAAAyPgAMAAAAAABieJdUdQP9jMpnkdrtVXFysDLdbb2/frurq6oRr8vLyNLW4WP5AQO+8844CgUCKegsAAAAA6A8IONDtXC6XPnHeMl155ZXKzMrU35//u35z3/0KBoOSJJvNpi9efZUWL14sv9+v++//rV7fto2QAwAAAOgDMjMzVVRUpOLiImVlZqro4/9sUe/xqGx3meo9Hu3eXaaysjJ5PJ4U9vjM...
&amp#27;[38;5;0m[HTTP]&amp#27;[0m &amp#27;[37m<-- GET /session/d81b27d0-df21-4c35-ba99-cbd5317203eb/screenshot &amp#27;[39m&amp#27;[32m200&amp#27;[39m &amp#27;[90m494 ms - 108540&amp#27;[39m
&amp#27;[38;5;0m[HTTP]&amp#27;[0m &amp#27;[90m&amp#27;[39m
]]></system-out>
  </testcase>
</testsuite>