<?xml version="1.0" encoding="UTF-8"?>
<!-- Generated by org.testng.reporters.JUnitReportReporter -->
<testsuite hostname="DESKTOP-ENVP6HG" failures="0" tests="1" name="org.thescore.TheScoreTest.TeamTest" time="49.794" errors="0" timestamp="2024-02-14T19:31:47 EST" skipped="0">
  <testcase classname="org.thescore.TheScoreTest.TeamTest" name="FindTeam" time="49.794"/>
  <system-out>
    <![CDATA[1.Find and select team
2.Verify that the expected page opens correctly.
3.Tap on  player sub-tab 
4.Verify correct tab and data displayed correctly
5.Verify that back navigation returns to the previous page correctly.
1.Find and select team
2.Verify that the expected page opens correctly.
3.Tap on  player sub-tab 
4.Verify correct tab and data displayed correctly
5.Verify that back navigation returns to the previous page correctly.]]>
  </system-out>
</testsuite> <!-- org.thescore.TheScoreTest.TeamTest -->
