<?xml version="1.0" encoding="UTF-8"?>
<!-- Generated by org.testng.reporters.JUnitReportReporter -->
<testsuite hostname="DESKTOP-ENVP6HG" failures="0" tests="1" name="org.thescore.TheScoreTest.TeamTest" time="45.406" errors="0" timestamp="2024-02-15T10:31:07 EST" skipped="0">
  <testcase classname="org.thescore.TheScoreTest.TeamTest" name="FindTeam" time="45.406"/>
</testsuite> <!-- org.thescore.TheScoreTest.TeamTest -->
